2025-04-12 12:57:35,614 - ============================== Params ==============================
2025-04-12 12:57:35,615 - logger_name: cc_text_bert-base-uncased_MIntRec_0
2025-04-12 12:57:35,615 - dataset: MIntRec
2025-04-12 12:57:35,615 - multimodal_method: text
2025-04-12 12:57:35,615 - method: cc
2025-04-12 12:57:35,615 - text_backbone: bert-base-uncased
2025-04-12 12:57:35,615 - seed: 0
2025-04-12 12:57:35,615 - num_workers: 16
2025-04-12 12:57:35,615 - log_id: cc_text_bert-base-uncased_MIntRec_0_2025-04-12-12-57-35
2025-04-12 12:57:35,615 - gpu_id: 0
2025-04-12 12:57:35,615 - data_path: /root/autodl-tmp/home/Share/Dataset/LZH
2025-04-12 12:57:35,615 - train: True
2025-04-12 12:57:35,615 - tune: True
2025-04-12 12:57:35,615 - save_model: True
2025-04-12 12:57:35,615 - save_results: True
2025-04-12 12:57:35,615 - log_path: logs
2025-04-12 12:57:35,615 - cache_path: cache
2025-04-12 12:57:35,616 - video_data_path: video_data
2025-04-12 12:57:35,616 - audio_data_path: audio_data
2025-04-12 12:57:35,616 - video_feats_path: video_feats.pkl
2025-04-12 12:57:35,616 - audio_feats_path: audio_feats.pkl
2025-04-12 12:57:35,616 - results_path: results
2025-04-12 12:57:35,616 - output_path: /root/autodl-tmp/home/lizhuohang/reaserch/EMNLP/UMC/outputs/MIntRec
2025-04-12 12:57:35,616 - model_path: models
2025-04-12 12:57:35,616 - config_file_name: cc
2025-04-12 12:57:35,616 - results_file_name: results_cc.csv
2025-04-12 12:57:35,616 - text_pretrained_model: uncased_L-12_H-768_A-12
2025-04-12 12:57:35,616 - text_seq_len: 30
2025-04-12 12:57:35,616 - video_seq_len: 230
2025-04-12 12:57:35,616 - audio_seq_len: 480
2025-04-12 12:57:35,616 - text_feat_dim: 768
2025-04-12 12:57:35,616 - video_feat_dim: 1024
2025-04-12 12:57:35,616 - audio_feat_dim: 768
2025-04-12 12:57:35,616 - num_labels: 20
2025-04-12 12:57:35,616 - num_train_examples: 1779
2025-04-12 12:57:35,616 - pretrained_bert_model: uncased_L-12_H-768_A-12
2025-04-12 12:57:35,616 - num_train_epochs: 100
2025-04-12 12:57:35,616 - freeze_train_bert_parameters: True
2025-04-12 12:57:35,616 - hidden_size: 768
2025-04-12 12:57:35,616 - feat_dim: 768
2025-04-12 12:57:35,616 - warmup_proportion: 0.1
2025-04-12 12:57:35,616 - lr: 3e-05
2025-04-12 12:57:35,616 - train_batch_size: 128
2025-04-12 12:57:35,616 - eval_batch_size: 64
2025-04-12 12:57:35,616 - test_batch_size: 64
2025-04-12 12:57:35,616 - weight_decay: 0.01
2025-04-12 12:57:35,616 - pred_output_path: /root/autodl-tmp/home/lizhuohang/reaserch/EMNLP/UMC/outputs/MIntRec/cc_text_MIntRec_bert-base-uncased_0
2025-04-12 12:57:35,616 - model_output_path: /root/autodl-tmp/home/lizhuohang/reaserch/EMNLP/UMC/outputs/MIntRec/cc_text_MIntRec_bert-base-uncased_0/models
2025-04-12 12:57:35,617 - ============================== End Params ==============================
2025-04-12 12:57:42,019 - Freeze all parameters but the last layer for efficiency
2025-04-12 12:57:42,020 - Multimodal Intent Recognition begins...
2025-04-12 12:57:42,020 - Training begins...
2025-04-12 12:57:42,020 - CC training starts...
