2025-04-12 12:56:53,730 - ============================== Params ==============================
2025-04-12 12:56:53,731 - logger_name: cc_text_bert-base-uncased_MIntRec_0
2025-04-12 12:56:53,731 - dataset: MIntRec
2025-04-12 12:56:53,731 - multimodal_method: text
2025-04-12 12:56:53,731 - method: cc
2025-04-12 12:56:53,731 - text_backbone: bert-base-uncased
2025-04-12 12:56:53,731 - seed: 0
2025-04-12 12:56:53,731 - num_workers: 16
2025-04-12 12:56:53,731 - log_id: cc_text_bert-base-uncased_MIntRec_0_2025-04-12-12-56-53
2025-04-12 12:56:53,731 - gpu_id: 0
2025-04-12 12:56:53,731 - data_path: /root/autodl-tmp/home/Share/Dataset/LZH
2025-04-12 12:56:53,731 - train: True
2025-04-12 12:56:53,731 - tune: True
2025-04-12 12:56:53,731 - save_model: True
2025-04-12 12:56:53,731 - save_results: True
2025-04-12 12:56:53,732 - log_path: logs
2025-04-12 12:56:53,732 - cache_path: cache
2025-04-12 12:56:53,732 - video_data_path: video_data
2025-04-12 12:56:53,732 - audio_data_path: audio_data
2025-04-12 12:56:53,732 - video_feats_path: video_feats.pkl
2025-04-12 12:56:53,732 - audio_feats_path: audio_feats.pkl
2025-04-12 12:56:53,732 - results_path: results
2025-04-12 12:56:53,732 - output_path: /root/autodl-tmp/home/lizhuohang/reaserch/EMNLP/UMC/outputs/MIntRec
2025-04-12 12:56:53,732 - model_path: models
2025-04-12 12:56:53,732 - config_file_name: cc
2025-04-12 12:56:53,732 - results_file_name: results_cc.csv
2025-04-12 12:56:53,732 - text_pretrained_model: uncased_L-12_H-768_A-12
2025-04-12 12:56:53,732 - text_seq_len: 30
2025-04-12 12:56:53,732 - video_seq_len: 230
2025-04-12 12:56:53,732 - audio_seq_len: 480
2025-04-12 12:56:53,732 - text_feat_dim: 768
2025-04-12 12:56:53,732 - video_feat_dim: 1024
2025-04-12 12:56:53,732 - audio_feat_dim: 768
2025-04-12 12:56:53,732 - num_labels: 20
2025-04-12 12:56:53,732 - num_train_examples: 1779
2025-04-12 12:56:53,732 - pretrained_bert_model: uncased_L-12_H-768_A-12
2025-04-12 12:56:53,732 - num_train_epochs: 100
2025-04-12 12:56:53,732 - freeze_train_bert_parameters: True
2025-04-12 12:56:53,732 - hidden_size: 768
2025-04-12 12:56:53,732 - feat_dim: 768
2025-04-12 12:56:53,732 - warmup_proportion: 0.1
2025-04-12 12:56:53,732 - lr: 3e-05
2025-04-12 12:56:53,732 - train_batch_size: 128
2025-04-12 12:56:53,732 - eval_batch_size: 64
2025-04-12 12:56:53,732 - test_batch_size: 64
2025-04-12 12:56:53,732 - weight_decay: 0.01
2025-04-12 12:56:53,733 - pred_output_path: /root/autodl-tmp/home/lizhuohang/reaserch/EMNLP/UMC/outputs/MIntRec/cc_text_MIntRec_bert-base-uncased_0
2025-04-12 12:56:53,733 - model_output_path: /root/autodl-tmp/home/lizhuohang/reaserch/EMNLP/UMC/outputs/MIntRec/cc_text_MIntRec_bert-base-uncased_0/models
2025-04-12 12:56:53,733 - ============================== End Params ==============================
