2025-04-12 12:57:15,585 - ============================== Params ==============================
2025-04-12 12:57:15,586 - logger_name: cc_text_bert-base-uncased_MIntRec_1
2025-04-12 12:57:15,586 - dataset: MIntRec
2025-04-12 12:57:15,586 - multimodal_method: text
2025-04-12 12:57:15,586 - method: cc
2025-04-12 12:57:15,586 - text_backbone: bert-base-uncased
2025-04-12 12:57:15,586 - seed: 1
2025-04-12 12:57:15,586 - num_workers: 16
2025-04-12 12:57:15,586 - log_id: cc_text_bert-base-uncased_MIntRec_1_2025-04-12-12-57-15
2025-04-12 12:57:15,586 - gpu_id: 0
2025-04-12 12:57:15,586 - data_path: /root/autodl-tmp/home/Share/Dataset/LZH
2025-04-12 12:57:15,586 - train: True
2025-04-12 12:57:15,586 - tune: True
2025-04-12 12:57:15,586 - save_model: True
2025-04-12 12:57:15,586 - save_results: True
2025-04-12 12:57:15,586 - log_path: logs
2025-04-12 12:57:15,586 - cache_path: cache
2025-04-12 12:57:15,587 - video_data_path: video_data
2025-04-12 12:57:15,587 - audio_data_path: audio_data
2025-04-12 12:57:15,587 - video_feats_path: video_feats.pkl
2025-04-12 12:57:15,587 - audio_feats_path: audio_feats.pkl
2025-04-12 12:57:15,587 - results_path: results
2025-04-12 12:57:15,587 - output_path: /root/autodl-tmp/home/lizhuohang/reaserch/EMNLP/UMC/outputs/MIntRec
2025-04-12 12:57:15,587 - model_path: models
2025-04-12 12:57:15,587 - config_file_name: cc
2025-04-12 12:57:15,587 - results_file_name: results_cc.csv
2025-04-12 12:57:15,587 - text_pretrained_model: uncased_L-12_H-768_A-12
2025-04-12 12:57:15,587 - text_seq_len: 30
2025-04-12 12:57:15,587 - video_seq_len: 230
2025-04-12 12:57:15,587 - audio_seq_len: 480
2025-04-12 12:57:15,587 - text_feat_dim: 768
2025-04-12 12:57:15,587 - video_feat_dim: 1024
2025-04-12 12:57:15,587 - audio_feat_dim: 768
2025-04-12 12:57:15,587 - num_labels: 20
2025-04-12 12:57:15,587 - num_train_examples: 1779
2025-04-12 12:57:15,587 - pretrained_bert_model: uncased_L-12_H-768_A-12
2025-04-12 12:57:15,588 - num_train_epochs: 100
2025-04-12 12:57:15,588 - freeze_train_bert_parameters: True
2025-04-12 12:57:15,588 - hidden_size: 768
2025-04-12 12:57:15,588 - feat_dim: 768
2025-04-12 12:57:15,588 - warmup_proportion: 0.1
2025-04-12 12:57:15,588 - lr: 3e-05
2025-04-12 12:57:15,588 - train_batch_size: 128
2025-04-12 12:57:15,588 - eval_batch_size: 64
2025-04-12 12:57:15,588 - test_batch_size: 64
2025-04-12 12:57:15,588 - weight_decay: 0.01
2025-04-12 12:57:15,588 - pred_output_path: /root/autodl-tmp/home/lizhuohang/reaserch/EMNLP/UMC/outputs/MIntRec/cc_text_MIntRec_bert-base-uncased_1
2025-04-12 12:57:15,588 - model_output_path: /root/autodl-tmp/home/lizhuohang/reaserch/EMNLP/UMC/outputs/MIntRec/cc_text_MIntRec_bert-base-uncased_1/models
2025-04-12 12:57:15,588 - ============================== End Params ==============================
