2025-04-12 13:01:40,026 - ============================== Params ==============================
2025-04-12 13:01:40,027 - logger_name: mcn_mcn_bert-base-uncased_MIntRec_0
2025-04-12 13:01:40,027 - dataset: MIntRec
2025-04-12 13:01:40,027 - multimodal_method: mcn
2025-04-12 13:01:40,027 - method: mcn
2025-04-12 13:01:40,027 - text_backbone: bert-base-uncased
2025-04-12 13:01:40,027 - seed: 0
2025-04-12 13:01:40,027 - num_workers: 8
2025-04-12 13:01:40,027 - log_id: mcn_mcn_bert-base-uncased_MIntRec_0_2025-04-12-13-01-40
2025-04-12 13:01:40,027 - gpu_id: 3
2025-04-12 13:01:40,027 - data_path: /root/autodl-tmp/home/Share/Dataset/LZH
2025-04-12 13:01:40,027 - train: True
2025-04-12 13:01:40,027 - tune: True
2025-04-12 13:01:40,027 - save_model: True
2025-04-12 13:01:40,027 - save_results: True
2025-04-12 13:01:40,028 - log_path: logs
2025-04-12 13:01:40,028 - cache_path: cache
2025-04-12 13:01:40,028 - video_data_path: video_data
2025-04-12 13:01:40,028 - audio_data_path: audio_data
2025-04-12 13:01:40,028 - video_feats_path: video_feats.pkl
2025-04-12 13:01:40,028 - audio_feats_path: audio_feats.pkl
2025-04-12 13:01:40,028 - results_path: results
2025-04-12 13:01:40,028 - output_path: /root/autodl-tmp/home/lizhuohang/reaserch/EMNLP/UMC/outputs/MIntRec
2025-04-12 13:01:40,028 - model_path: models
2025-04-12 13:01:40,028 - config_file_name: mcn
2025-04-12 13:01:40,028 - results_file_name: results_mcn.csv
2025-04-12 13:01:40,028 - text_pretrained_model: uncased_L-12_H-768_A-12
2025-04-12 13:01:40,028 - text_seq_len: 30
2025-04-12 13:01:40,028 - video_seq_len: 230
2025-04-12 13:01:40,028 - audio_seq_len: 480
2025-04-12 13:01:40,028 - text_feat_dim: None
2025-04-12 13:01:40,028 - video_feat_dim: None
2025-04-12 13:01:40,028 - audio_feat_dim: None
2025-04-12 13:01:40,028 - num_labels: 20
2025-04-12 13:01:40,028 - num_train_examples: 1779
2025-04-12 13:01:40,028 - pretrained_model: uncased_L-12_H-768_A-12
2025-04-12 13:01:40,028 - num_train_epochs: 200
2025-04-12 13:01:40,028 - t_dim: 768
2025-04-12 13:01:40,028 - a_dim: 768
2025-04-12 13:01:40,028 - v_dim: 256
2025-04-12 13:01:40,028 - lr: [0.0001]
2025-04-12 13:01:40,028 - warmup_steps: 100
2025-04-12 13:01:40,028 - embd_dim: [256]
2025-04-12 13:01:40,028 - recon_size: [128]
2025-04-12 13:01:40,028 - recon: True
2025-04-12 13:01:40,028 - clu_lamb: [1]
2025-04-12 13:01:40,029 - recon_w: [50]
2025-04-12 13:01:40,029 - feature_extractor_method: ['mean']
2025-04-12 13:01:40,029 - freeze_train_bert_parameters: [True]
2025-04-12 13:01:40,029 - nheads: 8
2025-04-12 13:01:40,029 - attn_dropout: 0.1
2025-04-12 13:01:40,029 - relu_dropout: 0.1
2025-04-12 13:01:40,029 - embed_dropout: 0.1
2025-04-12 13:01:40,029 - res_dropout: 0.1
2025-04-12 13:01:40,029 - attn_mask: True
2025-04-12 13:01:40,029 - feats_processing_type: padding
2025-04-12 13:01:40,029 - padding_mode: zero
2025-04-12 13:01:40,029 - padding_loc: end
2025-04-12 13:01:40,029 - train_batch_size: 128
2025-04-12 13:01:40,029 - eval_batch_size: 64
2025-04-12 13:01:40,029 - test_batch_size: 64
2025-04-12 13:01:40,029 - wait_patience: 10
2025-04-12 13:01:40,029 - pred_output_path: /root/autodl-tmp/home/lizhuohang/reaserch/EMNLP/UMC/outputs/MIntRec/mcn_mcn_MIntRec_bert-base-uncased_0
2025-04-12 13:01:40,029 - model_output_path: /root/autodl-tmp/home/lizhuohang/reaserch/EMNLP/UMC/outputs/MIntRec/mcn_mcn_MIntRec_bert-base-uncased_0/models
2025-04-12 13:01:40,029 - ============================== End Params ==============================
2025-04-12 13:01:40,586 - Freeze all parameters but the last layer for efficiency
2025-04-12 13:01:40,589 - Multimodal Intent Recognition begins...
2025-04-12 13:01:40,589 - Training begins...
2025-04-12 13:01:51,867 - start kmeans...
