2025-04-12 13:02:56,338 - ============================== Params ==============================
2025-04-12 13:02:56,338 - logger_name: mcn_mcn_bert-base-uncased_MIntRec_0
2025-04-12 13:02:56,338 - dataset: MIntRec
2025-04-12 13:02:56,338 - multimodal_method: mcn
2025-04-12 13:02:56,338 - method: mcn
2025-04-12 13:02:56,338 - text_backbone: bert-base-uncased
2025-04-12 13:02:56,338 - seed: 0
2025-04-12 13:02:56,338 - num_workers: 8
2025-04-12 13:02:56,338 - log_id: mcn_mcn_bert-base-uncased_MIntRec_0_2025-04-12-13-02-56
2025-04-12 13:02:56,338 - gpu_id: 0
2025-04-12 13:02:56,338 - data_path: /root/autodl-tmp/home/Share/Dataset/LZH
2025-04-12 13:02:56,338 - train: True
2025-04-12 13:02:56,338 - tune: True
2025-04-12 13:02:56,338 - save_model: True
2025-04-12 13:02:56,338 - save_results: True
2025-04-12 13:02:56,338 - log_path: logs
2025-04-12 13:02:56,338 - cache_path: cache
2025-04-12 13:02:56,338 - video_data_path: video_data
2025-04-12 13:02:56,338 - audio_data_path: audio_data
2025-04-12 13:02:56,339 - video_feats_path: video_feats.pkl
2025-04-12 13:02:56,339 - audio_feats_path: audio_feats.pkl
2025-04-12 13:02:56,339 - results_path: results
2025-04-12 13:02:56,339 - output_path: /root/autodl-tmp/home/lizhuohang/reaserch/EMNLP/UMC/outputs/MIntRec
2025-04-12 13:02:56,339 - model_path: models
2025-04-12 13:02:56,339 - config_file_name: mcn
2025-04-12 13:02:56,339 - results_file_name: results_mcn.csv
2025-04-12 13:02:56,339 - text_pretrained_model: uncased_L-12_H-768_A-12
2025-04-12 13:02:56,339 - text_seq_len: 30
2025-04-12 13:02:56,339 - video_seq_len: 230
2025-04-12 13:02:56,339 - audio_seq_len: 480
2025-04-12 13:02:56,339 - text_feat_dim: None
2025-04-12 13:02:56,339 - video_feat_dim: None
2025-04-12 13:02:56,339 - audio_feat_dim: None
2025-04-12 13:02:56,340 - num_labels: 20
2025-04-12 13:02:56,340 - num_train_examples: 1779
2025-04-12 13:02:56,340 - pretrained_model: uncased_L-12_H-768_A-12
2025-04-12 13:02:56,340 - num_train_epochs: 200
2025-04-12 13:02:56,340 - t_dim: 768
2025-04-12 13:02:56,340 - a_dim: 768
2025-04-12 13:02:56,340 - v_dim: 256
2025-04-12 13:02:56,340 - lr: [0.0001]
2025-04-12 13:02:56,340 - warmup_steps: 100
2025-04-12 13:02:56,340 - embd_dim: [256]
2025-04-12 13:02:56,340 - recon_size: [128]
2025-04-12 13:02:56,340 - recon: True
2025-04-12 13:02:56,340 - clu_lamb: [1]
2025-04-12 13:02:56,340 - recon_w: [50]
2025-04-12 13:02:56,340 - feature_extractor_method: ['mean']
2025-04-12 13:02:56,340 - freeze_train_bert_parameters: [True]
2025-04-12 13:02:56,340 - nheads: 8
2025-04-12 13:02:56,340 - attn_dropout: 0.1
2025-04-12 13:02:56,340 - relu_dropout: 0.1
2025-04-12 13:02:56,340 - embed_dropout: 0.1
2025-04-12 13:02:56,341 - res_dropout: 0.1
2025-04-12 13:02:56,341 - attn_mask: True
2025-04-12 13:02:56,341 - feats_processing_type: padding
2025-04-12 13:02:56,341 - padding_mode: zero
2025-04-12 13:02:56,341 - padding_loc: end
2025-04-12 13:02:56,341 - train_batch_size: 128
2025-04-12 13:02:56,341 - eval_batch_size: 64
2025-04-12 13:02:56,341 - test_batch_size: 64
2025-04-12 13:02:56,341 - wait_patience: 10
2025-04-12 13:02:56,341 - pred_output_path: /root/autodl-tmp/home/lizhuohang/reaserch/EMNLP/UMC/outputs/MIntRec/mcn_mcn_MIntRec_bert-base-uncased_0
2025-04-12 13:02:56,341 - model_output_path: /root/autodl-tmp/home/lizhuohang/reaserch/EMNLP/UMC/outputs/MIntRec/mcn_mcn_MIntRec_bert-base-uncased_0/models
2025-04-12 13:02:56,341 - ============================== End Params ==============================
2025-04-12 13:02:57,401 - Freeze all parameters but the last layer for efficiency
2025-04-12 13:02:57,404 - Multimodal Intent Recognition begins...
2025-04-12 13:02:57,404 - Training begins...
2025-04-12 13:03:05,458 - start kmeans...
2025-04-12 13:03:05,550 - K-means used 0.09 s
2025-04-12 13:03:18,961 - ***** Epoch: 1: Eval results *****
2025-04-12 13:03:18,962 -   tot_loss = 43.4625
2025-04-12 13:03:18,962 -   tot_loss_clu = 2.9859
2025-04-12 13:03:18,962 -   tot_loss_mms = 29.0708
2025-04-12 13:03:18,962 -   tot_loss_recon = 0.2281
2025-04-12 13:03:26,102 - start kmeans...
2025-04-12 13:03:26,123 - K-means used 0.02 s
2025-04-12 13:03:40,668 - ***** Epoch: 2: Eval results *****
2025-04-12 13:03:40,669 -   tot_loss = 40.4573
2025-04-12 13:03:40,669 -   tot_loss_clu = 2.9887
2025-04-12 13:03:40,669 -   tot_loss_mms = 29.0685
2025-04-12 13:03:40,669 -   tot_loss_recon = 0.168
2025-04-12 13:03:47,748 - start kmeans...
2025-04-12 13:03:47,768 - K-means used 0.02 s
2025-04-12 13:04:00,526 - ***** Epoch: 3: Eval results *****
2025-04-12 13:04:00,527 -   tot_loss = 36.4481
2025-04-12 13:04:00,527 -   tot_loss_clu = 2.9927
2025-04-12 13:04:00,527 -   tot_loss_mms = 29.0624
2025-04-12 13:04:00,527 -   tot_loss_recon = 0.0879
2025-04-12 13:04:08,144 - start kmeans...
2025-04-12 13:04:08,238 - K-means used 0.09 s
2025-04-12 13:04:26,274 - ***** Epoch: 4: Eval results *****
2025-04-12 13:04:26,276 -   tot_loss = 33.5764
2025-04-12 13:04:26,276 -   tot_loss_clu = 3.0179
2025-04-12 13:04:26,276 -   tot_loss_mms = 29.0572
2025-04-12 13:04:26,276 -   tot_loss_recon = 0.03
2025-04-12 13:04:34,205 - start kmeans...
2025-04-12 13:04:34,237 - K-means used 0.03 s
2025-04-12 13:04:47,778 - ***** Epoch: 5: Eval results *****
2025-04-12 13:04:47,778 -   tot_loss = 32.6454
2025-04-12 13:04:47,778 -   tot_loss_clu = 3.0208
2025-04-12 13:04:47,779 -   tot_loss_mms = 29.0552
2025-04-12 13:04:47,779 -   tot_loss_recon = 0.0114
2025-04-12 13:04:55,954 - start kmeans...
2025-04-12 13:04:55,980 - K-means used 0.03 s
2025-04-12 13:05:11,242 - ***** Epoch: 6: Eval results *****
2025-04-12 13:05:11,242 -   tot_loss = 32.5176
2025-04-12 13:05:11,242 -   tot_loss_clu = 3.0191
2025-04-12 13:05:11,242 -   tot_loss_mms = 29.0515
2025-04-12 13:05:11,242 -   tot_loss_recon = 0.0089
2025-04-12 13:05:18,185 - start kmeans...
2025-04-12 13:05:18,203 - K-means used 0.02 s
2025-04-12 13:05:31,651 - ***** Epoch: 7: Eval results *****
2025-04-12 13:05:31,652 -   tot_loss = 32.4695
2025-04-12 13:05:31,652 -   tot_loss_clu = 3.0251
2025-04-12 13:05:31,652 -   tot_loss_mms = 29.0433
2025-04-12 13:05:31,652 -   tot_loss_recon = 0.008
2025-04-12 13:05:38,996 - start kmeans...
2025-04-12 13:05:39,016 - K-means used 0.02 s
2025-04-12 13:05:51,848 - ***** Epoch: 8: Eval results *****
2025-04-12 13:05:51,848 -   tot_loss = 32.4231
2025-04-12 13:05:51,848 -   tot_loss_clu = 3.0356
2025-04-12 13:05:51,848 -   tot_loss_mms = 29.0269
2025-04-12 13:05:51,848 -   tot_loss_recon = 0.0072
2025-04-12 13:05:59,007 - start kmeans...
2025-04-12 13:05:59,036 - K-means used 0.03 s
2025-04-12 13:06:13,708 - ***** Epoch: 9: Eval results *****
2025-04-12 13:06:13,708 -   tot_loss = 32.386
2025-04-12 13:06:13,708 -   tot_loss_clu = 3.0524
2025-04-12 13:06:13,708 -   tot_loss_mms = 29.0062
2025-04-12 13:06:13,708 -   tot_loss_recon = 0.0065
2025-04-12 13:06:20,764 - start kmeans...
2025-04-12 13:06:20,794 - K-means used 0.03 s
2025-04-12 13:06:34,790 - ***** Epoch: 10: Eval results *****
2025-04-12 13:06:34,790 -   tot_loss = 32.3469
2025-04-12 13:06:34,790 -   tot_loss_clu = 3.0571
2025-04-12 13:06:34,790 -   tot_loss_mms = 28.9869
2025-04-12 13:06:34,790 -   tot_loss_recon = 0.0061
2025-04-12 13:06:42,281 - start kmeans...
2025-04-12 13:06:42,298 - K-means used 0.02 s
2025-04-12 13:06:55,122 - ***** Epoch: 11: Eval results *****
2025-04-12 13:06:55,122 -   tot_loss = 32.3254
2025-04-12 13:06:55,122 -   tot_loss_clu = 3.0661
2025-04-12 13:06:55,123 -   tot_loss_mms = 28.9726
2025-04-12 13:06:55,123 -   tot_loss_recon = 0.0057
2025-04-12 13:07:02,452 - start kmeans...
2025-04-12 13:07:02,472 - K-means used 0.02 s
2025-04-12 13:07:17,566 - ***** Epoch: 12: Eval results *****
2025-04-12 13:07:17,566 -   tot_loss = 32.3069
2025-04-12 13:07:17,566 -   tot_loss_clu = 3.0658
2025-04-12 13:07:17,566 -   tot_loss_mms = 28.965
2025-04-12 13:07:17,566 -   tot_loss_recon = 0.0055
2025-04-12 13:07:24,855 - start kmeans...
2025-04-12 13:07:24,881 - K-means used 0.03 s
2025-04-12 13:07:38,909 - ***** Epoch: 13: Eval results *****
2025-04-12 13:07:38,910 -   tot_loss = 32.2969
2025-04-12 13:07:38,910 -   tot_loss_clu = 3.0618
2025-04-12 13:07:38,910 -   tot_loss_mms = 28.9663
2025-04-12 13:07:38,910 -   tot_loss_recon = 0.0054
2025-04-12 13:07:46,488 - start kmeans...
2025-04-12 13:07:46,506 - K-means used 0.02 s
2025-04-12 13:07:59,908 - ***** Epoch: 14: Eval results *****
2025-04-12 13:07:59,909 -   tot_loss = 32.277
2025-04-12 13:07:59,909 -   tot_loss_clu = 3.0553
2025-04-12 13:07:59,910 -   tot_loss_mms = 28.9608
2025-04-12 13:07:59,910 -   tot_loss_recon = 0.0052
2025-04-12 13:08:07,119 - start kmeans...
2025-04-12 13:08:07,141 - K-means used 0.02 s
2025-04-12 13:08:20,849 - ***** Epoch: 15: Eval results *****
2025-04-12 13:08:20,849 -   tot_loss = 32.2587
2025-04-12 13:08:20,849 -   tot_loss_clu = 3.0566
2025-04-12 13:08:20,849 -   tot_loss_mms = 28.9484
2025-04-12 13:08:20,849 -   tot_loss_recon = 0.0051
2025-04-12 13:08:28,148 - start kmeans...
2025-04-12 13:08:28,176 - K-means used 0.03 s
2025-04-12 13:08:41,813 - ***** Epoch: 16: Eval results *****
2025-04-12 13:08:41,813 -   tot_loss = 32.2437
2025-04-12 13:08:41,813 -   tot_loss_clu = 3.061
2025-04-12 13:08:41,813 -   tot_loss_mms = 28.9355
2025-04-12 13:08:41,813 -   tot_loss_recon = 0.0049
2025-04-12 13:08:48,802 - start kmeans...
2025-04-12 13:08:48,825 - K-means used 0.02 s
2025-04-12 13:09:03,338 - ***** Epoch: 17: Eval results *****
2025-04-12 13:09:03,338 -   tot_loss = 32.2333
2025-04-12 13:09:03,338 -   tot_loss_clu = 3.0621
2025-04-12 13:09:03,338 -   tot_loss_mms = 28.9315
2025-04-12 13:09:03,338 -   tot_loss_recon = 0.0048
2025-04-12 13:09:10,954 - start kmeans...
2025-04-12 13:09:10,972 - K-means used 0.02 s
2025-04-12 13:09:23,400 - ***** Epoch: 18: Eval results *****
2025-04-12 13:09:23,400 -   tot_loss = 32.2161
2025-04-12 13:09:23,401 -   tot_loss_clu = 3.0506
2025-04-12 13:09:23,401 -   tot_loss_mms = 28.9312
2025-04-12 13:09:23,401 -   tot_loss_recon = 0.0047
2025-04-12 13:09:30,984 - start kmeans...
2025-04-12 13:09:31,014 - K-means used 0.03 s
2025-04-12 13:09:45,746 - ***** Epoch: 19: Eval results *****
2025-04-12 13:09:45,746 -   tot_loss = 32.1987
2025-04-12 13:09:45,746 -   tot_loss_clu = 3.049
2025-04-12 13:09:45,746 -   tot_loss_mms = 28.9195
2025-04-12 13:09:45,746 -   tot_loss_recon = 0.0046
2025-04-12 13:09:53,170 - start kmeans...
2025-04-12 13:09:53,192 - K-means used 0.02 s
2025-04-12 13:10:12,290 - ***** Epoch: 20: Eval results *****
2025-04-12 13:10:12,291 -   tot_loss = 32.1934
2025-04-12 13:10:12,291 -   tot_loss_clu = 3.0437
2025-04-12 13:10:12,291 -   tot_loss_mms = 28.9216
2025-04-12 13:10:12,291 -   tot_loss_recon = 0.0046
2025-04-12 13:10:20,393 - start kmeans...
2025-04-12 13:10:20,412 - K-means used 0.02 s
2025-04-12 13:10:33,553 - ***** Epoch: 21: Eval results *****
2025-04-12 13:10:33,554 -   tot_loss = 32.1763
2025-04-12 13:10:33,554 -   tot_loss_clu = 3.0399
2025-04-12 13:10:33,554 -   tot_loss_mms = 28.9112
2025-04-12 13:10:33,554 -   tot_loss_recon = 0.0045
2025-04-12 13:10:41,282 - start kmeans...
2025-04-12 13:10:41,309 - K-means used 0.03 s
2025-04-12 13:10:55,453 - ***** Epoch: 22: Eval results *****
2025-04-12 13:10:55,454 -   tot_loss = 32.158
2025-04-12 13:10:55,454 -   tot_loss_clu = 3.0374
2025-04-12 13:10:55,454 -   tot_loss_mms = 28.8958
2025-04-12 13:10:55,454 -   tot_loss_recon = 0.0045
2025-04-12 13:11:03,443 - start kmeans...
2025-04-12 13:11:03,460 - K-means used 0.02 s
2025-04-12 13:11:18,697 - ***** Epoch: 23: Eval results *****
2025-04-12 13:11:18,697 -   tot_loss = 32.1498
2025-04-12 13:11:18,698 -   tot_loss_clu = 3.0408
2025-04-12 13:11:18,698 -   tot_loss_mms = 28.8829
2025-04-12 13:11:18,698 -   tot_loss_recon = 0.0045
2025-04-12 13:11:26,666 - start kmeans...
2025-04-12 13:11:26,684 - K-means used 0.02 s
2025-04-12 13:11:40,412 - ***** Epoch: 24: Eval results *****
2025-04-12 13:11:40,412 -   tot_loss = 32.1297
2025-04-12 13:11:40,412 -   tot_loss_clu = 3.0269
2025-04-12 13:11:40,412 -   tot_loss_mms = 28.8746
2025-04-12 13:11:40,413 -   tot_loss_recon = 0.0046
2025-04-12 13:11:48,192 - start kmeans...
2025-04-12 13:11:48,214 - K-means used 0.02 s
2025-04-12 13:12:02,004 - ***** Epoch: 25: Eval results *****
2025-04-12 13:12:02,004 -   tot_loss = 32.0991
2025-04-12 13:12:02,004 -   tot_loss_clu = 3.0235
2025-04-12 13:12:02,004 -   tot_loss_mms = 28.8431
2025-04-12 13:12:02,004 -   tot_loss_recon = 0.0046
2025-04-12 13:12:10,640 - start kmeans...
2025-04-12 13:12:10,657 - K-means used 0.02 s
2025-04-12 13:12:24,637 - ***** Epoch: 26: Eval results *****
2025-04-12 13:12:24,637 -   tot_loss = 32.0739
2025-04-12 13:12:24,637 -   tot_loss_clu = 3.0372
2025-04-12 13:12:24,637 -   tot_loss_mms = 28.7957
2025-04-12 13:12:24,637 -   tot_loss_recon = 0.0048
2025-04-12 13:12:32,638 - start kmeans...
2025-04-12 13:12:32,658 - K-means used 0.02 s
2025-04-12 13:12:46,167 - ***** Epoch: 27: Eval results *****
2025-04-12 13:12:46,168 -   tot_loss = 32.0305
2025-04-12 13:12:46,168 -   tot_loss_clu = 3.0274
2025-04-12 13:12:46,168 -   tot_loss_mms = 28.7494
2025-04-12 13:12:46,168 -   tot_loss_recon = 0.0051
2025-04-12 13:12:54,249 - start kmeans...
2025-04-12 13:12:54,268 - K-means used 0.02 s
2025-04-12 13:13:09,651 - ***** Epoch: 28: Eval results *****
2025-04-12 13:13:09,652 -   tot_loss = 31.9783
2025-04-12 13:13:09,652 -   tot_loss_clu = 3.04
2025-04-12 13:13:09,652 -   tot_loss_mms = 28.6622
2025-04-12 13:13:09,652 -   tot_loss_recon = 0.0055
2025-04-12 13:13:17,601 - start kmeans...
2025-04-12 13:13:17,700 - K-means used 0.1 s
2025-04-12 13:13:32,689 - ***** Epoch: 29: Eval results *****
2025-04-12 13:13:32,689 -   tot_loss = 31.8883
2025-04-12 13:13:32,689 -   tot_loss_clu = 3.0282
2025-04-12 13:13:32,689 -   tot_loss_mms = 28.5615
2025-04-12 13:13:32,689 -   tot_loss_recon = 0.006
2025-04-12 13:13:41,765 - start kmeans...
2025-04-12 13:13:41,797 - K-means used 0.03 s
2025-04-12 13:14:11,887 - ***** Epoch: 30: Eval results *****
2025-04-12 13:14:11,887 -   tot_loss = 31.8072
2025-04-12 13:14:11,888 -   tot_loss_clu = 3.0201
2025-04-12 13:14:11,888 -   tot_loss_mms = 28.4675
2025-04-12 13:14:11,888 -   tot_loss_recon = 0.0064
2025-04-12 13:14:21,284 - start kmeans...
2025-04-12 13:14:21,308 - K-means used 0.02 s
2025-04-12 13:14:41,210 - ***** Epoch: 31: Eval results *****
2025-04-12 13:14:41,210 -   tot_loss = 31.7078
2025-04-12 13:14:41,211 -   tot_loss_clu = 2.9857
2025-04-12 13:14:41,211 -   tot_loss_mms = 28.3891
2025-04-12 13:14:41,211 -   tot_loss_recon = 0.0067
2025-04-12 13:14:49,623 - start kmeans...
2025-04-12 13:14:49,644 - K-means used 0.02 s
2025-04-12 13:15:05,392 - ***** Epoch: 32: Eval results *****
2025-04-12 13:15:05,392 -   tot_loss = 31.5573
2025-04-12 13:15:05,392 -   tot_loss_clu = 2.9408
2025-04-12 13:15:05,392 -   tot_loss_mms = 28.2656
2025-04-12 13:15:05,393 -   tot_loss_recon = 0.007
2025-04-12 13:15:13,949 - start kmeans...
2025-04-12 13:15:14,000 - K-means used 0.05 s
2025-04-12 13:15:29,870 - ***** Epoch: 33: Eval results *****
2025-04-12 13:15:29,871 -   tot_loss = 31.3798
2025-04-12 13:15:29,871 -   tot_loss_clu = 2.8712
2025-04-12 13:15:29,871 -   tot_loss_mms = 28.1539
2025-04-12 13:15:29,871 -   tot_loss_recon = 0.0071
2025-04-12 13:15:39,134 - start kmeans...
2025-04-12 13:15:39,205 - K-means used 0.07 s
2025-04-12 13:15:55,551 - ***** Epoch: 34: Eval results *****
2025-04-12 13:15:55,552 -   tot_loss = 31.2527
2025-04-12 13:15:55,552 -   tot_loss_clu = 2.9109
2025-04-12 13:15:55,552 -   tot_loss_mms = 28.0277
2025-04-12 13:15:55,552 -   tot_loss_recon = 0.0063
2025-04-12 13:16:04,009 - start kmeans...
2025-04-12 13:16:04,039 - K-means used 0.03 s
2025-04-12 13:16:19,492 - ***** Epoch: 35: Eval results *****
2025-04-12 13:16:19,492 -   tot_loss = 31.1032
2025-04-12 13:16:19,492 -   tot_loss_clu = 2.935
2025-04-12 13:16:19,492 -   tot_loss_mms = 27.8925
2025-04-12 13:16:19,492 -   tot_loss_recon = 0.0055
2025-04-12 13:16:27,341 - start kmeans...
2025-04-12 13:16:27,404 - K-means used 0.06 s
2025-04-12 13:16:41,888 - ***** Epoch: 36: Eval results *****
2025-04-12 13:16:41,888 -   tot_loss = 31.1704
2025-04-12 13:16:41,888 -   tot_loss_clu = 3.049
2025-04-12 13:16:41,888 -   tot_loss_mms = 27.8532
2025-04-12 13:16:41,888 -   tot_loss_recon = 0.0054
2025-04-12 13:16:49,834 - start kmeans...
2025-04-12 13:16:49,862 - K-means used 0.03 s
2025-04-12 13:17:03,845 - ***** Epoch: 37: Eval results *****
2025-04-12 13:17:03,846 -   tot_loss = 31.1002
2025-04-12 13:17:03,846 -   tot_loss_clu = 3.0646
2025-04-12 13:17:03,846 -   tot_loss_mms = 27.7799
2025-04-12 13:17:03,846 -   tot_loss_recon = 0.0051
2025-04-12 13:17:11,800 - start kmeans...
2025-04-12 13:17:11,817 - K-means used 0.02 s
2025-04-12 13:17:25,411 - ***** Epoch: 38: Eval results *****
2025-04-12 13:17:25,411 -   tot_loss = 31.0231
2025-04-12 13:17:25,412 -   tot_loss_clu = 3.0897
2025-04-12 13:17:25,412 -   tot_loss_mms = 27.6909
2025-04-12 13:17:25,412 -   tot_loss_recon = 0.0048
2025-04-12 13:17:33,833 - start kmeans...
2025-04-12 13:17:33,898 - K-means used 0.07 s
2025-04-12 13:17:50,020 - ***** Epoch: 39: Eval results *****
2025-04-12 13:17:50,021 -   tot_loss = 31.001
2025-04-12 13:17:50,021 -   tot_loss_clu = 3.086
2025-04-12 13:17:50,021 -   tot_loss_mms = 27.6803
2025-04-12 13:17:50,021 -   tot_loss_recon = 0.0047
2025-04-12 13:17:58,084 - start kmeans...
2025-04-12 13:17:58,112 - K-means used 0.03 s
2025-04-12 13:18:15,021 - ***** Epoch: 40: Eval results *****
2025-04-12 13:18:15,021 -   tot_loss = 30.9938
2025-04-12 13:18:15,021 -   tot_loss_clu = 3.0845
2025-04-12 13:18:15,021 -   tot_loss_mms = 27.6805
2025-04-12 13:18:15,021 -   tot_loss_recon = 0.0046
2025-04-12 13:18:23,076 - start kmeans...
2025-04-12 13:18:23,097 - K-means used 0.02 s
2025-04-12 13:18:37,953 - ***** Epoch: 41: Eval results *****
2025-04-12 13:18:37,954 -   tot_loss = 30.9055
2025-04-12 13:18:37,954 -   tot_loss_clu = 3.0747
2025-04-12 13:18:37,954 -   tot_loss_mms = 27.6034
2025-04-12 13:18:37,954 -   tot_loss_recon = 0.0045
2025-04-12 13:18:47,057 - start kmeans...
2025-04-12 13:18:47,097 - K-means used 0.04 s
2025-04-12 13:19:03,593 - ***** Epoch: 42: Eval results *****
2025-04-12 13:19:03,594 -   tot_loss = 30.9001
2025-04-12 13:19:03,594 -   tot_loss_clu = 3.1135
2025-04-12 13:19:03,594 -   tot_loss_mms = 27.5625
2025-04-12 13:19:03,594 -   tot_loss_recon = 0.0045
2025-04-12 13:19:11,822 - start kmeans...
2025-04-12 13:19:11,845 - K-means used 0.02 s
2025-04-12 13:19:25,884 - ***** Epoch: 43: Eval results *****
2025-04-12 13:19:25,884 -   tot_loss = 30.8642
2025-04-12 13:19:25,884 -   tot_loss_clu = 3.0912
2025-04-12 13:19:25,885 -   tot_loss_mms = 27.5478
2025-04-12 13:19:25,885 -   tot_loss_recon = 0.0045
2025-04-12 13:19:35,176 - start kmeans...
2025-04-12 13:19:35,207 - K-means used 0.03 s
2025-04-12 13:19:52,550 - ***** Epoch: 44: Eval results *****
2025-04-12 13:19:52,551 -   tot_loss = 30.8275
2025-04-12 13:19:52,551 -   tot_loss_clu = 3.0947
2025-04-12 13:19:52,551 -   tot_loss_mms = 27.5111
2025-04-12 13:19:52,551 -   tot_loss_recon = 0.0044
2025-04-12 13:20:01,587 - start kmeans...
2025-04-12 13:20:01,612 - K-means used 0.03 s
2025-04-12 13:20:16,298 - ***** Epoch: 45: Eval results *****
2025-04-12 13:20:16,299 -   tot_loss = 30.7777
2025-04-12 13:20:16,299 -   tot_loss_clu = 3.0954
2025-04-12 13:20:16,299 -   tot_loss_mms = 27.4622
2025-04-12 13:20:16,299 -   tot_loss_recon = 0.0044
2025-04-12 13:20:25,628 - start kmeans...
2025-04-12 13:20:25,653 - K-means used 0.02 s
2025-04-12 13:20:41,519 - ***** Epoch: 46: Eval results *****
2025-04-12 13:20:41,520 -   tot_loss = 30.7281
2025-04-12 13:20:41,520 -   tot_loss_clu = 3.0985
2025-04-12 13:20:41,520 -   tot_loss_mms = 27.4096
2025-04-12 13:20:41,520 -   tot_loss_recon = 0.0044
2025-04-12 13:20:52,161 - start kmeans...
2025-04-12 13:20:52,197 - K-means used 0.04 s
2025-04-12 13:21:09,508 - ***** Epoch: 47: Eval results *****
2025-04-12 13:21:09,509 -   tot_loss = 30.6858
2025-04-12 13:21:09,509 -   tot_loss_clu = 3.0781
2025-04-12 13:21:09,510 -   tot_loss_mms = 27.3882
2025-04-12 13:21:09,510 -   tot_loss_recon = 0.0044
2025-04-12 14:53:40,737 - start kmeans...
2025-04-12 14:53:40,761 - K-means used 0.02 s
2025-04-12 14:53:54,588 - ***** Epoch: 48: Eval results *****
2025-04-12 14:53:54,588 -   tot_loss = 30.7028
2025-04-12 14:53:54,588 -   tot_loss_clu = 3.0742
2025-04-12 14:53:54,588 -   tot_loss_mms = 27.4121
2025-04-12 14:53:54,588 -   tot_loss_recon = 0.0043
2025-04-12 14:54:02,260 - start kmeans...
2025-04-12 14:54:02,285 - K-means used 0.02 s
2025-04-12 14:54:17,680 - ***** Epoch: 49: Eval results *****
2025-04-12 14:54:17,680 -   tot_loss = 30.634
2025-04-12 14:54:17,680 -   tot_loss_clu = 3.0702
2025-04-12 14:54:17,680 -   tot_loss_mms = 27.3471
2025-04-12 14:54:17,680 -   tot_loss_recon = 0.0043
2025-04-12 14:54:26,026 - start kmeans...
2025-04-12 14:54:26,047 - K-means used 0.02 s
2025-04-12 14:54:39,784 - ***** Epoch: 50: Eval results *****
2025-04-12 14:54:39,785 -   tot_loss = 30.6104
2025-04-12 14:54:39,785 -   tot_loss_clu = 3.0784
2025-04-12 14:54:39,785 -   tot_loss_mms = 27.3157
2025-04-12 14:54:39,785 -   tot_loss_recon = 0.0043
2025-04-12 14:54:46,220 - ***** Test results *****
2025-04-12 14:54:46,220 -   ACC = 17.53
2025-04-12 14:54:46,220 -   ARI = 1.34
2025-04-12 14:54:46,220 -   NMI = 18.66
2025-04-12 14:54:46,220 -   fmi = 9.31
2025-04-12 14:54:53,968 - start kmeans...
2025-04-12 14:54:53,989 - K-means used 0.02 s
2025-04-12 14:55:06,846 - ***** Epoch: 51: Eval results *****
2025-04-12 14:55:06,847 -   tot_loss = 30.6059
2025-04-12 14:55:06,847 -   tot_loss_clu = 3.088
2025-04-12 14:55:06,847 -   tot_loss_mms = 27.3028
2025-04-12 14:55:06,847 -   tot_loss_recon = 0.0043
2025-04-12 14:55:14,690 - start kmeans...
2025-04-12 14:55:14,709 - K-means used 0.02 s
2025-04-12 14:55:28,589 - ***** Epoch: 52: Eval results *****
2025-04-12 14:55:28,589 -   tot_loss = 30.6014
2025-04-12 14:55:28,589 -   tot_loss_clu = 3.1271
2025-04-12 14:55:28,589 -   tot_loss_mms = 27.2597
2025-04-12 14:55:28,589 -   tot_loss_recon = 0.0043
2025-04-12 14:55:36,114 - start kmeans...
2025-04-12 14:55:36,149 - K-means used 0.03 s
2025-04-12 14:55:52,410 - ***** Epoch: 53: Eval results *****
2025-04-12 14:55:52,410 -   tot_loss = 30.5804
2025-04-12 14:55:52,410 -   tot_loss_clu = 3.1433
2025-04-12 14:55:52,411 -   tot_loss_mms = 27.2226
2025-04-12 14:55:52,411 -   tot_loss_recon = 0.0043
2025-04-12 14:56:00,040 - start kmeans...
2025-04-12 14:56:00,056 - K-means used 0.02 s
2025-04-12 14:56:13,538 - ***** Epoch: 54: Eval results *****
2025-04-12 14:56:13,538 -   tot_loss = 30.572
2025-04-12 14:56:13,538 -   tot_loss_clu = 3.1007
2025-04-12 14:56:13,538 -   tot_loss_mms = 27.2581
2025-04-12 14:56:13,538 -   tot_loss_recon = 0.0043
2025-04-12 14:56:21,348 - start kmeans...
2025-04-12 14:56:21,365 - K-means used 0.02 s
2025-04-12 14:56:34,913 - ***** Epoch: 55: Eval results *****
2025-04-12 14:56:34,913 -   tot_loss = 30.5316
2025-04-12 14:56:34,913 -   tot_loss_clu = 3.121
2025-04-12 14:56:34,913 -   tot_loss_mms = 27.1976
2025-04-12 14:56:34,913 -   tot_loss_recon = 0.0043
2025-04-12 14:56:43,020 - start kmeans...
2025-04-12 14:56:43,041 - K-means used 0.02 s
2025-04-12 14:56:57,932 - ***** Epoch: 56: Eval results *****
2025-04-12 14:56:57,932 -   tot_loss = 30.4992
2025-04-12 14:56:57,932 -   tot_loss_clu = 3.1184
2025-04-12 14:56:57,932 -   tot_loss_mms = 27.1674
2025-04-12 14:56:57,932 -   tot_loss_recon = 0.0043
2025-04-12 14:57:06,509 - start kmeans...
2025-04-12 14:57:06,528 - K-means used 0.02 s
2025-04-12 14:57:21,676 - ***** Epoch: 57: Eval results *****
2025-04-12 14:57:21,676 -   tot_loss = 30.4531
2025-04-12 14:57:21,676 -   tot_loss_clu = 3.1068
2025-04-12 14:57:21,676 -   tot_loss_mms = 27.1327
2025-04-12 14:57:21,676 -   tot_loss_recon = 0.0043
2025-04-12 14:57:29,622 - start kmeans...
2025-04-12 14:57:29,640 - K-means used 0.02 s
2025-04-12 14:57:43,568 - ***** Epoch: 58: Eval results *****
2025-04-12 14:57:43,568 -   tot_loss = 30.458
2025-04-12 14:57:43,568 -   tot_loss_clu = 3.1245
2025-04-12 14:57:43,568 -   tot_loss_mms = 27.1198
2025-04-12 14:57:43,568 -   tot_loss_recon = 0.0043
2025-04-12 14:57:50,882 - start kmeans...
2025-04-12 14:57:50,898 - K-means used 0.02 s
2025-04-12 14:58:04,952 - ***** Epoch: 59: Eval results *****
2025-04-12 14:58:04,952 -   tot_loss = 30.426
2025-04-12 14:58:04,952 -   tot_loss_clu = 3.1075
2025-04-12 14:58:04,952 -   tot_loss_mms = 27.1049
2025-04-12 14:58:04,952 -   tot_loss_recon = 0.0043
2025-04-12 14:58:12,847 - start kmeans...
2025-04-12 14:58:12,867 - K-means used 0.02 s
2025-04-12 14:58:28,367 - ***** Epoch: 60: Eval results *****
2025-04-12 14:58:28,368 -   tot_loss = 30.4133
2025-04-12 14:58:28,368 -   tot_loss_clu = 3.1049
2025-04-12 14:58:28,368 -   tot_loss_mms = 27.0959
2025-04-12 14:58:28,368 -   tot_loss_recon = 0.0043
2025-04-12 14:58:35,824 - start kmeans...
2025-04-12 14:58:35,840 - K-means used 0.02 s
2025-04-12 14:58:49,280 - ***** Epoch: 61: Eval results *****
2025-04-12 14:58:49,281 -   tot_loss = 30.3582
2025-04-12 14:58:49,281 -   tot_loss_clu = 3.1078
2025-04-12 14:58:49,281 -   tot_loss_mms = 27.0372
2025-04-12 14:58:49,281 -   tot_loss_recon = 0.0043
2025-04-12 14:58:56,902 - start kmeans...
2025-04-12 14:58:56,918 - K-means used 0.02 s
2025-04-12 14:59:11,443 - ***** Epoch: 62: Eval results *****
2025-04-12 14:59:11,444 -   tot_loss = 30.3795
2025-04-12 14:59:11,444 -   tot_loss_clu = 3.1012
2025-04-12 14:59:11,444 -   tot_loss_mms = 27.0643
2025-04-12 14:59:11,444 -   tot_loss_recon = 0.0043
2025-04-12 14:59:19,242 - start kmeans...
2025-04-12 14:59:19,260 - K-means used 0.02 s
2025-04-12 14:59:32,215 - ***** Epoch: 63: Eval results *****
2025-04-12 14:59:32,215 -   tot_loss = 30.3276
2025-04-12 14:59:32,216 -   tot_loss_clu = 3.1085
2025-04-12 14:59:32,216 -   tot_loss_mms = 27.005
2025-04-12 14:59:32,216 -   tot_loss_recon = 0.0043
2025-04-12 14:59:40,228 - start kmeans...
2025-04-12 14:59:40,248 - K-means used 0.02 s
2025-04-12 14:59:54,286 - ***** Epoch: 64: Eval results *****
2025-04-12 14:59:54,287 -   tot_loss = 30.38
2025-04-12 14:59:54,287 -   tot_loss_clu = 3.1207
2025-04-12 14:59:54,287 -   tot_loss_mms = 27.0452
2025-04-12 14:59:54,287 -   tot_loss_recon = 0.0043
2025-04-12 15:00:01,764 - start kmeans...
2025-04-12 15:00:01,781 - K-means used 0.02 s
2025-04-12 15:00:15,050 - ***** Epoch: 65: Eval results *****
2025-04-12 15:00:15,051 -   tot_loss = 30.2607
2025-04-12 15:00:15,051 -   tot_loss_clu = 3.1035
2025-04-12 15:00:15,051 -   tot_loss_mms = 26.9437
2025-04-12 15:00:15,051 -   tot_loss_recon = 0.0043
2025-04-12 15:00:23,012 - start kmeans...
2025-04-12 15:00:23,028 - K-means used 0.02 s
2025-04-12 15:00:36,023 - ***** Epoch: 66: Eval results *****
2025-04-12 15:00:36,024 -   tot_loss = 30.2666
2025-04-12 15:00:36,024 -   tot_loss_clu = 3.132
2025-04-12 15:00:36,024 -   tot_loss_mms = 26.919
2025-04-12 15:00:36,024 -   tot_loss_recon = 0.0043
2025-04-12 15:00:43,754 - start kmeans...
2025-04-12 15:00:43,771 - K-means used 0.02 s
2025-04-12 15:00:57,789 - ***** Epoch: 67: Eval results *****
2025-04-12 15:00:57,790 -   tot_loss = 30.2558
2025-04-12 15:00:57,790 -   tot_loss_clu = 3.1386
2025-04-12 15:00:57,790 -   tot_loss_mms = 26.9009
2025-04-12 15:00:57,790 -   tot_loss_recon = 0.0043
2025-04-12 15:01:05,917 - start kmeans...
2025-04-12 15:01:05,935 - K-means used 0.02 s
2025-04-12 15:01:20,008 - ***** Epoch: 68: Eval results *****
2025-04-12 15:01:20,008 -   tot_loss = 30.2729
2025-04-12 15:01:20,008 -   tot_loss_clu = 3.1514
2025-04-12 15:01:20,008 -   tot_loss_mms = 26.9058
2025-04-12 15:01:20,008 -   tot_loss_recon = 0.0043
2025-04-12 15:01:27,740 - start kmeans...
2025-04-12 15:01:27,758 - K-means used 0.02 s
2025-04-12 15:01:41,343 - ***** Epoch: 69: Eval results *****
2025-04-12 15:01:41,344 -   tot_loss = 30.2428
2025-04-12 15:01:41,344 -   tot_loss_clu = 3.1114
2025-04-12 15:01:41,344 -   tot_loss_mms = 26.9126
2025-04-12 15:01:41,344 -   tot_loss_recon = 0.0044
2025-04-12 15:01:49,542 - start kmeans...
2025-04-12 15:01:49,558 - K-means used 0.02 s
2025-04-12 15:02:05,405 - ***** Epoch: 70: Eval results *****
2025-04-12 15:02:05,405 -   tot_loss = 30.2023
2025-04-12 15:02:05,405 -   tot_loss_clu = 3.1112
2025-04-12 15:02:05,405 -   tot_loss_mms = 26.8722
2025-04-12 15:02:05,405 -   tot_loss_recon = 0.0044
2025-04-12 15:02:13,457 - start kmeans...
2025-04-12 15:02:13,476 - K-means used 0.02 s
2025-04-12 15:02:26,666 - ***** Epoch: 71: Eval results *****
2025-04-12 15:02:26,666 -   tot_loss = 30.2161
2025-04-12 15:02:26,666 -   tot_loss_clu = 3.1413
2025-04-12 15:02:26,666 -   tot_loss_mms = 26.8547
2025-04-12 15:02:26,667 -   tot_loss_recon = 0.0044
2025-04-12 15:02:34,925 - start kmeans...
2025-04-12 15:02:34,946 - K-means used 0.02 s
2025-04-12 15:02:48,944 - ***** Epoch: 72: Eval results *****
2025-04-12 15:02:48,945 -   tot_loss = 30.1583
2025-04-12 15:02:48,945 -   tot_loss_clu = 3.0993
2025-04-12 15:02:48,945 -   tot_loss_mms = 26.8382
2025-04-12 15:02:48,945 -   tot_loss_recon = 0.0044
2025-04-12 15:02:56,720 - start kmeans...
2025-04-12 15:02:56,740 - K-means used 0.02 s
2025-04-12 15:03:10,172 - ***** Epoch: 73: Eval results *****
2025-04-12 15:03:10,172 -   tot_loss = 30.1748
2025-04-12 15:03:10,172 -   tot_loss_clu = 3.1243
2025-04-12 15:03:10,172 -   tot_loss_mms = 26.8264
2025-04-12 15:03:10,172 -   tot_loss_recon = 0.0045
2025-04-12 15:03:17,735 - start kmeans...
2025-04-12 15:03:17,753 - K-means used 0.02 s
2025-04-12 15:03:31,566 - ***** Epoch: 74: Eval results *****
2025-04-12 15:03:31,566 -   tot_loss = 30.1307
2025-04-12 15:03:31,566 -   tot_loss_clu = 3.1567
2025-04-12 15:03:31,566 -   tot_loss_mms = 26.7472
2025-04-12 15:03:31,566 -   tot_loss_recon = 0.0045
2025-04-12 15:03:39,272 - start kmeans...
2025-04-12 15:03:39,289 - K-means used 0.02 s
2025-04-12 15:03:53,473 - ***** Epoch: 75: Eval results *****
2025-04-12 15:03:53,473 -   tot_loss = 30.1357
2025-04-12 15:03:53,473 -   tot_loss_clu = 3.1557
2025-04-12 15:03:53,473 -   tot_loss_mms = 26.7517
2025-04-12 15:03:53,473 -   tot_loss_recon = 0.0046
2025-04-12 15:04:01,094 - start kmeans...
2025-04-12 15:04:01,120 - K-means used 0.03 s
2025-04-12 15:04:15,221 - ***** Epoch: 76: Eval results *****
2025-04-12 15:04:15,221 -   tot_loss = 30.0922
2025-04-12 15:04:15,221 -   tot_loss_clu = 3.1305
2025-04-12 15:04:15,221 -   tot_loss_mms = 26.7328
2025-04-12 15:04:15,221 -   tot_loss_recon = 0.0046
2025-04-12 15:04:22,654 - start kmeans...
2025-04-12 15:04:22,671 - K-means used 0.02 s
2025-04-12 15:04:36,479 - ***** Epoch: 77: Eval results *****
2025-04-12 15:04:36,479 -   tot_loss = 30.1153
2025-04-12 15:04:36,480 -   tot_loss_clu = 3.1321
2025-04-12 15:04:36,480 -   tot_loss_mms = 26.7492
2025-04-12 15:04:36,480 -   tot_loss_recon = 0.0047
2025-04-12 15:04:44,164 - start kmeans...
2025-04-12 15:04:44,177 - K-means used 0.01 s
2025-04-12 15:04:57,562 - ***** Epoch: 78: Eval results *****
2025-04-12 15:04:57,562 -   tot_loss = 30.0864
2025-04-12 15:04:57,563 -   tot_loss_clu = 3.1439
2025-04-12 15:04:57,563 -   tot_loss_mms = 26.7059
2025-04-12 15:04:57,563 -   tot_loss_recon = 0.0047
2025-04-12 15:05:05,243 - start kmeans...
2025-04-12 15:05:05,260 - K-means used 0.02 s
2025-04-12 15:05:19,650 - ***** Epoch: 79: Eval results *****
2025-04-12 15:05:19,650 -   tot_loss = 30.0854
2025-04-12 15:05:19,650 -   tot_loss_clu = 3.1659
2025-04-12 15:05:19,650 -   tot_loss_mms = 26.6819
2025-04-12 15:05:19,650 -   tot_loss_recon = 0.0048
2025-04-12 15:05:27,849 - start kmeans...
2025-04-12 15:05:27,867 - K-means used 0.02 s
2025-04-12 15:05:43,137 - ***** Epoch: 80: Eval results *****
2025-04-12 15:05:43,137 -   tot_loss = 30.0414
2025-04-12 15:05:43,137 -   tot_loss_clu = 3.1409
2025-04-12 15:05:43,137 -   tot_loss_mms = 26.6552
2025-04-12 15:05:43,137 -   tot_loss_recon = 0.0049
2025-04-12 15:05:50,925 - start kmeans...
2025-04-12 15:05:50,944 - K-means used 0.02 s
2025-04-12 15:06:04,136 - ***** Epoch: 81: Eval results *****
2025-04-12 15:06:04,136 -   tot_loss = 30.0274
2025-04-12 15:06:04,136 -   tot_loss_clu = 3.1763
2025-04-12 15:06:04,137 -   tot_loss_mms = 26.607
2025-04-12 15:06:04,137 -   tot_loss_recon = 0.0049
2025-04-12 15:06:11,644 - start kmeans...
2025-04-12 15:06:11,673 - K-means used 0.03 s
2025-04-12 15:06:26,179 - ***** Epoch: 82: Eval results *****
2025-04-12 15:06:26,180 -   tot_loss = 29.9949
2025-04-12 15:06:26,180 -   tot_loss_clu = 3.1571
2025-04-12 15:06:26,180 -   tot_loss_mms = 26.5892
2025-04-12 15:06:26,180 -   tot_loss_recon = 0.005
2025-04-12 15:06:33,983 - start kmeans...
2025-04-12 15:06:34,000 - K-means used 0.02 s
2025-04-12 15:06:47,445 - ***** Epoch: 83: Eval results *****
2025-04-12 15:06:47,445 -   tot_loss = 29.9797
2025-04-12 15:06:47,445 -   tot_loss_clu = 3.1533
2025-04-12 15:06:47,445 -   tot_loss_mms = 26.5749
2025-04-12 15:06:47,445 -   tot_loss_recon = 0.005
2025-04-12 15:06:55,298 - start kmeans...
2025-04-12 15:06:55,317 - K-means used 0.02 s
2025-04-12 15:07:09,868 - ***** Epoch: 84: Eval results *****
2025-04-12 15:07:09,868 -   tot_loss = 29.9487
2025-04-12 15:07:09,868 -   tot_loss_clu = 3.1646
2025-04-12 15:07:09,868 -   tot_loss_mms = 26.5261
2025-04-12 15:07:09,868 -   tot_loss_recon = 0.0052
2025-04-12 15:07:17,820 - start kmeans...
2025-04-12 15:07:17,836 - K-means used 0.02 s
2025-04-12 15:07:33,194 - ***** Epoch: 85: Eval results *****
2025-04-12 15:07:33,194 -   tot_loss = 29.8993
2025-04-12 15:07:33,194 -   tot_loss_clu = 3.17
2025-04-12 15:07:33,194 -   tot_loss_mms = 26.4678
2025-04-12 15:07:33,194 -   tot_loss_recon = 0.0052
2025-04-12 15:07:40,968 - start kmeans...
2025-04-12 15:07:40,990 - K-means used 0.02 s
2025-04-12 15:07:56,396 - ***** Epoch: 86: Eval results *****
2025-04-12 15:07:56,396 -   tot_loss = 29.8932
2025-04-12 15:07:56,396 -   tot_loss_clu = 3.1709
2025-04-12 15:07:56,396 -   tot_loss_mms = 26.4559
2025-04-12 15:07:56,396 -   tot_loss_recon = 0.0053
2025-04-12 15:08:04,311 - start kmeans...
2025-04-12 15:08:04,326 - K-means used 0.01 s
2025-04-12 15:08:21,956 - ***** Epoch: 87: Eval results *****
2025-04-12 15:08:21,957 -   tot_loss = 29.858
2025-04-12 15:08:21,957 -   tot_loss_clu = 3.1792
2025-04-12 15:08:21,957 -   tot_loss_mms = 26.4048
2025-04-12 15:08:21,957 -   tot_loss_recon = 0.0055
2025-04-12 15:08:29,492 - start kmeans...
2025-04-12 15:08:29,512 - K-means used 0.02 s
2025-04-12 15:08:45,244 - ***** Epoch: 88: Eval results *****
2025-04-12 15:08:45,244 -   tot_loss = 29.8078
2025-04-12 15:08:45,244 -   tot_loss_clu = 3.1953
2025-04-12 15:08:45,244 -   tot_loss_mms = 26.3344
2025-04-12 15:08:45,244 -   tot_loss_recon = 0.0056
2025-04-12 15:08:52,884 - start kmeans...
2025-04-12 15:08:52,905 - K-means used 0.02 s
2025-04-12 15:09:05,665 - ***** Epoch: 89: Eval results *****
2025-04-12 15:09:05,665 -   tot_loss = 29.7819
2025-04-12 15:09:05,666 -   tot_loss_clu = 3.2041
2025-04-12 15:09:05,666 -   tot_loss_mms = 26.2942
2025-04-12 15:09:05,666 -   tot_loss_recon = 0.0057
2025-04-12 15:09:12,974 - start kmeans...
2025-04-12 15:09:12,996 - K-means used 0.02 s
2025-04-12 15:09:26,686 - ***** Epoch: 90: Eval results *****
2025-04-12 15:09:26,686 -   tot_loss = 29.7322
2025-04-12 15:09:26,686 -   tot_loss_clu = 3.1724
2025-04-12 15:09:26,686 -   tot_loss_mms = 26.2697
2025-04-12 15:09:26,686 -   tot_loss_recon = 0.0058
2025-04-12 15:09:35,218 - start kmeans...
2025-04-12 15:09:35,232 - K-means used 0.01 s
2025-04-12 15:09:49,952 - ***** Epoch: 91: Eval results *****
2025-04-12 15:09:49,952 -   tot_loss = 29.6822
2025-04-12 15:09:49,952 -   tot_loss_clu = 3.2012
2025-04-12 15:09:49,953 -   tot_loss_mms = 26.1894
2025-04-12 15:09:49,953 -   tot_loss_recon = 0.0058
2025-04-12 15:09:57,507 - start kmeans...
2025-04-12 15:09:57,525 - K-means used 0.02 s
2025-04-12 15:10:12,756 - ***** Epoch: 92: Eval results *****
2025-04-12 15:10:12,756 -   tot_loss = 29.6415
2025-04-12 15:10:12,756 -   tot_loss_clu = 3.1971
2025-04-12 15:10:12,756 -   tot_loss_mms = 26.1543
2025-04-12 15:10:12,757 -   tot_loss_recon = 0.0058
2025-04-12 15:10:20,634 - start kmeans...
2025-04-12 15:10:20,655 - K-means used 0.02 s
2025-04-12 15:10:34,802 - ***** Epoch: 93: Eval results *****
2025-04-12 15:10:34,803 -   tot_loss = 29.5531
2025-04-12 15:10:34,803 -   tot_loss_clu = 3.1669
2025-04-12 15:10:34,803 -   tot_loss_mms = 26.092
2025-04-12 15:10:34,803 -   tot_loss_recon = 0.0059
2025-04-12 15:10:42,662 - start kmeans...
2025-04-12 15:10:42,679 - K-means used 0.02 s
2025-04-12 15:10:56,880 - ***** Epoch: 94: Eval results *****
2025-04-12 15:10:56,881 -   tot_loss = 29.4489
2025-04-12 15:10:56,881 -   tot_loss_clu = 3.1447
2025-04-12 15:10:56,881 -   tot_loss_mms = 26.0109
2025-04-12 15:10:56,881 -   tot_loss_recon = 0.0059
2025-04-12 15:11:04,609 - start kmeans...
2025-04-12 15:11:04,630 - K-means used 0.02 s
2025-04-12 15:11:22,980 - ***** Epoch: 95: Eval results *****
2025-04-12 15:11:22,980 -   tot_loss = 29.3579
2025-04-12 15:11:22,981 -   tot_loss_clu = 3.1432
2025-04-12 15:11:22,981 -   tot_loss_mms = 25.9154
2025-04-12 15:11:22,981 -   tot_loss_recon = 0.006
2025-04-12 15:11:30,909 - start kmeans...
2025-04-12 15:11:30,924 - K-means used 0.01 s
2025-04-12 15:11:44,906 - ***** Epoch: 96: Eval results *****
2025-04-12 15:11:44,907 -   tot_loss = 29.3447
2025-04-12 15:11:44,908 -   tot_loss_clu = 3.132
2025-04-12 15:11:44,908 -   tot_loss_mms = 25.9239
2025-04-12 15:11:44,908 -   tot_loss_recon = 0.0058
2025-04-12 15:11:53,064 - start kmeans...
2025-04-12 15:11:53,081 - K-means used 0.02 s
2025-04-12 15:12:06,560 - ***** Epoch: 97: Eval results *****
2025-04-12 15:12:06,560 -   tot_loss = 29.2687
2025-04-12 15:12:06,560 -   tot_loss_clu = 3.1178
2025-04-12 15:12:06,561 -   tot_loss_mms = 25.8524
2025-04-12 15:12:06,561 -   tot_loss_recon = 0.006
2025-04-12 15:12:14,646 - start kmeans...
2025-04-12 15:12:14,664 - K-means used 0.02 s
2025-04-12 15:12:29,674 - ***** Epoch: 98: Eval results *****
2025-04-12 15:12:29,674 -   tot_loss = 29.1805
2025-04-12 15:12:29,674 -   tot_loss_clu = 3.0678
2025-04-12 15:12:29,674 -   tot_loss_mms = 25.8163
2025-04-12 15:12:29,674 -   tot_loss_recon = 0.0059
2025-04-12 15:12:37,284 - start kmeans...
2025-04-12 15:12:37,302 - K-means used 0.02 s
2025-04-12 15:12:51,569 - ***** Epoch: 99: Eval results *****
2025-04-12 15:12:51,569 -   tot_loss = 29.1099
2025-04-12 15:12:51,569 -   tot_loss_clu = 3.1063
2025-04-12 15:12:51,569 -   tot_loss_mms = 25.7075
2025-04-12 15:12:51,569 -   tot_loss_recon = 0.0059
2025-04-12 15:12:59,673 - start kmeans...
2025-04-12 15:12:59,691 - K-means used 0.02 s
2025-04-12 15:13:13,480 - ***** Epoch: 100: Eval results *****
2025-04-12 15:13:13,480 -   tot_loss = 29.0329
2025-04-12 15:13:13,480 -   tot_loss_clu = 3.0971
2025-04-12 15:13:13,480 -   tot_loss_mms = 25.6332
2025-04-12 15:13:13,480 -   tot_loss_recon = 0.0061
2025-04-12 15:13:18,494 - ***** Test results *****
2025-04-12 15:13:18,494 -   ACC = 17.53
2025-04-12 15:13:18,494 -   ARI = 1.76
2025-04-12 15:13:18,494 -   NMI = 19.24
2025-04-12 15:13:18,494 -   fmi = 9.13
2025-04-12 15:13:26,234 - start kmeans...
2025-04-12 15:13:26,254 - K-means used 0.02 s
2025-04-12 15:13:39,737 - ***** Epoch: 101: Eval results *****
2025-04-12 15:13:39,737 -   tot_loss = 28.985
2025-04-12 15:13:39,737 -   tot_loss_clu = 3.0796
2025-04-12 15:13:39,737 -   tot_loss_mms = 25.6031
2025-04-12 15:13:39,737 -   tot_loss_recon = 0.006
2025-04-12 15:13:47,459 - start kmeans...
2025-04-12 15:13:47,478 - K-means used 0.02 s
2025-04-12 15:14:03,871 - ***** Epoch: 102: Eval results *****
2025-04-12 15:14:03,871 -   tot_loss = 28.8932
2025-04-12 15:14:03,872 -   tot_loss_clu = 3.0914
2025-04-12 15:14:03,872 -   tot_loss_mms = 25.4965
2025-04-12 15:14:03,872 -   tot_loss_recon = 0.0061
2025-04-12 15:14:11,691 - start kmeans...
2025-04-12 15:14:11,712 - K-means used 0.02 s
2025-04-12 15:14:28,121 - ***** Epoch: 103: Eval results *****
2025-04-12 15:14:28,122 -   tot_loss = 28.8678
2025-04-12 15:14:28,122 -   tot_loss_clu = 3.0986
2025-04-12 15:14:28,122 -   tot_loss_mms = 25.4684
2025-04-12 15:14:28,122 -   tot_loss_recon = 0.006
2025-04-12 15:14:36,019 - start kmeans...
2025-04-12 15:14:36,033 - K-means used 0.01 s
2025-04-12 15:14:49,151 - ***** Epoch: 104: Eval results *****
2025-04-12 15:14:49,151 -   tot_loss = 28.8142
2025-04-12 15:14:49,152 -   tot_loss_clu = 3.0769
2025-04-12 15:14:49,152 -   tot_loss_mms = 25.4422
2025-04-12 15:14:49,152 -   tot_loss_recon = 0.0059
2025-04-12 15:14:56,809 - start kmeans...
2025-04-12 15:14:56,828 - K-means used 0.02 s
2025-04-12 15:15:11,346 - ***** Epoch: 105: Eval results *****
2025-04-12 15:15:11,346 -   tot_loss = 28.7187
2025-04-12 15:15:11,346 -   tot_loss_clu = 3.0971
2025-04-12 15:15:11,346 -   tot_loss_mms = 25.3272
2025-04-12 15:15:11,346 -   tot_loss_recon = 0.0059
2025-04-12 15:15:19,287 - start kmeans...
2025-04-12 15:15:19,304 - K-means used 0.02 s
2025-04-12 15:15:33,999 - ***** Epoch: 106: Eval results *****
2025-04-12 15:15:33,999 -   tot_loss = 28.6593
2025-04-12 15:15:34,000 -   tot_loss_clu = 3.0942
2025-04-12 15:15:34,000 -   tot_loss_mms = 25.2709
2025-04-12 15:15:34,000 -   tot_loss_recon = 0.0059
2025-04-12 15:15:41,619 - start kmeans...
2025-04-12 15:15:41,640 - K-means used 0.02 s
2025-04-12 15:15:55,600 - ***** Epoch: 107: Eval results *****
2025-04-12 15:15:55,600 -   tot_loss = 28.5941
2025-04-12 15:15:55,600 -   tot_loss_clu = 3.0805
2025-04-12 15:15:55,601 -   tot_loss_mms = 25.2262
2025-04-12 15:15:55,601 -   tot_loss_recon = 0.0058
2025-04-12 15:16:03,541 - start kmeans...
2025-04-12 15:16:03,559 - K-means used 0.02 s
2025-04-12 15:16:17,637 - ***** Epoch: 108: Eval results *****
2025-04-12 15:16:17,637 -   tot_loss = 28.4899
2025-04-12 15:16:17,637 -   tot_loss_clu = 3.0887
2025-04-12 15:16:17,637 -   tot_loss_mms = 25.1113
2025-04-12 15:16:17,637 -   tot_loss_recon = 0.0058
2025-04-12 15:16:25,452 - start kmeans...
2025-04-12 15:16:25,468 - K-means used 0.02 s
2025-04-12 15:16:40,043 - ***** Epoch: 109: Eval results *****
2025-04-12 15:16:40,043 -   tot_loss = 28.43
2025-04-12 15:16:40,044 -   tot_loss_clu = 3.0721
2025-04-12 15:16:40,044 -   tot_loss_mms = 25.0672
2025-04-12 15:16:40,044 -   tot_loss_recon = 0.0058
2025-04-12 15:16:48,216 - start kmeans...
2025-04-12 15:16:48,232 - K-means used 0.02 s
2025-04-12 15:17:02,953 - ***** Epoch: 110: Eval results *****
2025-04-12 15:17:02,953 -   tot_loss = 28.3479
2025-04-12 15:17:02,953 -   tot_loss_clu = 3.0551
2025-04-12 15:17:02,953 -   tot_loss_mms = 25.0057
2025-04-12 15:17:02,953 -   tot_loss_recon = 0.0057
2025-04-12 15:17:11,023 - start kmeans...
2025-04-12 15:17:11,045 - K-means used 0.02 s
2025-04-12 15:17:24,412 - ***** Epoch: 111: Eval results *****
2025-04-12 15:17:24,413 -   tot_loss = 28.2472
2025-04-12 15:17:24,413 -   tot_loss_clu = 3.0239
2025-04-12 15:17:24,413 -   tot_loss_mms = 24.9378
2025-04-12 15:17:24,413 -   tot_loss_recon = 0.0057
2025-04-12 15:17:32,481 - start kmeans...
2025-04-12 15:17:32,498 - K-means used 0.02 s
2025-04-12 15:17:46,416 - ***** Epoch: 112: Eval results *****
2025-04-12 15:17:46,416 -   tot_loss = 28.1653
2025-04-12 15:17:46,416 -   tot_loss_clu = 3.0257
2025-04-12 15:17:46,416 -   tot_loss_mms = 24.8469
2025-04-12 15:17:46,416 -   tot_loss_recon = 0.0059
2025-04-12 15:17:54,313 - start kmeans...
2025-04-12 15:17:54,328 - K-means used 0.01 s
2025-04-12 15:18:08,075 - ***** Epoch: 113: Eval results *****
2025-04-12 15:18:08,075 -   tot_loss = 28.0978
2025-04-12 15:18:08,075 -   tot_loss_clu = 3.0177
2025-04-12 15:18:08,076 -   tot_loss_mms = 24.7881
2025-04-12 15:18:08,076 -   tot_loss_recon = 0.0058
2025-04-12 15:18:15,850 - start kmeans...
2025-04-12 15:18:15,871 - K-means used 0.02 s
2025-04-12 15:18:29,460 - ***** Epoch: 114: Eval results *****
2025-04-12 15:18:29,461 -   tot_loss = 28.0183
2025-04-12 15:18:29,461 -   tot_loss_clu = 2.9926
2025-04-12 15:18:29,461 -   tot_loss_mms = 24.7305
2025-04-12 15:18:29,461 -   tot_loss_recon = 0.0059
2025-04-12 15:18:37,436 - start kmeans...
2025-04-12 15:18:37,452 - K-means used 0.02 s
2025-04-12 15:18:50,989 - ***** Epoch: 115: Eval results *****
2025-04-12 15:18:50,989 -   tot_loss = 27.9556
2025-04-12 15:18:50,989 -   tot_loss_clu = 2.9705
2025-04-12 15:18:50,990 -   tot_loss_mms = 24.6901
2025-04-12 15:18:50,990 -   tot_loss_recon = 0.0059
2025-04-12 15:18:59,276 - start kmeans...
2025-04-12 15:18:59,292 - K-means used 0.02 s
2025-04-12 15:19:13,268 - ***** Epoch: 116: Eval results *****
2025-04-12 15:19:13,268 -   tot_loss = 27.8741
2025-04-12 15:19:13,269 -   tot_loss_clu = 2.9644
2025-04-12 15:19:13,269 -   tot_loss_mms = 24.6163
2025-04-12 15:19:13,269 -   tot_loss_recon = 0.0059
2025-04-12 15:19:20,708 - start kmeans...
2025-04-12 15:19:20,724 - K-means used 0.02 s
2025-04-12 15:19:34,217 - ***** Epoch: 117: Eval results *****
2025-04-12 15:19:34,217 -   tot_loss = 27.7723
2025-04-12 15:19:34,217 -   tot_loss_clu = 2.934
2025-04-12 15:19:34,218 -   tot_loss_mms = 24.5396
2025-04-12 15:19:34,218 -   tot_loss_recon = 0.006
2025-04-12 15:19:42,414 - start kmeans...
2025-04-12 15:19:42,428 - K-means used 0.01 s
2025-04-12 15:19:56,353 - ***** Epoch: 118: Eval results *****
2025-04-12 15:19:56,353 -   tot_loss = 27.7467
2025-04-12 15:19:56,354 -   tot_loss_clu = 2.929
2025-04-12 15:19:56,354 -   tot_loss_mms = 24.5178
2025-04-12 15:19:56,354 -   tot_loss_recon = 0.006
2025-04-12 15:20:04,314 - start kmeans...
2025-04-12 15:20:04,329 - K-means used 0.02 s
2025-04-12 15:20:18,096 - ***** Epoch: 119: Eval results *****
2025-04-12 15:20:18,096 -   tot_loss = 27.6587
2025-04-12 15:20:18,097 -   tot_loss_clu = 2.8946
2025-04-12 15:20:18,097 -   tot_loss_mms = 24.4681
2025-04-12 15:20:18,097 -   tot_loss_recon = 0.0059
2025-04-12 15:20:26,020 - start kmeans...
2025-04-12 15:20:26,034 - K-means used 0.01 s
2025-04-12 15:20:39,686 - ***** Epoch: 120: Eval results *****
2025-04-12 15:20:39,687 -   tot_loss = 27.5738
2025-04-12 15:20:39,687 -   tot_loss_clu = 2.8471
2025-04-12 15:20:39,687 -   tot_loss_mms = 24.4246
2025-04-12 15:20:39,687 -   tot_loss_recon = 0.006
2025-04-12 15:20:47,896 - start kmeans...
2025-04-12 15:20:47,912 - K-means used 0.02 s
2025-04-12 15:21:01,726 - ***** Epoch: 121: Eval results *****
2025-04-12 15:21:01,726 -   tot_loss = 27.4398
2025-04-12 15:21:01,726 -   tot_loss_clu = 2.8532
2025-04-12 15:21:01,727 -   tot_loss_mms = 24.2835
2025-04-12 15:21:01,727 -   tot_loss_recon = 0.0061
2025-04-12 15:21:09,908 - start kmeans...
2025-04-12 15:21:09,922 - K-means used 0.01 s
2025-04-12 15:21:24,171 - ***** Epoch: 122: Eval results *****
2025-04-12 15:21:24,171 -   tot_loss = 27.411
2025-04-12 15:21:24,171 -   tot_loss_clu = 2.815
2025-04-12 15:21:24,171 -   tot_loss_mms = 24.291
2025-04-12 15:21:24,171 -   tot_loss_recon = 0.0061
2025-04-12 15:21:32,257 - start kmeans...
2025-04-12 15:21:32,271 - K-means used 0.01 s
2025-04-12 15:21:45,612 - ***** Epoch: 123: Eval results *****
2025-04-12 15:21:45,613 -   tot_loss = 27.2971
2025-04-12 15:21:45,613 -   tot_loss_clu = 2.7617
2025-04-12 15:21:45,613 -   tot_loss_mms = 24.2262
2025-04-12 15:21:45,613 -   tot_loss_recon = 0.0062
2025-04-12 15:21:53,639 - start kmeans...
2025-04-12 15:21:53,656 - K-means used 0.02 s
2025-04-12 15:22:07,915 - ***** Epoch: 124: Eval results *****
2025-04-12 15:22:07,916 -   tot_loss = 27.2738
2025-04-12 15:22:07,916 -   tot_loss_clu = 2.7521
2025-04-12 15:22:07,916 -   tot_loss_mms = 24.2197
2025-04-12 15:22:07,916 -   tot_loss_recon = 0.006
2025-04-12 15:22:16,441 - start kmeans...
2025-04-12 15:22:16,459 - K-means used 0.02 s
2025-04-12 15:22:30,601 - ***** Epoch: 125: Eval results *****
2025-04-12 15:22:30,601 -   tot_loss = 27.214
2025-04-12 15:22:30,602 -   tot_loss_clu = 2.7351
2025-04-12 15:22:30,602 -   tot_loss_mms = 24.1729
2025-04-12 15:22:30,602 -   tot_loss_recon = 0.0061
2025-04-12 15:22:38,826 - start kmeans...
2025-04-12 15:22:38,840 - K-means used 0.01 s
2025-04-12 15:22:54,379 - ***** Epoch: 126: Eval results *****
2025-04-12 15:22:54,379 -   tot_loss = 27.1042
2025-04-12 15:22:54,379 -   tot_loss_clu = 2.6887
2025-04-12 15:22:54,379 -   tot_loss_mms = 24.1086
2025-04-12 15:22:54,379 -   tot_loss_recon = 0.0061
2025-04-12 15:23:01,904 - start kmeans...
2025-04-12 15:23:01,921 - K-means used 0.02 s
2025-04-12 15:23:15,397 - ***** Epoch: 127: Eval results *****
2025-04-12 15:23:15,398 -   tot_loss = 26.9845
2025-04-12 15:23:15,398 -   tot_loss_clu = 2.6537
2025-04-12 15:23:15,398 -   tot_loss_mms = 24.0226
2025-04-12 15:23:15,398 -   tot_loss_recon = 0.0062
2025-04-12 15:23:23,165 - start kmeans...
2025-04-12 15:23:23,181 - K-means used 0.02 s
2025-04-12 15:23:38,292 - ***** Epoch: 128: Eval results *****
2025-04-12 15:23:38,293 -   tot_loss = 26.9506
2025-04-12 15:23:38,293 -   tot_loss_clu = 2.5993
2025-04-12 15:23:38,293 -   tot_loss_mms = 24.0455
2025-04-12 15:23:38,293 -   tot_loss_recon = 0.0061
2025-04-12 15:23:46,483 - start kmeans...
2025-04-12 15:23:46,499 - K-means used 0.02 s
2025-04-12 15:24:02,435 - ***** Epoch: 129: Eval results *****
2025-04-12 15:24:02,436 -   tot_loss = 26.8783
2025-04-12 15:24:02,436 -   tot_loss_clu = 2.5852
2025-04-12 15:24:02,436 -   tot_loss_mms = 23.9821
2025-04-12 15:24:02,436 -   tot_loss_recon = 0.0062
2025-04-12 15:24:10,625 - start kmeans...
2025-04-12 15:24:10,644 - K-means used 0.02 s
2025-04-12 15:24:26,275 - ***** Epoch: 130: Eval results *****
2025-04-12 15:24:26,276 -   tot_loss = 26.796
2025-04-12 15:24:26,276 -   tot_loss_clu = 2.5594
2025-04-12 15:24:26,276 -   tot_loss_mms = 23.9247
2025-04-12 15:24:26,276 -   tot_loss_recon = 0.0062
2025-04-12 15:24:34,355 - start kmeans...
2025-04-12 15:24:34,368 - K-means used 0.01 s
2025-04-12 15:24:47,745 - ***** Epoch: 131: Eval results *****
2025-04-12 15:24:47,745 -   tot_loss = 26.6972
2025-04-12 15:24:47,746 -   tot_loss_clu = 2.5092
2025-04-12 15:24:47,746 -   tot_loss_mms = 23.8772
2025-04-12 15:24:47,746 -   tot_loss_recon = 0.0062
2025-04-12 15:24:55,836 - start kmeans...
2025-04-12 15:24:55,902 - K-means used 0.07 s
2025-04-12 15:25:11,402 - ***** Epoch: 132: Eval results *****
2025-04-12 15:25:11,403 -   tot_loss = 26.6752
2025-04-12 15:25:11,403 -   tot_loss_clu = 2.4837
2025-04-12 15:25:11,403 -   tot_loss_mms = 23.8764
2025-04-12 15:25:11,403 -   tot_loss_recon = 0.0063
2025-04-12 15:25:19,302 - start kmeans...
2025-04-12 15:25:19,321 - K-means used 0.02 s
2025-04-12 15:25:32,987 - ***** Epoch: 133: Eval results *****
2025-04-12 15:25:32,987 -   tot_loss = 26.5891
2025-04-12 15:25:32,988 -   tot_loss_clu = 2.4613
2025-04-12 15:25:32,988 -   tot_loss_mms = 23.8184
2025-04-12 15:25:32,988 -   tot_loss_recon = 0.0062
2025-04-12 15:25:41,182 - start kmeans...
2025-04-12 15:25:41,197 - K-means used 0.02 s
2025-04-12 15:25:54,993 - ***** Epoch: 134: Eval results *****
2025-04-12 15:25:54,993 -   tot_loss = 26.5546
2025-04-12 15:25:54,993 -   tot_loss_clu = 2.4421
2025-04-12 15:25:54,993 -   tot_loss_mms = 23.7971
2025-04-12 15:25:54,993 -   tot_loss_recon = 0.0063
2025-04-12 15:26:03,139 - start kmeans...
2025-04-12 15:26:03,153 - K-means used 0.01 s
2025-04-12 15:26:16,912 - ***** Epoch: 135: Eval results *****
2025-04-12 15:26:16,912 -   tot_loss = 26.4746
2025-04-12 15:26:16,912 -   tot_loss_clu = 2.3947
2025-04-12 15:26:16,912 -   tot_loss_mms = 23.7646
2025-04-12 15:26:16,912 -   tot_loss_recon = 0.0063
2025-04-12 15:26:24,783 - start kmeans...
2025-04-12 15:26:24,800 - K-means used 0.02 s
2025-04-12 15:26:38,275 - ***** Epoch: 136: Eval results *****
2025-04-12 15:26:38,275 -   tot_loss = 26.4258
2025-04-12 15:26:38,275 -   tot_loss_clu = 2.3956
2025-04-12 15:26:38,275 -   tot_loss_mms = 23.7138
2025-04-12 15:26:38,276 -   tot_loss_recon = 0.0063
2025-04-12 15:26:47,224 - start kmeans...
2025-04-12 15:26:47,239 - K-means used 0.01 s
2025-04-12 15:27:02,860 - ***** Epoch: 137: Eval results *****
2025-04-12 15:27:02,860 -   tot_loss = 26.3826
2025-04-12 15:27:02,861 -   tot_loss_clu = 2.3894
2025-04-12 15:27:02,861 -   tot_loss_mms = 23.6819
2025-04-12 15:27:02,861 -   tot_loss_recon = 0.0062
2025-04-12 15:27:10,730 - start kmeans...
2025-04-12 15:27:10,744 - K-means used 0.01 s
2025-04-12 15:27:24,628 - ***** Epoch: 138: Eval results *****
2025-04-12 15:27:24,628 -   tot_loss = 26.3095
2025-04-12 15:27:24,628 -   tot_loss_clu = 2.3757
2025-04-12 15:27:24,628 -   tot_loss_mms = 23.6224
2025-04-12 15:27:24,628 -   tot_loss_recon = 0.0062
2025-04-12 15:27:32,296 - start kmeans...
2025-04-12 15:27:32,310 - K-means used 0.01 s
2025-04-12 15:27:47,568 - ***** Epoch: 139: Eval results *****
2025-04-12 15:27:47,569 -   tot_loss = 26.2828
2025-04-12 15:27:47,569 -   tot_loss_clu = 2.3482
2025-04-12 15:27:47,569 -   tot_loss_mms = 23.618
2025-04-12 15:27:47,569 -   tot_loss_recon = 0.0063
2025-04-12 15:27:55,628 - start kmeans...
2025-04-12 15:27:55,644 - K-means used 0.02 s
2025-04-12 15:28:09,896 - ***** Epoch: 140: Eval results *****
2025-04-12 15:28:09,896 -   tot_loss = 26.2623
2025-04-12 15:28:09,896 -   tot_loss_clu = 2.3475
2025-04-12 15:28:09,896 -   tot_loss_mms = 23.5943
2025-04-12 15:28:09,896 -   tot_loss_recon = 0.0064
2025-04-12 15:28:17,519 - start kmeans...
2025-04-12 15:28:17,534 - K-means used 0.02 s
2025-04-12 15:28:31,416 - ***** Epoch: 141: Eval results *****
2025-04-12 15:28:31,416 -   tot_loss = 26.1712
2025-04-12 15:28:31,417 -   tot_loss_clu = 2.3099
2025-04-12 15:28:31,417 -   tot_loss_mms = 23.5427
2025-04-12 15:28:31,417 -   tot_loss_recon = 0.0064
2025-04-12 15:28:39,009 - start kmeans...
2025-04-12 15:28:39,024 - K-means used 0.01 s
2025-04-12 15:28:54,709 - ***** Epoch: 142: Eval results *****
2025-04-12 15:28:54,709 -   tot_loss = 26.1462
2025-04-12 15:28:54,709 -   tot_loss_clu = 2.2904
2025-04-12 15:28:54,709 -   tot_loss_mms = 23.5344
2025-04-12 15:28:54,709 -   tot_loss_recon = 0.0064
2025-04-12 15:29:03,219 - start kmeans...
2025-04-12 15:29:03,232 - K-means used 0.01 s
2025-04-12 15:29:17,672 - ***** Epoch: 143: Eval results *****
2025-04-12 15:29:17,672 -   tot_loss = 26.1014
2025-04-12 15:29:17,672 -   tot_loss_clu = 2.2688
2025-04-12 15:29:17,672 -   tot_loss_mms = 23.5191
2025-04-12 15:29:17,672 -   tot_loss_recon = 0.0063
2025-04-12 15:29:25,409 - start kmeans...
2025-04-12 15:29:25,425 - K-means used 0.02 s
2025-04-12 15:29:39,227 - ***** Epoch: 144: Eval results *****
2025-04-12 15:29:39,227 -   tot_loss = 26.0889
2025-04-12 15:29:39,228 -   tot_loss_clu = 2.2758
2025-04-12 15:29:39,228 -   tot_loss_mms = 23.4913
2025-04-12 15:29:39,228 -   tot_loss_recon = 0.0064
2025-04-12 15:29:47,719 - start kmeans...
2025-04-12 15:29:47,733 - K-means used 0.01 s
2025-04-12 15:30:02,638 - ***** Epoch: 145: Eval results *****
2025-04-12 15:30:02,638 -   tot_loss = 26.0088
2025-04-12 15:30:02,638 -   tot_loss_clu = 2.2433
2025-04-12 15:30:02,638 -   tot_loss_mms = 23.443
2025-04-12 15:30:02,638 -   tot_loss_recon = 0.0064
2025-04-12 15:30:10,409 - start kmeans...
2025-04-12 15:30:10,421 - K-means used 0.01 s
2025-04-12 15:30:23,881 - ***** Epoch: 146: Eval results *****
2025-04-12 15:30:23,881 -   tot_loss = 25.9983
2025-04-12 15:30:23,881 -   tot_loss_clu = 2.2282
2025-04-12 15:30:23,881 -   tot_loss_mms = 23.4427
2025-04-12 15:30:23,881 -   tot_loss_recon = 0.0065
2025-04-12 15:30:32,028 - start kmeans...
2025-04-12 15:30:32,041 - K-means used 0.01 s
2025-04-12 15:30:45,429 - ***** Epoch: 147: Eval results *****
2025-04-12 15:30:45,429 -   tot_loss = 25.9758
2025-04-12 15:30:45,429 -   tot_loss_clu = 2.2253
2025-04-12 15:30:45,429 -   tot_loss_mms = 23.4254
2025-04-12 15:30:45,429 -   tot_loss_recon = 0.0065
2025-04-12 15:30:53,020 - start kmeans...
2025-04-12 15:30:53,032 - K-means used 0.01 s
2025-04-12 15:31:06,557 - ***** Epoch: 148: Eval results *****
2025-04-12 15:31:06,557 -   tot_loss = 25.9129
2025-04-12 15:31:06,557 -   tot_loss_clu = 2.2185
2025-04-12 15:31:06,557 -   tot_loss_mms = 23.3726
2025-04-12 15:31:06,557 -   tot_loss_recon = 0.0064
2025-04-12 15:31:14,245 - start kmeans...
2025-04-12 15:31:14,259 - K-means used 0.01 s
2025-04-12 15:31:27,796 - ***** Epoch: 149: Eval results *****
2025-04-12 15:31:27,796 -   tot_loss = 25.9667
2025-04-12 15:31:27,796 -   tot_loss_clu = 2.2109
2025-04-12 15:31:27,796 -   tot_loss_mms = 23.4338
2025-04-12 15:31:27,796 -   tot_loss_recon = 0.0064
2025-04-12 15:31:35,295 - start kmeans...
2025-04-12 15:31:35,309 - K-means used 0.01 s
2025-04-12 15:31:49,321 - ***** Epoch: 150: Eval results *****
2025-04-12 15:31:49,321 -   tot_loss = 25.939
2025-04-12 15:31:49,321 -   tot_loss_clu = 2.2212
2025-04-12 15:31:49,322 -   tot_loss_mms = 23.3961
2025-04-12 15:31:49,322 -   tot_loss_recon = 0.0064
2025-04-12 15:31:54,461 - ***** Test results *****
2025-04-12 15:31:54,461 -   ACC = 16.4
2025-04-12 15:31:54,461 -   ARI = 1.43
2025-04-12 15:31:54,461 -   NMI = 18.07
2025-04-12 15:31:54,462 -   fmi = 8.99
2025-04-12 15:32:02,271 - start kmeans...
2025-04-12 15:32:02,292 - K-means used 0.02 s
2025-04-12 15:32:16,271 - ***** Epoch: 151: Eval results *****
2025-04-12 15:32:16,272 -   tot_loss = 25.8407
2025-04-12 15:32:16,272 -   tot_loss_clu = 2.1967
2025-04-12 15:32:16,272 -   tot_loss_mms = 23.3152
2025-04-12 15:32:16,272 -   tot_loss_recon = 0.0066
2025-04-12 15:32:24,308 - start kmeans...
2025-04-12 15:32:24,326 - K-means used 0.02 s
2025-04-12 15:32:39,565 - ***** Epoch: 152: Eval results *****
2025-04-12 15:32:39,565 -   tot_loss = 25.8503
2025-04-12 15:32:39,565 -   tot_loss_clu = 2.2003
2025-04-12 15:32:39,565 -   tot_loss_mms = 23.3267
2025-04-12 15:32:39,565 -   tot_loss_recon = 0.0065
2025-04-12 15:32:47,386 - start kmeans...
2025-04-12 15:32:47,400 - K-means used 0.01 s
2025-04-12 15:33:00,701 - ***** Epoch: 153: Eval results *****
2025-04-12 15:33:00,701 -   tot_loss = 25.8077
2025-04-12 15:33:00,701 -   tot_loss_clu = 2.1809
2025-04-12 15:33:00,701 -   tot_loss_mms = 23.3013
2025-04-12 15:33:00,701 -   tot_loss_recon = 0.0065
2025-04-12 15:33:08,408 - start kmeans...
2025-04-12 15:33:08,425 - K-means used 0.02 s
2025-04-12 15:33:23,422 - ***** Epoch: 154: Eval results *****
2025-04-12 15:33:23,422 -   tot_loss = 25.8427
2025-04-12 15:33:23,422 -   tot_loss_clu = 2.1828
2025-04-12 15:33:23,422 -   tot_loss_mms = 23.3353
2025-04-12 15:33:23,423 -   tot_loss_recon = 0.0065
2025-04-12 15:33:31,289 - start kmeans...
2025-04-12 15:33:31,305 - K-means used 0.02 s
2025-04-12 15:33:46,648 - ***** Epoch: 155: Eval results *****
2025-04-12 15:33:46,649 -   tot_loss = 25.8033
2025-04-12 15:33:46,649 -   tot_loss_clu = 2.1849
2025-04-12 15:33:46,649 -   tot_loss_mms = 23.2929
2025-04-12 15:33:46,649 -   tot_loss_recon = 0.0065
2025-04-12 15:33:54,797 - start kmeans...
2025-04-12 15:33:54,813 - K-means used 0.02 s
2025-04-12 15:34:09,206 - ***** Epoch: 156: Eval results *****
2025-04-12 15:34:09,207 -   tot_loss = 25.7664
2025-04-12 15:34:09,208 -   tot_loss_clu = 2.1792
2025-04-12 15:34:09,208 -   tot_loss_mms = 23.2622
2025-04-12 15:34:09,208 -   tot_loss_recon = 0.0065
2025-04-12 15:34:17,406 - start kmeans...
2025-04-12 15:34:17,426 - K-means used 0.02 s
2025-04-12 15:34:32,563 - ***** Epoch: 157: Eval results *****
2025-04-12 15:34:32,563 -   tot_loss = 25.7221
2025-04-12 15:34:32,563 -   tot_loss_clu = 2.1561
2025-04-12 15:34:32,563 -   tot_loss_mms = 23.2397
2025-04-12 15:34:32,563 -   tot_loss_recon = 0.0065
2025-04-12 15:34:39,977 - start kmeans...
2025-04-12 15:34:39,991 - K-means used 0.01 s
2025-04-12 15:34:53,588 - ***** Epoch: 158: Eval results *****
2025-04-12 15:34:53,589 -   tot_loss = 25.7274
2025-04-12 15:34:53,589 -   tot_loss_clu = 2.157
2025-04-12 15:34:53,589 -   tot_loss_mms = 23.2447
2025-04-12 15:34:53,589 -   tot_loss_recon = 0.0065
2025-04-12 15:35:01,960 - start kmeans...
2025-04-12 15:35:01,976 - K-means used 0.02 s
2025-04-12 15:35:15,494 - ***** Epoch: 159: Eval results *****
2025-04-12 15:35:15,494 -   tot_loss = 25.753
2025-04-12 15:35:15,494 -   tot_loss_clu = 2.1631
2025-04-12 15:35:15,494 -   tot_loss_mms = 23.2629
2025-04-12 15:35:15,495 -   tot_loss_recon = 0.0065
2025-04-12 15:35:23,393 - start kmeans...
2025-04-12 15:35:23,408 - K-means used 0.01 s
2025-04-12 15:35:37,926 - ***** Epoch: 160: Eval results *****
2025-04-12 15:35:37,927 -   tot_loss = 25.7295
2025-04-12 15:35:37,927 -   tot_loss_clu = 2.1623
2025-04-12 15:35:37,927 -   tot_loss_mms = 23.2409
2025-04-12 15:35:37,927 -   tot_loss_recon = 0.0065
2025-04-12 15:35:46,347 - start kmeans...
2025-04-12 15:35:46,366 - K-means used 0.02 s
2025-04-12 15:36:01,405 - ***** Epoch: 161: Eval results *****
2025-04-12 15:36:01,405 -   tot_loss = 25.7219
2025-04-12 15:36:01,405 -   tot_loss_clu = 2.1612
2025-04-12 15:36:01,405 -   tot_loss_mms = 23.2352
2025-04-12 15:36:01,405 -   tot_loss_recon = 0.0065
2025-04-12 15:36:09,870 - start kmeans...
2025-04-12 15:36:09,883 - K-means used 0.01 s
2025-04-12 15:36:25,250 - ***** Epoch: 162: Eval results *****
2025-04-12 15:36:25,250 -   tot_loss = 25.7161
2025-04-12 15:36:25,250 -   tot_loss_clu = 2.1588
2025-04-12 15:36:25,250 -   tot_loss_mms = 23.2282
2025-04-12 15:36:25,250 -   tot_loss_recon = 0.0066
2025-04-12 15:36:33,078 - start kmeans...
2025-04-12 15:36:33,090 - K-means used 0.01 s
2025-04-12 15:36:48,459 - ***** Epoch: 163: Eval results *****
2025-04-12 15:36:48,459 -   tot_loss = 25.7296
2025-04-12 15:36:48,459 -   tot_loss_clu = 2.1626
2025-04-12 15:36:48,459 -   tot_loss_mms = 23.2365
2025-04-12 15:36:48,459 -   tot_loss_recon = 0.0066
2025-04-12 15:36:56,432 - start kmeans...
2025-04-12 15:36:56,448 - K-means used 0.02 s
2025-04-12 15:37:10,077 - ***** Epoch: 164: Eval results *****
2025-04-12 15:37:10,077 -   tot_loss = 25.6866
2025-04-12 15:37:10,077 -   tot_loss_clu = 2.1539
2025-04-12 15:37:10,077 -   tot_loss_mms = 23.2043
2025-04-12 15:37:10,077 -   tot_loss_recon = 0.0066
2025-04-12 15:37:18,325 - start kmeans...
2025-04-12 15:37:18,339 - K-means used 0.01 s
2025-04-12 15:37:31,614 - ***** Epoch: 165: Eval results *****
2025-04-12 15:37:31,614 -   tot_loss = 25.6827
2025-04-12 15:37:31,614 -   tot_loss_clu = 2.1469
2025-04-12 15:37:31,615 -   tot_loss_mms = 23.2069
2025-04-12 15:37:31,615 -   tot_loss_recon = 0.0066
2025-04-12 15:37:39,513 - start kmeans...
2025-04-12 15:37:39,534 - K-means used 0.02 s
2025-04-12 15:37:53,935 - ***** Epoch: 166: Eval results *****
2025-04-12 15:37:53,935 -   tot_loss = 25.6909
2025-04-12 15:37:53,935 -   tot_loss_clu = 2.1499
2025-04-12 15:37:53,935 -   tot_loss_mms = 23.2159
2025-04-12 15:37:53,936 -   tot_loss_recon = 0.0065
2025-04-12 15:38:01,697 - start kmeans...
2025-04-12 15:38:01,717 - K-means used 0.02 s
2025-04-12 15:38:17,532 - ***** Epoch: 167: Eval results *****
2025-04-12 15:38:17,532 -   tot_loss = 25.6568
2025-04-12 15:38:17,532 -   tot_loss_clu = 2.1423
2025-04-12 15:38:17,532 -   tot_loss_mms = 23.1872
2025-04-12 15:38:17,532 -   tot_loss_recon = 0.0065
2025-04-12 15:38:25,678 - start kmeans...
2025-04-12 15:38:25,692 - K-means used 0.01 s
2025-04-12 15:38:39,577 - ***** Epoch: 168: Eval results *****
2025-04-12 15:38:39,578 -   tot_loss = 25.6542
2025-04-12 15:38:39,578 -   tot_loss_clu = 2.1516
2025-04-12 15:38:39,578 -   tot_loss_mms = 23.1741
2025-04-12 15:38:39,578 -   tot_loss_recon = 0.0066
2025-04-12 15:38:47,458 - start kmeans...
2025-04-12 15:38:47,471 - K-means used 0.01 s
2025-04-12 15:39:01,229 - ***** Epoch: 169: Eval results *****
2025-04-12 15:39:01,230 -   tot_loss = 25.647
2025-04-12 15:39:01,230 -   tot_loss_clu = 2.1415
2025-04-12 15:39:01,230 -   tot_loss_mms = 23.1769
2025-04-12 15:39:01,230 -   tot_loss_recon = 0.0066
2025-04-12 15:39:09,310 - start kmeans...
2025-04-12 15:39:09,326 - K-means used 0.02 s
2025-04-12 15:39:23,956 - ***** Epoch: 170: Eval results *****
2025-04-12 15:39:23,956 -   tot_loss = 25.6611
2025-04-12 15:39:23,956 -   tot_loss_clu = 2.1364
2025-04-12 15:39:23,956 -   tot_loss_mms = 23.1975
2025-04-12 15:39:23,956 -   tot_loss_recon = 0.0065
2025-04-12 15:39:32,097 - start kmeans...
2025-04-12 15:39:32,112 - K-means used 0.02 s
2025-04-12 15:39:47,249 - ***** Epoch: 171: Eval results *****
2025-04-12 15:39:47,250 -   tot_loss = 25.6277
2025-04-12 15:39:47,250 -   tot_loss_clu = 2.1325
2025-04-12 15:39:47,250 -   tot_loss_mms = 23.167
2025-04-12 15:39:47,250 -   tot_loss_recon = 0.0066
2025-04-12 15:39:55,124 - start kmeans...
2025-04-12 15:39:55,138 - K-means used 0.01 s
2025-04-12 15:40:10,298 - ***** Epoch: 172: Eval results *****
2025-04-12 15:40:10,298 -   tot_loss = 25.6604
2025-04-12 15:40:10,298 -   tot_loss_clu = 2.13
2025-04-12 15:40:10,298 -   tot_loss_mms = 23.2025
2025-04-12 15:40:10,298 -   tot_loss_recon = 0.0066
2025-04-12 15:40:17,889 - start kmeans...
2025-04-12 15:40:17,902 - K-means used 0.01 s
2025-04-12 15:40:31,093 - ***** Epoch: 173: Eval results *****
2025-04-12 15:40:31,093 -   tot_loss = 25.6486
2025-04-12 15:40:31,093 -   tot_loss_clu = 2.1367
2025-04-12 15:40:31,093 -   tot_loss_mms = 23.1815
2025-04-12 15:40:31,093 -   tot_loss_recon = 0.0066
2025-04-12 15:40:38,784 - start kmeans...
2025-04-12 15:40:38,804 - K-means used 0.02 s
2025-04-12 15:40:53,090 - ***** Epoch: 174: Eval results *****
2025-04-12 15:40:53,091 -   tot_loss = 25.657
2025-04-12 15:40:53,091 -   tot_loss_clu = 2.1353
2025-04-12 15:40:53,091 -   tot_loss_mms = 23.1939
2025-04-12 15:40:53,091 -   tot_loss_recon = 0.0066
2025-04-12 15:41:01,997 - start kmeans...
2025-04-12 15:41:02,014 - K-means used 0.02 s
2025-04-12 15:41:16,624 - ***** Epoch: 175: Eval results *****
2025-04-12 15:41:16,625 -   tot_loss = 25.6813
2025-04-12 15:41:16,625 -   tot_loss_clu = 2.1286
2025-04-12 15:41:16,625 -   tot_loss_mms = 23.2246
2025-04-12 15:41:16,625 -   tot_loss_recon = 0.0066
2025-04-12 15:41:24,652 - start kmeans...
2025-04-12 15:41:24,666 - K-means used 0.01 s
2025-04-12 15:41:39,825 - ***** Epoch: 176: Eval results *****
2025-04-12 15:41:39,825 -   tot_loss = 25.6288
2025-04-12 15:41:39,825 -   tot_loss_clu = 2.1349
2025-04-12 15:41:39,825 -   tot_loss_mms = 23.1664
2025-04-12 15:41:39,825 -   tot_loss_recon = 0.0065
2025-04-12 15:41:48,121 - start kmeans...
2025-04-12 15:41:48,139 - K-means used 0.02 s
2025-04-12 15:42:01,836 - ***** Epoch: 177: Eval results *****
2025-04-12 15:42:01,837 -   tot_loss = 25.6414
2025-04-12 15:42:01,837 -   tot_loss_clu = 2.1281
2025-04-12 15:42:01,837 -   tot_loss_mms = 23.1857
2025-04-12 15:42:01,837 -   tot_loss_recon = 0.0066
2025-04-12 15:42:09,992 - start kmeans...
2025-04-12 15:42:10,012 - K-means used 0.02 s
2025-04-12 15:42:24,091 - ***** Epoch: 178: Eval results *****
2025-04-12 15:42:24,092 -   tot_loss = 25.6369
2025-04-12 15:42:24,092 -   tot_loss_clu = 2.1319
2025-04-12 15:42:24,092 -   tot_loss_mms = 23.1759
2025-04-12 15:42:24,092 -   tot_loss_recon = 0.0066
2025-04-12 15:42:32,235 - start kmeans...
2025-04-12 15:42:32,252 - K-means used 0.02 s
2025-04-12 15:42:47,888 - ***** Epoch: 179: Eval results *****
2025-04-12 15:42:47,889 -   tot_loss = 25.6313
2025-04-12 15:42:47,889 -   tot_loss_clu = 2.1389
2025-04-12 15:42:47,889 -   tot_loss_mms = 23.1627
2025-04-12 15:42:47,889 -   tot_loss_recon = 0.0066
2025-04-12 15:42:55,909 - start kmeans...
2025-04-12 15:42:55,922 - K-means used 0.01 s
2025-04-12 15:43:09,324 - ***** Epoch: 180: Eval results *****
2025-04-12 15:43:09,325 -   tot_loss = 25.6187
2025-04-12 15:43:09,325 -   tot_loss_clu = 2.1341
2025-04-12 15:43:09,325 -   tot_loss_mms = 23.1565
2025-04-12 15:43:09,325 -   tot_loss_recon = 0.0066
2025-04-12 15:43:17,137 - start kmeans...
2025-04-12 15:43:17,154 - K-means used 0.02 s
2025-04-12 15:43:31,059 - ***** Epoch: 181: Eval results *****
2025-04-12 15:43:31,060 -   tot_loss = 25.6504
2025-04-12 15:43:31,060 -   tot_loss_clu = 2.1391
2025-04-12 15:43:31,060 -   tot_loss_mms = 23.1843
2025-04-12 15:43:31,060 -   tot_loss_recon = 0.0065
2025-04-12 15:43:39,017 - start kmeans...
2025-04-12 15:43:39,040 - K-means used 0.02 s
2025-04-12 15:43:52,638 - ***** Epoch: 182: Eval results *****
2025-04-12 15:43:52,639 -   tot_loss = 25.6077
2025-04-12 15:43:52,639 -   tot_loss_clu = 2.1262
2025-04-12 15:43:52,639 -   tot_loss_mms = 23.1501
2025-04-12 15:43:52,639 -   tot_loss_recon = 0.0066
2025-04-12 15:44:00,587 - start kmeans...
2025-04-12 15:44:00,600 - K-means used 0.01 s
2025-04-12 15:44:14,324 - ***** Epoch: 183: Eval results *****
2025-04-12 15:44:14,325 -   tot_loss = 25.5873
2025-04-12 15:44:14,325 -   tot_loss_clu = 2.1301
2025-04-12 15:44:14,325 -   tot_loss_mms = 23.1289
2025-04-12 15:44:14,325 -   tot_loss_recon = 0.0066
2025-04-12 15:44:22,599 - start kmeans...
2025-04-12 15:44:22,616 - K-means used 0.02 s
2025-04-12 15:44:37,541 - ***** Epoch: 184: Eval results *****
2025-04-12 15:44:37,541 -   tot_loss = 25.609
2025-04-12 15:44:37,541 -   tot_loss_clu = 2.138
2025-04-12 15:44:37,541 -   tot_loss_mms = 23.1412
2025-04-12 15:44:37,541 -   tot_loss_recon = 0.0066
2025-04-12 15:44:45,544 - start kmeans...
2025-04-12 15:44:45,559 - K-means used 0.01 s
2025-04-12 15:45:00,274 - ***** Epoch: 185: Eval results *****
2025-04-12 15:45:00,275 -   tot_loss = 25.6294
2025-04-12 15:45:00,275 -   tot_loss_clu = 2.1214
2025-04-12 15:45:00,275 -   tot_loss_mms = 23.18
2025-04-12 15:45:00,275 -   tot_loss_recon = 0.0066
2025-04-12 15:45:08,048 - start kmeans...
2025-04-12 15:45:08,088 - K-means used 0.04 s
2025-04-12 15:45:22,629 - ***** Epoch: 186: Eval results *****
2025-04-12 15:45:22,630 -   tot_loss = 25.6273
2025-04-12 15:45:22,630 -   tot_loss_clu = 2.132
2025-04-12 15:45:22,630 -   tot_loss_mms = 23.1648
2025-04-12 15:45:22,630 -   tot_loss_recon = 0.0066
2025-04-12 15:45:31,038 - start kmeans...
2025-04-12 15:45:31,051 - K-means used 0.01 s
2025-04-12 15:45:45,723 - ***** Epoch: 187: Eval results *****
2025-04-12 15:45:45,723 -   tot_loss = 25.6137
2025-04-12 15:45:45,723 -   tot_loss_clu = 2.1316
2025-04-12 15:45:45,723 -   tot_loss_mms = 23.1529
2025-04-12 15:45:45,723 -   tot_loss_recon = 0.0066
2025-04-12 15:45:53,940 - start kmeans...
2025-04-12 15:45:53,956 - K-means used 0.02 s
2025-04-12 15:46:07,512 - ***** Epoch: 188: Eval results *****
2025-04-12 15:46:07,512 -   tot_loss = 25.6299
2025-04-12 15:46:07,512 -   tot_loss_clu = 2.1383
2025-04-12 15:46:07,512 -   tot_loss_mms = 23.1609
2025-04-12 15:46:07,512 -   tot_loss_recon = 0.0066
2025-04-12 15:46:16,094 - start kmeans...
2025-04-12 15:46:16,114 - K-means used 0.02 s
2025-04-12 15:46:32,676 - ***** Epoch: 189: Eval results *****
2025-04-12 15:46:32,677 -   tot_loss = 25.6232
2025-04-12 15:46:32,677 -   tot_loss_clu = 2.1415
2025-04-12 15:46:32,677 -   tot_loss_mms = 23.1524
2025-04-12 15:46:32,677 -   tot_loss_recon = 0.0066
2025-04-12 15:46:40,798 - start kmeans...
2025-04-12 15:46:40,811 - K-means used 0.01 s
2025-04-12 15:46:54,869 - ***** Epoch: 190: Eval results *****
2025-04-12 15:46:54,869 -   tot_loss = 25.6071
2025-04-12 15:46:54,869 -   tot_loss_clu = 2.1289
2025-04-12 15:46:54,869 -   tot_loss_mms = 23.1499
2025-04-12 15:46:54,869 -   tot_loss_recon = 0.0066
2025-04-12 15:47:02,628 - start kmeans...
2025-04-12 15:47:02,640 - K-means used 0.01 s
2025-04-12 15:47:16,738 - ***** Epoch: 191: Eval results *****
2025-04-12 15:47:16,739 -   tot_loss = 25.6263
2025-04-12 15:47:16,739 -   tot_loss_clu = 2.1342
2025-04-12 15:47:16,739 -   tot_loss_mms = 23.1618
2025-04-12 15:47:16,739 -   tot_loss_recon = 0.0066
2025-04-12 15:47:24,452 - start kmeans...
2025-04-12 15:47:24,465 - K-means used 0.01 s
2025-04-12 15:47:37,848 - ***** Epoch: 192: Eval results *****
2025-04-12 15:47:37,848 -   tot_loss = 25.6612
2025-04-12 15:47:37,848 -   tot_loss_clu = 2.1389
2025-04-12 15:47:37,848 -   tot_loss_mms = 23.1967
2025-04-12 15:47:37,848 -   tot_loss_recon = 0.0065
2025-04-12 15:47:45,771 - start kmeans...
2025-04-12 15:47:45,784 - K-means used 0.01 s
2025-04-12 15:48:01,212 - ***** Epoch: 193: Eval results *****
2025-04-12 15:48:01,212 -   tot_loss = 25.6126
2025-04-12 15:48:01,212 -   tot_loss_clu = 2.1319
2025-04-12 15:48:01,212 -   tot_loss_mms = 23.1535
2025-04-12 15:48:01,213 -   tot_loss_recon = 0.0065
2025-04-12 15:48:09,316 - start kmeans...
2025-04-12 15:48:09,329 - K-means used 0.01 s
2025-04-12 15:48:23,744 - ***** Epoch: 194: Eval results *****
2025-04-12 15:48:23,744 -   tot_loss = 25.6326
2025-04-12 15:48:23,744 -   tot_loss_clu = 2.1377
2025-04-12 15:48:23,744 -   tot_loss_mms = 23.1679
2025-04-12 15:48:23,744 -   tot_loss_recon = 0.0065
2025-04-12 15:48:31,517 - start kmeans...
2025-04-12 15:48:31,530 - K-means used 0.01 s
2025-04-12 15:48:45,812 - ***** Epoch: 195: Eval results *****
2025-04-12 15:48:45,812 -   tot_loss = 25.6122
2025-04-12 15:48:45,812 -   tot_loss_clu = 2.1222
2025-04-12 15:48:45,812 -   tot_loss_mms = 23.1584
2025-04-12 15:48:45,812 -   tot_loss_recon = 0.0066
2025-04-12 15:48:53,879 - start kmeans...
2025-04-12 15:48:53,892 - K-means used 0.01 s
2025-04-12 15:49:07,325 - ***** Epoch: 196: Eval results *****
2025-04-12 15:49:07,326 -   tot_loss = 25.6334
2025-04-12 15:49:07,326 -   tot_loss_clu = 2.1316
2025-04-12 15:49:07,326 -   tot_loss_mms = 23.1725
2025-04-12 15:49:07,326 -   tot_loss_recon = 0.0066
2025-04-12 15:49:15,315 - start kmeans...
2025-04-12 15:49:15,330 - K-means used 0.02 s
2025-04-12 15:49:29,313 - ***** Epoch: 197: Eval results *****
2025-04-12 15:49:29,313 -   tot_loss = 25.5894
2025-04-12 15:49:29,313 -   tot_loss_clu = 2.1285
2025-04-12 15:49:29,313 -   tot_loss_mms = 23.1327
2025-04-12 15:49:29,313 -   tot_loss_recon = 0.0066
2025-04-12 15:49:37,262 - start kmeans...
2025-04-12 15:49:37,284 - K-means used 0.02 s
2025-04-12 15:49:51,897 - ***** Epoch: 198: Eval results *****
2025-04-12 15:49:51,897 -   tot_loss = 25.5868
2025-04-12 15:49:51,898 -   tot_loss_clu = 2.1315
2025-04-12 15:49:51,898 -   tot_loss_mms = 23.1265
2025-04-12 15:49:51,898 -   tot_loss_recon = 0.0066
2025-04-12 15:49:59,620 - start kmeans...
2025-04-12 15:49:59,636 - K-means used 0.02 s
2025-04-12 15:50:14,884 - ***** Epoch: 199: Eval results *****
2025-04-12 15:50:14,884 -   tot_loss = 25.6516
2025-04-12 15:50:14,884 -   tot_loss_clu = 2.1342
2025-04-12 15:50:14,884 -   tot_loss_mms = 23.1847
2025-04-12 15:50:14,884 -   tot_loss_recon = 0.0067
2025-04-12 15:50:22,437 - start kmeans...
2025-04-12 15:50:22,452 - K-means used 0.01 s
2025-04-12 15:50:36,158 - ***** Epoch: 200: Eval results *****
2025-04-12 15:50:36,158 -   tot_loss = 25.6361
2025-04-12 15:50:36,158 -   tot_loss_clu = 2.1327
2025-04-12 15:50:36,158 -   tot_loss_mms = 23.1749
2025-04-12 15:50:36,158 -   tot_loss_recon = 0.0066
2025-04-12 15:50:41,406 - ***** Test results *****
2025-04-12 15:50:41,406 -   ACC = 15.73
2025-04-12 15:50:41,406 -   ARI = 1.09
2025-04-12 15:50:41,407 -   NMI = 17.59
2025-04-12 15:50:41,407 -   fmi = 8.38
2025-04-12 15:50:41,408 - Trained models are saved in /root/autodl-tmp/home/lizhuohang/reaserch/EMNLP/UMC/outputs/MIntRec/mcn_mcn_MIntRec_bert-base-uncased_0/models
2025-04-12 15:50:42,539 - Training is finished...
2025-04-12 15:50:42,539 - Testing begins...
2025-04-12 15:50:46,265 - ***** Test results *****
2025-04-12 15:50:46,265 -   ACC = 15.73
2025-04-12 15:50:46,265 -   ARI = 1.09
2025-04-12 15:50:46,265 -   NMI = 17.59
2025-04-12 15:50:46,265 -   fmi = 8.38
2025-04-12 15:50:46,266 - Testing is finished...
2025-04-12 15:50:46,266 - Multimodal intent recognition is finished...
2025-04-12 15:50:46,266 - Results are saved in results/results_mcn.csv
