2025-04-12 16:59:15,005 - ============================== Params ==============================
2025-04-12 16:59:15,005 - logger_name: mcn_mcn_bert-base-uncased_MIntRec_2
2025-04-12 16:59:15,005 - dataset: MIntRec
2025-04-12 16:59:15,005 - multimodal_method: mcn
2025-04-12 16:59:15,005 - method: mcn
2025-04-12 16:59:15,005 - text_backbone: bert-base-uncased
2025-04-12 16:59:15,005 - seed: 2
2025-04-12 16:59:15,005 - num_workers: 8
2025-04-12 16:59:15,006 - log_id: mcn_mcn_bert-base-uncased_MIntRec_2_2025-04-12-16-59-15
2025-04-12 16:59:15,006 - gpu_id: 0
2025-04-12 16:59:15,006 - data_path: /root/autodl-tmp/home/Share/Dataset/LZH
2025-04-12 16:59:15,006 - train: True
2025-04-12 16:59:15,006 - tune: True
2025-04-12 16:59:15,006 - save_model: True
2025-04-12 16:59:15,006 - save_results: True
2025-04-12 16:59:15,006 - log_path: logs
2025-04-12 16:59:15,006 - cache_path: cache
2025-04-12 16:59:15,006 - video_data_path: video_data
2025-04-12 16:59:15,006 - audio_data_path: audio_data
2025-04-12 16:59:15,006 - video_feats_path: video_feats.pkl
2025-04-12 16:59:15,006 - audio_feats_path: audio_feats.pkl
2025-04-12 16:59:15,006 - results_path: results
2025-04-12 16:59:15,006 - output_path: /root/autodl-tmp/home/lizhuohang/reaserch/EMNLP/UMC/outputs/MIntRec
2025-04-12 16:59:15,006 - model_path: models
2025-04-12 16:59:15,006 - config_file_name: mcn
2025-04-12 16:59:15,006 - results_file_name: results_mcn.csv
2025-04-12 16:59:15,006 - text_pretrained_model: uncased_L-12_H-768_A-12
2025-04-12 16:59:15,006 - text_seq_len: 30
2025-04-12 16:59:15,006 - video_seq_len: 230
2025-04-12 16:59:15,006 - audio_seq_len: 480
2025-04-12 16:59:15,006 - text_feat_dim: None
2025-04-12 16:59:15,006 - video_feat_dim: None
2025-04-12 16:59:15,006 - audio_feat_dim: None
2025-04-12 16:59:15,006 - num_labels: 20
2025-04-12 16:59:15,006 - num_train_examples: 1779
2025-04-12 16:59:15,006 - pretrained_model: uncased_L-12_H-768_A-12
2025-04-12 16:59:15,006 - num_train_epochs: 200
2025-04-12 16:59:15,006 - t_dim: 768
2025-04-12 16:59:15,007 - a_dim: 768
2025-04-12 16:59:15,007 - v_dim: 256
2025-04-12 16:59:15,007 - lr: [0.0001]
2025-04-12 16:59:15,007 - warmup_steps: 100
2025-04-12 16:59:15,007 - embd_dim: [256]
2025-04-12 16:59:15,007 - recon_size: [128]
2025-04-12 16:59:15,007 - recon: True
2025-04-12 16:59:15,007 - clu_lamb: [1]
2025-04-12 16:59:15,007 - recon_w: [50]
2025-04-12 16:59:15,007 - feature_extractor_method: ['mean']
2025-04-12 16:59:15,007 - freeze_train_bert_parameters: [True]
2025-04-12 16:59:15,007 - nheads: 8
2025-04-12 16:59:15,007 - attn_dropout: 0.1
2025-04-12 16:59:15,007 - relu_dropout: 0.1
2025-04-12 16:59:15,007 - embed_dropout: 0.1
2025-04-12 16:59:15,008 - res_dropout: 0.1
2025-04-12 16:59:15,008 - attn_mask: True
2025-04-12 16:59:15,008 - feats_processing_type: padding
2025-04-12 16:59:15,008 - padding_mode: zero
2025-04-12 16:59:15,008 - padding_loc: end
2025-04-12 16:59:15,008 - train_batch_size: 128
2025-04-12 16:59:15,008 - eval_batch_size: 64
2025-04-12 16:59:15,008 - test_batch_size: 64
2025-04-12 16:59:15,008 - wait_patience: 10
2025-04-12 16:59:15,008 - pred_output_path: /root/autodl-tmp/home/lizhuohang/reaserch/EMNLP/UMC/outputs/MIntRec/mcn_mcn_MIntRec_bert-base-uncased_2
2025-04-12 16:59:15,008 - model_output_path: /root/autodl-tmp/home/lizhuohang/reaserch/EMNLP/UMC/outputs/MIntRec/mcn_mcn_MIntRec_bert-base-uncased_2/models
2025-04-12 16:59:15,008 - ============================== End Params ==============================
2025-04-12 16:59:16,105 - Freeze all parameters but the last layer for efficiency
2025-04-12 16:59:16,108 - Multimodal Intent Recognition begins...
2025-04-12 16:59:16,108 - Training begins...
2025-04-12 16:59:23,048 - start kmeans...
2025-04-12 16:59:23,128 - K-means used 0.08 s
2025-04-12 16:59:36,294 - ***** Epoch: 1: Eval results *****
2025-04-12 16:59:36,294 -   tot_loss = 43.3434
2025-04-12 16:59:36,295 -   tot_loss_clu = 2.9888
2025-04-12 16:59:36,295 -   tot_loss_mms = 29.0719
2025-04-12 16:59:36,295 -   tot_loss_recon = 0.2257
2025-04-12 16:59:43,858 - start kmeans...
2025-04-12 16:59:43,877 - K-means used 0.02 s
2025-04-12 16:59:56,637 - ***** Epoch: 2: Eval results *****
2025-04-12 16:59:56,637 -   tot_loss = 40.4733
2025-04-12 16:59:56,637 -   tot_loss_clu = 2.9916
2025-04-12 16:59:56,637 -   tot_loss_mms = 29.0695
2025-04-12 16:59:56,637 -   tot_loss_recon = 0.1682
2025-04-12 17:00:04,489 - start kmeans...
2025-04-12 17:00:04,508 - K-means used 0.02 s
2025-04-12 17:00:18,140 - ***** Epoch: 3: Eval results *****
2025-04-12 17:00:18,140 -   tot_loss = 36.6308
2025-04-12 17:00:18,140 -   tot_loss_clu = 3.0032
2025-04-12 17:00:18,140 -   tot_loss_mms = 29.0635
2025-04-12 17:00:18,140 -   tot_loss_recon = 0.0913
2025-04-12 17:00:25,308 - start kmeans...
2025-04-12 17:00:25,342 - K-means used 0.03 s
2025-04-12 17:00:39,438 - ***** Epoch: 4: Eval results *****
2025-04-12 17:00:39,438 -   tot_loss = 33.6753
2025-04-12 17:00:39,438 -   tot_loss_clu = 3.0228
2025-04-12 17:00:39,438 -   tot_loss_mms = 29.0588
2025-04-12 17:00:39,438 -   tot_loss_recon = 0.0319
2025-04-12 17:00:46,421 - start kmeans...
2025-04-12 17:00:46,449 - K-means used 0.03 s
2025-04-12 17:00:58,811 - ***** Epoch: 5: Eval results *****
2025-04-12 17:00:58,811 -   tot_loss = 32.6648
2025-04-12 17:00:58,812 -   tot_loss_clu = 3.0181
2025-04-12 17:00:58,812 -   tot_loss_mms = 29.0567
2025-04-12 17:00:58,812 -   tot_loss_recon = 0.0118
2025-04-12 17:01:07,030 - start kmeans...
2025-04-12 17:01:07,058 - K-means used 0.03 s
2025-04-12 17:01:20,359 - ***** Epoch: 6: Eval results *****
2025-04-12 17:01:20,360 -   tot_loss = 32.5281
2025-04-12 17:01:20,360 -   tot_loss_clu = 3.0182
2025-04-12 17:01:20,360 -   tot_loss_mms = 29.0533
2025-04-12 17:01:20,360 -   tot_loss_recon = 0.0091
2025-04-12 17:01:27,001 - start kmeans...
2025-04-12 17:01:27,028 - K-means used 0.03 s
2025-04-12 17:01:39,470 - ***** Epoch: 7: Eval results *****
2025-04-12 17:01:39,470 -   tot_loss = 32.4851
2025-04-12 17:01:39,470 -   tot_loss_clu = 3.0229
2025-04-12 17:01:39,470 -   tot_loss_mms = 29.045
2025-04-12 17:01:39,470 -   tot_loss_recon = 0.0083
2025-04-12 17:01:46,428 - start kmeans...
2025-04-12 17:01:46,451 - K-means used 0.02 s
2025-04-12 17:01:58,946 - ***** Epoch: 8: Eval results *****
2025-04-12 17:01:58,946 -   tot_loss = 32.4404
2025-04-12 17:01:58,946 -   tot_loss_clu = 3.0322
2025-04-12 17:01:58,946 -   tot_loss_mms = 29.03
2025-04-12 17:01:58,946 -   tot_loss_recon = 0.0076
2025-04-12 17:02:07,326 - start kmeans...
2025-04-12 17:02:07,362 - K-means used 0.04 s
2025-04-12 17:02:22,165 - ***** Epoch: 9: Eval results *****
2025-04-12 17:02:22,165 -   tot_loss = 32.3938
2025-04-12 17:02:22,165 -   tot_loss_clu = 3.044
2025-04-12 17:02:22,166 -   tot_loss_mms = 29.0087
2025-04-12 17:02:22,166 -   tot_loss_recon = 0.0068
2025-04-12 17:02:29,423 - start kmeans...
2025-04-12 17:02:29,450 - K-means used 0.03 s
2025-04-12 17:02:44,338 - ***** Epoch: 10: Eval results *****
2025-04-12 17:02:44,339 -   tot_loss = 32.3555
2025-04-12 17:02:44,339 -   tot_loss_clu = 3.0591
2025-04-12 17:02:44,339 -   tot_loss_mms = 28.9843
2025-04-12 17:02:44,339 -   tot_loss_recon = 0.0062
2025-04-12 17:02:51,676 - start kmeans...
2025-04-12 17:02:51,705 - K-means used 0.03 s
2025-04-12 17:03:06,404 - ***** Epoch: 11: Eval results *****
2025-04-12 17:03:06,404 -   tot_loss = 32.3434
2025-04-12 17:03:06,404 -   tot_loss_clu = 3.0787
2025-04-12 17:03:06,405 -   tot_loss_mms = 28.9716
2025-04-12 17:03:06,405 -   tot_loss_recon = 0.0059
2025-04-12 17:03:13,704 - start kmeans...
2025-04-12 17:03:13,724 - K-means used 0.02 s
2025-04-12 17:03:27,489 - ***** Epoch: 12: Eval results *****
2025-04-12 17:03:27,490 -   tot_loss = 32.3187
2025-04-12 17:03:27,490 -   tot_loss_clu = 3.0685
2025-04-12 17:03:27,490 -   tot_loss_mms = 28.9702
2025-04-12 17:03:27,490 -   tot_loss_recon = 0.0056
2025-04-12 17:03:34,798 - start kmeans...
2025-04-12 17:03:34,814 - K-means used 0.02 s
2025-04-12 17:03:47,167 - ***** Epoch: 13: Eval results *****
2025-04-12 17:03:47,168 -   tot_loss = 32.2933
2025-04-12 17:03:47,168 -   tot_loss_clu = 3.0616
2025-04-12 17:03:47,168 -   tot_loss_mms = 28.9628
2025-04-12 17:03:47,168 -   tot_loss_recon = 0.0054
2025-04-12 17:03:54,174 - start kmeans...
2025-04-12 17:03:54,192 - K-means used 0.02 s
2025-04-12 17:04:08,370 - ***** Epoch: 14: Eval results *****
2025-04-12 17:04:08,370 -   tot_loss = 32.2764
2025-04-12 17:04:08,370 -   tot_loss_clu = 3.0659
2025-04-12 17:04:08,370 -   tot_loss_mms = 28.951
2025-04-12 17:04:08,371 -   tot_loss_recon = 0.0052
2025-04-12 17:04:15,480 - start kmeans...
2025-04-12 17:04:15,502 - K-means used 0.02 s
2025-04-12 17:04:28,140 - ***** Epoch: 15: Eval results *****
2025-04-12 17:04:28,140 -   tot_loss = 32.2616
2025-04-12 17:04:28,141 -   tot_loss_clu = 3.0657
2025-04-12 17:04:28,141 -   tot_loss_mms = 28.9442
2025-04-12 17:04:28,141 -   tot_loss_recon = 0.005
2025-04-12 17:04:35,982 - start kmeans...
2025-04-12 17:04:36,000 - K-means used 0.02 s
2025-04-12 17:04:50,444 - ***** Epoch: 16: Eval results *****
2025-04-12 17:04:50,445 -   tot_loss = 32.2407
2025-04-12 17:04:50,445 -   tot_loss_clu = 3.0543
2025-04-12 17:04:50,445 -   tot_loss_mms = 28.9402
2025-04-12 17:04:50,445 -   tot_loss_recon = 0.0049
2025-04-12 17:04:58,063 - start kmeans...
2025-04-12 17:04:58,082 - K-means used 0.02 s
2025-04-12 17:05:13,121 - ***** Epoch: 17: Eval results *****
2025-04-12 17:05:13,121 -   tot_loss = 32.2236
2025-04-12 17:05:13,121 -   tot_loss_clu = 3.0549
2025-04-12 17:05:13,121 -   tot_loss_mms = 28.9266
2025-04-12 17:05:13,121 -   tot_loss_recon = 0.0048
2025-04-12 17:05:20,726 - start kmeans...
2025-04-12 17:05:20,741 - K-means used 0.02 s
2025-04-12 17:05:33,329 - ***** Epoch: 18: Eval results *****
2025-04-12 17:05:33,330 -   tot_loss = 32.2104
2025-04-12 17:05:33,330 -   tot_loss_clu = 3.0543
2025-04-12 17:05:33,330 -   tot_loss_mms = 28.9169
2025-04-12 17:05:33,330 -   tot_loss_recon = 0.0048
2025-04-12 17:05:40,759 - start kmeans...
2025-04-12 17:05:40,782 - K-means used 0.02 s
2025-04-12 17:05:54,266 - ***** Epoch: 19: Eval results *****
2025-04-12 17:05:54,266 -   tot_loss = 32.1923
2025-04-12 17:05:54,267 -   tot_loss_clu = 3.0515
2025-04-12 17:05:54,267 -   tot_loss_mms = 28.9043
2025-04-12 17:05:54,267 -   tot_loss_recon = 0.0047
2025-04-12 17:06:01,310 - start kmeans...
2025-04-12 17:06:01,334 - K-means used 0.02 s
2025-04-12 17:06:14,866 - ***** Epoch: 20: Eval results *****
2025-04-12 17:06:14,866 -   tot_loss = 32.1714
2025-04-12 17:06:14,867 -   tot_loss_clu = 3.0384
2025-04-12 17:06:14,867 -   tot_loss_mms = 28.8975
2025-04-12 17:06:14,867 -   tot_loss_recon = 0.0047
2025-04-12 17:06:22,103 - start kmeans...
2025-04-12 17:06:22,126 - K-means used 0.02 s
2025-04-12 17:06:36,070 - ***** Epoch: 21: Eval results *****
2025-04-12 17:06:36,070 -   tot_loss = 32.1443
2025-04-12 17:06:36,071 -   tot_loss_clu = 3.0378
2025-04-12 17:06:36,071 -   tot_loss_mms = 28.869
2025-04-12 17:06:36,071 -   tot_loss_recon = 0.0047
2025-04-12 17:06:43,420 - start kmeans...
2025-04-12 17:06:43,444 - K-means used 0.02 s
2025-04-12 17:06:57,450 - ***** Epoch: 22: Eval results *****
2025-04-12 17:06:57,451 -   tot_loss = 32.122
2025-04-12 17:06:57,451 -   tot_loss_clu = 3.0403
2025-04-12 17:06:57,451 -   tot_loss_mms = 28.8381
2025-04-12 17:06:57,451 -   tot_loss_recon = 0.0049
2025-04-12 17:07:05,012 - start kmeans...
2025-04-12 17:07:05,036 - K-means used 0.02 s
2025-04-12 17:07:19,463 - ***** Epoch: 23: Eval results *****
2025-04-12 17:07:19,463 -   tot_loss = 32.0758
2025-04-12 17:07:19,463 -   tot_loss_clu = 3.0343
2025-04-12 17:07:19,464 -   tot_loss_mms = 28.7885
2025-04-12 17:07:19,464 -   tot_loss_recon = 0.0051
2025-04-12 17:07:26,193 - start kmeans...
2025-04-12 17:07:26,212 - K-means used 0.02 s
2025-04-12 17:07:41,102 - ***** Epoch: 24: Eval results *****
2025-04-12 17:07:41,102 -   tot_loss = 32.0285
2025-04-12 17:07:41,102 -   tot_loss_clu = 3.0297
2025-04-12 17:07:41,102 -   tot_loss_mms = 28.7287
2025-04-12 17:07:41,103 -   tot_loss_recon = 0.0054
2025-04-12 17:07:48,358 - start kmeans...
2025-04-12 17:07:48,382 - K-means used 0.02 s
2025-04-12 17:08:00,994 - ***** Epoch: 25: Eval results *****
2025-04-12 17:08:00,994 -   tot_loss = 31.9436
2025-04-12 17:08:00,994 -   tot_loss_clu = 3.0267
2025-04-12 17:08:00,994 -   tot_loss_mms = 28.6211
2025-04-12 17:08:00,994 -   tot_loss_recon = 0.0059
2025-04-12 17:08:07,605 - start kmeans...
2025-04-12 17:08:07,624 - K-means used 0.02 s
2025-04-12 17:08:20,598 - ***** Epoch: 26: Eval results *****
2025-04-12 17:08:20,598 -   tot_loss = 31.8583
2025-04-12 17:08:20,598 -   tot_loss_clu = 3.0131
2025-04-12 17:08:20,598 -   tot_loss_mms = 28.5271
2025-04-12 17:08:20,598 -   tot_loss_recon = 0.0064
2025-04-12 17:08:28,102 - start kmeans...
2025-04-12 17:08:28,141 - K-means used 0.04 s
2025-04-12 17:08:41,627 - ***** Epoch: 27: Eval results *****
2025-04-12 17:08:41,627 -   tot_loss = 31.7117
2025-04-12 17:08:41,627 -   tot_loss_clu = 2.9756
2025-04-12 17:08:41,627 -   tot_loss_mms = 28.4025
2025-04-12 17:08:41,627 -   tot_loss_recon = 0.0067
2025-04-12 17:08:49,039 - start kmeans...
2025-04-12 17:08:49,057 - K-means used 0.02 s
2025-04-12 17:09:02,229 - ***** Epoch: 28: Eval results *****
2025-04-12 17:09:02,230 -   tot_loss = 31.5218
2025-04-12 17:09:02,230 -   tot_loss_clu = 2.9102
2025-04-12 17:09:02,230 -   tot_loss_mms = 28.2808
2025-04-12 17:09:02,230 -   tot_loss_recon = 0.0066
2025-04-12 17:09:09,390 - start kmeans...
2025-04-12 17:09:09,425 - K-means used 0.04 s
2025-04-12 17:09:22,619 - ***** Epoch: 29: Eval results *****
2025-04-12 17:09:22,619 -   tot_loss = 31.3431
2025-04-12 17:09:22,619 -   tot_loss_clu = 2.9487
2025-04-12 17:09:22,619 -   tot_loss_mms = 28.0988
2025-04-12 17:09:22,620 -   tot_loss_recon = 0.0059
2025-04-12 17:09:29,630 - start kmeans...
2025-04-12 17:09:29,650 - K-means used 0.02 s
2025-04-12 17:09:42,957 - ***** Epoch: 30: Eval results *****
2025-04-12 17:09:42,957 -   tot_loss = 31.317
2025-04-12 17:09:42,957 -   tot_loss_clu = 3.0208
2025-04-12 17:09:42,957 -   tot_loss_mms = 28.0136
2025-04-12 17:09:42,957 -   tot_loss_recon = 0.0057
2025-04-12 17:09:50,714 - start kmeans...
2025-04-12 17:09:50,737 - K-means used 0.02 s
2025-04-12 17:10:03,708 - ***** Epoch: 31: Eval results *****
2025-04-12 17:10:03,708 -   tot_loss = 31.3068
2025-04-12 17:10:03,708 -   tot_loss_clu = 3.0706
2025-04-12 17:10:03,708 -   tot_loss_mms = 27.9636
2025-04-12 17:10:03,708 -   tot_loss_recon = 0.0055
2025-04-12 17:10:10,396 - start kmeans...
2025-04-12 17:10:10,416 - K-means used 0.02 s
2025-04-12 17:10:22,901 - ***** Epoch: 32: Eval results *****
2025-04-12 17:10:22,902 -   tot_loss = 31.2522
2025-04-12 17:10:22,902 -   tot_loss_clu = 3.103
2025-04-12 17:10:22,902 -   tot_loss_mms = 27.8835
2025-04-12 17:10:22,902 -   tot_loss_recon = 0.0053
2025-04-12 17:10:30,102 - start kmeans...
2025-04-12 17:10:30,130 - K-means used 0.03 s
2025-04-12 17:10:43,537 - ***** Epoch: 33: Eval results *****
2025-04-12 17:10:43,537 -   tot_loss = 31.2315
2025-04-12 17:10:43,537 -   tot_loss_clu = 3.1291
2025-04-12 17:10:43,537 -   tot_loss_mms = 27.8462
2025-04-12 17:10:43,537 -   tot_loss_recon = 0.0051
2025-04-12 17:10:50,180 - start kmeans...
2025-04-12 17:10:50,203 - K-means used 0.02 s
2025-04-12 17:11:02,791 - ***** Epoch: 34: Eval results *****
2025-04-12 17:11:02,792 -   tot_loss = 31.1625
2025-04-12 17:11:02,792 -   tot_loss_clu = 3.1277
2025-04-12 17:11:02,792 -   tot_loss_mms = 27.7884
2025-04-12 17:11:02,792 -   tot_loss_recon = 0.0049
2025-04-12 17:11:09,469 - start kmeans...
2025-04-12 17:11:09,492 - K-means used 0.02 s
2025-04-12 17:11:22,645 - ***** Epoch: 35: Eval results *****
2025-04-12 17:11:22,645 -   tot_loss = 31.0993
2025-04-12 17:11:22,645 -   tot_loss_clu = 3.1206
2025-04-12 17:11:22,645 -   tot_loss_mms = 27.7425
2025-04-12 17:11:22,645 -   tot_loss_recon = 0.0047
2025-04-12 17:11:29,402 - start kmeans...
2025-04-12 17:11:29,420 - K-means used 0.02 s
2025-04-12 17:11:42,209 - ***** Epoch: 36: Eval results *****
2025-04-12 17:11:42,210 -   tot_loss = 31.0363
2025-04-12 17:11:42,210 -   tot_loss_clu = 3.1199
2025-04-12 17:11:42,210 -   tot_loss_mms = 27.6831
2025-04-12 17:11:42,210 -   tot_loss_recon = 0.0047
2025-04-12 17:11:49,115 - start kmeans...
2025-04-12 17:11:49,135 - K-means used 0.02 s
2025-04-12 17:12:01,665 - ***** Epoch: 37: Eval results *****
2025-04-12 17:12:01,665 -   tot_loss = 31.0388
2025-04-12 17:12:01,665 -   tot_loss_clu = 3.1126
2025-04-12 17:12:01,665 -   tot_loss_mms = 27.6977
2025-04-12 17:12:01,665 -   tot_loss_recon = 0.0046
2025-04-12 17:12:08,452 - start kmeans...
2025-04-12 17:12:08,468 - K-means used 0.02 s
2025-04-12 17:12:22,297 - ***** Epoch: 38: Eval results *****
2025-04-12 17:12:22,297 -   tot_loss = 30.9935
2025-04-12 17:12:22,297 -   tot_loss_clu = 3.1193
2025-04-12 17:12:22,298 -   tot_loss_mms = 27.6484
2025-04-12 17:12:22,298 -   tot_loss_recon = 0.0045
2025-04-12 17:12:29,266 - start kmeans...
2025-04-12 17:12:29,282 - K-means used 0.02 s
2025-04-12 17:12:41,957 - ***** Epoch: 39: Eval results *****
2025-04-12 17:12:41,958 -   tot_loss = 30.935
2025-04-12 17:12:41,958 -   tot_loss_clu = 3.1103
2025-04-12 17:12:41,958 -   tot_loss_mms = 27.5995
2025-04-12 17:12:41,958 -   tot_loss_recon = 0.0045
2025-04-12 17:12:49,544 - start kmeans...
2025-04-12 17:12:49,560 - K-means used 0.02 s
2025-04-12 17:13:02,501 - ***** Epoch: 40: Eval results *****
2025-04-12 17:13:02,501 -   tot_loss = 30.9155
2025-04-12 17:13:02,501 -   tot_loss_clu = 3.1132
2025-04-12 17:13:02,501 -   tot_loss_mms = 27.5791
2025-04-12 17:13:02,501 -   tot_loss_recon = 0.0045
2025-04-12 17:13:09,525 - start kmeans...
2025-04-12 17:13:09,547 - K-means used 0.02 s
2025-04-12 17:13:22,704 - ***** Epoch: 41: Eval results *****
2025-04-12 17:13:22,704 -   tot_loss = 30.9269
2025-04-12 17:13:22,704 -   tot_loss_clu = 3.1206
2025-04-12 17:13:22,704 -   tot_loss_mms = 27.5838
2025-04-12 17:13:22,704 -   tot_loss_recon = 0.0045
2025-04-12 17:13:30,704 - start kmeans...
2025-04-12 17:13:30,730 - K-means used 0.03 s
2025-04-12 17:13:44,258 - ***** Epoch: 42: Eval results *****
2025-04-12 17:13:44,258 -   tot_loss = 30.8796
2025-04-12 17:13:44,258 -   tot_loss_clu = 3.1296
2025-04-12 17:13:44,258 -   tot_loss_mms = 27.5273
2025-04-12 17:13:44,258 -   tot_loss_recon = 0.0045
2025-04-12 17:13:51,213 - start kmeans...
2025-04-12 17:13:51,237 - K-means used 0.02 s
2025-04-12 17:14:03,964 - ***** Epoch: 43: Eval results *****
2025-04-12 17:14:03,964 -   tot_loss = 30.8779
2025-04-12 17:14:03,964 -   tot_loss_clu = 3.128
2025-04-12 17:14:03,964 -   tot_loss_mms = 27.5291
2025-04-12 17:14:03,964 -   tot_loss_recon = 0.0044
2025-04-12 17:14:12,130 - start kmeans...
2025-04-12 17:14:12,153 - K-means used 0.02 s
2025-04-12 17:14:25,114 - ***** Epoch: 44: Eval results *****
2025-04-12 17:14:25,116 -   tot_loss = 30.7952
2025-04-12 17:14:25,116 -   tot_loss_clu = 3.1357
2025-04-12 17:14:25,116 -   tot_loss_mms = 27.4394
2025-04-12 17:14:25,116 -   tot_loss_recon = 0.0044
2025-04-12 17:14:32,433 - start kmeans...
2025-04-12 17:14:32,447 - K-means used 0.01 s
2025-04-12 17:14:45,801 - ***** Epoch: 45: Eval results *****
2025-04-12 17:14:45,801 -   tot_loss = 30.7688
2025-04-12 17:14:45,801 -   tot_loss_clu = 3.1051
2025-04-12 17:14:45,802 -   tot_loss_mms = 27.4444
2025-04-12 17:14:45,802 -   tot_loss_recon = 0.0044
2025-04-12 17:14:53,145 - start kmeans...
2025-04-12 17:14:53,165 - K-means used 0.02 s
2025-04-12 17:15:06,490 - ***** Epoch: 46: Eval results *****
2025-04-12 17:15:06,490 -   tot_loss = 30.7243
2025-04-12 17:15:06,490 -   tot_loss_clu = 3.1281
2025-04-12 17:15:06,490 -   tot_loss_mms = 27.3758
2025-04-12 17:15:06,490 -   tot_loss_recon = 0.0044
2025-04-12 17:15:13,926 - start kmeans...
2025-04-12 17:15:13,942 - K-means used 0.02 s
2025-04-12 17:15:26,202 - ***** Epoch: 47: Eval results *****
2025-04-12 17:15:26,203 -   tot_loss = 30.7339
2025-04-12 17:15:26,203 -   tot_loss_clu = 3.1307
2025-04-12 17:15:26,204 -   tot_loss_mms = 27.3848
2025-04-12 17:15:26,204 -   tot_loss_recon = 0.0044
2025-04-12 17:15:33,023 - start kmeans...
2025-04-12 17:15:33,040 - K-means used 0.02 s
2025-04-12 17:15:46,545 - ***** Epoch: 48: Eval results *****
2025-04-12 17:15:46,545 -   tot_loss = 30.7188
2025-04-12 17:15:46,546 -   tot_loss_clu = 3.1189
2025-04-12 17:15:46,546 -   tot_loss_mms = 27.3807
2025-04-12 17:15:46,546 -   tot_loss_recon = 0.0044
2025-04-12 17:15:53,273 - start kmeans...
2025-04-12 17:15:53,290 - K-means used 0.02 s
2025-04-12 17:16:06,029 - ***** Epoch: 49: Eval results *****
2025-04-12 17:16:06,029 -   tot_loss = 30.6724
2025-04-12 17:16:06,029 -   tot_loss_clu = 3.1617
2025-04-12 17:16:06,029 -   tot_loss_mms = 27.2902
2025-04-12 17:16:06,029 -   tot_loss_recon = 0.0044
2025-04-12 17:16:12,862 - start kmeans...
2025-04-12 17:16:12,880 - K-means used 0.02 s
2025-04-12 17:16:25,127 - ***** Epoch: 50: Eval results *****
2025-04-12 17:16:25,128 -   tot_loss = 30.687
2025-04-12 17:16:25,128 -   tot_loss_clu = 3.156
2025-04-12 17:16:25,128 -   tot_loss_mms = 27.3118
2025-04-12 17:16:25,128 -   tot_loss_recon = 0.0044
2025-04-12 17:16:29,840 - ***** Test results *****
2025-04-12 17:16:29,841 -   ACC = 16.63
2025-04-12 17:16:29,841 -   ARI = 1.03
2025-04-12 17:16:29,841 -   NMI = 17.73
2025-04-12 17:16:29,841 -   fmi = 8.92
2025-04-12 17:16:36,471 - start kmeans...
2025-04-12 17:16:36,492 - K-means used 0.02 s
2025-04-12 17:16:49,398 - ***** Epoch: 51: Eval results *****
2025-04-12 17:16:49,399 -   tot_loss = 30.6627
2025-04-12 17:16:49,399 -   tot_loss_clu = 3.1348
2025-04-12 17:16:49,399 -   tot_loss_mms = 27.3072
2025-04-12 17:16:49,399 -   tot_loss_recon = 0.0044
2025-04-12 17:16:56,393 - start kmeans...
2025-04-12 17:16:56,410 - K-means used 0.02 s
2025-04-12 17:17:09,122 - ***** Epoch: 52: Eval results *****
2025-04-12 17:17:09,122 -   tot_loss = 30.6117
2025-04-12 17:17:09,122 -   tot_loss_clu = 3.1481
2025-04-12 17:17:09,122 -   tot_loss_mms = 27.2429
2025-04-12 17:17:09,122 -   tot_loss_recon = 0.0044
2025-04-12 17:17:16,270 - start kmeans...
2025-04-12 17:17:16,297 - K-means used 0.03 s
2025-04-12 17:17:28,897 - ***** Epoch: 53: Eval results *****
2025-04-12 17:17:28,897 -   tot_loss = 30.627
2025-04-12 17:17:28,897 -   tot_loss_clu = 3.1621
2025-04-12 17:17:28,897 -   tot_loss_mms = 27.244
2025-04-12 17:17:28,897 -   tot_loss_recon = 0.0044
2025-04-12 17:17:36,396 - start kmeans...
2025-04-12 17:17:36,417 - K-means used 0.02 s
2025-04-12 17:17:49,263 - ***** Epoch: 54: Eval results *****
2025-04-12 17:17:49,264 -   tot_loss = 30.5662
2025-04-12 17:17:49,264 -   tot_loss_clu = 3.1422
2025-04-12 17:17:49,264 -   tot_loss_mms = 27.203
2025-04-12 17:17:49,264 -   tot_loss_recon = 0.0044
2025-04-12 17:17:56,689 - start kmeans...
2025-04-12 17:17:56,704 - K-means used 0.01 s
2025-04-12 17:18:09,189 - ***** Epoch: 55: Eval results *****
2025-04-12 17:18:09,189 -   tot_loss = 30.5366
2025-04-12 17:18:09,189 -   tot_loss_clu = 3.1299
2025-04-12 17:18:09,189 -   tot_loss_mms = 27.1856
2025-04-12 17:18:09,189 -   tot_loss_recon = 0.0044
2025-04-12 17:18:16,144 - start kmeans...
2025-04-12 17:18:16,164 - K-means used 0.02 s
2025-04-12 17:18:30,199 - ***** Epoch: 56: Eval results *****
2025-04-12 17:18:30,199 -   tot_loss = 30.4964
2025-04-12 17:18:30,199 -   tot_loss_clu = 3.1373
2025-04-12 17:18:30,200 -   tot_loss_mms = 27.1372
2025-04-12 17:18:30,200 -   tot_loss_recon = 0.0044
2025-04-12 17:18:37,345 - start kmeans...
2025-04-12 17:18:37,362 - K-means used 0.02 s
2025-04-12 17:18:52,110 - ***** Epoch: 57: Eval results *****
2025-04-12 17:18:52,110 -   tot_loss = 30.469
2025-04-12 17:18:52,110 -   tot_loss_clu = 3.1311
2025-04-12 17:18:52,110 -   tot_loss_mms = 27.1163
2025-04-12 17:18:52,110 -   tot_loss_recon = 0.0044
2025-04-12 17:18:59,324 - start kmeans...
2025-04-12 17:18:59,344 - K-means used 0.02 s
2025-04-12 17:19:11,816 - ***** Epoch: 58: Eval results *****
2025-04-12 17:19:11,816 -   tot_loss = 30.4704
2025-04-12 17:19:11,817 -   tot_loss_clu = 3.1488
2025-04-12 17:19:11,817 -   tot_loss_mms = 27.0982
2025-04-12 17:19:11,817 -   tot_loss_recon = 0.0045
2025-04-12 17:19:18,677 - start kmeans...
2025-04-12 17:19:18,700 - K-means used 0.02 s
2025-04-12 17:19:31,646 - ***** Epoch: 59: Eval results *****
2025-04-12 17:19:31,647 -   tot_loss = 30.4638
2025-04-12 17:19:31,647 -   tot_loss_clu = 3.1425
2025-04-12 17:19:31,647 -   tot_loss_mms = 27.0979
2025-04-12 17:19:31,647 -   tot_loss_recon = 0.0045
2025-04-12 17:19:38,428 - start kmeans...
2025-04-12 17:19:38,442 - K-means used 0.01 s
2025-04-12 17:19:50,469 - ***** Epoch: 60: Eval results *****
2025-04-12 17:19:50,469 -   tot_loss = 30.4429
2025-04-12 17:19:50,469 -   tot_loss_clu = 3.1727
2025-04-12 17:19:50,469 -   tot_loss_mms = 27.0457
2025-04-12 17:19:50,469 -   tot_loss_recon = 0.0045
2025-04-12 17:19:57,173 - start kmeans...
2025-04-12 17:19:57,189 - K-means used 0.02 s
2025-04-12 17:20:10,321 - ***** Epoch: 61: Eval results *****
2025-04-12 17:20:10,321 -   tot_loss = 30.4274
2025-04-12 17:20:10,322 -   tot_loss_clu = 3.1832
2025-04-12 17:20:10,322 -   tot_loss_mms = 27.0181
2025-04-12 17:20:10,322 -   tot_loss_recon = 0.0045
2025-04-12 17:20:16,943 - start kmeans...
2025-04-12 17:20:16,959 - K-means used 0.02 s
2025-04-12 17:20:29,268 - ***** Epoch: 62: Eval results *****
2025-04-12 17:20:29,269 -   tot_loss = 30.4221
2025-04-12 17:20:29,269 -   tot_loss_clu = 3.1989
2025-04-12 17:20:29,269 -   tot_loss_mms = 26.996
2025-04-12 17:20:29,269 -   tot_loss_recon = 0.0045
2025-04-12 17:20:35,936 - start kmeans...
2025-04-12 17:20:35,951 - K-means used 0.01 s
2025-04-12 17:20:48,310 - ***** Epoch: 63: Eval results *****
2025-04-12 17:20:48,311 -   tot_loss = 30.3791
2025-04-12 17:20:48,311 -   tot_loss_clu = 3.1594
2025-04-12 17:20:48,311 -   tot_loss_mms = 26.9907
2025-04-12 17:20:48,311 -   tot_loss_recon = 0.0046
2025-04-12 17:20:55,376 - start kmeans...
2025-04-12 17:20:55,394 - K-means used 0.02 s
2025-04-12 17:21:09,751 - ***** Epoch: 64: Eval results *****
2025-04-12 17:21:09,752 -   tot_loss = 30.3639
2025-04-12 17:21:09,752 -   tot_loss_clu = 3.1871
2025-04-12 17:21:09,752 -   tot_loss_mms = 26.9476
2025-04-12 17:21:09,752 -   tot_loss_recon = 0.0046
2025-04-12 17:21:17,276 - start kmeans...
2025-04-12 17:21:17,288 - K-means used 0.01 s
2025-04-12 17:21:29,752 - ***** Epoch: 65: Eval results *****
2025-04-12 17:21:29,752 -   tot_loss = 30.3712
2025-04-12 17:21:29,752 -   tot_loss_clu = 3.1693
2025-04-12 17:21:29,752 -   tot_loss_mms = 26.9707
2025-04-12 17:21:29,752 -   tot_loss_recon = 0.0046
2025-04-12 17:21:36,642 - start kmeans...
2025-04-12 17:21:36,669 - K-means used 0.03 s
2025-04-12 17:21:49,959 - ***** Epoch: 66: Eval results *****
2025-04-12 17:21:49,960 -   tot_loss = 30.345
2025-04-12 17:21:49,960 -   tot_loss_clu = 3.1923
2025-04-12 17:21:49,960 -   tot_loss_mms = 26.9192
2025-04-12 17:21:49,960 -   tot_loss_recon = 0.0047
2025-04-12 17:21:56,512 - start kmeans...
2025-04-12 17:21:56,537 - K-means used 0.03 s
2025-04-12 17:22:08,806 - ***** Epoch: 67: Eval results *****
2025-04-12 17:22:08,806 -   tot_loss = 30.3445
2025-04-12 17:22:08,806 -   tot_loss_clu = 3.21
2025-04-12 17:22:08,806 -   tot_loss_mms = 26.8997
2025-04-12 17:22:08,806 -   tot_loss_recon = 0.0047
2025-04-12 17:22:16,101 - start kmeans...
2025-04-12 17:22:16,128 - K-means used 0.03 s
2025-04-12 17:22:30,219 - ***** Epoch: 68: Eval results *****
2025-04-12 17:22:30,220 -   tot_loss = 30.3365
2025-04-12 17:22:30,220 -   tot_loss_clu = 3.2223
2025-04-12 17:22:30,220 -   tot_loss_mms = 26.8728
2025-04-12 17:22:30,220 -   tot_loss_recon = 0.0048
2025-04-12 17:22:37,556 - start kmeans...
2025-04-12 17:22:37,576 - K-means used 0.02 s
2025-04-12 17:22:50,708 - ***** Epoch: 69: Eval results *****
2025-04-12 17:22:50,708 -   tot_loss = 30.311
2025-04-12 17:22:50,708 -   tot_loss_clu = 3.2152
2025-04-12 17:22:50,708 -   tot_loss_mms = 26.858
2025-04-12 17:22:50,708 -   tot_loss_recon = 0.0048
2025-04-12 17:22:57,644 - start kmeans...
2025-04-12 17:22:57,666 - K-means used 0.02 s
2025-04-12 17:23:10,033 - ***** Epoch: 70: Eval results *****
2025-04-12 17:23:10,033 -   tot_loss = 30.2644
2025-04-12 17:23:10,033 -   tot_loss_clu = 3.2028
2025-04-12 17:23:10,033 -   tot_loss_mms = 26.8191
2025-04-12 17:23:10,033 -   tot_loss_recon = 0.0049
2025-04-12 17:23:17,378 - start kmeans...
2025-04-12 17:23:17,396 - K-means used 0.02 s
2025-04-12 17:23:31,502 - ***** Epoch: 71: Eval results *****
2025-04-12 17:23:31,502 -   tot_loss = 30.2632
2025-04-12 17:23:31,502 -   tot_loss_clu = 3.1874
2025-04-12 17:23:31,502 -   tot_loss_mms = 26.8347
2025-04-12 17:23:31,502 -   tot_loss_recon = 0.0048
2025-04-12 17:23:39,082 - start kmeans...
2025-04-12 17:23:39,101 - K-means used 0.02 s
2025-04-12 17:23:51,543 - ***** Epoch: 72: Eval results *****
2025-04-12 17:23:51,544 -   tot_loss = 30.2333
2025-04-12 17:23:51,544 -   tot_loss_clu = 3.1915
2025-04-12 17:23:51,544 -   tot_loss_mms = 26.7943
2025-04-12 17:23:51,544 -   tot_loss_recon = 0.005
2025-04-12 17:23:58,680 - start kmeans...
2025-04-12 17:23:58,704 - K-means used 0.02 s
2025-04-12 17:24:12,823 - ***** Epoch: 73: Eval results *****
2025-04-12 17:24:12,823 -   tot_loss = 30.1863
2025-04-12 17:24:12,824 -   tot_loss_clu = 3.204
2025-04-12 17:24:12,824 -   tot_loss_mms = 26.7282
2025-04-12 17:24:12,824 -   tot_loss_recon = 0.0051
2025-04-12 17:24:19,812 - start kmeans...
2025-04-12 17:24:19,828 - K-means used 0.02 s
2025-04-12 17:24:33,040 - ***** Epoch: 74: Eval results *****
2025-04-12 17:24:33,040 -   tot_loss = 30.1479
2025-04-12 17:24:33,040 -   tot_loss_clu = 3.2174
2025-04-12 17:24:33,040 -   tot_loss_mms = 26.6762
2025-04-12 17:24:33,040 -   tot_loss_recon = 0.0051
2025-04-12 17:24:40,468 - start kmeans...
2025-04-12 17:24:40,483 - K-means used 0.02 s
2025-04-12 17:24:53,162 - ***** Epoch: 75: Eval results *****
2025-04-12 17:24:53,162 -   tot_loss = 30.1379
2025-04-12 17:24:53,162 -   tot_loss_clu = 3.2233
2025-04-12 17:24:53,162 -   tot_loss_mms = 26.656
2025-04-12 17:24:53,162 -   tot_loss_recon = 0.0052
2025-04-12 17:25:00,126 - start kmeans...
2025-04-12 17:25:00,145 - K-means used 0.02 s
2025-04-12 17:25:12,971 - ***** Epoch: 76: Eval results *****
2025-04-12 17:25:12,971 -   tot_loss = 30.1263
2025-04-12 17:25:12,971 -   tot_loss_clu = 3.2321
2025-04-12 17:25:12,972 -   tot_loss_mms = 26.6324
2025-04-12 17:25:12,972 -   tot_loss_recon = 0.0052
2025-04-12 17:25:20,519 - start kmeans...
2025-04-12 17:25:20,532 - K-means used 0.01 s
2025-04-12 17:25:32,835 - ***** Epoch: 77: Eval results *****
2025-04-12 17:25:32,836 -   tot_loss = 30.0856
2025-04-12 17:25:32,836 -   tot_loss_clu = 3.2161
2025-04-12 17:25:32,836 -   tot_loss_mms = 26.6008
2025-04-12 17:25:32,836 -   tot_loss_recon = 0.0054
2025-04-12 17:25:39,894 - start kmeans...
2025-04-12 17:25:39,911 - K-means used 0.02 s
2025-04-12 17:25:53,512 - ***** Epoch: 78: Eval results *****
2025-04-12 17:25:53,512 -   tot_loss = 30.0434
2025-04-12 17:25:53,512 -   tot_loss_clu = 3.2388
2025-04-12 17:25:53,512 -   tot_loss_mms = 26.5377
2025-04-12 17:25:53,512 -   tot_loss_recon = 0.0053
2025-04-12 17:26:00,836 - start kmeans...
2025-04-12 17:26:00,854 - K-means used 0.02 s
2025-04-12 17:26:13,153 - ***** Epoch: 79: Eval results *****
2025-04-12 17:26:13,153 -   tot_loss = 29.9857
2025-04-12 17:26:13,153 -   tot_loss_clu = 3.2093
2025-04-12 17:26:13,153 -   tot_loss_mms = 26.5089
2025-04-12 17:26:13,153 -   tot_loss_recon = 0.0053
2025-04-12 17:26:20,619 - start kmeans...
2025-04-12 17:26:20,634 - K-means used 0.02 s
2025-04-12 17:26:36,079 - ***** Epoch: 80: Eval results *****
2025-04-12 17:26:36,079 -   tot_loss = 29.9299
2025-04-12 17:26:36,080 -   tot_loss_clu = 3.2157
2025-04-12 17:26:36,080 -   tot_loss_mms = 26.4461
2025-04-12 17:26:36,080 -   tot_loss_recon = 0.0054
2025-04-12 17:26:43,736 - start kmeans...
2025-04-12 17:26:43,752 - K-means used 0.02 s
2025-04-12 17:26:58,543 - ***** Epoch: 81: Eval results *****
2025-04-12 17:26:58,543 -   tot_loss = 29.8654
2025-04-12 17:26:58,543 -   tot_loss_clu = 3.2394
2025-04-12 17:26:58,544 -   tot_loss_mms = 26.3549
2025-04-12 17:26:58,544 -   tot_loss_recon = 0.0054
2025-04-12 17:27:06,108 - start kmeans...
2025-04-12 17:27:06,125 - K-means used 0.02 s
2025-04-12 17:27:19,377 - ***** Epoch: 82: Eval results *****
2025-04-12 17:27:19,377 -   tot_loss = 29.8302
2025-04-12 17:27:19,377 -   tot_loss_clu = 3.2201
2025-04-12 17:27:19,377 -   tot_loss_mms = 26.3432
2025-04-12 17:27:19,377 -   tot_loss_recon = 0.0053
2025-04-12 17:27:26,416 - start kmeans...
2025-04-12 17:27:26,436 - K-means used 0.02 s
2025-04-12 17:27:39,268 - ***** Epoch: 83: Eval results *****
2025-04-12 17:27:39,268 -   tot_loss = 29.7245
2025-04-12 17:27:39,268 -   tot_loss_clu = 3.1573
2025-04-12 17:27:39,268 -   tot_loss_mms = 26.2963
2025-04-12 17:27:39,268 -   tot_loss_recon = 0.0054
2025-04-12 17:27:46,383 - start kmeans...
2025-04-12 17:27:46,401 - K-means used 0.02 s
2025-04-12 17:27:58,870 - ***** Epoch: 84: Eval results *****
2025-04-12 17:27:58,870 -   tot_loss = 29.6417
2025-04-12 17:27:58,870 -   tot_loss_clu = 3.1432
2025-04-12 17:27:58,870 -   tot_loss_mms = 26.2267
2025-04-12 17:27:58,870 -   tot_loss_recon = 0.0054
2025-04-12 17:28:05,724 - start kmeans...
2025-04-12 17:28:05,741 - K-means used 0.02 s
2025-04-12 17:28:17,991 - ***** Epoch: 85: Eval results *****
2025-04-12 17:28:17,992 -   tot_loss = 29.6101
2025-04-12 17:28:17,992 -   tot_loss_clu = 3.1601
2025-04-12 17:28:17,992 -   tot_loss_mms = 26.174
2025-04-12 17:28:17,992 -   tot_loss_recon = 0.0055
2025-04-12 17:28:24,976 - start kmeans...
2025-04-12 17:28:24,998 - K-means used 0.02 s
2025-04-12 17:28:37,476 - ***** Epoch: 86: Eval results *****
2025-04-12 17:28:37,476 -   tot_loss = 29.5668
2025-04-12 17:28:37,476 -   tot_loss_clu = 3.1502
2025-04-12 17:28:37,476 -   tot_loss_mms = 26.14
2025-04-12 17:28:37,476 -   tot_loss_recon = 0.0055
2025-04-12 17:28:44,722 - start kmeans...
2025-04-12 17:28:44,739 - K-means used 0.02 s
2025-04-12 17:28:58,890 - ***** Epoch: 87: Eval results *****
2025-04-12 17:28:58,890 -   tot_loss = 29.4888
2025-04-12 17:28:58,890 -   tot_loss_clu = 3.1659
2025-04-12 17:28:58,890 -   tot_loss_mms = 26.0429
2025-04-12 17:28:58,890 -   tot_loss_recon = 0.0056
2025-04-12 17:29:09,501 - start kmeans...
2025-04-12 17:29:09,522 - K-means used 0.02 s
2025-04-12 17:29:24,864 - ***** Epoch: 88: Eval results *****
2025-04-12 17:29:24,865 -   tot_loss = 29.444
2025-04-12 17:29:24,865 -   tot_loss_clu = 3.1439
2025-04-12 17:29:24,865 -   tot_loss_mms = 26.0159
2025-04-12 17:29:24,865 -   tot_loss_recon = 0.0057
2025-04-12 17:29:32,424 - start kmeans...
2025-04-12 17:29:32,445 - K-means used 0.02 s
2025-04-12 17:29:45,558 - ***** Epoch: 89: Eval results *****
2025-04-12 17:29:45,558 -   tot_loss = 29.4186
2025-04-12 17:29:45,558 -   tot_loss_clu = 3.1903
2025-04-12 17:29:45,558 -   tot_loss_mms = 25.9418
2025-04-12 17:29:45,558 -   tot_loss_recon = 0.0057
2025-04-12 17:29:53,118 - start kmeans...
2025-04-12 17:29:53,132 - K-means used 0.01 s
2025-04-12 17:30:07,297 - ***** Epoch: 90: Eval results *****
2025-04-12 17:30:07,297 -   tot_loss = 29.3415
2025-04-12 17:30:07,297 -   tot_loss_clu = 3.1813
2025-04-12 17:30:07,297 -   tot_loss_mms = 25.8788
2025-04-12 17:30:07,298 -   tot_loss_recon = 0.0056
2025-04-12 17:30:14,717 - start kmeans...
2025-04-12 17:30:14,736 - K-means used 0.02 s
2025-04-12 17:30:28,902 - ***** Epoch: 91: Eval results *****
2025-04-12 17:30:28,903 -   tot_loss = 29.3237
2025-04-12 17:30:28,903 -   tot_loss_clu = 3.1663
2025-04-12 17:30:28,903 -   tot_loss_mms = 25.8713
2025-04-12 17:30:28,903 -   tot_loss_recon = 0.0057
2025-04-12 17:30:36,906 - start kmeans...
2025-04-12 17:30:36,926 - K-means used 0.02 s
2025-04-12 17:30:52,466 - ***** Epoch: 92: Eval results *****
2025-04-12 17:30:52,466 -   tot_loss = 29.2649
2025-04-12 17:30:52,466 -   tot_loss_clu = 3.1664
2025-04-12 17:30:52,466 -   tot_loss_mms = 25.8154
2025-04-12 17:30:52,467 -   tot_loss_recon = 0.0057
2025-04-12 17:31:00,156 - start kmeans...
2025-04-12 17:31:00,174 - K-means used 0.02 s
2025-04-12 17:31:12,838 - ***** Epoch: 93: Eval results *****
2025-04-12 17:31:12,838 -   tot_loss = 29.131
2025-04-12 17:31:12,838 -   tot_loss_clu = 3.1188
2025-04-12 17:31:12,838 -   tot_loss_mms = 25.7231
2025-04-12 17:31:12,838 -   tot_loss_recon = 0.0058
2025-04-12 17:31:20,502 - start kmeans...
2025-04-12 17:31:20,519 - K-means used 0.02 s
2025-04-12 17:31:33,943 - ***** Epoch: 94: Eval results *****
2025-04-12 17:31:33,944 -   tot_loss = 29.1132
2025-04-12 17:31:33,944 -   tot_loss_clu = 3.1069
2025-04-12 17:31:33,944 -   tot_loss_mms = 25.7234
2025-04-12 17:31:33,944 -   tot_loss_recon = 0.0057
2025-04-12 17:31:41,854 - start kmeans...
2025-04-12 17:31:41,871 - K-means used 0.02 s
2025-04-12 17:31:55,200 - ***** Epoch: 95: Eval results *****
2025-04-12 17:31:55,200 -   tot_loss = 29.0378
2025-04-12 17:31:55,200 -   tot_loss_clu = 3.1168
2025-04-12 17:31:55,200 -   tot_loss_mms = 25.6366
2025-04-12 17:31:55,200 -   tot_loss_recon = 0.0057
2025-04-12 17:32:03,009 - start kmeans...
2025-04-12 17:32:03,028 - K-means used 0.02 s
2025-04-12 17:32:16,044 - ***** Epoch: 96: Eval results *****
2025-04-12 17:32:16,044 -   tot_loss = 28.9725
2025-04-12 17:32:16,044 -   tot_loss_clu = 3.1103
2025-04-12 17:32:16,044 -   tot_loss_mms = 25.58
2025-04-12 17:32:16,044 -   tot_loss_recon = 0.0056
2025-04-12 17:32:23,869 - start kmeans...
2025-04-12 17:32:23,882 - K-means used 0.01 s
2025-04-12 17:32:37,200 - ***** Epoch: 97: Eval results *****
2025-04-12 17:32:37,200 -   tot_loss = 28.9324
2025-04-12 17:32:37,200 -   tot_loss_clu = 3.1229
2025-04-12 17:32:37,200 -   tot_loss_mms = 25.525
2025-04-12 17:32:37,200 -   tot_loss_recon = 0.0057
2025-04-12 17:32:44,512 - start kmeans...
2025-04-12 17:32:44,531 - K-means used 0.02 s
2025-04-12 17:32:57,834 - ***** Epoch: 98: Eval results *****
2025-04-12 17:32:57,834 -   tot_loss = 28.8708
2025-04-12 17:32:57,834 -   tot_loss_clu = 3.1104
2025-04-12 17:32:57,834 -   tot_loss_mms = 25.4787
2025-04-12 17:32:57,834 -   tot_loss_recon = 0.0056
2025-04-12 17:33:05,004 - start kmeans...
2025-04-12 17:33:05,056 - K-means used 0.05 s
2025-04-12 17:33:18,312 - ***** Epoch: 99: Eval results *****
2025-04-12 17:33:18,313 -   tot_loss = 28.7901
2025-04-12 17:33:18,313 -   tot_loss_clu = 3.1037
2025-04-12 17:33:18,313 -   tot_loss_mms = 25.4057
2025-04-12 17:33:18,313 -   tot_loss_recon = 0.0056
2025-04-12 17:33:25,858 - start kmeans...
2025-04-12 17:33:25,874 - K-means used 0.02 s
2025-04-12 17:33:39,540 - ***** Epoch: 100: Eval results *****
2025-04-12 17:33:39,540 -   tot_loss = 28.7433
2025-04-12 17:33:39,540 -   tot_loss_clu = 3.116
2025-04-12 17:33:39,540 -   tot_loss_mms = 25.3452
2025-04-12 17:33:39,540 -   tot_loss_recon = 0.0056
2025-04-12 17:33:45,000 - ***** Test results *****
2025-04-12 17:33:45,000 -   ACC = 17.3
2025-04-12 17:33:45,001 -   ARI = 2.0
2025-04-12 17:33:45,001 -   NMI = 18.08
2025-04-12 17:33:45,001 -   fmi = 10.25
2025-04-12 17:33:52,986 - start kmeans...
2025-04-12 17:33:53,002 - K-means used 0.02 s
2025-04-12 17:34:05,642 - ***** Epoch: 101: Eval results *****
2025-04-12 17:34:05,642 -   tot_loss = 28.638
2025-04-12 17:34:05,643 -   tot_loss_clu = 3.1047
2025-04-12 17:34:05,643 -   tot_loss_mms = 25.2464
2025-04-12 17:34:05,643 -   tot_loss_recon = 0.0057
2025-04-12 17:34:12,547 - start kmeans...
2025-04-12 17:34:12,565 - K-means used 0.02 s
2025-04-12 17:34:26,068 - ***** Epoch: 102: Eval results *****
2025-04-12 17:34:26,068 -   tot_loss = 28.5738
2025-04-12 17:34:26,069 -   tot_loss_clu = 3.0571
2025-04-12 17:34:26,069 -   tot_loss_mms = 25.2297
2025-04-12 17:34:26,069 -   tot_loss_recon = 0.0057
2025-04-12 17:34:33,912 - start kmeans...
2025-04-12 17:34:33,929 - K-means used 0.02 s
2025-04-12 17:34:48,815 - ***** Epoch: 103: Eval results *****
2025-04-12 17:34:48,815 -   tot_loss = 28.4898
2025-04-12 17:34:48,815 -   tot_loss_clu = 3.0565
2025-04-12 17:34:48,816 -   tot_loss_mms = 25.1452
2025-04-12 17:34:48,816 -   tot_loss_recon = 0.0058
2025-04-12 17:34:56,536 - start kmeans...
2025-04-12 17:34:56,553 - K-means used 0.02 s
2025-04-12 17:35:09,565 - ***** Epoch: 104: Eval results *****
2025-04-12 17:35:09,566 -   tot_loss = 28.3804
2025-04-12 17:35:09,566 -   tot_loss_clu = 3.0285
2025-04-12 17:35:09,566 -   tot_loss_mms = 25.0621
2025-04-12 17:35:09,566 -   tot_loss_recon = 0.0058
2025-04-12 17:35:16,806 - start kmeans...
2025-04-12 17:35:16,823 - K-means used 0.02 s
2025-04-12 17:35:32,014 - ***** Epoch: 105: Eval results *****
2025-04-12 17:35:32,014 -   tot_loss = 28.2632
2025-04-12 17:35:32,014 -   tot_loss_clu = 3.0079
2025-04-12 17:35:32,015 -   tot_loss_mms = 24.9628
2025-04-12 17:35:32,015 -   tot_loss_recon = 0.0059
2025-04-12 17:35:39,409 - start kmeans...
2025-04-12 17:35:39,425 - K-means used 0.02 s
2025-04-12 17:35:52,647 - ***** Epoch: 106: Eval results *****
2025-04-12 17:35:52,647 -   tot_loss = 28.1771
2025-04-12 17:35:52,648 -   tot_loss_clu = 2.9485
2025-04-12 17:35:52,648 -   tot_loss_mms = 24.9361
2025-04-12 17:35:52,648 -   tot_loss_recon = 0.0058
2025-04-12 17:36:00,377 - start kmeans...
2025-04-12 17:36:00,390 - K-means used 0.01 s
2025-04-12 17:36:14,049 - ***** Epoch: 107: Eval results *****
2025-04-12 17:36:14,049 -   tot_loss = 28.0455
2025-04-12 17:36:14,049 -   tot_loss_clu = 2.9123
2025-04-12 17:36:14,049 -   tot_loss_mms = 24.8439
2025-04-12 17:36:14,049 -   tot_loss_recon = 0.0058
2025-04-12 17:36:21,444 - start kmeans...
2025-04-12 17:36:21,458 - K-means used 0.01 s
2025-04-12 17:36:34,606 - ***** Epoch: 108: Eval results *****
2025-04-12 17:36:34,607 -   tot_loss = 27.9551
2025-04-12 17:36:34,607 -   tot_loss_clu = 2.9016
2025-04-12 17:36:34,607 -   tot_loss_mms = 24.7618
2025-04-12 17:36:34,607 -   tot_loss_recon = 0.0058
2025-04-12 17:36:42,228 - start kmeans...
2025-04-12 17:36:42,241 - K-means used 0.01 s
2025-04-12 17:36:57,644 - ***** Epoch: 109: Eval results *****
2025-04-12 17:36:57,644 -   tot_loss = 27.858
2025-04-12 17:36:57,644 -   tot_loss_clu = 2.8534
2025-04-12 17:36:57,644 -   tot_loss_mms = 24.7067
2025-04-12 17:36:57,644 -   tot_loss_recon = 0.006
2025-04-12 17:37:05,533 - start kmeans...
2025-04-12 17:37:05,549 - K-means used 0.02 s
2025-04-12 17:37:20,830 - ***** Epoch: 110: Eval results *****
2025-04-12 17:37:20,830 -   tot_loss = 27.7275
2025-04-12 17:37:20,830 -   tot_loss_clu = 2.8433
2025-04-12 17:37:20,831 -   tot_loss_mms = 24.5802
2025-04-12 17:37:20,831 -   tot_loss_recon = 0.0061
2025-04-12 17:37:28,490 - start kmeans...
2025-04-12 17:37:28,505 - K-means used 0.01 s
2025-04-12 17:37:41,415 - ***** Epoch: 111: Eval results *****
2025-04-12 17:37:41,416 -   tot_loss = 27.6004
2025-04-12 17:37:41,416 -   tot_loss_clu = 2.785
2025-04-12 17:37:41,416 -   tot_loss_mms = 24.5173
2025-04-12 17:37:41,416 -   tot_loss_recon = 0.006
2025-04-12 17:37:49,111 - start kmeans...
2025-04-12 17:37:49,124 - K-means used 0.01 s
2025-04-12 17:38:02,378 - ***** Epoch: 112: Eval results *****
2025-04-12 17:38:02,378 -   tot_loss = 27.5142
2025-04-12 17:38:02,378 -   tot_loss_clu = 2.7597
2025-04-12 17:38:02,378 -   tot_loss_mms = 24.4528
2025-04-12 17:38:02,379 -   tot_loss_recon = 0.006
2025-04-12 17:38:09,831 - start kmeans...
2025-04-12 17:38:09,845 - K-means used 0.01 s
2025-04-12 17:38:23,370 - ***** Epoch: 113: Eval results *****
2025-04-12 17:38:23,370 -   tot_loss = 27.4346
2025-04-12 17:38:23,370 -   tot_loss_clu = 2.728
2025-04-12 17:38:23,371 -   tot_loss_mms = 24.4057
2025-04-12 17:38:23,371 -   tot_loss_recon = 0.006
2025-04-12 17:38:30,507 - start kmeans...
2025-04-12 17:38:30,522 - K-means used 0.02 s
2025-04-12 17:38:43,368 - ***** Epoch: 114: Eval results *****
2025-04-12 17:38:43,369 -   tot_loss = 27.2401
2025-04-12 17:38:43,369 -   tot_loss_clu = 2.6408
2025-04-12 17:38:43,369 -   tot_loss_mms = 24.2934
2025-04-12 17:38:43,369 -   tot_loss_recon = 0.0061
2025-04-12 17:38:50,887 - start kmeans...
2025-04-12 17:38:50,908 - K-means used 0.02 s
2025-04-12 17:39:05,524 - ***** Epoch: 115: Eval results *****
2025-04-12 17:39:05,524 -   tot_loss = 27.1926
2025-04-12 17:39:05,524 -   tot_loss_clu = 2.5951
2025-04-12 17:39:05,524 -   tot_loss_mms = 24.2937
2025-04-12 17:39:05,524 -   tot_loss_recon = 0.0061
2025-04-12 17:39:12,662 - start kmeans...
2025-04-12 17:39:12,679 - K-means used 0.02 s
2025-04-12 17:39:25,244 - ***** Epoch: 116: Eval results *****
2025-04-12 17:39:25,244 -   tot_loss = 27.106
2025-04-12 17:39:25,244 -   tot_loss_clu = 2.6038
2025-04-12 17:39:25,244 -   tot_loss_mms = 24.1921
2025-04-12 17:39:25,245 -   tot_loss_recon = 0.0062
2025-04-12 17:39:32,947 - start kmeans...
2025-04-12 17:39:32,963 - K-means used 0.02 s
2025-04-12 17:39:47,476 - ***** Epoch: 117: Eval results *****
2025-04-12 17:39:47,476 -   tot_loss = 27.004
2025-04-12 17:39:47,476 -   tot_loss_clu = 2.5509
2025-04-12 17:39:47,476 -   tot_loss_mms = 24.1446
2025-04-12 17:39:47,477 -   tot_loss_recon = 0.0062
2025-04-12 17:39:55,049 - start kmeans...
2025-04-12 17:39:55,065 - K-means used 0.02 s
2025-04-12 17:40:10,522 - ***** Epoch: 118: Eval results *****
2025-04-12 17:40:10,523 -   tot_loss = 26.8274
2025-04-12 17:40:10,523 -   tot_loss_clu = 2.4932
2025-04-12 17:40:10,523 -   tot_loss_mms = 24.024
2025-04-12 17:40:10,523 -   tot_loss_recon = 0.0062
2025-04-12 17:40:17,773 - start kmeans...
2025-04-12 17:40:17,787 - K-means used 0.01 s
2025-04-12 17:40:31,062 - ***** Epoch: 119: Eval results *****
2025-04-12 17:40:31,062 -   tot_loss = 26.7343
2025-04-12 17:40:31,062 -   tot_loss_clu = 2.45
2025-04-12 17:40:31,062 -   tot_loss_mms = 23.9704
2025-04-12 17:40:31,062 -   tot_loss_recon = 0.0063
2025-04-12 17:40:38,756 - start kmeans...
2025-04-12 17:40:38,772 - K-means used 0.02 s
2025-04-12 17:40:52,666 - ***** Epoch: 120: Eval results *****
2025-04-12 17:40:52,666 -   tot_loss = 26.6776
2025-04-12 17:40:52,666 -   tot_loss_clu = 2.4497
2025-04-12 17:40:52,666 -   tot_loss_mms = 23.9091
2025-04-12 17:40:52,666 -   tot_loss_recon = 0.0064
2025-04-12 17:40:59,935 - start kmeans...
2025-04-12 17:40:59,948 - K-means used 0.01 s
2025-04-12 17:41:13,241 - ***** Epoch: 121: Eval results *****
2025-04-12 17:41:13,241 -   tot_loss = 26.5704
2025-04-12 17:41:13,241 -   tot_loss_clu = 2.3917
2025-04-12 17:41:13,241 -   tot_loss_mms = 23.858
2025-04-12 17:41:13,241 -   tot_loss_recon = 0.0064
2025-04-12 17:41:20,289 - start kmeans...
2025-04-12 17:41:20,305 - K-means used 0.02 s
2025-04-12 17:41:34,904 - ***** Epoch: 122: Eval results *****
2025-04-12 17:41:34,905 -   tot_loss = 26.4972
2025-04-12 17:41:34,905 -   tot_loss_clu = 2.3813
2025-04-12 17:41:34,905 -   tot_loss_mms = 23.7984
2025-04-12 17:41:34,905 -   tot_loss_recon = 0.0063
2025-04-12 17:41:42,376 - start kmeans...
2025-04-12 17:41:42,389 - K-means used 0.01 s
2025-04-12 17:41:56,095 - ***** Epoch: 123: Eval results *****
2025-04-12 17:41:56,096 -   tot_loss = 26.3846
2025-04-12 17:41:56,096 -   tot_loss_clu = 2.3624
2025-04-12 17:41:56,096 -   tot_loss_mms = 23.7029
2025-04-12 17:41:56,096 -   tot_loss_recon = 0.0064
2025-04-12 17:42:03,516 - start kmeans...
2025-04-12 17:42:03,530 - K-means used 0.01 s
2025-04-12 17:42:16,548 - ***** Epoch: 124: Eval results *****
2025-04-12 17:42:16,548 -   tot_loss = 26.3205
2025-04-12 17:42:16,548 -   tot_loss_clu = 2.3345
2025-04-12 17:42:16,548 -   tot_loss_mms = 23.6658
2025-04-12 17:42:16,548 -   tot_loss_recon = 0.0064
2025-04-12 17:42:24,696 - start kmeans...
2025-04-12 17:42:24,710 - K-means used 0.01 s
2025-04-12 17:42:38,598 - ***** Epoch: 125: Eval results *****
2025-04-12 17:42:38,598 -   tot_loss = 26.2316
2025-04-12 17:42:38,598 -   tot_loss_clu = 2.3084
2025-04-12 17:42:38,598 -   tot_loss_mms = 23.5993
2025-04-12 17:42:38,598 -   tot_loss_recon = 0.0065
2025-04-12 17:42:45,729 - start kmeans...
2025-04-12 17:42:45,743 - K-means used 0.01 s
2025-04-12 17:43:00,140 - ***** Epoch: 126: Eval results *****
2025-04-12 17:43:00,140 -   tot_loss = 26.2262
2025-04-12 17:43:00,140 -   tot_loss_clu = 2.2892
2025-04-12 17:43:00,140 -   tot_loss_mms = 23.6157
2025-04-12 17:43:00,140 -   tot_loss_recon = 0.0064
2025-04-12 17:43:07,515 - start kmeans...
2025-04-12 17:43:07,534 - K-means used 0.02 s
2025-04-12 17:43:20,833 - ***** Epoch: 127: Eval results *****
2025-04-12 17:43:20,833 -   tot_loss = 26.1179
2025-04-12 17:43:20,833 -   tot_loss_clu = 2.2944
2025-04-12 17:43:20,833 -   tot_loss_mms = 23.4987
2025-04-12 17:43:20,833 -   tot_loss_recon = 0.0065
2025-04-12 17:43:28,632 - start kmeans...
2025-04-12 17:43:28,646 - K-means used 0.01 s
2025-04-12 17:43:42,292 - ***** Epoch: 128: Eval results *****
2025-04-12 17:43:42,292 -   tot_loss = 26.0536
2025-04-12 17:43:42,292 -   tot_loss_clu = 2.2582
2025-04-12 17:43:42,292 -   tot_loss_mms = 23.4692
2025-04-12 17:43:42,292 -   tot_loss_recon = 0.0065
2025-04-12 17:43:50,152 - start kmeans...
2025-04-12 17:43:50,164 - K-means used 0.01 s
2025-04-12 17:44:03,386 - ***** Epoch: 129: Eval results *****
2025-04-12 17:44:03,387 -   tot_loss = 26.0567
2025-04-12 17:44:03,387 -   tot_loss_clu = 2.282
2025-04-12 17:44:03,387 -   tot_loss_mms = 23.45
2025-04-12 17:44:03,387 -   tot_loss_recon = 0.0065
2025-04-12 17:44:10,872 - start kmeans...
2025-04-12 17:44:10,889 - K-means used 0.02 s
2025-04-12 17:44:26,096 - ***** Epoch: 130: Eval results *****
2025-04-12 17:44:26,096 -   tot_loss = 25.9799
2025-04-12 17:44:26,096 -   tot_loss_clu = 2.2607
2025-04-12 17:44:26,096 -   tot_loss_mms = 23.3914
2025-04-12 17:44:26,096 -   tot_loss_recon = 0.0066
2025-04-12 17:44:33,773 - start kmeans...
2025-04-12 17:44:33,788 - K-means used 0.01 s
2025-04-12 17:44:47,101 - ***** Epoch: 131: Eval results *****
2025-04-12 17:44:47,102 -   tot_loss = 25.8855
2025-04-12 17:44:47,102 -   tot_loss_clu = 2.2144
2025-04-12 17:44:47,102 -   tot_loss_mms = 23.3392
2025-04-12 17:44:47,102 -   tot_loss_recon = 0.0066
2025-04-12 17:44:54,862 - start kmeans...
2025-04-12 17:44:54,880 - K-means used 0.02 s
2025-04-12 17:45:07,618 - ***** Epoch: 132: Eval results *****
2025-04-12 17:45:07,619 -   tot_loss = 25.8424
2025-04-12 17:45:07,620 -   tot_loss_clu = 2.2201
2025-04-12 17:45:07,620 -   tot_loss_mms = 23.292
2025-04-12 17:45:07,620 -   tot_loss_recon = 0.0066
2025-04-12 17:45:14,976 - start kmeans...
2025-04-12 17:45:14,990 - K-means used 0.01 s
2025-04-12 17:45:28,009 - ***** Epoch: 133: Eval results *****
2025-04-12 17:45:28,009 -   tot_loss = 25.8143
2025-04-12 17:45:28,009 -   tot_loss_clu = 2.21
2025-04-12 17:45:28,009 -   tot_loss_mms = 23.2756
2025-04-12 17:45:28,010 -   tot_loss_recon = 0.0066
2025-04-12 17:45:35,653 - start kmeans...
2025-04-12 17:45:35,669 - K-means used 0.02 s
2025-04-12 17:45:49,752 - ***** Epoch: 134: Eval results *****
2025-04-12 17:45:49,752 -   tot_loss = 25.7773
2025-04-12 17:45:49,752 -   tot_loss_clu = 2.1993
2025-04-12 17:45:49,753 -   tot_loss_mms = 23.2455
2025-04-12 17:45:49,753 -   tot_loss_recon = 0.0067
2025-04-12 17:45:57,156 - start kmeans...
2025-04-12 17:45:57,170 - K-means used 0.01 s
2025-04-12 17:46:10,041 - ***** Epoch: 135: Eval results *****
2025-04-12 17:46:10,042 -   tot_loss = 25.6894
2025-04-12 17:46:10,042 -   tot_loss_clu = 2.168
2025-04-12 17:46:10,042 -   tot_loss_mms = 23.1886
2025-04-12 17:46:10,042 -   tot_loss_recon = 0.0067
2025-04-12 17:46:17,650 - start kmeans...
2025-04-12 17:46:17,664 - K-means used 0.01 s
2025-04-12 17:46:31,200 - ***** Epoch: 136: Eval results *****
2025-04-12 17:46:31,201 -   tot_loss = 25.6553
2025-04-12 17:46:31,201 -   tot_loss_clu = 2.1736
2025-04-12 17:46:31,201 -   tot_loss_mms = 23.1512
2025-04-12 17:46:31,201 -   tot_loss_recon = 0.0066
2025-04-12 17:46:38,686 - start kmeans...
2025-04-12 17:46:38,701 - K-means used 0.01 s
2025-04-12 17:46:51,558 - ***** Epoch: 137: Eval results *****
2025-04-12 17:46:51,558 -   tot_loss = 25.6174
2025-04-12 17:46:51,559 -   tot_loss_clu = 2.15
2025-04-12 17:46:51,559 -   tot_loss_mms = 23.1416
2025-04-12 17:46:51,559 -   tot_loss_recon = 0.0065
2025-04-12 17:46:58,442 - start kmeans...
2025-04-12 17:46:58,457 - K-means used 0.01 s
2025-04-12 17:47:11,051 - ***** Epoch: 138: Eval results *****
2025-04-12 17:47:11,051 -   tot_loss = 25.6223
2025-04-12 17:47:11,051 -   tot_loss_clu = 2.1616
2025-04-12 17:47:11,052 -   tot_loss_mms = 23.1267
2025-04-12 17:47:11,052 -   tot_loss_recon = 0.0067
2025-04-12 17:47:18,525 - start kmeans...
2025-04-12 17:47:18,541 - K-means used 0.02 s
2025-04-12 17:47:31,731 - ***** Epoch: 139: Eval results *****
2025-04-12 17:47:31,731 -   tot_loss = 25.5691
2025-04-12 17:47:31,731 -   tot_loss_clu = 2.1613
2025-04-12 17:47:31,731 -   tot_loss_mms = 23.0729
2025-04-12 17:47:31,732 -   tot_loss_recon = 0.0067
2025-04-12 17:47:39,858 - start kmeans...
2025-04-12 17:47:39,872 - K-means used 0.01 s
2025-04-12 17:47:52,868 - ***** Epoch: 140: Eval results *****
2025-04-12 17:47:52,869 -   tot_loss = 25.5071
2025-04-12 17:47:52,869 -   tot_loss_clu = 2.1554
2025-04-12 17:47:52,869 -   tot_loss_mms = 23.0167
2025-04-12 17:47:52,869 -   tot_loss_recon = 0.0067
2025-04-12 17:47:59,862 - start kmeans...
2025-04-12 17:47:59,876 - K-means used 0.01 s
2025-04-12 17:48:13,714 - ***** Epoch: 141: Eval results *****
2025-04-12 17:48:13,714 -   tot_loss = 25.5106
2025-04-12 17:48:13,714 -   tot_loss_clu = 2.1335
2025-04-12 17:48:13,714 -   tot_loss_mms = 23.0413
2025-04-12 17:48:13,714 -   tot_loss_recon = 0.0067
2025-04-12 17:48:21,066 - start kmeans...
2025-04-12 17:48:21,082 - K-means used 0.02 s
2025-04-12 17:48:33,804 - ***** Epoch: 142: Eval results *****
2025-04-12 17:48:33,804 -   tot_loss = 25.5349
2025-04-12 17:48:33,804 -   tot_loss_clu = 2.1389
2025-04-12 17:48:33,805 -   tot_loss_mms = 23.0612
2025-04-12 17:48:33,805 -   tot_loss_recon = 0.0067
2025-04-12 17:48:41,056 - start kmeans...
2025-04-12 17:48:41,070 - K-means used 0.01 s
2025-04-12 17:48:54,704 - ***** Epoch: 143: Eval results *****
2025-04-12 17:48:54,705 -   tot_loss = 25.4104
2025-04-12 17:48:54,705 -   tot_loss_clu = 2.119
2025-04-12 17:48:54,706 -   tot_loss_mms = 22.9569
2025-04-12 17:48:54,706 -   tot_loss_recon = 0.0067
2025-04-12 17:49:02,043 - start kmeans...
2025-04-12 17:49:02,060 - K-means used 0.02 s
2025-04-12 17:49:16,758 - ***** Epoch: 144: Eval results *****
2025-04-12 17:49:16,758 -   tot_loss = 25.3343
2025-04-12 17:49:16,758 -   tot_loss_clu = 2.0941
2025-04-12 17:49:16,758 -   tot_loss_mms = 22.9064
2025-04-12 17:49:16,758 -   tot_loss_recon = 0.0067
2025-04-12 17:49:24,218 - start kmeans...
2025-04-12 17:49:24,235 - K-means used 0.02 s
2025-04-12 17:49:38,195 - ***** Epoch: 145: Eval results *****
2025-04-12 17:49:38,196 -   tot_loss = 25.3477
2025-04-12 17:49:38,196 -   tot_loss_clu = 2.1033
2025-04-12 17:49:38,196 -   tot_loss_mms = 22.9066
2025-04-12 17:49:38,196 -   tot_loss_recon = 0.0068
2025-04-12 17:49:46,093 - start kmeans...
2025-04-12 17:49:46,108 - K-means used 0.01 s
2025-04-12 17:49:59,918 - ***** Epoch: 146: Eval results *****
2025-04-12 17:49:59,919 -   tot_loss = 25.3434
2025-04-12 17:49:59,919 -   tot_loss_clu = 2.1099
2025-04-12 17:49:59,919 -   tot_loss_mms = 22.8971
2025-04-12 17:49:59,919 -   tot_loss_recon = 0.0067
2025-04-12 17:50:07,758 - start kmeans...
2025-04-12 17:50:07,775 - K-means used 0.02 s
2025-04-12 17:50:22,026 - ***** Epoch: 147: Eval results *****
2025-04-12 17:50:22,026 -   tot_loss = 25.3414
2025-04-12 17:50:22,026 -   tot_loss_clu = 2.1151
2025-04-12 17:50:22,026 -   tot_loss_mms = 22.8933
2025-04-12 17:50:22,026 -   tot_loss_recon = 0.0067
2025-04-12 17:50:29,417 - start kmeans...
2025-04-12 17:50:29,431 - K-means used 0.01 s
2025-04-12 17:50:42,492 - ***** Epoch: 148: Eval results *****
2025-04-12 17:50:42,492 -   tot_loss = 25.2467
2025-04-12 17:50:42,492 -   tot_loss_clu = 2.0779
2025-04-12 17:50:42,492 -   tot_loss_mms = 22.8289
2025-04-12 17:50:42,492 -   tot_loss_recon = 0.0068
2025-04-12 17:50:50,268 - start kmeans...
2025-04-12 17:50:50,306 - K-means used 0.04 s
2025-04-12 17:51:03,363 - ***** Epoch: 149: Eval results *****
2025-04-12 17:51:03,364 -   tot_loss = 25.2619
2025-04-12 17:51:03,364 -   tot_loss_clu = 2.1016
2025-04-12 17:51:03,364 -   tot_loss_mms = 22.8223
2025-04-12 17:51:03,364 -   tot_loss_recon = 0.0068
2025-04-12 17:51:11,067 - start kmeans...
2025-04-12 17:51:11,082 - K-means used 0.02 s
2025-04-12 17:51:25,803 - ***** Epoch: 150: Eval results *****
2025-04-12 17:51:25,804 -   tot_loss = 25.2403
2025-04-12 17:51:25,804 -   tot_loss_clu = 2.0821
2025-04-12 17:51:25,804 -   tot_loss_mms = 22.8171
2025-04-12 17:51:25,804 -   tot_loss_recon = 0.0068
2025-04-12 17:51:31,096 - ***** Test results *****
2025-04-12 17:51:31,096 -   ACC = 17.98
2025-04-12 17:51:31,097 -   ARI = 2.06
2025-04-12 17:51:31,097 -   NMI = 19.39
2025-04-12 17:51:31,097 -   fmi = 9.65
2025-04-12 17:51:39,360 - start kmeans...
2025-04-12 17:51:39,373 - K-means used 0.01 s
2025-04-12 17:51:54,480 - ***** Epoch: 151: Eval results *****
2025-04-12 17:51:54,481 -   tot_loss = 25.2743
2025-04-12 17:51:54,481 -   tot_loss_clu = 2.0842
2025-04-12 17:51:54,481 -   tot_loss_mms = 22.854
2025-04-12 17:51:54,481 -   tot_loss_recon = 0.0067
2025-04-12 17:52:02,137 - start kmeans...
2025-04-12 17:52:02,152 - K-means used 0.01 s
2025-04-12 17:52:15,768 - ***** Epoch: 152: Eval results *****
2025-04-12 17:52:15,769 -   tot_loss = 25.2086
2025-04-12 17:52:15,769 -   tot_loss_clu = 2.0927
2025-04-12 17:52:15,769 -   tot_loss_mms = 22.7804
2025-04-12 17:52:15,769 -   tot_loss_recon = 0.0067
2025-04-12 17:52:24,096 - start kmeans...
2025-04-12 17:52:24,114 - K-means used 0.02 s
2025-04-12 17:52:39,142 - ***** Epoch: 153: Eval results *****
2025-04-12 17:52:39,142 -   tot_loss = 25.2086
2025-04-12 17:52:39,142 -   tot_loss_clu = 2.0867
2025-04-12 17:52:39,142 -   tot_loss_mms = 22.7853
2025-04-12 17:52:39,142 -   tot_loss_recon = 0.0067
2025-04-12 17:52:46,569 - start kmeans...
2025-04-12 17:52:46,587 - K-means used 0.02 s
2025-04-12 17:53:01,228 - ***** Epoch: 154: Eval results *****
2025-04-12 17:53:01,228 -   tot_loss = 25.2391
2025-04-12 17:53:01,228 -   tot_loss_clu = 2.0929
2025-04-12 17:53:01,229 -   tot_loss_mms = 22.8098
2025-04-12 17:53:01,229 -   tot_loss_recon = 0.0067
2025-04-12 17:53:08,454 - start kmeans...
2025-04-12 17:53:08,470 - K-means used 0.02 s
2025-04-12 17:53:22,497 - ***** Epoch: 155: Eval results *****
2025-04-12 17:53:22,497 -   tot_loss = 25.2263
2025-04-12 17:53:22,497 -   tot_loss_clu = 2.0956
2025-04-12 17:53:22,497 -   tot_loss_mms = 22.7932
2025-04-12 17:53:22,497 -   tot_loss_recon = 0.0068
2025-04-12 17:53:30,560 - start kmeans...
2025-04-12 17:53:30,598 - K-means used 0.04 s
2025-04-12 17:53:44,319 - ***** Epoch: 156: Eval results *****
2025-04-12 17:53:44,319 -   tot_loss = 25.1681
2025-04-12 17:53:44,320 -   tot_loss_clu = 2.0831
2025-04-12 17:53:44,320 -   tot_loss_mms = 22.7441
2025-04-12 17:53:44,320 -   tot_loss_recon = 0.0068
2025-04-12 17:53:51,731 - start kmeans...
2025-04-12 17:53:51,743 - K-means used 0.01 s
2025-04-12 17:54:06,181 - ***** Epoch: 157: Eval results *****
2025-04-12 17:54:06,181 -   tot_loss = 25.1265
2025-04-12 17:54:06,181 -   tot_loss_clu = 2.0818
2025-04-12 17:54:06,181 -   tot_loss_mms = 22.7023
2025-04-12 17:54:06,181 -   tot_loss_recon = 0.0068
2025-04-12 17:54:14,053 - start kmeans...
2025-04-12 17:54:14,100 - K-means used 0.05 s
2025-04-12 17:54:29,623 - ***** Epoch: 158: Eval results *****
2025-04-12 17:54:29,623 -   tot_loss = 25.1913
2025-04-12 17:54:29,623 -   tot_loss_clu = 2.0695
2025-04-12 17:54:29,623 -   tot_loss_mms = 22.7839
2025-04-12 17:54:29,623 -   tot_loss_recon = 0.0068
2025-04-12 17:54:37,114 - start kmeans...
2025-04-12 17:54:37,129 - K-means used 0.01 s
2025-04-12 17:54:50,039 - ***** Epoch: 159: Eval results *****
2025-04-12 17:54:50,039 -   tot_loss = 25.1229
2025-04-12 17:54:50,040 -   tot_loss_clu = 2.0796
2025-04-12 17:54:50,040 -   tot_loss_mms = 22.7049
2025-04-12 17:54:50,040 -   tot_loss_recon = 0.0068
2025-04-12 17:54:57,172 - start kmeans...
2025-04-12 17:54:57,186 - K-means used 0.01 s
2025-04-12 17:55:10,888 - ***** Epoch: 160: Eval results *****
2025-04-12 17:55:10,888 -   tot_loss = 25.1494
2025-04-12 17:55:10,888 -   tot_loss_clu = 2.0639
2025-04-12 17:55:10,888 -   tot_loss_mms = 22.7415
2025-04-12 17:55:10,888 -   tot_loss_recon = 0.0069
2025-04-12 17:55:18,805 - start kmeans...
2025-04-12 17:55:18,827 - K-means used 0.02 s
2025-04-12 17:55:32,692 - ***** Epoch: 161: Eval results *****
2025-04-12 17:55:32,692 -   tot_loss = 25.1553
2025-04-12 17:55:32,692 -   tot_loss_clu = 2.0722
2025-04-12 17:55:32,692 -   tot_loss_mms = 22.7434
2025-04-12 17:55:32,692 -   tot_loss_recon = 0.0068
2025-04-12 17:55:40,249 - start kmeans...
2025-04-12 17:55:40,267 - K-means used 0.02 s
2025-04-12 17:55:58,186 - ***** Epoch: 162: Eval results *****
2025-04-12 17:55:58,187 -   tot_loss = 25.144
2025-04-12 17:55:58,187 -   tot_loss_clu = 2.0702
2025-04-12 17:55:58,187 -   tot_loss_mms = 22.7313
2025-04-12 17:55:58,187 -   tot_loss_recon = 0.0069
2025-04-12 17:56:05,690 - start kmeans...
2025-04-12 17:56:05,705 - K-means used 0.02 s
2025-04-12 17:56:21,376 - ***** Epoch: 163: Eval results *****
2025-04-12 17:56:21,376 -   tot_loss = 25.1364
2025-04-12 17:56:21,376 -   tot_loss_clu = 2.081
2025-04-12 17:56:21,376 -   tot_loss_mms = 22.7159
2025-04-12 17:56:21,376 -   tot_loss_recon = 0.0068
2025-04-12 17:56:29,159 - start kmeans...
2025-04-12 17:56:29,225 - K-means used 0.07 s
2025-04-12 17:56:43,521 - ***** Epoch: 164: Eval results *****
2025-04-12 17:56:43,521 -   tot_loss = 25.1527
2025-04-12 17:56:43,522 -   tot_loss_clu = 2.07
2025-04-12 17:56:43,522 -   tot_loss_mms = 22.742
2025-04-12 17:56:43,522 -   tot_loss_recon = 0.0068
2025-04-12 17:56:50,899 - start kmeans...
2025-04-12 17:56:50,915 - K-means used 0.02 s
2025-04-12 17:57:03,922 - ***** Epoch: 165: Eval results *****
2025-04-12 17:57:03,922 -   tot_loss = 25.1362
2025-04-12 17:57:03,922 -   tot_loss_clu = 2.0806
2025-04-12 17:57:03,922 -   tot_loss_mms = 22.7159
2025-04-12 17:57:03,922 -   tot_loss_recon = 0.0068
2025-04-12 17:57:14,854 - start kmeans...
2025-04-12 17:57:14,904 - K-means used 0.05 s
2025-04-12 17:57:30,212 - ***** Epoch: 166: Eval results *****
2025-04-12 17:57:30,212 -   tot_loss = 25.1124
2025-04-12 17:57:30,212 -   tot_loss_clu = 2.0802
2025-04-12 17:57:30,212 -   tot_loss_mms = 22.6897
2025-04-12 17:57:30,212 -   tot_loss_recon = 0.0069
2025-04-12 17:57:37,392 - start kmeans...
2025-04-12 17:57:37,411 - K-means used 0.02 s
2025-04-12 17:57:53,134 - ***** Epoch: 167: Eval results *****
2025-04-12 17:57:53,134 -   tot_loss = 25.1171
2025-04-12 17:57:53,134 -   tot_loss_clu = 2.061
2025-04-12 17:57:53,134 -   tot_loss_mms = 22.7154
2025-04-12 17:57:53,134 -   tot_loss_recon = 0.0068
2025-04-12 17:58:00,515 - start kmeans...
2025-04-12 17:58:00,530 - K-means used 0.02 s
2025-04-12 17:58:13,580 - ***** Epoch: 168: Eval results *****
2025-04-12 17:58:13,581 -   tot_loss = 25.1386
2025-04-12 17:58:13,581 -   tot_loss_clu = 2.0817
2025-04-12 17:58:13,581 -   tot_loss_mms = 22.7152
2025-04-12 17:58:13,581 -   tot_loss_recon = 0.0068
2025-04-12 17:58:21,581 - start kmeans...
2025-04-12 17:58:21,605 - K-means used 0.02 s
2025-04-12 17:58:34,551 - ***** Epoch: 169: Eval results *****
2025-04-12 17:58:34,551 -   tot_loss = 25.084
2025-04-12 17:58:34,551 -   tot_loss_clu = 2.0753
2025-04-12 17:58:34,552 -   tot_loss_mms = 22.6665
2025-04-12 17:58:34,552 -   tot_loss_recon = 0.0068
2025-04-12 17:58:42,536 - start kmeans...
2025-04-12 17:58:42,548 - K-means used 0.01 s
2025-04-12 17:58:55,813 - ***** Epoch: 170: Eval results *****
2025-04-12 17:58:55,813 -   tot_loss = 25.0847
2025-04-12 17:58:55,813 -   tot_loss_clu = 2.0651
2025-04-12 17:58:55,813 -   tot_loss_mms = 22.6789
2025-04-12 17:58:55,814 -   tot_loss_recon = 0.0068
2025-04-12 17:59:02,654 - start kmeans...
2025-04-12 17:59:02,706 - K-means used 0.05 s
2025-04-12 17:59:16,207 - ***** Epoch: 171: Eval results *****
2025-04-12 17:59:16,207 -   tot_loss = 25.1075
2025-04-12 17:59:16,207 -   tot_loss_clu = 2.0763
2025-04-12 17:59:16,207 -   tot_loss_mms = 22.6897
2025-04-12 17:59:16,208 -   tot_loss_recon = 0.0068
2025-04-12 17:59:22,923 - start kmeans...
2025-04-12 17:59:23,021 - K-means used 0.1 s
2025-04-12 17:59:35,800 - ***** Epoch: 172: Eval results *****
2025-04-12 17:59:35,801 -   tot_loss = 25.0741
2025-04-12 17:59:35,801 -   tot_loss_clu = 2.0642
2025-04-12 17:59:35,801 -   tot_loss_mms = 22.6688
2025-04-12 17:59:35,801 -   tot_loss_recon = 0.0068
2025-04-12 17:59:43,897 - start kmeans...
2025-04-12 17:59:43,910 - K-means used 0.01 s
2025-04-12 17:59:56,828 - ***** Epoch: 173: Eval results *****
2025-04-12 17:59:56,829 -   tot_loss = 25.0828
2025-04-12 17:59:56,829 -   tot_loss_clu = 2.0777
2025-04-12 17:59:56,829 -   tot_loss_mms = 22.6618
2025-04-12 17:59:56,829 -   tot_loss_recon = 0.0069
2025-04-12 18:00:04,399 - start kmeans...
2025-04-12 18:00:04,410 - K-means used 0.01 s
2025-04-12 18:00:17,561 - ***** Epoch: 174: Eval results *****
2025-04-12 18:00:17,562 -   tot_loss = 25.0523
2025-04-12 18:00:17,562 -   tot_loss_clu = 2.0589
2025-04-12 18:00:17,562 -   tot_loss_mms = 22.651
2025-04-12 18:00:17,562 -   tot_loss_recon = 0.0068
2025-04-12 18:00:25,178 - start kmeans...
2025-04-12 18:00:25,193 - K-means used 0.02 s
2025-04-12 18:00:38,681 - ***** Epoch: 175: Eval results *****
2025-04-12 18:00:38,682 -   tot_loss = 25.0794
2025-04-12 18:00:38,682 -   tot_loss_clu = 2.0751
2025-04-12 18:00:38,682 -   tot_loss_mms = 22.6609
2025-04-12 18:00:38,682 -   tot_loss_recon = 0.0069
2025-04-12 18:00:46,641 - start kmeans...
2025-04-12 18:00:46,654 - K-means used 0.01 s
2025-04-12 18:01:05,013 - ***** Epoch: 176: Eval results *****
2025-04-12 18:01:05,013 -   tot_loss = 25.0811
2025-04-12 18:01:05,013 -   tot_loss_clu = 2.0721
2025-04-12 18:01:05,013 -   tot_loss_mms = 22.6673
2025-04-12 18:01:05,013 -   tot_loss_recon = 0.0068
2025-04-12 18:01:12,619 - start kmeans...
2025-04-12 18:01:12,633 - K-means used 0.01 s
2025-04-12 18:01:27,740 - ***** Epoch: 177: Eval results *****
2025-04-12 18:01:27,740 -   tot_loss = 25.0215
2025-04-12 18:01:27,740 -   tot_loss_clu = 2.0726
2025-04-12 18:01:27,740 -   tot_loss_mms = 22.6081
2025-04-12 18:01:27,740 -   tot_loss_recon = 0.0068
2025-04-12 18:01:38,013 - start kmeans...
2025-04-12 18:01:38,096 - K-means used 0.08 s
2025-04-12 18:02:08,038 - ***** Epoch: 178: Eval results *****
2025-04-12 18:02:08,039 -   tot_loss = 25.083
2025-04-12 18:02:08,039 -   tot_loss_clu = 2.0761
2025-04-12 18:02:08,039 -   tot_loss_mms = 22.6652
2025-04-12 18:02:08,039 -   tot_loss_recon = 0.0068
2025-04-12 18:02:21,028 - start kmeans...
2025-04-12 18:02:21,048 - K-means used 0.02 s
2025-04-12 18:02:37,495 - ***** Epoch: 179: Eval results *****
2025-04-12 18:02:37,495 -   tot_loss = 25.11
2025-04-12 18:02:37,496 -   tot_loss_clu = 2.0782
2025-04-12 18:02:37,496 -   tot_loss_mms = 22.6907
2025-04-12 18:02:37,496 -   tot_loss_recon = 0.0068
2025-04-12 18:02:45,964 - start kmeans...
2025-04-12 18:02:45,980 - K-means used 0.02 s
2025-04-12 18:03:00,378 - ***** Epoch: 180: Eval results *****
2025-04-12 18:03:00,379 -   tot_loss = 25.0634
2025-04-12 18:03:00,379 -   tot_loss_clu = 2.0775
2025-04-12 18:03:00,379 -   tot_loss_mms = 22.6436
2025-04-12 18:03:00,379 -   tot_loss_recon = 0.0068
2025-04-12 18:03:08,734 - start kmeans...
2025-04-12 18:03:08,746 - K-means used 0.01 s
2025-04-12 18:03:23,361 - ***** Epoch: 181: Eval results *****
2025-04-12 18:03:23,362 -   tot_loss = 25.0508
2025-04-12 18:03:23,362 -   tot_loss_clu = 2.0666
2025-04-12 18:03:23,362 -   tot_loss_mms = 22.64
2025-04-12 18:03:23,362 -   tot_loss_recon = 0.0069
2025-04-12 18:03:31,327 - start kmeans...
2025-04-12 18:03:31,344 - K-means used 0.02 s
2025-04-12 18:03:45,028 - ***** Epoch: 182: Eval results *****
2025-04-12 18:03:45,028 -   tot_loss = 25.0468
2025-04-12 18:03:45,028 -   tot_loss_clu = 2.0686
2025-04-12 18:03:45,028 -   tot_loss_mms = 22.6373
2025-04-12 18:03:45,029 -   tot_loss_recon = 0.0068
2025-04-12 18:03:53,460 - start kmeans...
2025-04-12 18:03:53,480 - K-means used 0.02 s
2025-04-12 18:04:08,149 - ***** Epoch: 183: Eval results *****
2025-04-12 18:04:08,150 -   tot_loss = 25.0836
2025-04-12 18:04:08,150 -   tot_loss_clu = 2.0699
2025-04-12 18:04:08,150 -   tot_loss_mms = 22.6717
2025-04-12 18:04:08,150 -   tot_loss_recon = 0.0068
2025-04-12 18:04:16,704 - start kmeans...
2025-04-12 18:04:16,726 - K-means used 0.02 s
2025-04-12 18:04:31,721 - ***** Epoch: 184: Eval results *****
2025-04-12 18:04:31,721 -   tot_loss = 25.062
2025-04-12 18:04:31,721 -   tot_loss_clu = 2.073
2025-04-12 18:04:31,721 -   tot_loss_mms = 22.6479
2025-04-12 18:04:31,721 -   tot_loss_recon = 0.0068
2025-04-12 18:04:39,947 - start kmeans...
2025-04-12 18:04:39,963 - K-means used 0.02 s
2025-04-12 18:04:54,645 - ***** Epoch: 185: Eval results *****
2025-04-12 18:04:54,646 -   tot_loss = 25.0619
2025-04-12 18:04:54,646 -   tot_loss_clu = 2.0768
2025-04-12 18:04:54,646 -   tot_loss_mms = 22.6451
2025-04-12 18:04:54,646 -   tot_loss_recon = 0.0068
2025-04-12 18:05:03,003 - start kmeans...
2025-04-12 18:05:03,017 - K-means used 0.01 s
2025-04-12 18:05:16,925 - ***** Epoch: 186: Eval results *****
2025-04-12 18:05:16,925 -   tot_loss = 25.1137
2025-04-12 18:05:16,926 -   tot_loss_clu = 2.0607
2025-04-12 18:05:16,926 -   tot_loss_mms = 22.7123
2025-04-12 18:05:16,926 -   tot_loss_recon = 0.0068
2025-04-12 18:05:25,549 - start kmeans...
2025-04-12 18:05:25,563 - K-means used 0.01 s
2025-04-12 18:05:40,618 - ***** Epoch: 187: Eval results *****
2025-04-12 18:05:40,618 -   tot_loss = 25.0776
2025-04-12 18:05:40,618 -   tot_loss_clu = 2.0722
2025-04-12 18:05:40,618 -   tot_loss_mms = 22.6665
2025-04-12 18:05:40,618 -   tot_loss_recon = 0.0068
2025-04-12 18:05:48,514 - start kmeans...
2025-04-12 18:05:48,528 - K-means used 0.01 s
2025-04-12 18:06:02,612 - ***** Epoch: 188: Eval results *****
2025-04-12 18:06:02,613 -   tot_loss = 25.0545
2025-04-12 18:06:02,613 -   tot_loss_clu = 2.0658
2025-04-12 18:06:02,613 -   tot_loss_mms = 22.6473
2025-04-12 18:06:02,613 -   tot_loss_recon = 0.0068
2025-04-12 18:06:10,844 - start kmeans...
2025-04-12 18:06:10,858 - K-means used 0.01 s
2025-04-12 18:06:26,891 - ***** Epoch: 189: Eval results *****
2025-04-12 18:06:26,891 -   tot_loss = 25.0987
2025-04-12 18:06:26,891 -   tot_loss_clu = 2.0543
2025-04-12 18:06:26,891 -   tot_loss_mms = 22.7042
2025-04-12 18:06:26,891 -   tot_loss_recon = 0.0068
2025-04-12 18:06:35,082 - start kmeans...
2025-04-12 18:06:35,097 - K-means used 0.02 s
2025-04-12 18:06:49,043 - ***** Epoch: 190: Eval results *****
2025-04-12 18:06:49,043 -   tot_loss = 25.0526
2025-04-12 18:06:49,043 -   tot_loss_clu = 2.0605
2025-04-12 18:06:49,043 -   tot_loss_mms = 22.6514
2025-04-12 18:06:49,043 -   tot_loss_recon = 0.0068
2025-04-12 18:06:57,578 - start kmeans...
2025-04-12 18:06:57,592 - K-means used 0.01 s
2025-04-12 18:07:13,393 - ***** Epoch: 191: Eval results *****
2025-04-12 18:07:13,393 -   tot_loss = 25.0484
2025-04-12 18:07:13,393 -   tot_loss_clu = 2.0727
2025-04-12 18:07:13,393 -   tot_loss_mms = 22.6348
2025-04-12 18:07:13,393 -   tot_loss_recon = 0.0068
2025-04-12 18:07:21,967 - start kmeans...
2025-04-12 18:07:21,983 - K-means used 0.02 s
2025-04-12 18:07:36,140 - ***** Epoch: 192: Eval results *****
2025-04-12 18:07:36,140 -   tot_loss = 25.0457
2025-04-12 18:07:36,140 -   tot_loss_clu = 2.0692
2025-04-12 18:07:36,140 -   tot_loss_mms = 22.6362
2025-04-12 18:07:36,140 -   tot_loss_recon = 0.0068
2025-04-12 18:07:44,429 - start kmeans...
2025-04-12 18:07:44,443 - K-means used 0.01 s
2025-04-12 18:07:57,880 - ***** Epoch: 193: Eval results *****
2025-04-12 18:07:57,881 -   tot_loss = 25.0187
2025-04-12 18:07:57,881 -   tot_loss_clu = 2.062
2025-04-12 18:07:57,881 -   tot_loss_mms = 22.6151
2025-04-12 18:07:57,881 -   tot_loss_recon = 0.0068
2025-04-12 18:08:06,269 - start kmeans...
2025-04-12 18:08:06,284 - K-means used 0.01 s
2025-04-12 18:08:22,313 - ***** Epoch: 194: Eval results *****
2025-04-12 18:08:22,313 -   tot_loss = 25.0795
2025-04-12 18:08:22,313 -   tot_loss_clu = 2.0789
2025-04-12 18:08:22,313 -   tot_loss_mms = 22.6583
2025-04-12 18:08:22,314 -   tot_loss_recon = 0.0068
2025-04-12 18:08:30,699 - start kmeans...
2025-04-12 18:08:30,719 - K-means used 0.02 s
2025-04-12 18:08:44,350 - ***** Epoch: 195: Eval results *****
2025-04-12 18:08:44,351 -   tot_loss = 25.0816
2025-04-12 18:08:44,351 -   tot_loss_clu = 2.0765
2025-04-12 18:08:44,351 -   tot_loss_mms = 22.6611
2025-04-12 18:08:44,351 -   tot_loss_recon = 0.0069
2025-04-12 18:08:52,284 - start kmeans...
2025-04-12 18:08:52,300 - K-means used 0.02 s
2025-04-12 18:09:06,025 - ***** Epoch: 196: Eval results *****
2025-04-12 18:09:06,026 -   tot_loss = 25.0746
2025-04-12 18:09:06,026 -   tot_loss_clu = 2.0701
2025-04-12 18:09:06,026 -   tot_loss_mms = 22.6645
2025-04-12 18:09:06,026 -   tot_loss_recon = 0.0068
2025-04-12 18:09:14,180 - start kmeans...
2025-04-12 18:09:14,196 - K-means used 0.02 s
2025-04-12 18:09:28,452 - ***** Epoch: 197: Eval results *****
2025-04-12 18:09:28,453 -   tot_loss = 25.0661
2025-04-12 18:09:28,453 -   tot_loss_clu = 2.0799
2025-04-12 18:09:28,453 -   tot_loss_mms = 22.6473
2025-04-12 18:09:28,453 -   tot_loss_recon = 0.0068
2025-04-12 18:09:36,713 - start kmeans...
2025-04-12 18:09:36,728 - K-means used 0.02 s
2025-04-12 18:09:51,293 - ***** Epoch: 198: Eval results *****
2025-04-12 18:09:51,294 -   tot_loss = 25.063
2025-04-12 18:09:51,294 -   tot_loss_clu = 2.0638
2025-04-12 18:09:51,294 -   tot_loss_mms = 22.6578
2025-04-12 18:09:51,294 -   tot_loss_recon = 0.0068
2025-04-12 18:09:59,801 - start kmeans...
2025-04-12 18:09:59,816 - K-means used 0.01 s
2025-04-12 18:10:13,466 - ***** Epoch: 199: Eval results *****
2025-04-12 18:10:13,467 -   tot_loss = 25.0634
2025-04-12 18:10:13,467 -   tot_loss_clu = 2.0753
2025-04-12 18:10:13,467 -   tot_loss_mms = 22.6462
2025-04-12 18:10:13,467 -   tot_loss_recon = 0.0068
2025-04-12 18:10:21,693 - start kmeans...
2025-04-12 18:10:21,706 - K-means used 0.01 s
2025-04-12 18:10:34,969 - ***** Epoch: 200: Eval results *****
2025-04-12 18:10:34,969 -   tot_loss = 25.0627
2025-04-12 18:10:34,969 -   tot_loss_clu = 2.0526
2025-04-12 18:10:34,969 -   tot_loss_mms = 22.6681
2025-04-12 18:10:34,969 -   tot_loss_recon = 0.0068
2025-04-12 18:10:40,192 - ***** Test results *****
2025-04-12 18:10:40,193 -   ACC = 17.98
2025-04-12 18:10:40,193 -   ARI = 2.45
2025-04-12 18:10:40,193 -   NMI = 20.24
2025-04-12 18:10:40,193 -   fmi = 9.97
2025-04-12 18:10:40,194 - Trained models are saved in /root/autodl-tmp/home/lizhuohang/reaserch/EMNLP/UMC/outputs/MIntRec/mcn_mcn_MIntRec_bert-base-uncased_2/models
2025-04-12 18:10:41,339 - Training is finished...
2025-04-12 18:10:41,339 - Testing begins...
2025-04-12 18:10:45,170 - ***** Test results *****
2025-04-12 18:10:45,171 -   ACC = 17.98
2025-04-12 18:10:45,172 -   ARI = 2.45
2025-04-12 18:10:45,172 -   NMI = 20.24
2025-04-12 18:10:45,172 -   fmi = 9.97
2025-04-12 18:10:45,173 - Testing is finished...
2025-04-12 18:10:45,173 - Multimodal intent recognition is finished...
2025-04-12 18:10:45,173 - Results are saved in results/results_mcn.csv
