2025-04-12 18:11:01,302 - ============================== Params ==============================
2025-04-12 18:11:01,303 - logger_name: mcn_mcn_bert-base-uncased_MIntRec_3
2025-04-12 18:11:01,303 - dataset: MIntRec
2025-04-12 18:11:01,303 - multimodal_method: mcn
2025-04-12 18:11:01,303 - method: mcn
2025-04-12 18:11:01,303 - text_backbone: bert-base-uncased
2025-04-12 18:11:01,303 - seed: 3
2025-04-12 18:11:01,303 - num_workers: 8
2025-04-12 18:11:01,303 - log_id: mcn_mcn_bert-base-uncased_MIntRec_3_2025-04-12-18-11-01
2025-04-12 18:11:01,303 - gpu_id: 0
2025-04-12 18:11:01,303 - data_path: /root/autodl-tmp/home/Share/Dataset/LZH
2025-04-12 18:11:01,303 - train: True
2025-04-12 18:11:01,303 - tune: True
2025-04-12 18:11:01,303 - save_model: True
2025-04-12 18:11:01,303 - save_results: True
2025-04-12 18:11:01,303 - log_path: logs
2025-04-12 18:11:01,304 - cache_path: cache
2025-04-12 18:11:01,304 - video_data_path: video_data
2025-04-12 18:11:01,304 - audio_data_path: audio_data
2025-04-12 18:11:01,304 - video_feats_path: video_feats.pkl
2025-04-12 18:11:01,304 - audio_feats_path: audio_feats.pkl
2025-04-12 18:11:01,304 - results_path: results
2025-04-12 18:11:01,304 - output_path: /root/autodl-tmp/home/lizhuohang/reaserch/EMNLP/UMC/outputs/MIntRec
2025-04-12 18:11:01,304 - model_path: models
2025-04-12 18:11:01,304 - config_file_name: mcn
2025-04-12 18:11:01,304 - results_file_name: results_mcn.csv
2025-04-12 18:11:01,304 - text_pretrained_model: uncased_L-12_H-768_A-12
2025-04-12 18:11:01,304 - text_seq_len: 30
2025-04-12 18:11:01,304 - video_seq_len: 230
2025-04-12 18:11:01,304 - audio_seq_len: 480
2025-04-12 18:11:01,304 - text_feat_dim: None
2025-04-12 18:11:01,304 - video_feat_dim: None
2025-04-12 18:11:01,304 - audio_feat_dim: None
2025-04-12 18:11:01,304 - num_labels: 20
2025-04-12 18:11:01,304 - num_train_examples: 1779
2025-04-12 18:11:01,304 - pretrained_model: uncased_L-12_H-768_A-12
2025-04-12 18:11:01,304 - num_train_epochs: 200
2025-04-12 18:11:01,304 - t_dim: 768
2025-04-12 18:11:01,304 - a_dim: 768
2025-04-12 18:11:01,304 - v_dim: 256
2025-04-12 18:11:01,304 - lr: [0.0001]
2025-04-12 18:11:01,304 - warmup_steps: 100
2025-04-12 18:11:01,304 - embd_dim: [256]
2025-04-12 18:11:01,304 - recon_size: [128]
2025-04-12 18:11:01,304 - recon: True
2025-04-12 18:11:01,304 - clu_lamb: [1]
2025-04-12 18:11:01,305 - recon_w: [50]
2025-04-12 18:11:01,305 - feature_extractor_method: ['mean']
2025-04-12 18:11:01,305 - freeze_train_bert_parameters: [True]
2025-04-12 18:11:01,305 - nheads: 8
2025-04-12 18:11:01,305 - attn_dropout: 0.1
2025-04-12 18:11:01,305 - relu_dropout: 0.1
2025-04-12 18:11:01,305 - embed_dropout: 0.1
2025-04-12 18:11:01,305 - res_dropout: 0.1
2025-04-12 18:11:01,305 - attn_mask: True
2025-04-12 18:11:01,305 - feats_processing_type: padding
2025-04-12 18:11:01,305 - padding_mode: zero
2025-04-12 18:11:01,305 - padding_loc: end
2025-04-12 18:11:01,305 - train_batch_size: 128
2025-04-12 18:11:01,305 - eval_batch_size: 64
2025-04-12 18:11:01,305 - test_batch_size: 64
2025-04-12 18:11:01,305 - wait_patience: 10
2025-04-12 18:11:01,305 - pred_output_path: /root/autodl-tmp/home/lizhuohang/reaserch/EMNLP/UMC/outputs/MIntRec/mcn_mcn_MIntRec_bert-base-uncased_3
2025-04-12 18:11:01,305 - model_output_path: /root/autodl-tmp/home/lizhuohang/reaserch/EMNLP/UMC/outputs/MIntRec/mcn_mcn_MIntRec_bert-base-uncased_3/models
2025-04-12 18:11:01,305 - ============================== End Params ==============================
2025-04-12 18:11:02,406 - Freeze all parameters but the last layer for efficiency
2025-04-12 18:11:02,409 - Multimodal Intent Recognition begins...
2025-04-12 18:11:02,409 - Training begins...
2025-04-12 18:11:10,358 - start kmeans...
2025-04-12 18:11:10,436 - K-means used 0.08 s
2025-04-12 18:11:22,587 - ***** Epoch: 1: Eval results *****
2025-04-12 18:11:22,588 -   tot_loss = 43.5418
2025-04-12 18:11:22,588 -   tot_loss_clu = 2.9865
2025-04-12 18:11:22,588 -   tot_loss_mms = 29.0725
2025-04-12 18:11:22,588 -   tot_loss_recon = 0.2297
2025-04-12 18:11:31,149 - start kmeans...
2025-04-12 18:11:31,165 - K-means used 0.02 s
2025-04-12 18:11:44,307 - ***** Epoch: 2: Eval results *****
2025-04-12 18:11:44,308 -   tot_loss = 40.5427
2025-04-12 18:11:44,308 -   tot_loss_clu = 2.9883
2025-04-12 18:11:44,308 -   tot_loss_mms = 29.0701
2025-04-12 18:11:44,308 -   tot_loss_recon = 0.1697
2025-04-12 18:11:51,715 - start kmeans...
2025-04-12 18:11:51,734 - K-means used 0.02 s
2025-04-12 18:12:05,736 - ***** Epoch: 3: Eval results *****
2025-04-12 18:12:05,736 -   tot_loss = 36.5813
2025-04-12 18:12:05,736 -   tot_loss_clu = 2.9929
2025-04-12 18:12:05,737 -   tot_loss_mms = 29.0647
2025-04-12 18:12:05,737 -   tot_loss_recon = 0.0905
2025-04-12 18:12:13,180 - start kmeans...
2025-04-12 18:12:13,210 - K-means used 0.03 s
2025-04-12 18:12:27,992 - ***** Epoch: 4: Eval results *****
2025-04-12 18:12:27,992 -   tot_loss = 33.6497
2025-04-12 18:12:27,992 -   tot_loss_clu = 3.0164
2025-04-12 18:12:27,992 -   tot_loss_mms = 29.0594
2025-04-12 18:12:27,992 -   tot_loss_recon = 0.0315
2025-04-12 18:12:35,902 - start kmeans...
2025-04-12 18:12:35,943 - K-means used 0.04 s
2025-04-12 18:12:50,681 - ***** Epoch: 5: Eval results *****
2025-04-12 18:12:50,681 -   tot_loss = 32.676
2025-04-12 18:12:50,681 -   tot_loss_clu = 3.0149
2025-04-12 18:12:50,681 -   tot_loss_mms = 29.0579
2025-04-12 18:12:50,681 -   tot_loss_recon = 0.0121
2025-04-12 18:12:58,258 - start kmeans...
2025-04-12 18:12:58,284 - K-means used 0.03 s
2025-04-12 18:13:13,334 - ***** Epoch: 6: Eval results *****
2025-04-12 18:13:13,334 -   tot_loss = 32.5423
2025-04-12 18:13:13,334 -   tot_loss_clu = 3.0151
2025-04-12 18:13:13,334 -   tot_loss_mms = 29.0534
2025-04-12 18:13:13,334 -   tot_loss_recon = 0.0095
2025-04-12 18:13:20,789 - start kmeans...
2025-04-12 18:13:20,812 - K-means used 0.02 s
2025-04-12 18:13:34,372 - ***** Epoch: 7: Eval results *****
2025-04-12 18:13:34,373 -   tot_loss = 32.49
2025-04-12 18:13:34,373 -   tot_loss_clu = 3.0216
2025-04-12 18:13:34,373 -   tot_loss_mms = 29.0429
2025-04-12 18:13:34,373 -   tot_loss_recon = 0.0085
2025-04-12 18:13:42,044 - start kmeans...
2025-04-12 18:13:42,067 - K-means used 0.02 s
2025-04-12 18:13:55,593 - ***** Epoch: 8: Eval results *****
2025-04-12 18:13:55,594 -   tot_loss = 32.4291
2025-04-12 18:13:55,594 -   tot_loss_clu = 3.0279
2025-04-12 18:13:55,594 -   tot_loss_mms = 29.024
2025-04-12 18:13:55,594 -   tot_loss_recon = 0.0075
2025-04-12 18:14:02,813 - start kmeans...
2025-04-12 18:14:02,841 - K-means used 0.03 s
2025-04-12 18:14:16,071 - ***** Epoch: 9: Eval results *****
2025-04-12 18:14:16,072 -   tot_loss = 32.3698
2025-04-12 18:14:16,072 -   tot_loss_clu = 3.0377
2025-04-12 18:14:16,072 -   tot_loss_mms = 28.9968
2025-04-12 18:14:16,072 -   tot_loss_recon = 0.0067
2025-04-12 18:14:23,521 - start kmeans...
2025-04-12 18:14:23,555 - K-means used 0.03 s
2025-04-12 18:14:36,657 - ***** Epoch: 10: Eval results *****
2025-04-12 18:14:36,658 -   tot_loss = 32.3366
2025-04-12 18:14:36,658 -   tot_loss_clu = 3.0518
2025-04-12 18:14:36,658 -   tot_loss_mms = 28.9767
2025-04-12 18:14:36,658 -   tot_loss_recon = 0.0062
2025-04-12 18:14:43,565 - start kmeans...
2025-04-12 18:14:43,585 - K-means used 0.02 s
2025-04-12 18:14:57,018 - ***** Epoch: 11: Eval results *****
2025-04-12 18:14:57,018 -   tot_loss = 32.31
2025-04-12 18:14:57,018 -   tot_loss_clu = 3.0535
2025-04-12 18:14:57,018 -   tot_loss_mms = 28.9658
2025-04-12 18:14:57,018 -   tot_loss_recon = 0.0058
2025-04-12 18:15:04,431 - start kmeans...
2025-04-12 18:15:04,458 - K-means used 0.03 s
2025-04-12 18:15:18,248 - ***** Epoch: 12: Eval results *****
2025-04-12 18:15:18,249 -   tot_loss = 32.2892
2025-04-12 18:15:18,249 -   tot_loss_clu = 3.0513
2025-04-12 18:15:18,250 -   tot_loss_mms = 28.9587
2025-04-12 18:15:18,250 -   tot_loss_recon = 0.0056
2025-04-12 18:15:25,732 - start kmeans...
2025-04-12 18:15:25,748 - K-means used 0.02 s
2025-04-12 18:15:39,834 - ***** Epoch: 13: Eval results *****
2025-04-12 18:15:39,834 -   tot_loss = 32.2684
2025-04-12 18:15:39,834 -   tot_loss_clu = 3.0487
2025-04-12 18:15:39,834 -   tot_loss_mms = 28.9487
2025-04-12 18:15:39,834 -   tot_loss_recon = 0.0054
2025-04-12 18:15:47,395 - start kmeans...
2025-04-12 18:15:47,416 - K-means used 0.02 s
2025-04-12 18:16:01,128 - ***** Epoch: 14: Eval results *****
2025-04-12 18:16:01,129 -   tot_loss = 32.2563
2025-04-12 18:16:01,129 -   tot_loss_clu = 3.0476
2025-04-12 18:16:01,129 -   tot_loss_mms = 28.9461
2025-04-12 18:16:01,129 -   tot_loss_recon = 0.0053
2025-04-12 18:16:08,422 - start kmeans...
2025-04-12 18:16:08,445 - K-means used 0.02 s
2025-04-12 18:16:22,029 - ***** Epoch: 15: Eval results *****
2025-04-12 18:16:22,029 -   tot_loss = 32.2437
2025-04-12 18:16:22,029 -   tot_loss_clu = 3.0554
2025-04-12 18:16:22,029 -   tot_loss_mms = 28.9321
2025-04-12 18:16:22,030 -   tot_loss_recon = 0.0051
2025-04-12 18:16:30,361 - start kmeans...
2025-04-12 18:16:30,380 - K-means used 0.02 s
2025-04-12 18:16:43,400 - ***** Epoch: 16: Eval results *****
2025-04-12 18:16:43,400 -   tot_loss = 32.2282
2025-04-12 18:16:43,400 -   tot_loss_clu = 3.0561
2025-04-12 18:16:43,400 -   tot_loss_mms = 28.9228
2025-04-12 18:16:43,400 -   tot_loss_recon = 0.005
2025-04-12 18:16:50,695 - start kmeans...
2025-04-12 18:16:50,723 - K-means used 0.03 s
2025-04-12 18:17:06,105 - ***** Epoch: 17: Eval results *****
2025-04-12 18:17:06,106 -   tot_loss = 32.2106
2025-04-12 18:17:06,106 -   tot_loss_clu = 3.0545
2025-04-12 18:17:06,106 -   tot_loss_mms = 28.9103
2025-04-12 18:17:06,106 -   tot_loss_recon = 0.0049
2025-04-12 18:17:13,384 - start kmeans...
2025-04-12 18:17:13,429 - K-means used 0.05 s
2025-04-12 18:17:25,957 - ***** Epoch: 18: Eval results *****
2025-04-12 18:17:25,957 -   tot_loss = 32.1897
2025-04-12 18:17:25,957 -   tot_loss_clu = 3.053
2025-04-12 18:17:25,957 -   tot_loss_mms = 28.8929
2025-04-12 18:17:25,957 -   tot_loss_recon = 0.0049
2025-04-12 18:17:34,232 - start kmeans...
2025-04-12 18:17:34,248 - K-means used 0.02 s
2025-04-12 18:17:49,580 - ***** Epoch: 19: Eval results *****
2025-04-12 18:17:49,581 -   tot_loss = 32.1673
2025-04-12 18:17:49,581 -   tot_loss_clu = 3.0477
2025-04-12 18:17:49,581 -   tot_loss_mms = 28.8755
2025-04-12 18:17:49,581 -   tot_loss_recon = 0.0049
2025-04-12 18:17:57,718 - start kmeans...
2025-04-12 18:17:57,734 - K-means used 0.02 s
2025-04-12 18:18:11,423 - ***** Epoch: 20: Eval results *****
2025-04-12 18:18:11,424 -   tot_loss = 32.1399
2025-04-12 18:18:11,424 -   tot_loss_clu = 3.0453
2025-04-12 18:18:11,424 -   tot_loss_mms = 28.8479
2025-04-12 18:18:11,424 -   tot_loss_recon = 0.0049
2025-04-12 18:18:18,684 - start kmeans...
2025-04-12 18:18:18,700 - K-means used 0.02 s
2025-04-12 18:18:31,391 - ***** Epoch: 21: Eval results *****
2025-04-12 18:18:31,391 -   tot_loss = 32.1037
2025-04-12 18:18:31,392 -   tot_loss_clu = 3.0523
2025-04-12 18:18:31,392 -   tot_loss_mms = 28.7987
2025-04-12 18:18:31,392 -   tot_loss_recon = 0.0051
2025-04-12 18:18:38,805 - start kmeans...
2025-04-12 18:18:38,822 - K-means used 0.02 s
2025-04-12 18:18:52,981 - ***** Epoch: 22: Eval results *****
2025-04-12 18:18:52,981 -   tot_loss = 32.066
2025-04-12 18:18:52,981 -   tot_loss_clu = 3.0623
2025-04-12 18:18:52,981 -   tot_loss_mms = 28.74
2025-04-12 18:18:52,981 -   tot_loss_recon = 0.0053
2025-04-12 18:19:01,301 - start kmeans...
2025-04-12 18:19:01,414 - K-means used 0.11 s
2025-04-12 18:19:17,252 - ***** Epoch: 23: Eval results *****
2025-04-12 18:19:17,252 -   tot_loss = 32.0067
2025-04-12 18:19:17,252 -   tot_loss_clu = 3.0515
2025-04-12 18:19:17,252 -   tot_loss_mms = 28.6728
2025-04-12 18:19:17,252 -   tot_loss_recon = 0.0056
2025-04-12 18:19:24,421 - start kmeans...
2025-04-12 18:19:24,440 - K-means used 0.02 s
2025-04-12 18:19:38,937 - ***** Epoch: 24: Eval results *****
2025-04-12 18:19:38,937 -   tot_loss = 31.9391
2025-04-12 18:19:38,937 -   tot_loss_clu = 3.0481
2025-04-12 18:19:38,937 -   tot_loss_mms = 28.5899
2025-04-12 18:19:38,937 -   tot_loss_recon = 0.006
2025-04-12 18:19:46,286 - start kmeans...
2025-04-12 18:19:46,304 - K-means used 0.02 s
2025-04-12 18:20:00,262 - ***** Epoch: 25: Eval results *****
2025-04-12 18:20:00,263 -   tot_loss = 31.8653
2025-04-12 18:20:00,263 -   tot_loss_clu = 3.0463
2025-04-12 18:20:00,263 -   tot_loss_mms = 28.5052
2025-04-12 18:20:00,263 -   tot_loss_recon = 0.0063
2025-04-12 18:20:07,338 - start kmeans...
2025-04-12 18:20:07,364 - K-means used 0.03 s
2025-04-12 18:20:20,741 - ***** Epoch: 26: Eval results *****
2025-04-12 18:20:20,742 -   tot_loss = 31.7739
2025-04-12 18:20:20,742 -   tot_loss_clu = 3.0101
2025-04-12 18:20:20,742 -   tot_loss_mms = 28.4409
2025-04-12 18:20:20,742 -   tot_loss_recon = 0.0065
2025-04-12 18:20:27,843 - start kmeans...
2025-04-12 18:20:27,864 - K-means used 0.02 s
2025-04-12 18:20:42,905 - ***** Epoch: 27: Eval results *****
2025-04-12 18:20:42,905 -   tot_loss = 31.6312
2025-04-12 18:20:42,905 -   tot_loss_clu = 2.958
2025-04-12 18:20:42,905 -   tot_loss_mms = 28.3417
2025-04-12 18:20:42,905 -   tot_loss_recon = 0.0066
2025-04-12 18:20:50,614 - start kmeans...
2025-04-12 18:20:50,659 - K-means used 0.04 s
2025-04-12 18:21:04,440 - ***** Epoch: 28: Eval results *****
2025-04-12 18:21:04,440 -   tot_loss = 31.4369
2025-04-12 18:21:04,440 -   tot_loss_clu = 2.9173
2025-04-12 18:21:04,440 -   tot_loss_mms = 28.1914
2025-04-12 18:21:04,441 -   tot_loss_recon = 0.0066
2025-04-12 18:21:11,600 - start kmeans...
2025-04-12 18:21:11,640 - K-means used 0.04 s
2025-04-12 18:21:26,190 - ***** Epoch: 29: Eval results *****
2025-04-12 18:21:26,190 -   tot_loss = 31.2278
2025-04-12 18:21:26,190 -   tot_loss_clu = 2.8884
2025-04-12 18:21:26,191 -   tot_loss_mms = 28.0575
2025-04-12 18:21:26,191 -   tot_loss_recon = 0.0056
2025-04-12 18:21:33,896 - start kmeans...
2025-04-12 18:21:33,946 - K-means used 0.05 s
2025-04-12 18:21:47,404 - ***** Epoch: 30: Eval results *****
2025-04-12 18:21:47,405 -   tot_loss = 31.2123
2025-04-12 18:21:47,405 -   tot_loss_clu = 3.0002
2025-04-12 18:21:47,405 -   tot_loss_mms = 27.9389
2025-04-12 18:21:47,405 -   tot_loss_recon = 0.0055
2025-04-12 18:21:54,869 - start kmeans...
2025-04-12 18:21:54,887 - K-means used 0.02 s
2025-04-12 18:22:07,222 - ***** Epoch: 31: Eval results *****
2025-04-12 18:22:07,222 -   tot_loss = 31.1933
2025-04-12 18:22:07,222 -   tot_loss_clu = 3.0597
2025-04-12 18:22:07,222 -   tot_loss_mms = 27.8798
2025-04-12 18:22:07,222 -   tot_loss_recon = 0.0051
2025-04-12 18:22:14,413 - start kmeans...
2025-04-12 18:22:14,430 - K-means used 0.02 s
2025-04-12 18:22:27,903 - ***** Epoch: 32: Eval results *****
2025-04-12 18:22:27,903 -   tot_loss = 31.1625
2025-04-12 18:22:27,903 -   tot_loss_clu = 3.0795
2025-04-12 18:22:27,903 -   tot_loss_mms = 27.8364
2025-04-12 18:22:27,904 -   tot_loss_recon = 0.0049
2025-04-12 18:22:35,797 - start kmeans...
2025-04-12 18:22:35,816 - K-means used 0.02 s
2025-04-12 18:22:48,614 - ***** Epoch: 33: Eval results *****
2025-04-12 18:22:48,614 -   tot_loss = 31.2149
2025-04-12 18:22:48,614 -   tot_loss_clu = 3.1307
2025-04-12 18:22:48,614 -   tot_loss_mms = 27.8462
2025-04-12 18:22:48,614 -   tot_loss_recon = 0.0048
2025-04-12 18:22:55,763 - start kmeans...
2025-04-12 18:22:55,793 - K-means used 0.03 s
2025-04-12 18:23:08,815 - ***** Epoch: 34: Eval results *****
2025-04-12 18:23:08,815 -   tot_loss = 31.132
2025-04-12 18:23:08,815 -   tot_loss_clu = 3.12
2025-04-12 18:23:08,815 -   tot_loss_mms = 27.78
2025-04-12 18:23:08,815 -   tot_loss_recon = 0.0046
2025-04-12 18:23:16,184 - start kmeans...
2025-04-12 18:23:16,198 - K-means used 0.01 s
2025-04-12 18:23:29,573 - ***** Epoch: 35: Eval results *****
2025-04-12 18:23:29,573 -   tot_loss = 31.074
2025-04-12 18:23:29,574 -   tot_loss_clu = 3.0966
2025-04-12 18:23:29,574 -   tot_loss_mms = 27.7488
2025-04-12 18:23:29,574 -   tot_loss_recon = 0.0046
2025-04-12 18:23:36,800 - start kmeans...
2025-04-12 18:23:36,826 - K-means used 0.03 s
2025-04-12 18:23:50,144 - ***** Epoch: 36: Eval results *****
2025-04-12 18:23:50,145 -   tot_loss = 31.035
2025-04-12 18:23:50,145 -   tot_loss_clu = 3.0789
2025-04-12 18:23:50,146 -   tot_loss_mms = 27.729
2025-04-12 18:23:50,146 -   tot_loss_recon = 0.0045
2025-04-12 18:23:57,510 - start kmeans...
2025-04-12 18:23:57,528 - K-means used 0.02 s
2025-04-12 18:24:10,854 - ***** Epoch: 37: Eval results *****
2025-04-12 18:24:10,854 -   tot_loss = 30.9819
2025-04-12 18:24:10,854 -   tot_loss_clu = 3.0745
2025-04-12 18:24:10,854 -   tot_loss_mms = 27.6817
2025-04-12 18:24:10,854 -   tot_loss_recon = 0.0045
2025-04-12 18:24:17,958 - start kmeans...
2025-04-12 18:24:17,974 - K-means used 0.02 s
2025-04-12 18:24:30,857 - ***** Epoch: 38: Eval results *****
2025-04-12 18:24:30,858 -   tot_loss = 30.9945
2025-04-12 18:24:30,858 -   tot_loss_clu = 3.1175
2025-04-12 18:24:30,858 -   tot_loss_mms = 27.6531
2025-04-12 18:24:30,858 -   tot_loss_recon = 0.0045
2025-04-12 18:24:38,352 - start kmeans...
2025-04-12 18:24:38,377 - K-means used 0.03 s
2025-04-12 18:24:51,663 - ***** Epoch: 39: Eval results *****
2025-04-12 18:24:51,664 -   tot_loss = 30.9391
2025-04-12 18:24:51,664 -   tot_loss_clu = 3.1309
2025-04-12 18:24:51,664 -   tot_loss_mms = 27.5859
2025-04-12 18:24:51,664 -   tot_loss_recon = 0.0044
2025-04-12 18:24:58,570 - start kmeans...
2025-04-12 18:24:58,594 - K-means used 0.02 s
2025-04-12 18:25:12,521 - ***** Epoch: 40: Eval results *****
2025-04-12 18:25:12,521 -   tot_loss = 30.8749
2025-04-12 18:25:12,521 -   tot_loss_clu = 3.1141
2025-04-12 18:25:12,521 -   tot_loss_mms = 27.5407
2025-04-12 18:25:12,521 -   tot_loss_recon = 0.0044
2025-04-12 18:25:19,583 - start kmeans...
2025-04-12 18:25:19,600 - K-means used 0.02 s
2025-04-12 18:25:32,136 - ***** Epoch: 41: Eval results *****
2025-04-12 18:25:32,137 -   tot_loss = 30.8758
2025-04-12 18:25:32,137 -   tot_loss_clu = 3.0949
2025-04-12 18:25:32,137 -   tot_loss_mms = 27.5622
2025-04-12 18:25:32,137 -   tot_loss_recon = 0.0044
2025-04-12 18:25:40,284 - start kmeans...
2025-04-12 18:25:40,307 - K-means used 0.02 s
2025-04-12 18:25:55,397 - ***** Epoch: 42: Eval results *****
2025-04-12 18:25:55,397 -   tot_loss = 30.8065
2025-04-12 18:25:55,397 -   tot_loss_clu = 3.0865
2025-04-12 18:25:55,397 -   tot_loss_mms = 27.501
2025-04-12 18:25:55,397 -   tot_loss_recon = 0.0044
2025-04-12 18:26:03,125 - start kmeans...
2025-04-12 18:26:03,141 - K-means used 0.02 s
2025-04-12 18:26:16,633 - ***** Epoch: 43: Eval results *****
2025-04-12 18:26:16,634 -   tot_loss = 30.7432
2025-04-12 18:26:16,634 -   tot_loss_clu = 3.0527
2025-04-12 18:26:16,634 -   tot_loss_mms = 27.4723
2025-04-12 18:26:16,634 -   tot_loss_recon = 0.0044
2025-04-12 18:26:24,142 - start kmeans...
2025-04-12 18:26:24,156 - K-means used 0.01 s
2025-04-12 18:26:36,841 - ***** Epoch: 44: Eval results *****
2025-04-12 18:26:36,841 -   tot_loss = 30.7352
2025-04-12 18:26:36,841 -   tot_loss_clu = 3.0766
2025-04-12 18:26:36,841 -   tot_loss_mms = 27.4403
2025-04-12 18:26:36,841 -   tot_loss_recon = 0.0044
2025-04-12 18:26:44,140 - start kmeans...
2025-04-12 18:26:44,159 - K-means used 0.02 s
2025-04-12 18:26:56,910 - ***** Epoch: 45: Eval results *****
2025-04-12 18:26:56,910 -   tot_loss = 30.7334
2025-04-12 18:26:56,910 -   tot_loss_clu = 3.0938
2025-04-12 18:26:56,910 -   tot_loss_mms = 27.4211
2025-04-12 18:26:56,910 -   tot_loss_recon = 0.0044
2025-04-12 18:27:03,424 - start kmeans...
2025-04-12 18:27:03,442 - K-means used 0.02 s
2025-04-12 18:27:15,600 - ***** Epoch: 46: Eval results *****
2025-04-12 18:27:15,600 -   tot_loss = 30.69
2025-04-12 18:27:15,600 -   tot_loss_clu = 3.0917
2025-04-12 18:27:15,601 -   tot_loss_mms = 27.3815
2025-04-12 18:27:15,601 -   tot_loss_recon = 0.0043
2025-04-12 18:27:22,355 - start kmeans...
2025-04-12 18:27:22,369 - K-means used 0.01 s
2025-04-12 18:27:35,775 - ***** Epoch: 47: Eval results *****
2025-04-12 18:27:35,776 -   tot_loss = 30.6554
2025-04-12 18:27:35,776 -   tot_loss_clu = 3.102
2025-04-12 18:27:35,776 -   tot_loss_mms = 27.3366
2025-04-12 18:27:35,776 -   tot_loss_recon = 0.0043
2025-04-12 18:27:43,268 - start kmeans...
2025-04-12 18:27:43,285 - K-means used 0.02 s
2025-04-12 18:27:57,753 - ***** Epoch: 48: Eval results *****
2025-04-12 18:27:57,753 -   tot_loss = 30.6425
2025-04-12 18:27:57,754 -   tot_loss_clu = 3.1034
2025-04-12 18:27:57,754 -   tot_loss_mms = 27.3221
2025-04-12 18:27:57,754 -   tot_loss_recon = 0.0043
2025-04-12 18:28:05,322 - start kmeans...
2025-04-12 18:28:05,340 - K-means used 0.02 s
2025-04-12 18:28:19,329 - ***** Epoch: 49: Eval results *****
2025-04-12 18:28:19,330 -   tot_loss = 30.6105
2025-04-12 18:28:19,330 -   tot_loss_clu = 3.0689
2025-04-12 18:28:19,330 -   tot_loss_mms = 27.3242
2025-04-12 18:28:19,330 -   tot_loss_recon = 0.0043
2025-04-12 18:28:27,536 - start kmeans...
2025-04-12 18:28:27,555 - K-means used 0.02 s
2025-04-12 18:28:41,737 - ***** Epoch: 50: Eval results *****
2025-04-12 18:28:41,738 -   tot_loss = 30.5958
2025-04-12 18:28:41,738 -   tot_loss_clu = 3.0866
2025-04-12 18:28:41,738 -   tot_loss_mms = 27.2933
2025-04-12 18:28:41,738 -   tot_loss_recon = 0.0043
2025-04-12 18:28:47,517 - ***** Test results *****
2025-04-12 18:28:47,517 -   ACC = 15.96
2025-04-12 18:28:47,517 -   ARI = 1.0
2025-04-12 18:28:47,518 -   NMI = 18.11
2025-04-12 18:28:47,518 -   fmi = 8.61
2025-04-12 18:28:55,068 - start kmeans...
2025-04-12 18:28:55,084 - K-means used 0.02 s
2025-04-12 18:29:08,112 - ***** Epoch: 51: Eval results *****
2025-04-12 18:29:08,112 -   tot_loss = 30.5767
2025-04-12 18:29:08,112 -   tot_loss_clu = 3.0985
2025-04-12 18:29:08,112 -   tot_loss_mms = 27.2617
2025-04-12 18:29:08,112 -   tot_loss_recon = 0.0043
2025-04-12 18:29:15,632 - start kmeans...
2025-04-12 18:29:15,653 - K-means used 0.02 s
2025-04-12 18:29:29,369 - ***** Epoch: 52: Eval results *****
2025-04-12 18:29:29,369 -   tot_loss = 30.5755
2025-04-12 18:29:29,369 -   tot_loss_clu = 3.0998
2025-04-12 18:29:29,369 -   tot_loss_mms = 27.2581
2025-04-12 18:29:29,369 -   tot_loss_recon = 0.0044
2025-04-12 18:29:36,369 - start kmeans...
2025-04-12 18:29:36,395 - K-means used 0.03 s
2025-04-12 18:29:50,564 - ***** Epoch: 53: Eval results *****
2025-04-12 18:29:50,564 -   tot_loss = 30.5737
2025-04-12 18:29:50,564 -   tot_loss_clu = 3.1244
2025-04-12 18:29:50,564 -   tot_loss_mms = 27.2328
2025-04-12 18:29:50,565 -   tot_loss_recon = 0.0043
2025-04-12 18:29:57,692 - start kmeans...
2025-04-12 18:29:57,712 - K-means used 0.02 s
2025-04-12 18:30:11,861 - ***** Epoch: 54: Eval results *****
2025-04-12 18:30:11,862 -   tot_loss = 30.4927
2025-04-12 18:30:11,862 -   tot_loss_clu = 3.0891
2025-04-12 18:30:11,862 -   tot_loss_mms = 27.1866
2025-04-12 18:30:11,862 -   tot_loss_recon = 0.0043
2025-04-12 18:30:18,916 - start kmeans...
2025-04-12 18:30:18,937 - K-means used 0.02 s
2025-04-12 18:30:31,638 - ***** Epoch: 55: Eval results *****
2025-04-12 18:30:31,638 -   tot_loss = 30.4868
2025-04-12 18:30:31,638 -   tot_loss_clu = 3.1236
2025-04-12 18:30:31,639 -   tot_loss_mms = 27.1465
2025-04-12 18:30:31,639 -   tot_loss_recon = 0.0043
2025-04-12 18:30:38,607 - start kmeans...
2025-04-12 18:30:38,624 - K-means used 0.02 s
2025-04-12 18:30:51,594 - ***** Epoch: 56: Eval results *****
2025-04-12 18:30:51,594 -   tot_loss = 30.4574
2025-04-12 18:30:51,594 -   tot_loss_clu = 3.1038
2025-04-12 18:30:51,594 -   tot_loss_mms = 27.1377
2025-04-12 18:30:51,594 -   tot_loss_recon = 0.0043
2025-04-12 18:30:58,858 - start kmeans...
2025-04-12 18:30:58,883 - K-means used 0.03 s
2025-04-12 18:31:11,212 - ***** Epoch: 57: Eval results *****
2025-04-12 18:31:11,212 -   tot_loss = 30.4298
2025-04-12 18:31:11,213 -   tot_loss_clu = 3.1072
2025-04-12 18:31:11,213 -   tot_loss_mms = 27.1055
2025-04-12 18:31:11,213 -   tot_loss_recon = 0.0043
2025-04-12 18:31:18,075 - start kmeans...
2025-04-12 18:31:18,092 - K-means used 0.02 s
2025-04-12 18:31:31,385 - ***** Epoch: 58: Eval results *****
2025-04-12 18:31:31,385 -   tot_loss = 30.4164
2025-04-12 18:31:31,385 -   tot_loss_clu = 3.0828
2025-04-12 18:31:31,385 -   tot_loss_mms = 27.1164
2025-04-12 18:31:31,386 -   tot_loss_recon = 0.0043
2025-04-12 18:31:39,264 - start kmeans...
2025-04-12 18:31:39,279 - K-means used 0.02 s
2025-04-12 18:31:52,480 - ***** Epoch: 59: Eval results *****
2025-04-12 18:31:52,481 -   tot_loss = 30.3791
2025-04-12 18:31:52,481 -   tot_loss_clu = 3.1161
2025-04-12 18:31:52,481 -   tot_loss_mms = 27.044
2025-04-12 18:31:52,481 -   tot_loss_recon = 0.0044
2025-04-12 18:32:00,055 - start kmeans...
2025-04-12 18:32:00,072 - K-means used 0.02 s
2025-04-12 18:32:14,987 - ***** Epoch: 60: Eval results *****
2025-04-12 18:32:14,987 -   tot_loss = 30.3398
2025-04-12 18:32:14,987 -   tot_loss_clu = 3.1126
2025-04-12 18:32:14,987 -   tot_loss_mms = 27.0093
2025-04-12 18:32:14,987 -   tot_loss_recon = 0.0044
2025-04-12 18:32:22,728 - start kmeans...
2025-04-12 18:32:22,744 - K-means used 0.02 s
2025-04-12 18:32:35,756 - ***** Epoch: 61: Eval results *****
2025-04-12 18:32:35,756 -   tot_loss = 30.3779
2025-04-12 18:32:35,756 -   tot_loss_clu = 3.1709
2025-04-12 18:32:35,756 -   tot_loss_mms = 26.9887
2025-04-12 18:32:35,756 -   tot_loss_recon = 0.0044
2025-04-12 18:32:43,287 - start kmeans...
2025-04-12 18:32:43,302 - K-means used 0.02 s
2025-04-12 18:32:57,223 - ***** Epoch: 62: Eval results *****
2025-04-12 18:32:57,224 -   tot_loss = 30.3841
2025-04-12 18:32:57,224 -   tot_loss_clu = 3.1185
2025-04-12 18:32:57,224 -   tot_loss_mms = 27.0472
2025-04-12 18:32:57,224 -   tot_loss_recon = 0.0044
2025-04-12 18:33:04,557 - start kmeans...
2025-04-12 18:33:04,572 - K-means used 0.02 s
2025-04-12 18:33:17,874 - ***** Epoch: 63: Eval results *****
2025-04-12 18:33:17,875 -   tot_loss = 30.3227
2025-04-12 18:33:17,875 -   tot_loss_clu = 3.1466
2025-04-12 18:33:17,875 -   tot_loss_mms = 26.9578
2025-04-12 18:33:17,875 -   tot_loss_recon = 0.0044
2025-04-12 18:33:25,561 - start kmeans...
2025-04-12 18:33:25,576 - K-means used 0.01 s
2025-04-12 18:33:39,358 - ***** Epoch: 64: Eval results *****
2025-04-12 18:33:39,358 -   tot_loss = 30.2974
2025-04-12 18:33:39,358 -   tot_loss_clu = 3.1572
2025-04-12 18:33:39,358 -   tot_loss_mms = 26.9205
2025-04-12 18:33:39,358 -   tot_loss_recon = 0.0044
2025-04-12 18:33:46,488 - start kmeans...
2025-04-12 18:33:46,504 - K-means used 0.02 s
2025-04-12 18:34:00,261 - ***** Epoch: 65: Eval results *****
2025-04-12 18:34:00,261 -   tot_loss = 30.2994
2025-04-12 18:34:00,261 -   tot_loss_clu = 3.1397
2025-04-12 18:34:00,261 -   tot_loss_mms = 26.9396
2025-04-12 18:34:00,261 -   tot_loss_recon = 0.0044
2025-04-12 18:34:07,376 - start kmeans...
2025-04-12 18:34:07,393 - K-means used 0.02 s
2025-04-12 18:34:20,427 - ***** Epoch: 66: Eval results *****
2025-04-12 18:34:20,428 -   tot_loss = 30.2909
2025-04-12 18:34:20,428 -   tot_loss_clu = 3.1557
2025-04-12 18:34:20,428 -   tot_loss_mms = 26.9157
2025-04-12 18:34:20,428 -   tot_loss_recon = 0.0044
2025-04-12 18:34:27,426 - start kmeans...
2025-04-12 18:34:27,444 - K-means used 0.02 s
2025-04-12 18:34:40,176 - ***** Epoch: 67: Eval results *****
2025-04-12 18:34:40,176 -   tot_loss = 30.2549
2025-04-12 18:34:40,176 -   tot_loss_clu = 3.1718
2025-04-12 18:34:40,176 -   tot_loss_mms = 26.8616
2025-04-12 18:34:40,176 -   tot_loss_recon = 0.0044
2025-04-12 18:34:47,034 - start kmeans...
2025-04-12 18:34:47,054 - K-means used 0.02 s
2025-04-12 18:34:59,752 - ***** Epoch: 68: Eval results *****
2025-04-12 18:34:59,753 -   tot_loss = 30.2728
2025-04-12 18:34:59,753 -   tot_loss_clu = 3.1645
2025-04-12 18:34:59,753 -   tot_loss_mms = 26.8863
2025-04-12 18:34:59,753 -   tot_loss_recon = 0.0044
2025-04-12 18:35:06,612 - start kmeans...
2025-04-12 18:35:06,632 - K-means used 0.02 s
2025-04-12 18:35:21,124 - ***** Epoch: 69: Eval results *****
2025-04-12 18:35:21,124 -   tot_loss = 30.2777
2025-04-12 18:35:21,124 -   tot_loss_clu = 3.1757
2025-04-12 18:35:21,124 -   tot_loss_mms = 26.8819
2025-04-12 18:35:21,124 -   tot_loss_recon = 0.0044
2025-04-12 18:35:28,612 - start kmeans...
2025-04-12 18:35:28,632 - K-means used 0.02 s
2025-04-12 18:35:43,300 - ***** Epoch: 70: Eval results *****
2025-04-12 18:35:43,300 -   tot_loss = 30.201
2025-04-12 18:35:43,300 -   tot_loss_clu = 3.1408
2025-04-12 18:35:43,300 -   tot_loss_mms = 26.8388
2025-04-12 18:35:43,300 -   tot_loss_recon = 0.0044
2025-04-12 18:35:51,219 - start kmeans...
2025-04-12 18:35:51,234 - K-means used 0.02 s
2025-04-12 18:36:05,382 - ***** Epoch: 71: Eval results *****
2025-04-12 18:36:05,382 -   tot_loss = 30.2381
2025-04-12 18:36:05,382 -   tot_loss_clu = 3.1729
2025-04-12 18:36:05,382 -   tot_loss_mms = 26.8425
2025-04-12 18:36:05,382 -   tot_loss_recon = 0.0045
2025-04-12 18:36:12,912 - start kmeans...
2025-04-12 18:36:12,932 - K-means used 0.02 s
2025-04-12 18:36:26,102 - ***** Epoch: 72: Eval results *****
2025-04-12 18:36:26,102 -   tot_loss = 30.2505
2025-04-12 18:36:26,102 -   tot_loss_clu = 3.2256
2025-04-12 18:36:26,102 -   tot_loss_mms = 26.7999
2025-04-12 18:36:26,102 -   tot_loss_recon = 0.0045
2025-04-12 18:36:33,871 - start kmeans...
2025-04-12 18:36:33,890 - K-means used 0.02 s
2025-04-12 18:36:47,989 - ***** Epoch: 73: Eval results *****
2025-04-12 18:36:47,989 -   tot_loss = 30.2212
2025-04-12 18:36:47,989 -   tot_loss_clu = 3.1888
2025-04-12 18:36:47,989 -   tot_loss_mms = 26.8067
2025-04-12 18:36:47,989 -   tot_loss_recon = 0.0045
2025-04-12 18:36:55,217 - start kmeans...
2025-04-12 18:36:55,232 - K-means used 0.02 s
2025-04-12 18:37:08,378 - ***** Epoch: 74: Eval results *****
2025-04-12 18:37:08,378 -   tot_loss = 30.2013
2025-04-12 18:37:08,378 -   tot_loss_clu = 3.177
2025-04-12 18:37:08,378 -   tot_loss_mms = 26.7982
2025-04-12 18:37:08,378 -   tot_loss_recon = 0.0045
2025-04-12 18:37:15,720 - start kmeans...
2025-04-12 18:37:15,737 - K-means used 0.02 s
2025-04-12 18:37:29,913 - ***** Epoch: 75: Eval results *****
2025-04-12 18:37:29,913 -   tot_loss = 30.1897
2025-04-12 18:37:29,913 -   tot_loss_clu = 3.2109
2025-04-12 18:37:29,913 -   tot_loss_mms = 26.7495
2025-04-12 18:37:29,913 -   tot_loss_recon = 0.0046
2025-04-12 18:37:37,222 - start kmeans...
2025-04-12 18:37:37,237 - K-means used 0.01 s
2025-04-12 18:37:50,524 - ***** Epoch: 76: Eval results *****
2025-04-12 18:37:50,525 -   tot_loss = 30.1628
2025-04-12 18:37:50,525 -   tot_loss_clu = 3.2188
2025-04-12 18:37:50,525 -   tot_loss_mms = 26.713
2025-04-12 18:37:50,525 -   tot_loss_recon = 0.0046
2025-04-12 18:37:58,246 - start kmeans...
2025-04-12 18:37:58,263 - K-means used 0.02 s
2025-04-12 18:38:10,927 - ***** Epoch: 77: Eval results *****
2025-04-12 18:38:10,928 -   tot_loss = 30.1351
2025-04-12 18:38:10,928 -   tot_loss_clu = 3.1935
2025-04-12 18:38:10,928 -   tot_loss_mms = 26.7074
2025-04-12 18:38:10,928 -   tot_loss_recon = 0.0047
2025-04-12 18:38:18,074 - start kmeans...
2025-04-12 18:38:18,090 - K-means used 0.02 s
2025-04-12 18:38:31,771 - ***** Epoch: 78: Eval results *****
2025-04-12 18:38:31,771 -   tot_loss = 30.1616
2025-04-12 18:38:31,771 -   tot_loss_clu = 3.2253
2025-04-12 18:38:31,771 -   tot_loss_mms = 26.7017
2025-04-12 18:38:31,772 -   tot_loss_recon = 0.0047
2025-04-12 18:38:39,314 - start kmeans...
2025-04-12 18:38:39,332 - K-means used 0.02 s
2025-04-12 18:38:52,691 - ***** Epoch: 79: Eval results *****
2025-04-12 18:38:52,691 -   tot_loss = 30.1318
2025-04-12 18:38:52,691 -   tot_loss_clu = 3.2191
2025-04-12 18:38:52,691 -   tot_loss_mms = 26.673
2025-04-12 18:38:52,691 -   tot_loss_recon = 0.0048
2025-04-12 18:39:00,075 - start kmeans...
2025-04-12 18:39:00,091 - K-means used 0.02 s
2025-04-12 18:39:13,307 - ***** Epoch: 80: Eval results *****
2025-04-12 18:39:13,308 -   tot_loss = 30.1064
2025-04-12 18:39:13,308 -   tot_loss_clu = 3.2432
2025-04-12 18:39:13,308 -   tot_loss_mms = 26.6187
2025-04-12 18:39:13,308 -   tot_loss_recon = 0.0049
2025-04-12 18:39:20,895 - start kmeans...
2025-04-12 18:39:20,910 - K-means used 0.02 s
2025-04-12 18:39:34,335 - ***** Epoch: 81: Eval results *****
2025-04-12 18:39:34,336 -   tot_loss = 30.1082
2025-04-12 18:39:34,336 -   tot_loss_clu = 3.2389
2025-04-12 18:39:34,336 -   tot_loss_mms = 26.6236
2025-04-12 18:39:34,336 -   tot_loss_recon = 0.0049
2025-04-12 18:39:41,532 - start kmeans...
2025-04-12 18:39:41,548 - K-means used 0.02 s
2025-04-12 18:39:54,086 - ***** Epoch: 82: Eval results *****
2025-04-12 18:39:54,086 -   tot_loss = 30.0725
2025-04-12 18:39:54,086 -   tot_loss_clu = 3.25
2025-04-12 18:39:54,086 -   tot_loss_mms = 26.5757
2025-04-12 18:39:54,086 -   tot_loss_recon = 0.0049
2025-04-12 18:40:01,329 - start kmeans...
2025-04-12 18:40:01,345 - K-means used 0.02 s
2025-04-12 18:40:14,729 - ***** Epoch: 83: Eval results *****
2025-04-12 18:40:14,729 -   tot_loss = 30.0053
2025-04-12 18:40:14,729 -   tot_loss_clu = 3.2122
2025-04-12 18:40:14,729 -   tot_loss_mms = 26.5364
2025-04-12 18:40:14,729 -   tot_loss_recon = 0.0051
2025-04-12 18:40:22,408 - start kmeans...
2025-04-12 18:40:22,425 - K-means used 0.02 s
2025-04-12 18:40:37,681 - ***** Epoch: 84: Eval results *****
2025-04-12 18:40:37,681 -   tot_loss = 30.0605
2025-04-12 18:40:37,681 -   tot_loss_clu = 3.2513
2025-04-12 18:40:37,681 -   tot_loss_mms = 26.5508
2025-04-12 18:40:37,681 -   tot_loss_recon = 0.0052
2025-04-12 18:40:45,354 - start kmeans...
2025-04-12 18:40:45,372 - K-means used 0.02 s
2025-04-12 18:41:00,101 - ***** Epoch: 85: Eval results *****
2025-04-12 18:41:00,101 -   tot_loss = 30.0202
2025-04-12 18:41:00,101 -   tot_loss_clu = 3.2324
2025-04-12 18:41:00,101 -   tot_loss_mms = 26.5169
2025-04-12 18:41:00,101 -   tot_loss_recon = 0.0054
2025-04-12 18:41:07,717 - start kmeans...
2025-04-12 18:41:07,734 - K-means used 0.02 s
2025-04-12 18:41:21,001 - ***** Epoch: 86: Eval results *****
2025-04-12 18:41:21,001 -   tot_loss = 30.0053
2025-04-12 18:41:21,001 -   tot_loss_clu = 3.2476
2025-04-12 18:41:21,001 -   tot_loss_mms = 26.4886
2025-04-12 18:41:21,001 -   tot_loss_recon = 0.0054
2025-04-12 18:41:28,870 - start kmeans...
2025-04-12 18:41:28,888 - K-means used 0.02 s
2025-04-12 18:41:42,817 - ***** Epoch: 87: Eval results *****
2025-04-12 18:41:42,818 -   tot_loss = 29.9193
2025-04-12 18:41:42,818 -   tot_loss_clu = 3.2157
2025-04-12 18:41:42,818 -   tot_loss_mms = 26.4161
2025-04-12 18:41:42,818 -   tot_loss_recon = 0.0058
2025-04-12 18:41:51,156 - start kmeans...
2025-04-12 18:41:51,209 - K-means used 0.05 s
2025-04-12 18:42:04,433 - ***** Epoch: 88: Eval results *****
2025-04-12 18:42:04,433 -   tot_loss = 29.8728
2025-04-12 18:42:04,433 -   tot_loss_clu = 3.1902
2025-04-12 18:42:04,433 -   tot_loss_mms = 26.4003
2025-04-12 18:42:04,433 -   tot_loss_recon = 0.0056
2025-04-12 18:42:11,519 - start kmeans...
2025-04-12 18:42:11,537 - K-means used 0.02 s
2025-04-12 18:42:25,329 - ***** Epoch: 89: Eval results *****
2025-04-12 18:42:25,329 -   tot_loss = 29.8325
2025-04-12 18:42:25,329 -   tot_loss_clu = 3.1964
2025-04-12 18:42:25,329 -   tot_loss_mms = 26.3358
2025-04-12 18:42:25,329 -   tot_loss_recon = 0.006
2025-04-12 18:42:32,582 - start kmeans...
2025-04-12 18:42:32,597 - K-means used 0.02 s
2025-04-12 18:42:46,572 - ***** Epoch: 90: Eval results *****
2025-04-12 18:42:46,573 -   tot_loss = 29.7425
2025-04-12 18:42:46,573 -   tot_loss_clu = 3.1793
2025-04-12 18:42:46,573 -   tot_loss_mms = 26.267
2025-04-12 18:42:46,573 -   tot_loss_recon = 0.0059
2025-04-12 18:42:54,732 - start kmeans...
2025-04-12 18:42:54,760 - K-means used 0.03 s
2025-04-12 18:43:07,600 - ***** Epoch: 91: Eval results *****
2025-04-12 18:43:07,601 -   tot_loss = 29.7136
2025-04-12 18:43:07,601 -   tot_loss_clu = 3.1673
2025-04-12 18:43:07,601 -   tot_loss_mms = 26.242
2025-04-12 18:43:07,601 -   tot_loss_recon = 0.0061
2025-04-12 18:43:14,462 - start kmeans...
2025-04-12 18:43:14,486 - K-means used 0.02 s
2025-04-12 18:43:26,952 - ***** Epoch: 92: Eval results *****
2025-04-12 18:43:26,953 -   tot_loss = 29.605
2025-04-12 18:43:26,953 -   tot_loss_clu = 3.1395
2025-04-12 18:43:26,953 -   tot_loss_mms = 26.1665
2025-04-12 18:43:26,953 -   tot_loss_recon = 0.006
2025-04-12 18:43:34,502 - start kmeans...
2025-04-12 18:43:34,519 - K-means used 0.02 s
2025-04-12 18:43:50,392 - ***** Epoch: 93: Eval results *****
2025-04-12 18:43:50,392 -   tot_loss = 29.5105
2025-04-12 18:43:50,392 -   tot_loss_clu = 3.1218
2025-04-12 18:43:50,392 -   tot_loss_mms = 26.0861
2025-04-12 18:43:50,392 -   tot_loss_recon = 0.0061
2025-04-12 18:43:57,852 - start kmeans...
2025-04-12 18:43:57,869 - K-means used 0.02 s
2025-04-12 18:44:10,942 - ***** Epoch: 94: Eval results *****
2025-04-12 18:44:10,942 -   tot_loss = 29.4215
2025-04-12 18:44:10,942 -   tot_loss_clu = 3.0973
2025-04-12 18:44:10,942 -   tot_loss_mms = 26.0253
2025-04-12 18:44:10,942 -   tot_loss_recon = 0.006
2025-04-12 18:44:19,183 - start kmeans...
2025-04-12 18:44:19,202 - K-means used 0.02 s
2025-04-12 18:44:31,834 - ***** Epoch: 95: Eval results *****
2025-04-12 18:44:31,835 -   tot_loss = 29.2967
2025-04-12 18:44:31,835 -   tot_loss_clu = 3.0527
2025-04-12 18:44:31,835 -   tot_loss_mms = 25.9337
2025-04-12 18:44:31,835 -   tot_loss_recon = 0.0062
2025-04-12 18:44:38,954 - start kmeans...
2025-04-12 18:44:38,972 - K-means used 0.02 s
2025-04-12 18:44:52,653 - ***** Epoch: 96: Eval results *****
2025-04-12 18:44:52,653 -   tot_loss = 29.2562
2025-04-12 18:44:52,653 -   tot_loss_clu = 3.0872
2025-04-12 18:44:52,653 -   tot_loss_mms = 25.862
2025-04-12 18:44:52,653 -   tot_loss_recon = 0.0061
2025-04-12 18:45:00,808 - start kmeans...
2025-04-12 18:45:00,824 - K-means used 0.02 s
2025-04-12 18:45:13,854 - ***** Epoch: 97: Eval results *****
2025-04-12 18:45:13,854 -   tot_loss = 29.1628
2025-04-12 18:45:13,854 -   tot_loss_clu = 3.0592
2025-04-12 18:45:13,854 -   tot_loss_mms = 25.7955
2025-04-12 18:45:13,854 -   tot_loss_recon = 0.0062
2025-04-12 18:45:21,530 - start kmeans...
2025-04-12 18:45:21,546 - K-means used 0.02 s
2025-04-12 18:45:34,376 - ***** Epoch: 98: Eval results *****
2025-04-12 18:45:34,376 -   tot_loss = 29.1145
2025-04-12 18:45:34,376 -   tot_loss_clu = 3.058
2025-04-12 18:45:34,377 -   tot_loss_mms = 25.7522
2025-04-12 18:45:34,377 -   tot_loss_recon = 0.0061
2025-04-12 18:45:41,833 - start kmeans...
2025-04-12 18:45:41,847 - K-means used 0.01 s
2025-04-12 18:45:54,584 - ***** Epoch: 99: Eval results *****
2025-04-12 18:45:54,584 -   tot_loss = 29.0718
2025-04-12 18:45:54,584 -   tot_loss_clu = 3.0628
2025-04-12 18:45:54,584 -   tot_loss_mms = 25.7003
2025-04-12 18:45:54,584 -   tot_loss_recon = 0.0062
2025-04-12 18:46:01,894 - start kmeans...
2025-04-12 18:46:01,909 - K-means used 0.02 s
2025-04-12 18:46:16,430 - ***** Epoch: 100: Eval results *****
2025-04-12 18:46:16,431 -   tot_loss = 29.0534
2025-04-12 18:46:16,431 -   tot_loss_clu = 3.0632
2025-04-12 18:46:16,431 -   tot_loss_mms = 25.678
2025-04-12 18:46:16,431 -   tot_loss_recon = 0.0062
2025-04-12 18:46:21,118 - ***** Test results *****
2025-04-12 18:46:21,118 -   ACC = 16.63
2025-04-12 18:46:21,118 -   ARI = 2.22
2025-04-12 18:46:21,118 -   NMI = 20.34
2025-04-12 18:46:21,119 -   fmi = 10.09
2025-04-12 18:46:28,121 - start kmeans...
2025-04-12 18:46:28,138 - K-means used 0.02 s
2025-04-12 18:46:40,822 - ***** Epoch: 101: Eval results *****
2025-04-12 18:46:40,822 -   tot_loss = 28.9496
2025-04-12 18:46:40,822 -   tot_loss_clu = 3.069
2025-04-12 18:46:40,822 -   tot_loss_mms = 25.572
2025-04-12 18:46:40,823 -   tot_loss_recon = 0.0062
2025-04-12 18:46:48,356 - start kmeans...
2025-04-12 18:46:48,375 - K-means used 0.02 s
2025-04-12 18:47:01,879 - ***** Epoch: 102: Eval results *****
2025-04-12 18:47:01,880 -   tot_loss = 28.9095
2025-04-12 18:47:01,880 -   tot_loss_clu = 3.0616
2025-04-12 18:47:01,880 -   tot_loss_mms = 25.5402
2025-04-12 18:47:01,880 -   tot_loss_recon = 0.0062
2025-04-12 18:47:08,777 - start kmeans...
2025-04-12 18:47:08,804 - K-means used 0.03 s
2025-04-12 18:47:21,581 - ***** Epoch: 103: Eval results *****
2025-04-12 18:47:21,582 -   tot_loss = 28.8217
2025-04-12 18:47:21,582 -   tot_loss_clu = 3.0519
2025-04-12 18:47:21,582 -   tot_loss_mms = 25.4612
2025-04-12 18:47:21,582 -   tot_loss_recon = 0.0062
2025-04-12 18:47:28,851 - start kmeans...
2025-04-12 18:47:28,868 - K-means used 0.02 s
2025-04-12 18:47:42,604 - ***** Epoch: 104: Eval results *****
2025-04-12 18:47:42,604 -   tot_loss = 28.7651
2025-04-12 18:47:42,604 -   tot_loss_clu = 3.0369
2025-04-12 18:47:42,605 -   tot_loss_mms = 25.4241
2025-04-12 18:47:42,605 -   tot_loss_recon = 0.0061
2025-04-12 18:47:49,702 - start kmeans...
2025-04-12 18:47:49,717 - K-means used 0.01 s
2025-04-12 18:48:04,356 - ***** Epoch: 105: Eval results *****
2025-04-12 18:48:04,357 -   tot_loss = 28.7403
2025-04-12 18:48:04,357 -   tot_loss_clu = 3.0369
2025-04-12 18:48:04,357 -   tot_loss_mms = 25.4025
2025-04-12 18:48:04,357 -   tot_loss_recon = 0.006
2025-04-12 18:48:11,829 - start kmeans...
2025-04-12 18:48:11,881 - K-means used 0.05 s
2025-04-12 18:48:26,819 - ***** Epoch: 106: Eval results *****
2025-04-12 18:48:26,820 -   tot_loss = 28.6552
2025-04-12 18:48:26,820 -   tot_loss_clu = 3.0451
2025-04-12 18:48:26,820 -   tot_loss_mms = 25.3116
2025-04-12 18:48:26,820 -   tot_loss_recon = 0.006
2025-04-12 18:48:34,378 - start kmeans...
2025-04-12 18:48:34,392 - K-means used 0.01 s
2025-04-12 18:48:47,049 - ***** Epoch: 107: Eval results *****
2025-04-12 18:48:47,049 -   tot_loss = 28.6176
2025-04-12 18:48:47,049 -   tot_loss_clu = 3.0089
2025-04-12 18:48:47,049 -   tot_loss_mms = 25.3151
2025-04-12 18:48:47,049 -   tot_loss_recon = 0.0059
2025-04-12 18:48:54,550 - start kmeans...
2025-04-12 18:48:54,567 - K-means used 0.02 s
2025-04-12 18:49:09,778 - ***** Epoch: 108: Eval results *****
2025-04-12 18:49:09,778 -   tot_loss = 28.5127
2025-04-12 18:49:09,778 -   tot_loss_clu = 3.014
2025-04-12 18:49:09,778 -   tot_loss_mms = 25.2074
2025-04-12 18:49:09,778 -   tot_loss_recon = 0.0058
2025-04-12 18:49:17,792 - start kmeans...
2025-04-12 18:49:17,808 - K-means used 0.02 s
2025-04-12 18:49:31,297 - ***** Epoch: 109: Eval results *****
2025-04-12 18:49:31,297 -   tot_loss = 28.4669
2025-04-12 18:49:31,297 -   tot_loss_clu = 3.0164
2025-04-12 18:49:31,297 -   tot_loss_mms = 25.1591
2025-04-12 18:49:31,297 -   tot_loss_recon = 0.0058
2025-04-12 18:49:39,362 - start kmeans...
2025-04-12 18:49:39,376 - K-means used 0.01 s
2025-04-12 18:49:52,830 - ***** Epoch: 110: Eval results *****
2025-04-12 18:49:52,830 -   tot_loss = 28.3493
2025-04-12 18:49:52,830 -   tot_loss_clu = 3.0021
2025-04-12 18:49:52,830 -   tot_loss_mms = 25.0555
2025-04-12 18:49:52,830 -   tot_loss_recon = 0.0058
2025-04-12 18:50:00,571 - start kmeans...
2025-04-12 18:50:00,587 - K-means used 0.02 s
2025-04-12 18:50:13,966 - ***** Epoch: 111: Eval results *****
2025-04-12 18:50:13,966 -   tot_loss = 28.2568
2025-04-12 18:50:13,966 -   tot_loss_clu = 2.9741
2025-04-12 18:50:13,966 -   tot_loss_mms = 24.9911
2025-04-12 18:50:13,966 -   tot_loss_recon = 0.0058
2025-04-12 18:50:22,033 - start kmeans...
2025-04-12 18:50:22,046 - K-means used 0.01 s
2025-04-12 18:50:36,508 - ***** Epoch: 112: Eval results *****
2025-04-12 18:50:36,508 -   tot_loss = 28.1691
2025-04-12 18:50:36,509 -   tot_loss_clu = 2.9495
2025-04-12 18:50:36,509 -   tot_loss_mms = 24.9237
2025-04-12 18:50:36,509 -   tot_loss_recon = 0.0059
2025-04-12 18:50:43,985 - start kmeans...
2025-04-12 18:50:43,999 - K-means used 0.01 s
2025-04-12 18:50:57,235 - ***** Epoch: 113: Eval results *****
2025-04-12 18:50:57,236 -   tot_loss = 28.0355
2025-04-12 18:50:57,236 -   tot_loss_clu = 2.8909
2025-04-12 18:50:57,236 -   tot_loss_mms = 24.8459
2025-04-12 18:50:57,236 -   tot_loss_recon = 0.006
2025-04-12 18:51:05,286 - start kmeans...
2025-04-12 18:51:05,302 - K-means used 0.02 s
2025-04-12 18:51:19,409 - ***** Epoch: 114: Eval results *****
2025-04-12 18:51:19,409 -   tot_loss = 27.9013
2025-04-12 18:51:19,409 -   tot_loss_clu = 2.8281
2025-04-12 18:51:19,410 -   tot_loss_mms = 24.7767
2025-04-12 18:51:19,410 -   tot_loss_recon = 0.0059
2025-04-12 18:51:27,570 - start kmeans...
2025-04-12 18:51:27,585 - K-means used 0.02 s
2025-04-12 18:51:41,899 - ***** Epoch: 115: Eval results *****
2025-04-12 18:51:41,899 -   tot_loss = 27.8303
2025-04-12 18:51:41,900 -   tot_loss_clu = 2.7889
2025-04-12 18:51:41,900 -   tot_loss_mms = 24.7381
2025-04-12 18:51:41,900 -   tot_loss_recon = 0.0061
2025-04-12 18:51:49,633 - start kmeans...
2025-04-12 18:51:49,652 - K-means used 0.02 s
2025-04-12 18:52:03,681 - ***** Epoch: 116: Eval results *****
2025-04-12 18:52:03,681 -   tot_loss = 27.7409
2025-04-12 18:52:03,681 -   tot_loss_clu = 2.7844
2025-04-12 18:52:03,681 -   tot_loss_mms = 24.6552
2025-04-12 18:52:03,681 -   tot_loss_recon = 0.006
2025-04-12 18:52:10,937 - start kmeans...
2025-04-12 18:52:10,953 - K-means used 0.02 s
2025-04-12 18:52:24,704 - ***** Epoch: 117: Eval results *****
2025-04-12 18:52:24,705 -   tot_loss = 27.6821
2025-04-12 18:52:24,705 -   tot_loss_clu = 2.7246
2025-04-12 18:52:24,705 -   tot_loss_mms = 24.6546
2025-04-12 18:52:24,705 -   tot_loss_recon = 0.0061
2025-04-12 18:52:32,293 - start kmeans...
2025-04-12 18:52:32,309 - K-means used 0.02 s
2025-04-12 18:52:46,234 - ***** Epoch: 118: Eval results *****
2025-04-12 18:52:46,234 -   tot_loss = 27.5494
2025-04-12 18:52:46,234 -   tot_loss_clu = 2.6792
2025-04-12 18:52:46,234 -   tot_loss_mms = 24.5637
2025-04-12 18:52:46,234 -   tot_loss_recon = 0.0061
2025-04-12 18:52:53,234 - start kmeans...
2025-04-12 18:52:53,252 - K-means used 0.02 s
2025-04-12 18:53:05,767 - ***** Epoch: 119: Eval results *****
2025-04-12 18:53:05,767 -   tot_loss = 27.4635
2025-04-12 18:53:05,767 -   tot_loss_clu = 2.671
2025-04-12 18:53:05,767 -   tot_loss_mms = 24.4792
2025-04-12 18:53:05,767 -   tot_loss_recon = 0.0063
2025-04-12 18:53:12,877 - start kmeans...
2025-04-12 18:53:12,894 - K-means used 0.02 s
2025-04-12 18:53:26,771 - ***** Epoch: 120: Eval results *****
2025-04-12 18:53:26,772 -   tot_loss = 27.3937
2025-04-12 18:53:26,772 -   tot_loss_clu = 2.641
2025-04-12 18:53:26,772 -   tot_loss_mms = 24.4384
2025-04-12 18:53:26,772 -   tot_loss_recon = 0.0063
2025-04-12 18:53:34,814 - start kmeans...
2025-04-12 18:53:34,829 - K-means used 0.02 s
2025-04-12 18:53:48,938 - ***** Epoch: 121: Eval results *****
2025-04-12 18:53:48,938 -   tot_loss = 27.3223
2025-04-12 18:53:48,938 -   tot_loss_clu = 2.6237
2025-04-12 18:53:48,938 -   tot_loss_mms = 24.3831
2025-04-12 18:53:48,938 -   tot_loss_recon = 0.0063
2025-04-12 18:53:56,758 - start kmeans...
2025-04-12 18:53:56,772 - K-means used 0.01 s
2025-04-12 18:54:09,749 - ***** Epoch: 122: Eval results *****
2025-04-12 18:54:09,749 -   tot_loss = 27.2416
2025-04-12 18:54:09,749 -   tot_loss_clu = 2.5769
2025-04-12 18:54:09,749 -   tot_loss_mms = 24.3483
2025-04-12 18:54:09,749 -   tot_loss_recon = 0.0063
2025-04-12 18:54:16,972 - start kmeans...
2025-04-12 18:54:16,990 - K-means used 0.02 s
2025-04-12 18:54:30,430 - ***** Epoch: 123: Eval results *****
2025-04-12 18:54:30,430 -   tot_loss = 27.2057
2025-04-12 18:54:30,431 -   tot_loss_clu = 2.6138
2025-04-12 18:54:30,431 -   tot_loss_mms = 24.268
2025-04-12 18:54:30,431 -   tot_loss_recon = 0.0065
2025-04-12 18:54:38,040 - start kmeans...
2025-04-12 18:54:38,055 - K-means used 0.02 s
2025-04-12 18:54:52,044 - ***** Epoch: 124: Eval results *****
2025-04-12 18:54:52,045 -   tot_loss = 27.1444
2025-04-12 18:54:52,045 -   tot_loss_clu = 2.5755
2025-04-12 18:54:52,045 -   tot_loss_mms = 24.2438
2025-04-12 18:54:52,045 -   tot_loss_recon = 0.0065
2025-04-12 18:54:59,949 - start kmeans...
2025-04-12 18:54:59,964 - K-means used 0.02 s
2025-04-12 18:55:13,382 - ***** Epoch: 125: Eval results *****
2025-04-12 18:55:13,383 -   tot_loss = 27.0644
2025-04-12 18:55:13,383 -   tot_loss_clu = 2.5179
2025-04-12 18:55:13,383 -   tot_loss_mms = 24.2203
2025-04-12 18:55:13,384 -   tot_loss_recon = 0.0065
2025-04-12 18:55:20,709 - start kmeans...
2025-04-12 18:55:20,725 - K-means used 0.02 s
2025-04-12 18:55:34,406 - ***** Epoch: 126: Eval results *****
2025-04-12 18:55:34,406 -   tot_loss = 26.9575
2025-04-12 18:55:34,406 -   tot_loss_clu = 2.4774
2025-04-12 18:55:34,406 -   tot_loss_mms = 24.152
2025-04-12 18:55:34,406 -   tot_loss_recon = 0.0066
2025-04-12 18:55:41,603 - start kmeans...
2025-04-12 18:55:41,618 - K-means used 0.01 s
2025-04-12 18:55:55,435 - ***** Epoch: 127: Eval results *****
2025-04-12 18:55:55,435 -   tot_loss = 26.874
2025-04-12 18:55:55,435 -   tot_loss_clu = 2.4552
2025-04-12 18:55:55,435 -   tot_loss_mms = 24.0885
2025-04-12 18:55:55,435 -   tot_loss_recon = 0.0066
2025-04-12 18:56:03,437 - start kmeans...
2025-04-12 18:56:03,452 - K-means used 0.02 s
2025-04-12 18:56:17,007 - ***** Epoch: 128: Eval results *****
2025-04-12 18:56:17,008 -   tot_loss = 26.8095
2025-04-12 18:56:17,008 -   tot_loss_clu = 2.433
2025-04-12 18:56:17,008 -   tot_loss_mms = 24.0468
2025-04-12 18:56:17,008 -   tot_loss_recon = 0.0066
2025-04-12 18:56:24,623 - start kmeans...
2025-04-12 18:56:24,639 - K-means used 0.02 s
2025-04-12 18:56:38,172 - ***** Epoch: 129: Eval results *****
2025-04-12 18:56:38,172 -   tot_loss = 26.7847
2025-04-12 18:56:38,173 -   tot_loss_clu = 2.4097
2025-04-12 18:56:38,173 -   tot_loss_mms = 24.0439
2025-04-12 18:56:38,173 -   tot_loss_recon = 0.0066
2025-04-12 18:56:45,690 - start kmeans...
2025-04-12 18:56:45,705 - K-means used 0.02 s
2025-04-12 18:56:59,562 - ***** Epoch: 130: Eval results *****
2025-04-12 18:56:59,562 -   tot_loss = 26.7357
2025-04-12 18:56:59,562 -   tot_loss_clu = 2.3951
2025-04-12 18:56:59,563 -   tot_loss_mms = 24.0035
2025-04-12 18:56:59,563 -   tot_loss_recon = 0.0067
2025-04-12 18:57:07,300 - start kmeans...
2025-04-12 18:57:07,314 - K-means used 0.01 s
2025-04-12 18:57:20,200 - ***** Epoch: 131: Eval results *****
2025-04-12 18:57:20,201 -   tot_loss = 26.6285
2025-04-12 18:57:20,201 -   tot_loss_clu = 2.3515
2025-04-12 18:57:20,201 -   tot_loss_mms = 23.9416
2025-04-12 18:57:20,201 -   tot_loss_recon = 0.0067
2025-04-12 18:57:27,316 - start kmeans...
2025-04-12 18:57:27,336 - K-means used 0.02 s
2025-04-12 18:57:40,585 - ***** Epoch: 132: Eval results *****
2025-04-12 18:57:40,585 -   tot_loss = 26.5919
2025-04-12 18:57:40,585 -   tot_loss_clu = 2.3321
2025-04-12 18:57:40,585 -   tot_loss_mms = 23.9261
2025-04-12 18:57:40,585 -   tot_loss_recon = 0.0067
2025-04-12 18:57:47,788 - start kmeans...
2025-04-12 18:57:47,804 - K-means used 0.02 s
2025-04-12 18:58:02,170 - ***** Epoch: 133: Eval results *****
2025-04-12 18:58:02,170 -   tot_loss = 26.54
2025-04-12 18:58:02,170 -   tot_loss_clu = 2.348
2025-04-12 18:58:02,170 -   tot_loss_mms = 23.8526
2025-04-12 18:58:02,170 -   tot_loss_recon = 0.0068
2025-04-12 18:58:09,873 - start kmeans...
2025-04-12 18:58:09,891 - K-means used 0.02 s
2025-04-12 18:58:25,615 - ***** Epoch: 134: Eval results *****
2025-04-12 18:58:25,616 -   tot_loss = 26.5105
2025-04-12 18:58:25,616 -   tot_loss_clu = 2.3178
2025-04-12 18:58:25,616 -   tot_loss_mms = 23.8625
2025-04-12 18:58:25,616 -   tot_loss_recon = 0.0066
2025-04-12 18:58:33,706 - start kmeans...
2025-04-12 18:58:33,721 - K-means used 0.02 s
2025-04-12 18:58:47,749 - ***** Epoch: 135: Eval results *****
2025-04-12 18:58:47,749 -   tot_loss = 26.441
2025-04-12 18:58:47,749 -   tot_loss_clu = 2.3112
2025-04-12 18:58:47,749 -   tot_loss_mms = 23.7904
2025-04-12 18:58:47,749 -   tot_loss_recon = 0.0068
2025-04-12 18:58:55,861 - start kmeans...
2025-04-12 18:58:55,876 - K-means used 0.02 s
2025-04-12 18:59:10,263 - ***** Epoch: 136: Eval results *****
2025-04-12 18:59:10,263 -   tot_loss = 26.3907
2025-04-12 18:59:10,263 -   tot_loss_clu = 2.2931
2025-04-12 18:59:10,264 -   tot_loss_mms = 23.7581
2025-04-12 18:59:10,264 -   tot_loss_recon = 0.0068
2025-04-12 18:59:17,469 - start kmeans...
2025-04-12 18:59:17,482 - K-means used 0.01 s
2025-04-12 18:59:30,873 - ***** Epoch: 137: Eval results *****
2025-04-12 18:59:30,874 -   tot_loss = 26.3786
2025-04-12 18:59:30,874 -   tot_loss_clu = 2.2584
2025-04-12 18:59:30,874 -   tot_loss_mms = 23.779
2025-04-12 18:59:30,874 -   tot_loss_recon = 0.0068
2025-04-12 18:59:38,396 - start kmeans...
2025-04-12 18:59:38,410 - K-means used 0.01 s
2025-04-12 18:59:51,134 - ***** Epoch: 138: Eval results *****
2025-04-12 18:59:51,134 -   tot_loss = 26.3379
2025-04-12 18:59:51,134 -   tot_loss_clu = 2.2754
2025-04-12 18:59:51,134 -   tot_loss_mms = 23.7267
2025-04-12 18:59:51,134 -   tot_loss_recon = 0.0067
2025-04-12 18:59:58,176 - start kmeans...
2025-04-12 18:59:58,194 - K-means used 0.02 s
2025-04-12 19:00:12,024 - ***** Epoch: 139: Eval results *****
2025-04-12 19:00:12,025 -   tot_loss = 26.2859
2025-04-12 19:00:12,025 -   tot_loss_clu = 2.2514
2025-04-12 19:00:12,025 -   tot_loss_mms = 23.6938
2025-04-12 19:00:12,025 -   tot_loss_recon = 0.0068
2025-04-12 19:00:19,846 - start kmeans...
2025-04-12 19:00:19,860 - K-means used 0.01 s
2025-04-12 19:00:32,854 - ***** Epoch: 140: Eval results *****
2025-04-12 19:00:32,855 -   tot_loss = 26.2994
2025-04-12 19:00:32,855 -   tot_loss_clu = 2.2666
2025-04-12 19:00:32,855 -   tot_loss_mms = 23.6944
2025-04-12 19:00:32,856 -   tot_loss_recon = 0.0068
2025-04-12 19:00:40,069 - start kmeans...
2025-04-12 19:00:40,087 - K-means used 0.02 s
2025-04-12 19:00:52,311 - ***** Epoch: 141: Eval results *****
2025-04-12 19:00:52,311 -   tot_loss = 26.2571
2025-04-12 19:00:52,311 -   tot_loss_clu = 2.2434
2025-04-12 19:00:52,311 -   tot_loss_mms = 23.6753
2025-04-12 19:00:52,311 -   tot_loss_recon = 0.0068
2025-04-12 19:00:59,961 - start kmeans...
2025-04-12 19:00:59,976 - K-means used 0.01 s
2025-04-12 19:01:13,648 - ***** Epoch: 142: Eval results *****
2025-04-12 19:01:13,649 -   tot_loss = 26.2643
2025-04-12 19:01:13,649 -   tot_loss_clu = 2.2631
2025-04-12 19:01:13,649 -   tot_loss_mms = 23.6642
2025-04-12 19:01:13,649 -   tot_loss_recon = 0.0067
2025-04-12 19:01:21,208 - start kmeans...
2025-04-12 19:01:21,220 - K-means used 0.01 s
2025-04-12 19:01:34,662 - ***** Epoch: 143: Eval results *****
2025-04-12 19:01:34,662 -   tot_loss = 26.1573
2025-04-12 19:01:34,662 -   tot_loss_clu = 2.2624
2025-04-12 19:01:34,662 -   tot_loss_mms = 23.5557
2025-04-12 19:01:34,662 -   tot_loss_recon = 0.0068
2025-04-12 19:01:42,346 - start kmeans...
2025-04-12 19:01:42,360 - K-means used 0.01 s
2025-04-12 19:01:56,454 - ***** Epoch: 144: Eval results *****
2025-04-12 19:01:56,455 -   tot_loss = 26.1253
2025-04-12 19:01:56,455 -   tot_loss_clu = 2.2531
2025-04-12 19:01:56,455 -   tot_loss_mms = 23.5317
2025-04-12 19:01:56,455 -   tot_loss_recon = 0.0068
2025-04-12 19:02:04,374 - start kmeans...
2025-04-12 19:02:04,389 - K-means used 0.02 s
2025-04-12 19:02:17,078 - ***** Epoch: 145: Eval results *****
2025-04-12 19:02:17,078 -   tot_loss = 26.1544
2025-04-12 19:02:17,078 -   tot_loss_clu = 2.2312
2025-04-12 19:02:17,078 -   tot_loss_mms = 23.5839
2025-04-12 19:02:17,078 -   tot_loss_recon = 0.0068
2025-04-12 19:02:24,556 - start kmeans...
2025-04-12 19:02:24,570 - K-means used 0.01 s
2025-04-12 19:02:38,852 - ***** Epoch: 146: Eval results *****
2025-04-12 19:02:38,853 -   tot_loss = 26.1458
2025-04-12 19:02:38,853 -   tot_loss_clu = 2.235
2025-04-12 19:02:38,853 -   tot_loss_mms = 23.5717
2025-04-12 19:02:38,853 -   tot_loss_recon = 0.0068
2025-04-12 19:02:46,120 - start kmeans...
2025-04-12 19:02:46,133 - K-means used 0.01 s
2025-04-12 19:02:59,852 - ***** Epoch: 147: Eval results *****
2025-04-12 19:02:59,852 -   tot_loss = 26.1195
2025-04-12 19:02:59,853 -   tot_loss_clu = 2.2273
2025-04-12 19:02:59,853 -   tot_loss_mms = 23.5525
2025-04-12 19:02:59,853 -   tot_loss_recon = 0.0068
2025-04-12 19:03:06,928 - start kmeans...
2025-04-12 19:03:06,941 - K-means used 0.01 s
2025-04-12 19:03:20,772 - ***** Epoch: 148: Eval results *****
2025-04-12 19:03:20,773 -   tot_loss = 26.0888
2025-04-12 19:03:20,773 -   tot_loss_clu = 2.2316
2025-04-12 19:03:20,773 -   tot_loss_mms = 23.5191
2025-04-12 19:03:20,773 -   tot_loss_recon = 0.0068
2025-04-12 19:03:27,966 - start kmeans...
2025-04-12 19:03:27,979 - K-means used 0.01 s
2025-04-12 19:03:41,099 - ***** Epoch: 149: Eval results *****
2025-04-12 19:03:41,099 -   tot_loss = 26.1356
2025-04-12 19:03:41,100 -   tot_loss_clu = 2.26
2025-04-12 19:03:41,100 -   tot_loss_mms = 23.5334
2025-04-12 19:03:41,100 -   tot_loss_recon = 0.0068
2025-04-12 19:03:48,199 - start kmeans...
2025-04-12 19:03:48,212 - K-means used 0.01 s
2025-04-12 19:04:01,224 - ***** Epoch: 150: Eval results *****
2025-04-12 19:04:01,224 -   tot_loss = 26.0576
2025-04-12 19:04:01,224 -   tot_loss_clu = 2.2119
2025-04-12 19:04:01,224 -   tot_loss_mms = 23.506
2025-04-12 19:04:01,224 -   tot_loss_recon = 0.0068
2025-04-12 19:04:06,397 - ***** Test results *****
2025-04-12 19:04:06,398 -   ACC = 18.43
2025-04-12 19:04:06,398 -   ARI = 2.2
2025-04-12 19:04:06,398 -   NMI = 18.71
2025-04-12 19:04:06,398 -   fmi = 9.94
2025-04-12 19:04:14,099 - start kmeans...
2025-04-12 19:04:14,113 - K-means used 0.01 s
2025-04-12 19:04:26,582 - ***** Epoch: 151: Eval results *****
2025-04-12 19:04:26,582 -   tot_loss = 26.089
2025-04-12 19:04:26,582 -   tot_loss_clu = 2.2364
2025-04-12 19:04:26,582 -   tot_loss_mms = 23.5145
2025-04-12 19:04:26,582 -   tot_loss_recon = 0.0068
2025-04-12 19:04:33,504 - start kmeans...
2025-04-12 19:04:33,520 - K-means used 0.02 s
2025-04-12 19:04:46,273 - ***** Epoch: 152: Eval results *****
2025-04-12 19:04:46,273 -   tot_loss = 26.0435
2025-04-12 19:04:46,273 -   tot_loss_clu = 2.2311
2025-04-12 19:04:46,273 -   tot_loss_mms = 23.471
2025-04-12 19:04:46,274 -   tot_loss_recon = 0.0068
2025-04-12 19:04:53,689 - start kmeans...
2025-04-12 19:04:53,710 - K-means used 0.02 s
2025-04-12 19:05:06,498 - ***** Epoch: 153: Eval results *****
2025-04-12 19:05:06,499 -   tot_loss = 26.0105
2025-04-12 19:05:06,499 -   tot_loss_clu = 2.2237
2025-04-12 19:05:06,500 -   tot_loss_mms = 23.4459
2025-04-12 19:05:06,500 -   tot_loss_recon = 0.0068
2025-04-12 19:05:13,617 - start kmeans...
2025-04-12 19:05:13,634 - K-means used 0.02 s
2025-04-12 19:05:27,386 - ***** Epoch: 154: Eval results *****
2025-04-12 19:05:27,386 -   tot_loss = 26.011
2025-04-12 19:05:27,386 -   tot_loss_clu = 2.2173
2025-04-12 19:05:27,386 -   tot_loss_mms = 23.4517
2025-04-12 19:05:27,386 -   tot_loss_recon = 0.0068
2025-04-12 19:05:34,925 - start kmeans...
2025-04-12 19:05:34,939 - K-means used 0.01 s
2025-04-12 19:05:48,876 - ***** Epoch: 155: Eval results *****
2025-04-12 19:05:48,876 -   tot_loss = 25.9989
2025-04-12 19:05:48,876 -   tot_loss_clu = 2.2059
2025-04-12 19:05:48,876 -   tot_loss_mms = 23.4516
2025-04-12 19:05:48,876 -   tot_loss_recon = 0.0068
2025-04-12 19:05:56,474 - start kmeans...
2025-04-12 19:05:56,490 - K-means used 0.02 s
2025-04-12 19:06:10,036 - ***** Epoch: 156: Eval results *****
2025-04-12 19:06:10,037 -   tot_loss = 25.9988
2025-04-12 19:06:10,037 -   tot_loss_clu = 2.198
2025-04-12 19:06:10,037 -   tot_loss_mms = 23.4571
2025-04-12 19:06:10,037 -   tot_loss_recon = 0.0069
2025-04-12 19:06:17,478 - start kmeans...
2025-04-12 19:06:17,492 - K-means used 0.01 s
2025-04-12 19:06:31,475 - ***** Epoch: 157: Eval results *****
2025-04-12 19:06:31,475 -   tot_loss = 25.9956
2025-04-12 19:06:31,476 -   tot_loss_clu = 2.2094
2025-04-12 19:06:31,476 -   tot_loss_mms = 23.4467
2025-04-12 19:06:31,476 -   tot_loss_recon = 0.0068
2025-04-12 19:06:39,413 - start kmeans...
2025-04-12 19:06:39,427 - K-means used 0.01 s
2025-04-12 19:06:52,978 - ***** Epoch: 158: Eval results *****
2025-04-12 19:06:52,978 -   tot_loss = 25.9892
2025-04-12 19:06:52,978 -   tot_loss_clu = 2.2179
2025-04-12 19:06:52,978 -   tot_loss_mms = 23.4328
2025-04-12 19:06:52,978 -   tot_loss_recon = 0.0068
2025-04-12 19:07:00,018 - start kmeans...
2025-04-12 19:07:00,031 - K-means used 0.01 s
2025-04-12 19:07:12,975 - ***** Epoch: 159: Eval results *****
2025-04-12 19:07:12,975 -   tot_loss = 25.9331
2025-04-12 19:07:12,975 -   tot_loss_clu = 2.2068
2025-04-12 19:07:12,975 -   tot_loss_mms = 23.3866
2025-04-12 19:07:12,975 -   tot_loss_recon = 0.0068
2025-04-12 19:07:20,381 - start kmeans...
2025-04-12 19:07:20,394 - K-means used 0.01 s
2025-04-12 19:07:33,136 - ***** Epoch: 160: Eval results *****
2025-04-12 19:07:33,136 -   tot_loss = 26.0049
2025-04-12 19:07:33,136 -   tot_loss_clu = 2.2245
2025-04-12 19:07:33,137 -   tot_loss_mms = 23.4413
2025-04-12 19:07:33,137 -   tot_loss_recon = 0.0068
2025-04-12 19:07:40,674 - start kmeans...
2025-04-12 19:07:40,690 - K-means used 0.02 s
2025-04-12 19:07:54,789 - ***** Epoch: 161: Eval results *****
2025-04-12 19:07:54,789 -   tot_loss = 25.9602
2025-04-12 19:07:54,789 -   tot_loss_clu = 2.2149
2025-04-12 19:07:54,789 -   tot_loss_mms = 23.405
2025-04-12 19:07:54,789 -   tot_loss_recon = 0.0068
2025-04-12 19:08:02,441 - start kmeans...
2025-04-12 19:08:02,454 - K-means used 0.01 s
2025-04-12 19:08:16,009 - ***** Epoch: 162: Eval results *****
2025-04-12 19:08:16,009 -   tot_loss = 25.9297
2025-04-12 19:08:16,009 -   tot_loss_clu = 2.195
2025-04-12 19:08:16,009 -   tot_loss_mms = 23.3961
2025-04-12 19:08:16,009 -   tot_loss_recon = 0.0068
2025-04-12 19:08:23,223 - start kmeans...
2025-04-12 19:08:23,240 - K-means used 0.02 s
2025-04-12 19:08:36,073 - ***** Epoch: 163: Eval results *****
2025-04-12 19:08:36,073 -   tot_loss = 25.9785
2025-04-12 19:08:36,073 -   tot_loss_clu = 2.2232
2025-04-12 19:08:36,074 -   tot_loss_mms = 23.4169
2025-04-12 19:08:36,074 -   tot_loss_recon = 0.0068
2025-04-12 19:08:43,113 - start kmeans...
2025-04-12 19:08:43,129 - K-means used 0.02 s
2025-04-12 19:08:56,782 - ***** Epoch: 164: Eval results *****
2025-04-12 19:08:56,783 -   tot_loss = 25.9437
2025-04-12 19:08:56,783 -   tot_loss_clu = 2.2192
2025-04-12 19:08:56,783 -   tot_loss_mms = 23.3816
2025-04-12 19:08:56,784 -   tot_loss_recon = 0.0069
2025-04-12 19:09:03,583 - start kmeans...
2025-04-12 19:09:03,596 - K-means used 0.01 s
2025-04-12 19:09:17,374 - ***** Epoch: 165: Eval results *****
2025-04-12 19:09:17,374 -   tot_loss = 25.9357
2025-04-12 19:09:17,374 -   tot_loss_clu = 2.2101
2025-04-12 19:09:17,374 -   tot_loss_mms = 23.3847
2025-04-12 19:09:17,374 -   tot_loss_recon = 0.0068
2025-04-12 19:09:25,485 - start kmeans...
2025-04-12 19:09:25,497 - K-means used 0.01 s
2025-04-12 19:09:38,488 - ***** Epoch: 166: Eval results *****
2025-04-12 19:09:38,488 -   tot_loss = 25.9118
2025-04-12 19:09:38,488 -   tot_loss_clu = 2.2198
2025-04-12 19:09:38,488 -   tot_loss_mms = 23.3491
2025-04-12 19:09:38,488 -   tot_loss_recon = 0.0069
2025-04-12 19:09:45,712 - start kmeans...
2025-04-12 19:09:45,729 - K-means used 0.02 s
2025-04-12 19:10:00,006 - ***** Epoch: 167: Eval results *****
2025-04-12 19:10:00,007 -   tot_loss = 25.9104
2025-04-12 19:10:00,007 -   tot_loss_clu = 2.206
2025-04-12 19:10:00,007 -   tot_loss_mms = 23.3634
2025-04-12 19:10:00,007 -   tot_loss_recon = 0.0068
2025-04-12 19:10:06,585 - start kmeans...
2025-04-12 19:10:06,599 - K-means used 0.01 s
2025-04-12 19:10:21,819 - ***** Epoch: 168: Eval results *****
2025-04-12 19:10:21,819 -   tot_loss = 25.9455
2025-04-12 19:10:21,820 -   tot_loss_clu = 2.207
2025-04-12 19:10:21,820 -   tot_loss_mms = 23.3957
2025-04-12 19:10:21,820 -   tot_loss_recon = 0.0069
2025-04-12 19:10:28,902 - start kmeans...
2025-04-12 19:10:28,917 - K-means used 0.01 s
2025-04-12 19:10:42,053 - ***** Epoch: 169: Eval results *****
2025-04-12 19:10:42,053 -   tot_loss = 25.926
2025-04-12 19:10:42,053 -   tot_loss_clu = 2.2172
2025-04-12 19:10:42,053 -   tot_loss_mms = 23.3658
2025-04-12 19:10:42,053 -   tot_loss_recon = 0.0069
2025-04-12 19:10:50,086 - start kmeans...
2025-04-12 19:10:50,102 - K-means used 0.02 s
2025-04-12 19:11:04,918 - ***** Epoch: 170: Eval results *****
2025-04-12 19:11:04,918 -   tot_loss = 25.8815
2025-04-12 19:11:04,918 -   tot_loss_clu = 2.1997
2025-04-12 19:11:04,918 -   tot_loss_mms = 23.3416
2025-04-12 19:11:04,918 -   tot_loss_recon = 0.0068
2025-04-12 19:11:12,579 - start kmeans...
2025-04-12 19:11:12,594 - K-means used 0.01 s
2025-04-12 19:11:25,419 - ***** Epoch: 171: Eval results *****
2025-04-12 19:11:25,420 -   tot_loss = 25.9016
2025-04-12 19:11:25,420 -   tot_loss_clu = 2.1946
2025-04-12 19:11:25,420 -   tot_loss_mms = 23.3643
2025-04-12 19:11:25,420 -   tot_loss_recon = 0.0069
2025-04-12 19:11:32,512 - start kmeans...
2025-04-12 19:11:32,530 - K-means used 0.02 s
2025-04-12 19:11:46,692 - ***** Epoch: 172: Eval results *****
2025-04-12 19:11:46,692 -   tot_loss = 25.9138
2025-04-12 19:11:46,692 -   tot_loss_clu = 2.2131
2025-04-12 19:11:46,692 -   tot_loss_mms = 23.3578
2025-04-12 19:11:46,692 -   tot_loss_recon = 0.0069
2025-04-12 19:11:53,672 - start kmeans...
2025-04-12 19:11:53,691 - K-means used 0.02 s
2025-04-12 19:12:06,200 - ***** Epoch: 173: Eval results *****
2025-04-12 19:12:06,200 -   tot_loss = 25.8587
2025-04-12 19:12:06,200 -   tot_loss_clu = 2.1977
2025-04-12 19:12:06,200 -   tot_loss_mms = 23.3226
2025-04-12 19:12:06,200 -   tot_loss_recon = 0.0068
2025-04-12 19:12:14,552 - start kmeans...
2025-04-12 19:12:14,590 - K-means used 0.04 s
2025-04-12 19:12:29,423 - ***** Epoch: 174: Eval results *****
2025-04-12 19:12:29,424 -   tot_loss = 25.8925
2025-04-12 19:12:29,424 -   tot_loss_clu = 2.2107
2025-04-12 19:12:29,424 -   tot_loss_mms = 23.3389
2025-04-12 19:12:29,424 -   tot_loss_recon = 0.0069
2025-04-12 19:12:36,806 - start kmeans...
2025-04-12 19:12:36,818 - K-means used 0.01 s
2025-04-12 19:12:51,083 - ***** Epoch: 175: Eval results *****
2025-04-12 19:12:51,083 -   tot_loss = 25.8903
2025-04-12 19:12:51,084 -   tot_loss_clu = 2.1997
2025-04-12 19:12:51,084 -   tot_loss_mms = 23.3496
2025-04-12 19:12:51,084 -   tot_loss_recon = 0.0068
2025-04-12 19:12:58,800 - start kmeans...
2025-04-12 19:12:58,813 - K-means used 0.01 s
2025-04-12 19:13:13,070 - ***** Epoch: 176: Eval results *****
2025-04-12 19:13:13,070 -   tot_loss = 25.876
2025-04-12 19:13:13,070 -   tot_loss_clu = 2.199
2025-04-12 19:13:13,070 -   tot_loss_mms = 23.3348
2025-04-12 19:13:13,070 -   tot_loss_recon = 0.0068
2025-04-12 19:13:20,774 - start kmeans...
2025-04-12 19:13:20,789 - K-means used 0.01 s
2025-04-12 19:13:33,516 - ***** Epoch: 177: Eval results *****
2025-04-12 19:13:33,516 -   tot_loss = 25.8725
2025-04-12 19:13:33,516 -   tot_loss_clu = 2.1861
2025-04-12 19:13:33,516 -   tot_loss_mms = 23.3446
2025-04-12 19:13:33,516 -   tot_loss_recon = 0.0068
2025-04-12 19:13:40,941 - start kmeans...
2025-04-12 19:13:40,956 - K-means used 0.02 s
2025-04-12 19:13:56,299 - ***** Epoch: 178: Eval results *****
2025-04-12 19:13:56,300 -   tot_loss = 25.9409
2025-04-12 19:13:56,300 -   tot_loss_clu = 2.2015
2025-04-12 19:13:56,300 -   tot_loss_mms = 23.3961
2025-04-12 19:13:56,300 -   tot_loss_recon = 0.0069
2025-04-12 19:14:04,241 - start kmeans...
2025-04-12 19:14:04,255 - K-means used 0.01 s
2025-04-12 19:14:18,658 - ***** Epoch: 179: Eval results *****
2025-04-12 19:14:18,658 -   tot_loss = 25.8758
2025-04-12 19:14:18,658 -   tot_loss_clu = 2.205
2025-04-12 19:14:18,658 -   tot_loss_mms = 23.3272
2025-04-12 19:14:18,658 -   tot_loss_recon = 0.0069
2025-04-12 19:14:26,269 - start kmeans...
2025-04-12 19:14:26,281 - K-means used 0.01 s
2025-04-12 19:14:41,719 - ***** Epoch: 180: Eval results *****
2025-04-12 19:14:41,720 -   tot_loss = 25.8703
2025-04-12 19:14:41,720 -   tot_loss_clu = 2.1854
2025-04-12 19:14:41,720 -   tot_loss_mms = 23.3402
2025-04-12 19:14:41,720 -   tot_loss_recon = 0.0069
2025-04-12 19:14:48,727 - start kmeans...
2025-04-12 19:14:48,740 - K-means used 0.01 s
2025-04-12 19:15:02,542 - ***** Epoch: 181: Eval results *****
2025-04-12 19:15:02,542 -   tot_loss = 25.8536
2025-04-12 19:15:02,542 -   tot_loss_clu = 2.1841
2025-04-12 19:15:02,542 -   tot_loss_mms = 23.3261
2025-04-12 19:15:02,543 -   tot_loss_recon = 0.0069
2025-04-12 19:15:10,346 - start kmeans...
2025-04-12 19:15:10,360 - K-means used 0.01 s
2025-04-12 19:15:24,347 - ***** Epoch: 182: Eval results *****
2025-04-12 19:15:24,347 -   tot_loss = 25.8906
2025-04-12 19:15:24,348 -   tot_loss_clu = 2.2001
2025-04-12 19:15:24,348 -   tot_loss_mms = 23.3463
2025-04-12 19:15:24,348 -   tot_loss_recon = 0.0069
2025-04-12 19:15:32,260 - start kmeans...
2025-04-12 19:15:32,273 - K-means used 0.01 s
2025-04-12 19:15:45,653 - ***** Epoch: 183: Eval results *****
2025-04-12 19:15:45,653 -   tot_loss = 25.8625
2025-04-12 19:15:45,653 -   tot_loss_clu = 2.1887
2025-04-12 19:15:45,653 -   tot_loss_mms = 23.3323
2025-04-12 19:15:45,653 -   tot_loss_recon = 0.0068
2025-04-12 19:15:53,197 - start kmeans...
2025-04-12 19:15:53,212 - K-means used 0.01 s
2025-04-12 19:16:06,732 - ***** Epoch: 184: Eval results *****
2025-04-12 19:16:06,733 -   tot_loss = 25.8819
2025-04-12 19:16:06,733 -   tot_loss_clu = 2.2018
2025-04-12 19:16:06,733 -   tot_loss_mms = 23.3375
2025-04-12 19:16:06,733 -   tot_loss_recon = 0.0069
2025-04-12 19:16:14,036 - start kmeans...
2025-04-12 19:16:14,048 - K-means used 0.01 s
2025-04-12 19:16:27,958 - ***** Epoch: 185: Eval results *****
2025-04-12 19:16:27,959 -   tot_loss = 25.8849
2025-04-12 19:16:27,959 -   tot_loss_clu = 2.196
2025-04-12 19:16:27,959 -   tot_loss_mms = 23.3443
2025-04-12 19:16:27,959 -   tot_loss_recon = 0.0069
2025-04-12 19:16:35,370 - start kmeans...
2025-04-12 19:16:35,384 - K-means used 0.01 s
2025-04-12 19:16:48,279 - ***** Epoch: 186: Eval results *****
2025-04-12 19:16:48,280 -   tot_loss = 25.8816
2025-04-12 19:16:48,280 -   tot_loss_clu = 2.1827
2025-04-12 19:16:48,280 -   tot_loss_mms = 23.3576
2025-04-12 19:16:48,280 -   tot_loss_recon = 0.0068
2025-04-12 19:16:56,009 - start kmeans...
2025-04-12 19:16:56,025 - K-means used 0.02 s
2025-04-12 19:17:08,673 - ***** Epoch: 187: Eval results *****
2025-04-12 19:17:08,673 -   tot_loss = 25.8627
2025-04-12 19:17:08,673 -   tot_loss_clu = 2.1971
2025-04-12 19:17:08,673 -   tot_loss_mms = 23.3237
2025-04-12 19:17:08,674 -   tot_loss_recon = 0.0068
2025-04-12 19:17:15,950 - start kmeans...
2025-04-12 19:17:15,966 - K-means used 0.02 s
2025-04-12 19:17:29,753 - ***** Epoch: 188: Eval results *****
2025-04-12 19:17:29,753 -   tot_loss = 25.8901
2025-04-12 19:17:29,753 -   tot_loss_clu = 2.1924
2025-04-12 19:17:29,753 -   tot_loss_mms = 23.356
2025-04-12 19:17:29,753 -   tot_loss_recon = 0.0068
2025-04-12 19:17:36,972 - start kmeans...
2025-04-12 19:17:36,987 - K-means used 0.01 s
2025-04-12 19:17:51,856 - ***** Epoch: 189: Eval results *****
2025-04-12 19:17:51,857 -   tot_loss = 25.8955
2025-04-12 19:17:51,857 -   tot_loss_clu = 2.2092
2025-04-12 19:17:51,857 -   tot_loss_mms = 23.3422
2025-04-12 19:17:51,857 -   tot_loss_recon = 0.0069
2025-04-12 19:17:59,234 - start kmeans...
2025-04-12 19:17:59,250 - K-means used 0.02 s
2025-04-12 19:18:12,137 - ***** Epoch: 190: Eval results *****
2025-04-12 19:18:12,137 -   tot_loss = 25.8875
2025-04-12 19:18:12,137 -   tot_loss_clu = 2.1955
2025-04-12 19:18:12,137 -   tot_loss_mms = 23.3497
2025-04-12 19:18:12,137 -   tot_loss_recon = 0.0068
2025-04-12 19:18:19,978 - start kmeans...
2025-04-12 19:18:19,990 - K-means used 0.01 s
2025-04-12 19:18:32,904 - ***** Epoch: 191: Eval results *****
2025-04-12 19:18:32,905 -   tot_loss = 25.8495
2025-04-12 19:18:32,905 -   tot_loss_clu = 2.1891
2025-04-12 19:18:32,905 -   tot_loss_mms = 23.3189
2025-04-12 19:18:32,905 -   tot_loss_recon = 0.0068
2025-04-12 19:18:41,258 - start kmeans...
2025-04-12 19:18:41,273 - K-means used 0.01 s
2025-04-12 19:18:56,313 - ***** Epoch: 192: Eval results *****
2025-04-12 19:18:56,313 -   tot_loss = 25.8643
2025-04-12 19:18:56,314 -   tot_loss_clu = 2.1928
2025-04-12 19:18:56,314 -   tot_loss_mms = 23.3271
2025-04-12 19:18:56,314 -   tot_loss_recon = 0.0069
2025-04-12 19:19:04,016 - start kmeans...
2025-04-12 19:19:04,032 - K-means used 0.02 s
2025-04-12 19:19:17,041 - ***** Epoch: 193: Eval results *****
2025-04-12 19:19:17,041 -   tot_loss = 25.8924
2025-04-12 19:19:17,041 -   tot_loss_clu = 2.196
2025-04-12 19:19:17,041 -   tot_loss_mms = 23.3536
2025-04-12 19:19:17,041 -   tot_loss_recon = 0.0069
2025-04-12 19:19:25,517 - start kmeans...
2025-04-12 19:19:25,531 - K-means used 0.01 s
2025-04-12 19:19:40,908 - ***** Epoch: 194: Eval results *****
2025-04-12 19:19:40,908 -   tot_loss = 25.8712
2025-04-12 19:19:40,908 -   tot_loss_clu = 2.1899
2025-04-12 19:19:40,909 -   tot_loss_mms = 23.3364
2025-04-12 19:19:40,909 -   tot_loss_recon = 0.0069
2025-04-12 19:19:48,524 - start kmeans...
2025-04-12 19:19:48,539 - K-means used 0.01 s
2025-04-12 19:20:03,210 - ***** Epoch: 195: Eval results *****
2025-04-12 19:20:03,210 -   tot_loss = 25.8989
2025-04-12 19:20:03,210 -   tot_loss_clu = 2.2056
2025-04-12 19:20:03,210 -   tot_loss_mms = 23.3491
2025-04-12 19:20:03,211 -   tot_loss_recon = 0.0069
2025-04-12 19:20:11,174 - start kmeans...
2025-04-12 19:20:11,188 - K-means used 0.01 s
2025-04-12 19:20:25,790 - ***** Epoch: 196: Eval results *****
2025-04-12 19:20:25,791 -   tot_loss = 25.8857
2025-04-12 19:20:25,791 -   tot_loss_clu = 2.197
2025-04-12 19:20:25,791 -   tot_loss_mms = 23.3467
2025-04-12 19:20:25,791 -   tot_loss_recon = 0.0068
2025-04-12 19:20:33,136 - start kmeans...
2025-04-12 19:20:33,151 - K-means used 0.01 s
2025-04-12 19:20:47,393 - ***** Epoch: 197: Eval results *****
2025-04-12 19:20:47,394 -   tot_loss = 25.9131
2025-04-12 19:20:47,394 -   tot_loss_clu = 2.2096
2025-04-12 19:20:47,394 -   tot_loss_mms = 23.3643
2025-04-12 19:20:47,394 -   tot_loss_recon = 0.0068
2025-04-12 19:20:54,950 - start kmeans...
2025-04-12 19:20:54,964 - K-means used 0.01 s
2025-04-12 19:21:07,596 - ***** Epoch: 198: Eval results *****
2025-04-12 19:21:07,596 -   tot_loss = 25.8968
2025-04-12 19:21:07,596 -   tot_loss_clu = 2.2001
2025-04-12 19:21:07,597 -   tot_loss_mms = 23.3548
2025-04-12 19:21:07,597 -   tot_loss_recon = 0.0068
2025-04-12 19:21:15,459 - start kmeans...
2025-04-12 19:21:15,475 - K-means used 0.02 s
2025-04-12 19:21:29,716 - ***** Epoch: 199: Eval results *****
2025-04-12 19:21:29,717 -   tot_loss = 25.8669
2025-04-12 19:21:29,717 -   tot_loss_clu = 2.1859
2025-04-12 19:21:29,717 -   tot_loss_mms = 23.3373
2025-04-12 19:21:29,717 -   tot_loss_recon = 0.0069
2025-04-12 19:21:37,934 - start kmeans...
2025-04-12 19:21:37,948 - K-means used 0.01 s
2025-04-12 19:21:51,435 - ***** Epoch: 200: Eval results *****
2025-04-12 19:21:51,436 -   tot_loss = 25.8544
2025-04-12 19:21:51,436 -   tot_loss_clu = 2.182
2025-04-12 19:21:51,436 -   tot_loss_mms = 23.3289
2025-04-12 19:21:51,436 -   tot_loss_recon = 0.0069
2025-04-12 19:21:56,253 - ***** Test results *****
2025-04-12 19:21:56,253 -   ACC = 18.88
2025-04-12 19:21:56,253 -   ARI = 2.1
2025-04-12 19:21:56,253 -   NMI = 18.28
2025-04-12 19:21:56,253 -   fmi = 9.82
2025-04-12 19:21:56,254 - Trained models are saved in /root/autodl-tmp/home/lizhuohang/reaserch/EMNLP/UMC/outputs/MIntRec/mcn_mcn_MIntRec_bert-base-uncased_3/models
2025-04-12 19:21:57,246 - Training is finished...
2025-04-12 19:21:57,246 - Testing begins...
2025-04-12 19:22:00,512 - ***** Test results *****
2025-04-12 19:22:00,513 -   ACC = 18.88
2025-04-12 19:22:00,513 -   ARI = 2.1
2025-04-12 19:22:00,513 -   NMI = 18.28
2025-04-12 19:22:00,513 -   fmi = 9.82
2025-04-12 19:22:00,513 - Testing is finished...
2025-04-12 19:22:00,514 - Multimodal intent recognition is finished...
2025-04-12 19:22:00,514 - Results are saved in results/results_mcn.csv
