2025-04-12 19:22:16,149 - ============================== Params ==============================
2025-04-12 19:22:16,149 - logger_name: mcn_mcn_bert-base-uncased_MIntRec_4
2025-04-12 19:22:16,149 - dataset: MIntRec
2025-04-12 19:22:16,149 - multimodal_method: mcn
2025-04-12 19:22:16,149 - method: mcn
2025-04-12 19:22:16,149 - text_backbone: bert-base-uncased
2025-04-12 19:22:16,149 - seed: 4
2025-04-12 19:22:16,150 - num_workers: 8
2025-04-12 19:22:16,150 - log_id: mcn_mcn_bert-base-uncased_MIntRec_4_2025-04-12-19-22-16
2025-04-12 19:22:16,150 - gpu_id: 0
2025-04-12 19:22:16,150 - data_path: /root/autodl-tmp/home/Share/Dataset/LZH
2025-04-12 19:22:16,150 - train: True
2025-04-12 19:22:16,150 - tune: True
2025-04-12 19:22:16,150 - save_model: True
2025-04-12 19:22:16,150 - save_results: True
2025-04-12 19:22:16,150 - log_path: logs
2025-04-12 19:22:16,150 - cache_path: cache
2025-04-12 19:22:16,150 - video_data_path: video_data
2025-04-12 19:22:16,150 - audio_data_path: audio_data
2025-04-12 19:22:16,150 - video_feats_path: video_feats.pkl
2025-04-12 19:22:16,150 - audio_feats_path: audio_feats.pkl
2025-04-12 19:22:16,150 - results_path: results
2025-04-12 19:22:16,150 - output_path: /root/autodl-tmp/home/lizhuohang/reaserch/EMNLP/UMC/outputs/MIntRec
2025-04-12 19:22:16,150 - model_path: models
2025-04-12 19:22:16,150 - config_file_name: mcn
2025-04-12 19:22:16,150 - results_file_name: results_mcn.csv
2025-04-12 19:22:16,150 - text_pretrained_model: uncased_L-12_H-768_A-12
2025-04-12 19:22:16,150 - text_seq_len: 30
2025-04-12 19:22:16,150 - video_seq_len: 230
2025-04-12 19:22:16,150 - audio_seq_len: 480
2025-04-12 19:22:16,150 - text_feat_dim: None
2025-04-12 19:22:16,150 - video_feat_dim: None
2025-04-12 19:22:16,150 - audio_feat_dim: None
2025-04-12 19:22:16,150 - num_labels: 20
2025-04-12 19:22:16,150 - num_train_examples: 1779
2025-04-12 19:22:16,151 - pretrained_model: uncased_L-12_H-768_A-12
2025-04-12 19:22:16,151 - num_train_epochs: 200
2025-04-12 19:22:16,151 - t_dim: 768
2025-04-12 19:22:16,151 - a_dim: 768
2025-04-12 19:22:16,151 - v_dim: 256
2025-04-12 19:22:16,151 - lr: [0.0001]
2025-04-12 19:22:16,151 - warmup_steps: 100
2025-04-12 19:22:16,151 - embd_dim: [256]
2025-04-12 19:22:16,151 - recon_size: [128]
2025-04-12 19:22:16,151 - recon: True
2025-04-12 19:22:16,151 - clu_lamb: [1]
2025-04-12 19:22:16,151 - recon_w: [50]
2025-04-12 19:22:16,151 - feature_extractor_method: ['mean']
2025-04-12 19:22:16,151 - freeze_train_bert_parameters: [True]
2025-04-12 19:22:16,151 - nheads: 8
2025-04-12 19:22:16,151 - attn_dropout: 0.1
2025-04-12 19:22:16,152 - relu_dropout: 0.1
2025-04-12 19:22:16,152 - embed_dropout: 0.1
2025-04-12 19:22:16,152 - res_dropout: 0.1
2025-04-12 19:22:16,152 - attn_mask: True
2025-04-12 19:22:16,152 - feats_processing_type: padding
2025-04-12 19:22:16,152 - padding_mode: zero
2025-04-12 19:22:16,152 - padding_loc: end
2025-04-12 19:22:16,152 - train_batch_size: 128
2025-04-12 19:22:16,152 - eval_batch_size: 64
2025-04-12 19:22:16,152 - test_batch_size: 64
2025-04-12 19:22:16,152 - wait_patience: 10
2025-04-12 19:22:16,152 - pred_output_path: /root/autodl-tmp/home/lizhuohang/reaserch/EMNLP/UMC/outputs/MIntRec/mcn_mcn_MIntRec_bert-base-uncased_4
2025-04-12 19:22:16,152 - model_output_path: /root/autodl-tmp/home/lizhuohang/reaserch/EMNLP/UMC/outputs/MIntRec/mcn_mcn_MIntRec_bert-base-uncased_4/models
2025-04-12 19:22:16,152 - ============================== End Params ==============================
2025-04-12 19:22:17,246 - Freeze all parameters but the last layer for efficiency
2025-04-12 19:22:17,249 - Multimodal Intent Recognition begins...
2025-04-12 19:22:17,249 - Training begins...
2025-04-12 19:22:25,329 - start kmeans...
2025-04-12 19:22:25,416 - K-means used 0.09 s
2025-04-12 19:22:37,742 - ***** Epoch: 1: Eval results *****
2025-04-12 19:22:37,743 -   tot_loss = 43.011
2025-04-12 19:22:37,743 -   tot_loss_clu = 2.9903
2025-04-12 19:22:37,743 -   tot_loss_mms = 29.0731
2025-04-12 19:22:37,744 -   tot_loss_recon = 0.219
2025-04-12 19:22:45,203 - start kmeans...
2025-04-12 19:22:45,224 - K-means used 0.02 s
2025-04-12 19:22:58,222 - ***** Epoch: 2: Eval results *****
2025-04-12 19:22:58,223 -   tot_loss = 40.2295
2025-04-12 19:22:58,224 -   tot_loss_clu = 2.9928
2025-04-12 19:22:58,224 -   tot_loss_mms = 29.0703
2025-04-12 19:22:58,224 -   tot_loss_recon = 0.1633
2025-04-12 19:23:06,970 - start kmeans...
2025-04-12 19:23:06,994 - K-means used 0.02 s
2025-04-12 19:23:22,033 - ***** Epoch: 3: Eval results *****
2025-04-12 19:23:22,033 -   tot_loss = 36.4057
2025-04-12 19:23:22,033 -   tot_loss_clu = 2.997
2025-04-12 19:23:22,033 -   tot_loss_mms = 29.0648
2025-04-12 19:23:22,033 -   tot_loss_recon = 0.0869
2025-04-12 19:23:29,544 - start kmeans...
2025-04-12 19:23:29,576 - K-means used 0.03 s
2025-04-12 19:23:42,920 - ***** Epoch: 4: Eval results *****
2025-04-12 19:23:42,920 -   tot_loss = 33.5464
2025-04-12 19:23:42,920 -   tot_loss_clu = 3.0093
2025-04-12 19:23:42,920 -   tot_loss_mms = 29.0595
2025-04-12 19:23:42,920 -   tot_loss_recon = 0.0296
2025-04-12 19:23:50,688 - start kmeans...
2025-04-12 19:23:50,715 - K-means used 0.03 s
2025-04-12 19:24:03,263 - ***** Epoch: 5: Eval results *****
2025-04-12 19:24:03,263 -   tot_loss = 32.657
2025-04-12 19:24:03,263 -   tot_loss_clu = 3.0164
2025-04-12 19:24:03,263 -   tot_loss_mms = 29.0579
2025-04-12 19:24:03,264 -   tot_loss_recon = 0.0117
2025-04-12 19:24:10,378 - start kmeans...
2025-04-12 19:24:10,403 - K-means used 0.02 s
2025-04-12 19:24:25,231 - ***** Epoch: 6: Eval results *****
2025-04-12 19:24:25,232 -   tot_loss = 32.5378
2025-04-12 19:24:25,232 -   tot_loss_clu = 3.0179
2025-04-12 19:24:25,232 -   tot_loss_mms = 29.0539
2025-04-12 19:24:25,232 -   tot_loss_recon = 0.0093
2025-04-12 19:24:32,621 - start kmeans...
2025-04-12 19:24:32,648 - K-means used 0.03 s
2025-04-12 19:24:45,394 - ***** Epoch: 7: Eval results *****
2025-04-12 19:24:45,395 -   tot_loss = 32.4849
2025-04-12 19:24:45,396 -   tot_loss_clu = 3.0217
2025-04-12 19:24:45,396 -   tot_loss_mms = 29.0444
2025-04-12 19:24:45,396 -   tot_loss_recon = 0.0084
2025-04-12 19:24:52,887 - start kmeans...
2025-04-12 19:24:52,918 - K-means used 0.03 s
2025-04-12 19:25:07,635 - ***** Epoch: 8: Eval results *****
2025-04-12 19:25:07,635 -   tot_loss = 32.4289
2025-04-12 19:25:07,636 -   tot_loss_clu = 3.0329
2025-04-12 19:25:07,636 -   tot_loss_mms = 29.0272
2025-04-12 19:25:07,636 -   tot_loss_recon = 0.0074
2025-04-12 19:25:14,766 - start kmeans...
2025-04-12 19:25:14,797 - K-means used 0.03 s
2025-04-12 19:25:28,841 - ***** Epoch: 9: Eval results *****
2025-04-12 19:25:28,841 -   tot_loss = 32.3695
2025-04-12 19:25:28,841 -   tot_loss_clu = 3.0412
2025-04-12 19:25:28,841 -   tot_loss_mms = 29.0012
2025-04-12 19:25:28,841 -   tot_loss_recon = 0.0065
2025-04-12 19:25:36,058 - start kmeans...
2025-04-12 19:25:36,082 - K-means used 0.02 s
2025-04-12 19:25:48,671 - ***** Epoch: 10: Eval results *****
2025-04-12 19:25:48,672 -   tot_loss = 32.3435
2025-04-12 19:25:48,672 -   tot_loss_clu = 3.0657
2025-04-12 19:25:48,672 -   tot_loss_mms = 28.9802
2025-04-12 19:25:48,672 -   tot_loss_recon = 0.006
2025-04-12 19:25:55,779 - start kmeans...
2025-04-12 19:25:55,802 - K-means used 0.02 s
2025-04-12 19:26:08,904 - ***** Epoch: 11: Eval results *****
2025-04-12 19:26:08,904 -   tot_loss = 32.317
2025-04-12 19:26:08,904 -   tot_loss_clu = 3.067
2025-04-12 19:26:08,904 -   tot_loss_mms = 28.9712
2025-04-12 19:26:08,904 -   tot_loss_recon = 0.0056
2025-04-12 19:26:17,420 - start kmeans...
2025-04-12 19:26:17,440 - K-means used 0.02 s
2025-04-12 19:26:32,153 - ***** Epoch: 12: Eval results *****
2025-04-12 19:26:32,154 -   tot_loss = 32.2922
2025-04-12 19:26:32,154 -   tot_loss_clu = 3.061
2025-04-12 19:26:32,154 -   tot_loss_mms = 28.9659
2025-04-12 19:26:32,154 -   tot_loss_recon = 0.0053
2025-04-12 19:26:39,316 - start kmeans...
2025-04-12 19:26:39,334 - K-means used 0.02 s
2025-04-12 19:26:53,711 - ***** Epoch: 13: Eval results *****
2025-04-12 19:26:53,712 -   tot_loss = 32.2757
2025-04-12 19:26:53,712 -   tot_loss_clu = 3.0643
2025-04-12 19:26:53,712 -   tot_loss_mms = 28.9569
2025-04-12 19:26:53,712 -   tot_loss_recon = 0.0051
2025-04-12 19:27:01,104 - start kmeans...
2025-04-12 19:27:01,123 - K-means used 0.02 s
2025-04-12 19:27:14,169 - ***** Epoch: 14: Eval results *****
2025-04-12 19:27:14,170 -   tot_loss = 32.2563
2025-04-12 19:27:14,170 -   tot_loss_clu = 3.0575
2025-04-12 19:27:14,170 -   tot_loss_mms = 28.9521
2025-04-12 19:27:14,170 -   tot_loss_recon = 0.0049
2025-04-12 19:27:22,155 - start kmeans...
2025-04-12 19:27:22,180 - K-means used 0.02 s
2025-04-12 19:27:36,399 - ***** Epoch: 15: Eval results *****
2025-04-12 19:27:36,400 -   tot_loss = 32.2412
2025-04-12 19:27:36,400 -   tot_loss_clu = 3.0588
2025-04-12 19:27:36,400 -   tot_loss_mms = 28.9436
2025-04-12 19:27:36,400 -   tot_loss_recon = 0.0048
2025-04-12 19:27:44,075 - start kmeans...
2025-04-12 19:27:44,092 - K-means used 0.02 s
2025-04-12 19:27:58,374 - ***** Epoch: 16: Eval results *****
2025-04-12 19:27:58,374 -   tot_loss = 32.2264
2025-04-12 19:27:58,374 -   tot_loss_clu = 3.0569
2025-04-12 19:27:58,374 -   tot_loss_mms = 28.9372
2025-04-12 19:27:58,374 -   tot_loss_recon = 0.0046
2025-04-12 19:28:06,510 - start kmeans...
2025-04-12 19:28:06,529 - K-means used 0.02 s
2025-04-12 19:28:21,198 - ***** Epoch: 17: Eval results *****
2025-04-12 19:28:21,198 -   tot_loss = 32.2134
2025-04-12 19:28:21,198 -   tot_loss_clu = 3.0519
2025-04-12 19:28:21,199 -   tot_loss_mms = 28.9342
2025-04-12 19:28:21,199 -   tot_loss_recon = 0.0045
2025-04-12 19:28:30,274 - start kmeans...
2025-04-12 19:28:30,295 - K-means used 0.02 s
2025-04-12 19:28:46,808 - ***** Epoch: 18: Eval results *****
2025-04-12 19:28:46,809 -   tot_loss = 32.1953
2025-04-12 19:28:46,809 -   tot_loss_clu = 3.0464
2025-04-12 19:28:46,809 -   tot_loss_mms = 28.9247
2025-04-12 19:28:46,809 -   tot_loss_recon = 0.0045
2025-04-12 19:28:53,950 - start kmeans...
2025-04-12 19:28:53,971 - K-means used 0.02 s
2025-04-12 19:29:06,956 - ***** Epoch: 19: Eval results *****
2025-04-12 19:29:06,957 -   tot_loss = 32.1862
2025-04-12 19:29:06,957 -   tot_loss_clu = 3.0506
2025-04-12 19:29:06,957 -   tot_loss_mms = 28.9124
2025-04-12 19:29:06,957 -   tot_loss_recon = 0.0045
2025-04-12 19:29:14,290 - start kmeans...
2025-04-12 19:29:14,316 - K-means used 0.03 s
2025-04-12 19:29:27,541 - ***** Epoch: 20: Eval results *****
2025-04-12 19:29:27,541 -   tot_loss = 32.1706
2025-04-12 19:29:27,541 -   tot_loss_clu = 3.0408
2025-04-12 19:29:27,542 -   tot_loss_mms = 28.9069
2025-04-12 19:29:27,542 -   tot_loss_recon = 0.0045
2025-04-12 19:29:34,927 - start kmeans...
2025-04-12 19:29:34,943 - K-means used 0.02 s
2025-04-12 19:29:49,047 - ***** Epoch: 21: Eval results *****
2025-04-12 19:29:49,048 -   tot_loss = 32.1515
2025-04-12 19:29:49,048 -   tot_loss_clu = 3.0357
2025-04-12 19:29:49,048 -   tot_loss_mms = 28.8932
2025-04-12 19:29:49,048 -   tot_loss_recon = 0.0045
2025-04-12 19:29:56,569 - start kmeans...
2025-04-12 19:29:56,587 - K-means used 0.02 s
2025-04-12 19:30:11,933 - ***** Epoch: 22: Eval results *****
2025-04-12 19:30:11,933 -   tot_loss = 32.1397
2025-04-12 19:30:11,933 -   tot_loss_clu = 3.0331
2025-04-12 19:30:11,933 -   tot_loss_mms = 28.8799
2025-04-12 19:30:11,933 -   tot_loss_recon = 0.0045
2025-04-12 19:30:19,832 - start kmeans...
2025-04-12 19:30:19,854 - K-means used 0.02 s
2025-04-12 19:30:33,047 - ***** Epoch: 23: Eval results *****
2025-04-12 19:30:33,047 -   tot_loss = 32.1108
2025-04-12 19:30:33,047 -   tot_loss_clu = 3.0293
2025-04-12 19:30:33,047 -   tot_loss_mms = 28.8527
2025-04-12 19:30:33,047 -   tot_loss_recon = 0.0046
2025-04-12 19:30:40,829 - start kmeans...
2025-04-12 19:30:40,848 - K-means used 0.02 s
2025-04-12 19:30:53,937 - ***** Epoch: 24: Eval results *****
2025-04-12 19:30:53,937 -   tot_loss = 32.0851
2025-04-12 19:30:53,937 -   tot_loss_clu = 3.037
2025-04-12 19:30:53,937 -   tot_loss_mms = 28.8112
2025-04-12 19:30:53,937 -   tot_loss_recon = 0.0047
2025-04-12 19:31:01,880 - start kmeans...
2025-04-12 19:31:01,919 - K-means used 0.04 s
2025-04-12 19:31:16,963 - ***** Epoch: 25: Eval results *****
2025-04-12 19:31:16,964 -   tot_loss = 32.0466
2025-04-12 19:31:16,964 -   tot_loss_clu = 3.0268
2025-04-12 19:31:16,964 -   tot_loss_mms = 28.7707
2025-04-12 19:31:16,964 -   tot_loss_recon = 0.005
2025-04-12 19:31:24,792 - start kmeans...
2025-04-12 19:31:24,815 - K-means used 0.02 s
2025-04-12 19:31:37,678 - ***** Epoch: 26: Eval results *****
2025-04-12 19:31:37,679 -   tot_loss = 31.979
2025-04-12 19:31:37,679 -   tot_loss_clu = 3.0152
2025-04-12 19:31:37,679 -   tot_loss_mms = 28.7003
2025-04-12 19:31:37,679 -   tot_loss_recon = 0.0053
2025-04-12 19:31:44,890 - start kmeans...
2025-04-12 19:31:44,916 - K-means used 0.03 s
2025-04-12 19:31:58,269 - ***** Epoch: 27: Eval results *****
2025-04-12 19:31:58,269 -   tot_loss = 31.8967
2025-04-12 19:31:58,269 -   tot_loss_clu = 3.0184
2025-04-12 19:31:58,270 -   tot_loss_mms = 28.5884
2025-04-12 19:31:58,270 -   tot_loss_recon = 0.0058
2025-04-12 19:32:05,963 - start kmeans...
2025-04-12 19:32:05,985 - K-means used 0.02 s
2025-04-12 19:32:20,980 - ***** Epoch: 28: Eval results *****
2025-04-12 19:32:20,980 -   tot_loss = 31.7947
2025-04-12 19:32:20,980 -   tot_loss_clu = 2.9901
2025-04-12 19:32:20,980 -   tot_loss_mms = 28.4839
2025-04-12 19:32:20,980 -   tot_loss_recon = 0.0064
2025-04-12 19:32:28,886 - start kmeans...
2025-04-12 19:32:28,924 - K-means used 0.04 s
2025-04-12 19:32:42,213 - ***** Epoch: 29: Eval results *****
2025-04-12 19:32:42,214 -   tot_loss = 31.6372
2025-04-12 19:32:42,214 -   tot_loss_clu = 2.9488
2025-04-12 19:32:42,214 -   tot_loss_mms = 28.3534
2025-04-12 19:32:42,214 -   tot_loss_recon = 0.0067
2025-04-12 19:32:49,743 - start kmeans...
2025-04-12 19:32:49,777 - K-means used 0.03 s
2025-04-12 19:33:03,292 - ***** Epoch: 30: Eval results *****
2025-04-12 19:33:03,292 -   tot_loss = 31.4534
2025-04-12 19:33:03,293 -   tot_loss_clu = 2.9006
2025-04-12 19:33:03,293 -   tot_loss_mms = 28.2182
2025-04-12 19:33:03,293 -   tot_loss_recon = 0.0067
2025-04-12 19:33:10,830 - start kmeans...
2025-04-12 19:33:10,874 - K-means used 0.04 s
2025-04-12 19:33:24,185 - ***** Epoch: 31: Eval results *****
2025-04-12 19:33:24,185 -   tot_loss = 31.2896
2025-04-12 19:33:24,185 -   tot_loss_clu = 2.9309
2025-04-12 19:33:24,185 -   tot_loss_mms = 28.0596
2025-04-12 19:33:24,185 -   tot_loss_recon = 0.006
2025-04-12 19:33:31,135 - start kmeans...
2025-04-12 19:33:31,164 - K-means used 0.03 s
2025-04-12 19:33:44,620 - ***** Epoch: 32: Eval results *****
2025-04-12 19:33:44,620 -   tot_loss = 31.2982
2025-04-12 19:33:44,620 -   tot_loss_clu = 3.0246
2025-04-12 19:33:44,621 -   tot_loss_mms = 28.0006
2025-04-12 19:33:44,621 -   tot_loss_recon = 0.0055
2025-04-12 19:33:52,464 - start kmeans...
2025-04-12 19:33:52,484 - K-means used 0.02 s
2025-04-12 19:34:06,406 - ***** Epoch: 33: Eval results *****
2025-04-12 19:34:06,406 -   tot_loss = 31.2395
2025-04-12 19:34:06,406 -   tot_loss_clu = 3.0605
2025-04-12 19:34:06,406 -   tot_loss_mms = 27.9172
2025-04-12 19:34:06,406 -   tot_loss_recon = 0.0052
2025-04-12 19:34:14,100 - start kmeans...
2025-04-12 19:34:14,118 - K-means used 0.02 s
2025-04-12 19:34:27,275 - ***** Epoch: 34: Eval results *****
2025-04-12 19:34:27,276 -   tot_loss = 31.1722
2025-04-12 19:34:27,276 -   tot_loss_clu = 3.0814
2025-04-12 19:34:27,276 -   tot_loss_mms = 27.84
2025-04-12 19:34:27,276 -   tot_loss_recon = 0.005
2025-04-12 19:34:34,985 - start kmeans...
2025-04-12 19:34:35,012 - K-means used 0.03 s
2025-04-12 19:34:48,778 - ***** Epoch: 35: Eval results *****
2025-04-12 19:34:48,778 -   tot_loss = 31.1427
2025-04-12 19:34:48,778 -   tot_loss_clu = 3.0794
2025-04-12 19:34:48,778 -   tot_loss_mms = 27.8282
2025-04-12 19:34:48,778 -   tot_loss_recon = 0.0047
2025-04-12 19:34:56,353 - start kmeans...
2025-04-12 19:34:56,369 - K-means used 0.02 s
2025-04-12 19:35:09,308 - ***** Epoch: 36: Eval results *****
2025-04-12 19:35:09,308 -   tot_loss = 31.0357
2025-04-12 19:35:09,308 -   tot_loss_clu = 3.0972
2025-04-12 19:35:09,309 -   tot_loss_mms = 27.7123
2025-04-12 19:35:09,309 -   tot_loss_recon = 0.0045
2025-04-12 19:35:16,718 - start kmeans...
2025-04-12 19:35:16,739 - K-means used 0.02 s
2025-04-12 19:35:31,323 - ***** Epoch: 37: Eval results *****
2025-04-12 19:35:31,324 -   tot_loss = 31.0461
2025-04-12 19:35:31,324 -   tot_loss_clu = 3.1093
2025-04-12 19:35:31,324 -   tot_loss_mms = 27.7158
2025-04-12 19:35:31,324 -   tot_loss_recon = 0.0044
2025-04-12 19:35:38,128 - start kmeans...
2025-04-12 19:35:38,151 - K-means used 0.02 s
2025-04-12 19:35:50,839 - ***** Epoch: 38: Eval results *****
2025-04-12 19:35:50,839 -   tot_loss = 30.9546
2025-04-12 19:35:50,839 -   tot_loss_clu = 3.1002
2025-04-12 19:35:50,839 -   tot_loss_mms = 27.6356
2025-04-12 19:35:50,839 -   tot_loss_recon = 0.0044
2025-04-12 19:35:59,040 - start kmeans...
2025-04-12 19:35:59,062 - K-means used 0.02 s
2025-04-12 19:36:12,457 - ***** Epoch: 39: Eval results *****
2025-04-12 19:36:12,457 -   tot_loss = 30.962
2025-04-12 19:36:12,457 -   tot_loss_clu = 3.0948
2025-04-12 19:36:12,457 -   tot_loss_mms = 27.6499
2025-04-12 19:36:12,457 -   tot_loss_recon = 0.0043
2025-04-12 19:36:20,006 - start kmeans...
2025-04-12 19:36:20,024 - K-means used 0.02 s
2025-04-12 19:36:33,744 - ***** Epoch: 40: Eval results *****
2025-04-12 19:36:33,744 -   tot_loss = 30.9318
2025-04-12 19:36:33,744 -   tot_loss_clu = 3.0712
2025-04-12 19:36:33,744 -   tot_loss_mms = 27.646
2025-04-12 19:36:33,744 -   tot_loss_recon = 0.0043
2025-04-12 19:36:40,889 - start kmeans...
2025-04-12 19:36:40,909 - K-means used 0.02 s
2025-04-12 19:36:54,391 - ***** Epoch: 41: Eval results *****
2025-04-12 19:36:54,391 -   tot_loss = 30.8434
2025-04-12 19:36:54,391 -   tot_loss_clu = 3.074
2025-04-12 19:36:54,391 -   tot_loss_mms = 27.5559
2025-04-12 19:36:54,391 -   tot_loss_recon = 0.0043
2025-04-12 19:37:02,187 - start kmeans...
2025-04-12 19:37:02,205 - K-means used 0.02 s
2025-04-12 19:37:15,858 - ***** Epoch: 42: Eval results *****
2025-04-12 19:37:15,858 -   tot_loss = 30.8394
2025-04-12 19:37:15,858 -   tot_loss_clu = 3.0908
2025-04-12 19:37:15,858 -   tot_loss_mms = 27.5344
2025-04-12 19:37:15,858 -   tot_loss_recon = 0.0043
2025-04-12 19:37:23,110 - start kmeans...
2025-04-12 19:37:23,128 - K-means used 0.02 s
2025-04-12 19:37:36,549 - ***** Epoch: 43: Eval results *****
2025-04-12 19:37:36,549 -   tot_loss = 30.7953
2025-04-12 19:37:36,549 -   tot_loss_clu = 3.0694
2025-04-12 19:37:36,549 -   tot_loss_mms = 27.5132
2025-04-12 19:37:36,549 -   tot_loss_recon = 0.0043
2025-04-12 19:37:43,857 - start kmeans...
2025-04-12 19:37:43,872 - K-means used 0.02 s
2025-04-12 19:37:56,619 - ***** Epoch: 44: Eval results *****
2025-04-12 19:37:56,619 -   tot_loss = 30.7265
2025-04-12 19:37:56,619 -   tot_loss_clu = 3.0649
2025-04-12 19:37:56,619 -   tot_loss_mms = 27.4501
2025-04-12 19:37:56,619 -   tot_loss_recon = 0.0042
2025-04-12 19:38:04,106 - start kmeans...
2025-04-12 19:38:04,122 - K-means used 0.02 s
2025-04-12 19:38:18,529 - ***** Epoch: 45: Eval results *****
2025-04-12 19:38:18,530 -   tot_loss = 30.7094
2025-04-12 19:38:18,530 -   tot_loss_clu = 3.0851
2025-04-12 19:38:18,530 -   tot_loss_mms = 27.4138
2025-04-12 19:38:18,530 -   tot_loss_recon = 0.0042
2025-04-12 19:38:26,073 - start kmeans...
2025-04-12 19:38:26,092 - K-means used 0.02 s
2025-04-12 19:38:39,320 - ***** Epoch: 46: Eval results *****
2025-04-12 19:38:39,320 -   tot_loss = 30.7171
2025-04-12 19:38:39,320 -   tot_loss_clu = 3.0793
2025-04-12 19:38:39,320 -   tot_loss_mms = 27.4277
2025-04-12 19:38:39,320 -   tot_loss_recon = 0.0042
2025-04-12 19:38:46,433 - start kmeans...
2025-04-12 19:38:46,453 - K-means used 0.02 s
2025-04-12 19:38:58,664 - ***** Epoch: 47: Eval results *****
2025-04-12 19:38:58,664 -   tot_loss = 30.6606
2025-04-12 19:38:58,665 -   tot_loss_clu = 3.0796
2025-04-12 19:38:58,665 -   tot_loss_mms = 27.372
2025-04-12 19:38:58,665 -   tot_loss_recon = 0.0042
2025-04-12 19:39:05,691 - start kmeans...
2025-04-12 19:39:05,710 - K-means used 0.02 s
2025-04-12 19:39:19,362 - ***** Epoch: 48: Eval results *****
2025-04-12 19:39:19,363 -   tot_loss = 30.6193
2025-04-12 19:39:19,363 -   tot_loss_clu = 3.0952
2025-04-12 19:39:19,363 -   tot_loss_mms = 27.3162
2025-04-12 19:39:19,363 -   tot_loss_recon = 0.0042
2025-04-12 19:39:27,079 - start kmeans...
2025-04-12 19:39:27,096 - K-means used 0.02 s
2025-04-12 19:39:39,840 - ***** Epoch: 49: Eval results *****
2025-04-12 19:39:39,841 -   tot_loss = 30.5848
2025-04-12 19:39:39,841 -   tot_loss_clu = 3.0909
2025-04-12 19:39:39,841 -   tot_loss_mms = 27.2845
2025-04-12 19:39:39,841 -   tot_loss_recon = 0.0042
2025-04-12 19:39:47,822 - start kmeans...
2025-04-12 19:39:47,848 - K-means used 0.03 s
2025-04-12 19:40:02,840 - ***** Epoch: 50: Eval results *****
2025-04-12 19:40:02,840 -   tot_loss = 30.6195
2025-04-12 19:40:02,840 -   tot_loss_clu = 3.1112
2025-04-12 19:40:02,840 -   tot_loss_mms = 27.3002
2025-04-12 19:40:02,840 -   tot_loss_recon = 0.0042
2025-04-12 19:40:08,620 - ***** Test results *****
2025-04-12 19:40:08,621 -   ACC = 17.3
2025-04-12 19:40:08,621 -   ARI = 1.57
2025-04-12 19:40:08,621 -   NMI = 17.73
2025-04-12 19:40:08,621 -   fmi = 10.31
2025-04-12 19:40:16,501 - start kmeans...
2025-04-12 19:40:16,529 - K-means used 0.03 s
2025-04-12 19:40:29,290 - ***** Epoch: 51: Eval results *****
2025-04-12 19:40:29,290 -   tot_loss = 30.6317
2025-04-12 19:40:29,290 -   tot_loss_clu = 3.1098
2025-04-12 19:40:29,290 -   tot_loss_mms = 27.3135
2025-04-12 19:40:29,290 -   tot_loss_recon = 0.0042
2025-04-12 19:40:36,833 - start kmeans...
2025-04-12 19:40:36,859 - K-means used 0.03 s
2025-04-12 19:40:50,622 - ***** Epoch: 52: Eval results *****
2025-04-12 19:40:50,622 -   tot_loss = 30.5533
2025-04-12 19:40:50,622 -   tot_loss_clu = 3.0771
2025-04-12 19:40:50,622 -   tot_loss_mms = 27.2688
2025-04-12 19:40:50,622 -   tot_loss_recon = 0.0041
2025-04-12 19:40:58,411 - start kmeans...
2025-04-12 19:40:58,436 - K-means used 0.03 s
2025-04-12 19:41:11,174 - ***** Epoch: 53: Eval results *****
2025-04-12 19:41:11,174 -   tot_loss = 30.4952
2025-04-12 19:41:11,174 -   tot_loss_clu = 3.0805
2025-04-12 19:41:11,174 -   tot_loss_mms = 27.2064
2025-04-12 19:41:11,174 -   tot_loss_recon = 0.0042
2025-04-12 19:41:18,833 - start kmeans...
2025-04-12 19:41:18,852 - K-means used 0.02 s
2025-04-12 19:41:32,386 - ***** Epoch: 54: Eval results *****
2025-04-12 19:41:32,386 -   tot_loss = 30.4829
2025-04-12 19:41:32,386 -   tot_loss_clu = 3.0784
2025-04-12 19:41:32,386 -   tot_loss_mms = 27.1966
2025-04-12 19:41:32,386 -   tot_loss_recon = 0.0042
2025-04-12 19:41:39,795 - start kmeans...
2025-04-12 19:41:39,820 - K-means used 0.02 s
2025-04-12 19:41:54,769 - ***** Epoch: 55: Eval results *****
2025-04-12 19:41:54,769 -   tot_loss = 30.518
2025-04-12 19:41:54,769 -   tot_loss_clu = 3.1225
2025-04-12 19:41:54,769 -   tot_loss_mms = 27.1895
2025-04-12 19:41:54,769 -   tot_loss_recon = 0.0041
2025-04-12 19:42:02,450 - start kmeans...
2025-04-12 19:42:02,471 - K-means used 0.02 s
2025-04-12 19:42:15,768 - ***** Epoch: 56: Eval results *****
2025-04-12 19:42:15,768 -   tot_loss = 30.4688
2025-04-12 19:42:15,769 -   tot_loss_clu = 3.1238
2025-04-12 19:42:15,769 -   tot_loss_mms = 27.1383
2025-04-12 19:42:15,769 -   tot_loss_recon = 0.0041
2025-04-12 19:42:23,457 - start kmeans...
2025-04-12 19:42:23,476 - K-means used 0.02 s
2025-04-12 19:42:37,074 - ***** Epoch: 57: Eval results *****
2025-04-12 19:42:37,074 -   tot_loss = 30.4518
2025-04-12 19:42:37,074 -   tot_loss_clu = 3.1238
2025-04-12 19:42:37,074 -   tot_loss_mms = 27.1222
2025-04-12 19:42:37,074 -   tot_loss_recon = 0.0041
2025-04-12 19:42:44,550 - start kmeans...
2025-04-12 19:42:44,570 - K-means used 0.02 s
2025-04-12 19:42:57,739 - ***** Epoch: 58: Eval results *****
2025-04-12 19:42:57,739 -   tot_loss = 30.4124
2025-04-12 19:42:57,739 -   tot_loss_clu = 3.0975
2025-04-12 19:42:57,740 -   tot_loss_mms = 27.1096
2025-04-12 19:42:57,740 -   tot_loss_recon = 0.0041
2025-04-12 19:43:05,364 - start kmeans...
2025-04-12 19:43:05,378 - K-means used 0.01 s
2025-04-12 19:43:18,227 - ***** Epoch: 59: Eval results *****
2025-04-12 19:43:18,228 -   tot_loss = 30.412
2025-04-12 19:43:18,228 -   tot_loss_clu = 3.1214
2025-04-12 19:43:18,228 -   tot_loss_mms = 27.0849
2025-04-12 19:43:18,228 -   tot_loss_recon = 0.0041
2025-04-12 19:43:25,686 - start kmeans...
2025-04-12 19:43:25,705 - K-means used 0.02 s
2025-04-12 19:43:40,133 - ***** Epoch: 60: Eval results *****
2025-04-12 19:43:40,133 -   tot_loss = 30.4104
2025-04-12 19:43:40,133 -   tot_loss_clu = 3.1657
2025-04-12 19:43:40,133 -   tot_loss_mms = 27.0383
2025-04-12 19:43:40,133 -   tot_loss_recon = 0.0041
2025-04-12 19:43:47,139 - start kmeans...
2025-04-12 19:43:47,164 - K-means used 0.02 s
2025-04-12 19:44:01,900 - ***** Epoch: 61: Eval results *****
2025-04-12 19:44:01,900 -   tot_loss = 30.4129
2025-04-12 19:44:01,900 -   tot_loss_clu = 3.1501
2025-04-12 19:44:01,900 -   tot_loss_mms = 27.057
2025-04-12 19:44:01,900 -   tot_loss_recon = 0.0041
2025-04-12 19:44:09,509 - start kmeans...
2025-04-12 19:44:09,522 - K-means used 0.01 s
2025-04-12 19:44:22,508 - ***** Epoch: 62: Eval results *****
2025-04-12 19:44:22,508 -   tot_loss = 30.4063
2025-04-12 19:44:22,508 -   tot_loss_clu = 3.1723
2025-04-12 19:44:22,508 -   tot_loss_mms = 27.0287
2025-04-12 19:44:22,508 -   tot_loss_recon = 0.0041
2025-04-12 19:44:30,106 - start kmeans...
2025-04-12 19:44:30,126 - K-means used 0.02 s
2025-04-12 19:44:44,959 - ***** Epoch: 63: Eval results *****
2025-04-12 19:44:44,959 -   tot_loss = 30.4035
2025-04-12 19:44:44,959 -   tot_loss_clu = 3.1536
2025-04-12 19:44:44,959 -   tot_loss_mms = 27.0447
2025-04-12 19:44:44,959 -   tot_loss_recon = 0.0041
2025-04-12 19:44:52,682 - start kmeans...
2025-04-12 19:44:52,700 - K-means used 0.02 s
2025-04-12 19:45:05,402 - ***** Epoch: 64: Eval results *****
2025-04-12 19:45:05,402 -   tot_loss = 30.3689
2025-04-12 19:45:05,402 -   tot_loss_clu = 3.1554
2025-04-12 19:45:05,402 -   tot_loss_mms = 27.0082
2025-04-12 19:45:05,402 -   tot_loss_recon = 0.0041
2025-04-12 19:45:13,151 - start kmeans...
2025-04-12 19:45:13,176 - K-means used 0.02 s
2025-04-12 19:45:26,802 - ***** Epoch: 65: Eval results *****
2025-04-12 19:45:26,802 -   tot_loss = 30.3487
2025-04-12 19:45:26,802 -   tot_loss_clu = 3.1579
2025-04-12 19:45:26,802 -   tot_loss_mms = 26.9853
2025-04-12 19:45:26,803 -   tot_loss_recon = 0.0041
2025-04-12 19:45:34,032 - start kmeans...
2025-04-12 19:45:34,050 - K-means used 0.02 s
2025-04-12 19:45:46,888 - ***** Epoch: 66: Eval results *****
2025-04-12 19:45:46,888 -   tot_loss = 30.3354
2025-04-12 19:45:46,888 -   tot_loss_clu = 3.1588
2025-04-12 19:45:46,888 -   tot_loss_mms = 26.9702
2025-04-12 19:45:46,888 -   tot_loss_recon = 0.0041
2025-04-12 19:45:54,216 - start kmeans...
2025-04-12 19:45:54,232 - K-means used 0.02 s
2025-04-12 19:46:07,305 - ***** Epoch: 67: Eval results *****
2025-04-12 19:46:07,306 -   tot_loss = 30.3105
2025-04-12 19:46:07,306 -   tot_loss_clu = 3.1654
2025-04-12 19:46:07,306 -   tot_loss_mms = 26.9386
2025-04-12 19:46:07,306 -   tot_loss_recon = 0.0041
2025-04-12 19:46:14,753 - start kmeans...
2025-04-12 19:46:14,768 - K-means used 0.01 s
2025-04-12 19:46:27,794 - ***** Epoch: 68: Eval results *****
2025-04-12 19:46:27,794 -   tot_loss = 30.3199
2025-04-12 19:46:27,794 -   tot_loss_clu = 3.1748
2025-04-12 19:46:27,794 -   tot_loss_mms = 26.9385
2025-04-12 19:46:27,794 -   tot_loss_recon = 0.0041
2025-04-12 19:46:35,286 - start kmeans...
2025-04-12 19:46:35,308 - K-means used 0.02 s
2025-04-12 19:46:48,535 - ***** Epoch: 69: Eval results *****
2025-04-12 19:46:48,535 -   tot_loss = 30.3192
2025-04-12 19:46:48,536 -   tot_loss_clu = 3.1808
2025-04-12 19:46:48,536 -   tot_loss_mms = 26.932
2025-04-12 19:46:48,536 -   tot_loss_recon = 0.0041
2025-04-12 19:46:56,369 - start kmeans...
2025-04-12 19:46:56,394 - K-means used 0.03 s
2025-04-12 19:47:09,324 - ***** Epoch: 70: Eval results *****
2025-04-12 19:47:09,325 -   tot_loss = 30.2585
2025-04-12 19:47:09,325 -   tot_loss_clu = 3.199
2025-04-12 19:47:09,325 -   tot_loss_mms = 26.8504
2025-04-12 19:47:09,325 -   tot_loss_recon = 0.0042
2025-04-12 19:47:16,405 - start kmeans...
2025-04-12 19:47:16,420 - K-means used 0.02 s
2025-04-12 19:47:28,619 - ***** Epoch: 71: Eval results *****
2025-04-12 19:47:28,620 -   tot_loss = 30.2762
2025-04-12 19:47:28,620 -   tot_loss_clu = 3.2159
2025-04-12 19:47:28,620 -   tot_loss_mms = 26.8507
2025-04-12 19:47:28,620 -   tot_loss_recon = 0.0042
2025-04-12 19:47:36,013 - start kmeans...
2025-04-12 19:47:36,028 - K-means used 0.01 s
2025-04-12 19:47:48,823 - ***** Epoch: 72: Eval results *****
2025-04-12 19:47:48,824 -   tot_loss = 30.243
2025-04-12 19:47:48,824 -   tot_loss_clu = 3.1667
2025-04-12 19:47:48,824 -   tot_loss_mms = 26.8703
2025-04-12 19:47:48,824 -   tot_loss_recon = 0.0041
2025-04-12 19:47:56,034 - start kmeans...
2025-04-12 19:47:56,057 - K-means used 0.02 s
2025-04-12 19:48:09,206 - ***** Epoch: 73: Eval results *****
2025-04-12 19:48:09,206 -   tot_loss = 30.2351
2025-04-12 19:48:09,206 -   tot_loss_clu = 3.178
2025-04-12 19:48:09,206 -   tot_loss_mms = 26.8467
2025-04-12 19:48:09,207 -   tot_loss_recon = 0.0042
2025-04-12 19:48:16,734 - start kmeans...
2025-04-12 19:48:16,752 - K-means used 0.02 s
2025-04-12 19:48:30,106 - ***** Epoch: 74: Eval results *****
2025-04-12 19:48:30,106 -   tot_loss = 30.2275
2025-04-12 19:48:30,106 -   tot_loss_clu = 3.2157
2025-04-12 19:48:30,106 -   tot_loss_mms = 26.8033
2025-04-12 19:48:30,106 -   tot_loss_recon = 0.0042
2025-04-12 19:48:37,661 - start kmeans...
2025-04-12 19:48:37,676 - K-means used 0.01 s
2025-04-12 19:48:50,168 - ***** Epoch: 75: Eval results *****
2025-04-12 19:48:50,168 -   tot_loss = 30.2336
2025-04-12 19:48:50,168 -   tot_loss_clu = 3.2185
2025-04-12 19:48:50,168 -   tot_loss_mms = 26.8044
2025-04-12 19:48:50,168 -   tot_loss_recon = 0.0042
2025-04-12 19:48:57,497 - start kmeans...
2025-04-12 19:48:57,515 - K-means used 0.02 s
2025-04-12 19:49:12,026 - ***** Epoch: 76: Eval results *****
2025-04-12 19:49:12,026 -   tot_loss = 30.1793
2025-04-12 19:49:12,026 -   tot_loss_clu = 3.1955
2025-04-12 19:49:12,026 -   tot_loss_mms = 26.7728
2025-04-12 19:49:12,026 -   tot_loss_recon = 0.0042
2025-04-12 19:49:19,394 - start kmeans...
2025-04-12 19:49:19,416 - K-means used 0.02 s
2025-04-12 19:49:32,517 - ***** Epoch: 77: Eval results *****
2025-04-12 19:49:32,518 -   tot_loss = 30.1629
2025-04-12 19:49:32,518 -   tot_loss_clu = 3.1988
2025-04-12 19:49:32,518 -   tot_loss_mms = 26.7521
2025-04-12 19:49:32,518 -   tot_loss_recon = 0.0042
2025-04-12 19:49:39,976 - start kmeans...
2025-04-12 19:49:39,994 - K-means used 0.02 s
2025-04-12 19:49:53,576 - ***** Epoch: 78: Eval results *****
2025-04-12 19:49:53,576 -   tot_loss = 30.1278
2025-04-12 19:49:53,576 -   tot_loss_clu = 3.1652
2025-04-12 19:49:53,576 -   tot_loss_mms = 26.7501
2025-04-12 19:49:53,576 -   tot_loss_recon = 0.0042
2025-04-12 19:50:01,157 - start kmeans...
2025-04-12 19:50:01,175 - K-means used 0.02 s
2025-04-12 19:50:14,053 - ***** Epoch: 79: Eval results *****
2025-04-12 19:50:14,053 -   tot_loss = 30.0541
2025-04-12 19:50:14,053 -   tot_loss_clu = 3.1499
2025-04-12 19:50:14,053 -   tot_loss_mms = 26.6875
2025-04-12 19:50:14,054 -   tot_loss_recon = 0.0043
2025-04-12 19:50:21,404 - start kmeans...
2025-04-12 19:50:21,422 - K-means used 0.02 s
2025-04-12 19:50:35,298 - ***** Epoch: 80: Eval results *****
2025-04-12 19:50:35,298 -   tot_loss = 30.058
2025-04-12 19:50:35,298 -   tot_loss_clu = 3.1679
2025-04-12 19:50:35,298 -   tot_loss_mms = 26.676
2025-04-12 19:50:35,298 -   tot_loss_recon = 0.0043
2025-04-12 19:50:42,622 - start kmeans...
2025-04-12 19:50:42,636 - K-means used 0.01 s
2025-04-12 19:50:57,136 - ***** Epoch: 81: Eval results *****
2025-04-12 19:50:57,136 -   tot_loss = 30.0767
2025-04-12 19:50:57,136 -   tot_loss_clu = 3.1539
2025-04-12 19:50:57,136 -   tot_loss_mms = 26.705
2025-04-12 19:50:57,136 -   tot_loss_recon = 0.0044
2025-04-12 19:51:04,396 - start kmeans...
2025-04-12 19:51:04,412 - K-means used 0.02 s
2025-04-12 19:51:17,922 - ***** Epoch: 82: Eval results *****
2025-04-12 19:51:17,922 -   tot_loss = 30.0318
2025-04-12 19:51:17,922 -   tot_loss_clu = 3.1629
2025-04-12 19:51:17,922 -   tot_loss_mms = 26.6476
2025-04-12 19:51:17,922 -   tot_loss_recon = 0.0044
2025-04-12 19:51:25,551 - start kmeans...
2025-04-12 19:51:25,570 - K-means used 0.02 s
2025-04-12 19:51:38,738 - ***** Epoch: 83: Eval results *****
2025-04-12 19:51:38,738 -   tot_loss = 30.0293
2025-04-12 19:51:38,738 -   tot_loss_clu = 3.1657
2025-04-12 19:51:38,738 -   tot_loss_mms = 26.6404
2025-04-12 19:51:38,738 -   tot_loss_recon = 0.0045
2025-04-12 19:51:46,024 - start kmeans...
2025-04-12 19:51:46,039 - K-means used 0.01 s
2025-04-12 19:51:59,268 - ***** Epoch: 84: Eval results *****
2025-04-12 19:51:59,268 -   tot_loss = 30.0255
2025-04-12 19:51:59,268 -   tot_loss_clu = 3.17
2025-04-12 19:51:59,268 -   tot_loss_mms = 26.6307
2025-04-12 19:51:59,268 -   tot_loss_recon = 0.0045
2025-04-12 19:52:06,775 - start kmeans...
2025-04-12 19:52:06,790 - K-means used 0.02 s
2025-04-12 19:52:20,666 - ***** Epoch: 85: Eval results *****
2025-04-12 19:52:20,666 -   tot_loss = 29.961
2025-04-12 19:52:20,666 -   tot_loss_clu = 3.1429
2025-04-12 19:52:20,666 -   tot_loss_mms = 26.5881
2025-04-12 19:52:20,666 -   tot_loss_recon = 0.0046
2025-04-12 19:52:28,045 - start kmeans...
2025-04-12 19:52:28,068 - K-means used 0.02 s
2025-04-12 19:52:41,613 - ***** Epoch: 86: Eval results *****
2025-04-12 19:52:41,614 -   tot_loss = 29.9769
2025-04-12 19:52:41,614 -   tot_loss_clu = 3.1726
2025-04-12 19:52:41,614 -   tot_loss_mms = 26.571
2025-04-12 19:52:41,614 -   tot_loss_recon = 0.0047
2025-04-12 19:52:48,453 - start kmeans...
2025-04-12 19:52:48,475 - K-means used 0.02 s
2025-04-12 19:53:01,268 - ***** Epoch: 87: Eval results *****
2025-04-12 19:53:01,268 -   tot_loss = 29.9539
2025-04-12 19:53:01,268 -   tot_loss_clu = 3.1956
2025-04-12 19:53:01,268 -   tot_loss_mms = 26.5223
2025-04-12 19:53:01,269 -   tot_loss_recon = 0.0047
2025-04-12 19:53:08,928 - start kmeans...
2025-04-12 19:53:08,945 - K-means used 0.02 s
2025-04-12 19:53:24,181 - ***** Epoch: 88: Eval results *****
2025-04-12 19:53:24,181 -   tot_loss = 29.9238
2025-04-12 19:53:24,181 -   tot_loss_clu = 3.1884
2025-04-12 19:53:24,181 -   tot_loss_mms = 26.4897
2025-04-12 19:53:24,181 -   tot_loss_recon = 0.0049
2025-04-12 19:53:31,641 - start kmeans...
2025-04-12 19:53:31,658 - K-means used 0.02 s
2025-04-12 19:53:44,785 - ***** Epoch: 89: Eval results *****
2025-04-12 19:53:44,785 -   tot_loss = 29.8926
2025-04-12 19:53:44,785 -   tot_loss_clu = 3.1914
2025-04-12 19:53:44,785 -   tot_loss_mms = 26.4552
2025-04-12 19:53:44,786 -   tot_loss_recon = 0.0049
2025-04-12 19:53:51,974 - start kmeans...
2025-04-12 19:53:51,994 - K-means used 0.02 s
2025-04-12 19:54:04,706 - ***** Epoch: 90: Eval results *****
2025-04-12 19:54:04,706 -   tot_loss = 29.8995
2025-04-12 19:54:04,706 -   tot_loss_clu = 3.1865
2025-04-12 19:54:04,706 -   tot_loss_mms = 26.4608
2025-04-12 19:54:04,706 -   tot_loss_recon = 0.005
2025-04-12 19:54:12,002 - start kmeans...
2025-04-12 19:54:12,019 - K-means used 0.02 s
2025-04-12 19:54:25,647 - ***** Epoch: 91: Eval results *****
2025-04-12 19:54:25,647 -   tot_loss = 29.8659
2025-04-12 19:54:25,647 -   tot_loss_clu = 3.1786
2025-04-12 19:54:25,647 -   tot_loss_mms = 26.4302
2025-04-12 19:54:25,647 -   tot_loss_recon = 0.0051
2025-04-12 19:54:33,052 - start kmeans...
2025-04-12 19:54:33,073 - K-means used 0.02 s
2025-04-12 19:54:47,945 - ***** Epoch: 92: Eval results *****
2025-04-12 19:54:47,945 -   tot_loss = 29.801
2025-04-12 19:54:47,945 -   tot_loss_clu = 3.151
2025-04-12 19:54:47,945 -   tot_loss_mms = 26.3824
2025-04-12 19:54:47,945 -   tot_loss_recon = 0.0054
2025-04-12 19:54:55,220 - start kmeans...
2025-04-12 19:54:55,249 - K-means used 0.03 s
2025-04-12 19:55:08,803 - ***** Epoch: 93: Eval results *****
2025-04-12 19:55:08,804 -   tot_loss = 29.7568
2025-04-12 19:55:08,806 -   tot_loss_clu = 3.1465
2025-04-12 19:55:08,806 -   tot_loss_mms = 26.339
2025-04-12 19:55:08,807 -   tot_loss_recon = 0.0054
2025-04-12 19:55:16,495 - start kmeans...
2025-04-12 19:55:16,508 - K-means used 0.01 s
2025-04-12 19:55:30,003 - ***** Epoch: 94: Eval results *****
2025-04-12 19:55:30,004 -   tot_loss = 29.7517
2025-04-12 19:55:30,004 -   tot_loss_clu = 3.1644
2025-04-12 19:55:30,004 -   tot_loss_mms = 26.3085
2025-04-12 19:55:30,004 -   tot_loss_recon = 0.0056
2025-04-12 19:55:37,377 - start kmeans...
2025-04-12 19:55:37,394 - K-means used 0.02 s
2025-04-12 19:55:49,788 - ***** Epoch: 95: Eval results *****
2025-04-12 19:55:49,788 -   tot_loss = 29.6765
2025-04-12 19:55:49,788 -   tot_loss_clu = 3.1558
2025-04-12 19:55:49,788 -   tot_loss_mms = 26.2322
2025-04-12 19:55:49,788 -   tot_loss_recon = 0.0058
2025-04-12 19:55:57,045 - start kmeans...
2025-04-12 19:55:57,062 - K-means used 0.02 s
2025-04-12 19:56:10,823 - ***** Epoch: 96: Eval results *****
2025-04-12 19:56:10,824 -   tot_loss = 29.5954
2025-04-12 19:56:10,824 -   tot_loss_clu = 3.1195
2025-04-12 19:56:10,824 -   tot_loss_mms = 26.1863
2025-04-12 19:56:10,824 -   tot_loss_recon = 0.0058
2025-04-12 19:56:18,130 - start kmeans...
2025-04-12 19:56:18,148 - K-means used 0.02 s
2025-04-12 19:56:32,236 - ***** Epoch: 97: Eval results *****
2025-04-12 19:56:32,237 -   tot_loss = 29.5089
2025-04-12 19:56:32,237 -   tot_loss_clu = 3.1178
2025-04-12 19:56:32,237 -   tot_loss_mms = 26.088
2025-04-12 19:56:32,237 -   tot_loss_recon = 0.0061
2025-04-12 19:56:40,704 - start kmeans...
2025-04-12 19:56:40,733 - K-means used 0.03 s
2025-04-12 19:56:54,655 - ***** Epoch: 98: Eval results *****
2025-04-12 19:56:54,656 -   tot_loss = 29.4025
2025-04-12 19:56:54,656 -   tot_loss_clu = 3.0768
2025-04-12 19:56:54,656 -   tot_loss_mms = 26.03
2025-04-12 19:56:54,656 -   tot_loss_recon = 0.0059
2025-04-12 19:57:02,330 - start kmeans...
2025-04-12 19:57:02,347 - K-means used 0.02 s
2025-04-12 19:57:16,277 - ***** Epoch: 99: Eval results *****
2025-04-12 19:57:16,277 -   tot_loss = 29.2038
2025-04-12 19:57:16,277 -   tot_loss_clu = 3.0192
2025-04-12 19:57:16,277 -   tot_loss_mms = 25.8823
2025-04-12 19:57:16,277 -   tot_loss_recon = 0.006
2025-04-12 19:57:24,010 - start kmeans...
2025-04-12 19:57:24,030 - K-means used 0.02 s
2025-04-12 19:57:37,872 - ***** Epoch: 100: Eval results *****
2025-04-12 19:57:37,872 -   tot_loss = 29.0015
2025-04-12 19:57:37,872 -   tot_loss_clu = 2.9378
2025-04-12 19:57:37,872 -   tot_loss_mms = 25.7632
2025-04-12 19:57:37,872 -   tot_loss_recon = 0.006
2025-04-12 19:57:43,024 - ***** Test results *****
2025-04-12 19:57:43,025 -   ACC = 18.2
2025-04-12 19:57:43,025 -   ARI = 2.51
2025-04-12 19:57:43,025 -   NMI = 18.98
2025-04-12 19:57:43,025 -   fmi = 10.35
2025-04-12 19:57:50,672 - start kmeans...
2025-04-12 19:57:50,688 - K-means used 0.02 s
2025-04-12 19:58:03,691 - ***** Epoch: 101: Eval results *****
2025-04-12 19:58:03,692 -   tot_loss = 28.7931
2025-04-12 19:58:03,692 -   tot_loss_clu = 2.8425
2025-04-12 19:58:03,692 -   tot_loss_mms = 25.6576
2025-04-12 19:58:03,692 -   tot_loss_recon = 0.0059
2025-04-12 19:58:10,784 - start kmeans...
2025-04-12 19:58:10,804 - K-means used 0.02 s
2025-04-12 19:58:24,685 - ***** Epoch: 102: Eval results *****
2025-04-12 19:58:24,686 -   tot_loss = 28.4825
2025-04-12 19:58:24,686 -   tot_loss_clu = 2.7637
2025-04-12 19:58:24,686 -   tot_loss_mms = 25.4308
2025-04-12 19:58:24,686 -   tot_loss_recon = 0.0058
2025-04-12 19:58:31,996 - start kmeans...
2025-04-12 19:58:32,016 - K-means used 0.02 s
2025-04-12 19:58:44,251 - ***** Epoch: 103: Eval results *****
2025-04-12 19:58:44,252 -   tot_loss = 28.2869
2025-04-12 19:58:44,252 -   tot_loss_clu = 2.6832
2025-04-12 19:58:44,252 -   tot_loss_mms = 25.3201
2025-04-12 19:58:44,252 -   tot_loss_recon = 0.0057
2025-04-12 19:58:51,282 - start kmeans...
2025-04-12 19:58:51,303 - K-means used 0.02 s
2025-04-12 19:59:04,835 - ***** Epoch: 104: Eval results *****
2025-04-12 19:59:04,835 -   tot_loss = 28.1235
2025-04-12 19:59:04,835 -   tot_loss_clu = 2.6619
2025-04-12 19:59:04,836 -   tot_loss_mms = 25.1778
2025-04-12 19:59:04,836 -   tot_loss_recon = 0.0057
2025-04-12 19:59:12,057 - start kmeans...
2025-04-12 19:59:12,077 - K-means used 0.02 s
2025-04-12 19:59:26,388 - ***** Epoch: 105: Eval results *****
2025-04-12 19:59:26,388 -   tot_loss = 27.9272
2025-04-12 19:59:26,388 -   tot_loss_clu = 2.6033
2025-04-12 19:59:26,388 -   tot_loss_mms = 25.0386
2025-04-12 19:59:26,388 -   tot_loss_recon = 0.0057
2025-04-12 19:59:34,360 - start kmeans...
2025-04-12 19:59:34,385 - K-means used 0.02 s
2025-04-12 19:59:48,840 - ***** Epoch: 106: Eval results *****
2025-04-12 19:59:48,840 -   tot_loss = 27.7494
2025-04-12 19:59:48,841 -   tot_loss_clu = 2.5456
2025-04-12 19:59:48,841 -   tot_loss_mms = 24.9097
2025-04-12 19:59:48,841 -   tot_loss_recon = 0.0059
2025-04-12 19:59:56,441 - start kmeans...
2025-04-12 19:59:56,468 - K-means used 0.03 s
2025-04-12 20:00:09,306 - ***** Epoch: 107: Eval results *****
2025-04-12 20:00:09,306 -   tot_loss = 27.5988
2025-04-12 20:00:09,306 -   tot_loss_clu = 2.5152
2025-04-12 20:00:09,306 -   tot_loss_mms = 24.7909
2025-04-12 20:00:09,306 -   tot_loss_recon = 0.0059
2025-04-12 20:00:17,023 - start kmeans...
2025-04-12 20:00:17,038 - K-means used 0.02 s
2025-04-12 20:00:32,499 - ***** Epoch: 108: Eval results *****
2025-04-12 20:00:32,499 -   tot_loss = 27.5383
2025-04-12 20:00:32,500 -   tot_loss_clu = 2.474
2025-04-12 20:00:32,500 -   tot_loss_mms = 24.76
2025-04-12 20:00:32,500 -   tot_loss_recon = 0.0061
2025-04-12 20:00:40,351 - start kmeans...
2025-04-12 20:00:40,366 - K-means used 0.02 s
2025-04-12 20:00:52,988 - ***** Epoch: 109: Eval results *****
2025-04-12 20:00:52,989 -   tot_loss = 27.34
2025-04-12 20:00:52,989 -   tot_loss_clu = 2.4083
2025-04-12 20:00:52,989 -   tot_loss_mms = 24.6312
2025-04-12 20:00:52,989 -   tot_loss_recon = 0.006
2025-04-12 20:01:00,482 - start kmeans...
2025-04-12 20:01:00,510 - K-means used 0.03 s
2025-04-12 20:01:13,675 - ***** Epoch: 110: Eval results *****
2025-04-12 20:01:13,676 -   tot_loss = 27.1922
2025-04-12 20:01:13,676 -   tot_loss_clu = 2.3663
2025-04-12 20:01:13,676 -   tot_loss_mms = 24.5189
2025-04-12 20:01:13,676 -   tot_loss_recon = 0.0061
2025-04-12 20:01:21,386 - start kmeans...
2025-04-12 20:01:21,403 - K-means used 0.02 s
2025-04-12 20:01:35,541 - ***** Epoch: 111: Eval results *****
2025-04-12 20:01:35,542 -   tot_loss = 27.1752
2025-04-12 20:01:35,542 -   tot_loss_clu = 2.358
2025-04-12 20:01:35,542 -   tot_loss_mms = 24.5111
2025-04-12 20:01:35,542 -   tot_loss_recon = 0.0061
2025-04-12 20:01:43,389 - start kmeans...
2025-04-12 20:01:43,404 - K-means used 0.02 s
2025-04-12 20:01:58,617 - ***** Epoch: 112: Eval results *****
2025-04-12 20:01:58,618 -   tot_loss = 26.9943
2025-04-12 20:01:58,618 -   tot_loss_clu = 2.3047
2025-04-12 20:01:58,618 -   tot_loss_mms = 24.379
2025-04-12 20:01:58,618 -   tot_loss_recon = 0.0062
2025-04-12 20:02:06,453 - start kmeans...
2025-04-12 20:02:06,469 - K-means used 0.02 s
2025-04-12 20:02:22,027 - ***** Epoch: 113: Eval results *****
2025-04-12 20:02:22,028 -   tot_loss = 26.8623
2025-04-12 20:02:22,028 -   tot_loss_clu = 2.2772
2025-04-12 20:02:22,028 -   tot_loss_mms = 24.2726
2025-04-12 20:02:22,028 -   tot_loss_recon = 0.0063
2025-04-12 20:02:29,299 - start kmeans...
2025-04-12 20:02:29,316 - K-means used 0.02 s
2025-04-12 20:02:43,945 - ***** Epoch: 114: Eval results *****
2025-04-12 20:02:43,945 -   tot_loss = 26.7936
2025-04-12 20:02:43,946 -   tot_loss_clu = 2.2651
2025-04-12 20:02:43,946 -   tot_loss_mms = 24.208
2025-04-12 20:02:43,946 -   tot_loss_recon = 0.0064
2025-04-12 20:02:51,356 - start kmeans...
2025-04-12 20:02:51,368 - K-means used 0.01 s
2025-04-12 20:03:04,708 - ***** Epoch: 115: Eval results *****
2025-04-12 20:03:04,709 -   tot_loss = 26.7735
2025-04-12 20:03:04,709 -   tot_loss_clu = 2.2588
2025-04-12 20:03:04,709 -   tot_loss_mms = 24.1952
2025-04-12 20:03:04,709 -   tot_loss_recon = 0.0064
2025-04-12 20:03:12,443 - start kmeans...
2025-04-12 20:03:12,460 - K-means used 0.02 s
2025-04-12 20:03:25,255 - ***** Epoch: 116: Eval results *****
2025-04-12 20:03:25,256 -   tot_loss = 26.724
2025-04-12 20:03:25,256 -   tot_loss_clu = 2.2615
2025-04-12 20:03:25,256 -   tot_loss_mms = 24.1455
2025-04-12 20:03:25,256 -   tot_loss_recon = 0.0063
2025-04-12 20:03:32,755 - start kmeans...
2025-04-12 20:03:32,771 - K-means used 0.02 s
2025-04-12 20:03:45,454 - ***** Epoch: 117: Eval results *****
2025-04-12 20:03:45,454 -   tot_loss = 26.585
2025-04-12 20:03:45,454 -   tot_loss_clu = 2.2148
2025-04-12 20:03:45,454 -   tot_loss_mms = 24.0481
2025-04-12 20:03:45,454 -   tot_loss_recon = 0.0064
2025-04-12 20:03:52,375 - start kmeans...
2025-04-12 20:03:52,390 - K-means used 0.02 s
2025-04-12 20:04:04,884 - ***** Epoch: 118: Eval results *****
2025-04-12 20:04:04,884 -   tot_loss = 26.5238
2025-04-12 20:04:04,884 -   tot_loss_clu = 2.2116
2025-04-12 20:04:04,884 -   tot_loss_mms = 23.9858
2025-04-12 20:04:04,884 -   tot_loss_recon = 0.0065
2025-04-12 20:04:12,192 - start kmeans...
2025-04-12 20:04:12,208 - K-means used 0.02 s
2025-04-12 20:04:25,647 - ***** Epoch: 119: Eval results *****
2025-04-12 20:04:25,648 -   tot_loss = 26.4661
2025-04-12 20:04:25,648 -   tot_loss_clu = 2.1995
2025-04-12 20:04:25,648 -   tot_loss_mms = 23.9353
2025-04-12 20:04:25,648 -   tot_loss_recon = 0.0066
2025-04-12 20:04:33,684 - start kmeans...
2025-04-12 20:04:33,702 - K-means used 0.02 s
2025-04-12 20:04:47,914 - ***** Epoch: 120: Eval results *****
2025-04-12 20:04:47,914 -   tot_loss = 26.3825
2025-04-12 20:04:47,914 -   tot_loss_clu = 2.1782
2025-04-12 20:04:47,915 -   tot_loss_mms = 23.8699
2025-04-12 20:04:47,915 -   tot_loss_recon = 0.0067
2025-04-12 20:04:55,622 - start kmeans...
2025-04-12 20:04:55,640 - K-means used 0.02 s
2025-04-12 20:05:09,520 - ***** Epoch: 121: Eval results *****
2025-04-12 20:05:09,520 -   tot_loss = 26.3335
2025-04-12 20:05:09,520 -   tot_loss_clu = 2.2053
2025-04-12 20:05:09,520 -   tot_loss_mms = 23.7982
2025-04-12 20:05:09,520 -   tot_loss_recon = 0.0066
2025-04-12 20:05:16,609 - start kmeans...
2025-04-12 20:05:16,624 - K-means used 0.01 s
2025-04-12 20:05:32,164 - ***** Epoch: 122: Eval results *****
2025-04-12 20:05:32,165 -   tot_loss = 26.2523
2025-04-12 20:05:32,165 -   tot_loss_clu = 2.1506
2025-04-12 20:05:32,165 -   tot_loss_mms = 23.7674
2025-04-12 20:05:32,165 -   tot_loss_recon = 0.0067
2025-04-12 20:05:39,866 - start kmeans...
2025-04-12 20:05:39,882 - K-means used 0.02 s
2025-04-12 20:05:53,363 - ***** Epoch: 123: Eval results *****
2025-04-12 20:05:53,364 -   tot_loss = 26.195
2025-04-12 20:05:53,364 -   tot_loss_clu = 2.159
2025-04-12 20:05:53,364 -   tot_loss_mms = 23.6925
2025-04-12 20:05:53,364 -   tot_loss_recon = 0.0069
2025-04-12 20:06:00,798 - start kmeans...
2025-04-12 20:06:00,812 - K-means used 0.01 s
2025-04-12 20:06:14,458 - ***** Epoch: 124: Eval results *****
2025-04-12 20:06:14,459 -   tot_loss = 26.1351
2025-04-12 20:06:14,459 -   tot_loss_clu = 2.1646
2025-04-12 20:06:14,459 -   tot_loss_mms = 23.6349
2025-04-12 20:06:14,459 -   tot_loss_recon = 0.0067
2025-04-12 20:06:22,448 - start kmeans...
2025-04-12 20:06:22,465 - K-means used 0.02 s
2025-04-12 20:06:35,815 - ***** Epoch: 125: Eval results *****
2025-04-12 20:06:35,815 -   tot_loss = 26.1226
2025-04-12 20:06:35,815 -   tot_loss_clu = 2.1477
2025-04-12 20:06:35,815 -   tot_loss_mms = 23.641
2025-04-12 20:06:35,816 -   tot_loss_recon = 0.0067
2025-04-12 20:06:43,186 - start kmeans...
2025-04-12 20:06:43,200 - K-means used 0.01 s
2025-04-12 20:06:56,036 - ***** Epoch: 126: Eval results *****
2025-04-12 20:06:56,037 -   tot_loss = 26.0807
2025-04-12 20:06:56,037 -   tot_loss_clu = 2.1376
2025-04-12 20:06:56,038 -   tot_loss_mms = 23.6047
2025-04-12 20:06:56,038 -   tot_loss_recon = 0.0068
2025-04-12 20:07:03,485 - start kmeans...
2025-04-12 20:07:03,501 - K-means used 0.02 s
2025-04-12 20:07:17,209 - ***** Epoch: 127: Eval results *****
2025-04-12 20:07:17,210 -   tot_loss = 26.054
2025-04-12 20:07:17,210 -   tot_loss_clu = 2.1216
2025-04-12 20:07:17,210 -   tot_loss_mms = 23.5951
2025-04-12 20:07:17,210 -   tot_loss_recon = 0.0067
2025-04-12 20:07:25,196 - start kmeans...
2025-04-12 20:07:25,212 - K-means used 0.02 s
2025-04-12 20:07:39,425 - ***** Epoch: 128: Eval results *****
2025-04-12 20:07:39,426 -   tot_loss = 25.9619
2025-04-12 20:07:39,426 -   tot_loss_clu = 2.1189
2025-04-12 20:07:39,426 -   tot_loss_mms = 23.5013
2025-04-12 20:07:39,426 -   tot_loss_recon = 0.0068
2025-04-12 20:07:47,322 - start kmeans...
2025-04-12 20:07:47,338 - K-means used 0.02 s
2025-04-12 20:08:01,800 - ***** Epoch: 129: Eval results *****
2025-04-12 20:08:01,800 -   tot_loss = 26.0051
2025-04-12 20:08:01,800 -   tot_loss_clu = 2.1471
2025-04-12 20:08:01,800 -   tot_loss_mms = 23.5181
2025-04-12 20:08:01,800 -   tot_loss_recon = 0.0068
2025-04-12 20:08:08,629 - start kmeans...
2025-04-12 20:08:08,648 - K-means used 0.02 s
2025-04-12 20:08:23,465 - ***** Epoch: 130: Eval results *****
2025-04-12 20:08:23,466 -   tot_loss = 25.8768
2025-04-12 20:08:23,466 -   tot_loss_clu = 2.1213
2025-04-12 20:08:23,466 -   tot_loss_mms = 23.4118
2025-04-12 20:08:23,466 -   tot_loss_recon = 0.0069
2025-04-12 20:08:30,561 - start kmeans...
2025-04-12 20:08:30,577 - K-means used 0.02 s
2025-04-12 20:08:44,598 - ***** Epoch: 131: Eval results *****
2025-04-12 20:08:44,598 -   tot_loss = 25.907
2025-04-12 20:08:44,599 -   tot_loss_clu = 2.148
2025-04-12 20:08:44,599 -   tot_loss_mms = 23.4137
2025-04-12 20:08:44,599 -   tot_loss_recon = 0.0069
2025-04-12 20:08:51,923 - start kmeans...
2025-04-12 20:08:51,940 - K-means used 0.02 s
2025-04-12 20:09:04,859 - ***** Epoch: 132: Eval results *****
2025-04-12 20:09:04,860 -   tot_loss = 25.8451
2025-04-12 20:09:04,860 -   tot_loss_clu = 2.1298
2025-04-12 20:09:04,860 -   tot_loss_mms = 23.3718
2025-04-12 20:09:04,860 -   tot_loss_recon = 0.0069
2025-04-12 20:09:12,780 - start kmeans...
2025-04-12 20:09:12,798 - K-means used 0.02 s
2025-04-12 20:09:27,166 - ***** Epoch: 133: Eval results *****
2025-04-12 20:09:27,166 -   tot_loss = 25.8604
2025-04-12 20:09:27,166 -   tot_loss_clu = 2.1363
2025-04-12 20:09:27,166 -   tot_loss_mms = 23.3776
2025-04-12 20:09:27,166 -   tot_loss_recon = 0.0069
2025-04-12 20:09:34,850 - start kmeans...
2025-04-12 20:09:34,864 - K-means used 0.01 s
2025-04-12 20:09:49,145 - ***** Epoch: 134: Eval results *****
2025-04-12 20:09:49,145 -   tot_loss = 25.803
2025-04-12 20:09:49,145 -   tot_loss_clu = 2.1376
2025-04-12 20:09:49,145 -   tot_loss_mms = 23.3206
2025-04-12 20:09:49,145 -   tot_loss_recon = 0.0069
2025-04-12 20:09:56,568 - start kmeans...
2025-04-12 20:09:56,582 - K-means used 0.01 s
2025-04-12 20:10:10,322 - ***** Epoch: 135: Eval results *****
2025-04-12 20:10:10,323 -   tot_loss = 25.7668
2025-04-12 20:10:10,323 -   tot_loss_clu = 2.1272
2025-04-12 20:10:10,323 -   tot_loss_mms = 23.2933
2025-04-12 20:10:10,323 -   tot_loss_recon = 0.0069
2025-04-12 20:10:17,497 - start kmeans...
2025-04-12 20:10:17,516 - K-means used 0.02 s
2025-04-12 20:10:29,846 - ***** Epoch: 136: Eval results *****
2025-04-12 20:10:29,846 -   tot_loss = 25.7425
2025-04-12 20:10:29,846 -   tot_loss_clu = 2.1148
2025-04-12 20:10:29,846 -   tot_loss_mms = 23.2857
2025-04-12 20:10:29,846 -   tot_loss_recon = 0.0068
2025-04-12 20:10:37,205 - start kmeans...
2025-04-12 20:10:37,221 - K-means used 0.02 s
2025-04-12 20:10:51,148 - ***** Epoch: 137: Eval results *****
2025-04-12 20:10:51,148 -   tot_loss = 25.7214
2025-04-12 20:10:51,148 -   tot_loss_clu = 2.1095
2025-04-12 20:10:51,148 -   tot_loss_mms = 23.2623
2025-04-12 20:10:51,148 -   tot_loss_recon = 0.007
2025-04-12 20:10:58,425 - start kmeans...
2025-04-12 20:10:58,441 - K-means used 0.02 s
2025-04-12 20:11:11,595 - ***** Epoch: 138: Eval results *****
2025-04-12 20:11:11,596 -   tot_loss = 25.6958
2025-04-12 20:11:11,596 -   tot_loss_clu = 2.1221
2025-04-12 20:11:11,596 -   tot_loss_mms = 23.2222
2025-04-12 20:11:11,596 -   tot_loss_recon = 0.007
2025-04-12 20:11:19,404 - start kmeans...
2025-04-12 20:11:19,416 - K-means used 0.01 s
2025-04-12 20:11:32,921 - ***** Epoch: 139: Eval results *****
2025-04-12 20:11:32,922 -   tot_loss = 25.6689
2025-04-12 20:11:32,922 -   tot_loss_clu = 2.134
2025-04-12 20:11:32,922 -   tot_loss_mms = 23.1906
2025-04-12 20:11:32,922 -   tot_loss_recon = 0.0069
2025-04-12 20:11:40,220 - start kmeans...
2025-04-12 20:11:40,236 - K-means used 0.02 s
2025-04-12 20:11:54,994 - ***** Epoch: 140: Eval results *****
2025-04-12 20:11:54,994 -   tot_loss = 25.6215
2025-04-12 20:11:54,994 -   tot_loss_clu = 2.0924
2025-04-12 20:11:54,994 -   tot_loss_mms = 23.1794
2025-04-12 20:11:54,994 -   tot_loss_recon = 0.007
2025-04-12 20:12:03,058 - start kmeans...
2025-04-12 20:12:03,074 - K-means used 0.02 s
2025-04-12 20:12:18,378 - ***** Epoch: 141: Eval results *****
2025-04-12 20:12:18,379 -   tot_loss = 25.5982
2025-04-12 20:12:18,380 -   tot_loss_clu = 2.1056
2025-04-12 20:12:18,380 -   tot_loss_mms = 23.1489
2025-04-12 20:12:18,380 -   tot_loss_recon = 0.0069
2025-04-12 20:12:25,764 - start kmeans...
2025-04-12 20:12:25,779 - K-means used 0.02 s
2025-04-12 20:12:38,637 - ***** Epoch: 142: Eval results *****
2025-04-12 20:12:38,637 -   tot_loss = 25.5853
2025-04-12 20:12:38,637 -   tot_loss_clu = 2.0984
2025-04-12 20:12:38,637 -   tot_loss_mms = 23.1383
2025-04-12 20:12:38,637 -   tot_loss_recon = 0.007
2025-04-12 20:12:45,631 - start kmeans...
2025-04-12 20:12:45,646 - K-means used 0.02 s
2025-04-12 20:12:59,451 - ***** Epoch: 143: Eval results *****
2025-04-12 20:12:59,451 -   tot_loss = 25.5362
2025-04-12 20:12:59,451 -   tot_loss_clu = 2.0857
2025-04-12 20:12:59,451 -   tot_loss_mms = 23.1017
2025-04-12 20:12:59,451 -   tot_loss_recon = 0.007
2025-04-12 20:13:06,821 - start kmeans...
2025-04-12 20:13:06,834 - K-means used 0.01 s
2025-04-12 20:13:20,473 - ***** Epoch: 144: Eval results *****
2025-04-12 20:13:20,473 -   tot_loss = 25.5431
2025-04-12 20:13:20,473 -   tot_loss_clu = 2.1021
2025-04-12 20:13:20,474 -   tot_loss_mms = 23.0903
2025-04-12 20:13:20,474 -   tot_loss_recon = 0.007
2025-04-12 20:13:27,499 - start kmeans...
2025-04-12 20:13:27,513 - K-means used 0.01 s
2025-04-12 20:13:41,097 - ***** Epoch: 145: Eval results *****
2025-04-12 20:13:41,097 -   tot_loss = 25.5366
2025-04-12 20:13:41,097 -   tot_loss_clu = 2.0881
2025-04-12 20:13:41,097 -   tot_loss_mms = 23.0975
2025-04-12 20:13:41,097 -   tot_loss_recon = 0.007
2025-04-12 20:13:48,638 - start kmeans...
2025-04-12 20:13:48,652 - K-means used 0.01 s
2025-04-12 20:14:01,593 - ***** Epoch: 146: Eval results *****
2025-04-12 20:14:01,593 -   tot_loss = 25.5061
2025-04-12 20:14:01,593 -   tot_loss_clu = 2.0745
2025-04-12 20:14:01,594 -   tot_loss_mms = 23.0815
2025-04-12 20:14:01,594 -   tot_loss_recon = 0.007
2025-04-12 20:14:09,491 - start kmeans...
2025-04-12 20:14:09,504 - K-means used 0.01 s
2025-04-12 20:14:22,989 - ***** Epoch: 147: Eval results *****
2025-04-12 20:14:22,989 -   tot_loss = 25.4611
2025-04-12 20:14:22,989 -   tot_loss_clu = 2.0697
2025-04-12 20:14:22,989 -   tot_loss_mms = 23.0422
2025-04-12 20:14:22,989 -   tot_loss_recon = 0.007
2025-04-12 20:14:30,499 - start kmeans...
2025-04-12 20:14:30,512 - K-means used 0.01 s
2025-04-12 20:14:43,922 - ***** Epoch: 148: Eval results *****
2025-04-12 20:14:43,923 -   tot_loss = 25.4379
2025-04-12 20:14:43,923 -   tot_loss_clu = 2.0676
2025-04-12 20:14:43,923 -   tot_loss_mms = 23.0207
2025-04-12 20:14:43,923 -   tot_loss_recon = 0.007
2025-04-12 20:14:51,446 - start kmeans...
2025-04-12 20:14:51,461 - K-means used 0.01 s
2025-04-12 20:15:05,265 - ***** Epoch: 149: Eval results *****
2025-04-12 20:15:05,265 -   tot_loss = 25.4433
2025-04-12 20:15:05,265 -   tot_loss_clu = 2.0604
2025-04-12 20:15:05,265 -   tot_loss_mms = 23.0335
2025-04-12 20:15:05,265 -   tot_loss_recon = 0.007
2025-04-12 20:15:12,945 - start kmeans...
2025-04-12 20:15:12,958 - K-means used 0.01 s
2025-04-12 20:15:25,779 - ***** Epoch: 150: Eval results *****
2025-04-12 20:15:25,779 -   tot_loss = 25.4472
2025-04-12 20:15:25,780 -   tot_loss_clu = 2.0802
2025-04-12 20:15:25,780 -   tot_loss_mms = 23.0104
2025-04-12 20:15:25,780 -   tot_loss_recon = 0.0071
2025-04-12 20:15:30,637 - ***** Test results *****
2025-04-12 20:15:30,638 -   ACC = 18.65
2025-04-12 20:15:30,638 -   ARI = 2.38
2025-04-12 20:15:30,638 -   NMI = 18.78
2025-04-12 20:15:30,638 -   fmi = 10.06
2025-04-12 20:15:37,786 - start kmeans...
2025-04-12 20:15:37,800 - K-means used 0.01 s
2025-04-12 20:15:50,736 - ***** Epoch: 151: Eval results *****
2025-04-12 20:15:50,737 -   tot_loss = 25.4164
2025-04-12 20:15:50,737 -   tot_loss_clu = 2.0612
2025-04-12 20:15:50,737 -   tot_loss_mms = 23.0026
2025-04-12 20:15:50,737 -   tot_loss_recon = 0.0071
2025-04-12 20:15:57,743 - start kmeans...
2025-04-12 20:15:57,757 - K-means used 0.01 s
2025-04-12 20:16:10,844 - ***** Epoch: 152: Eval results *****
2025-04-12 20:16:10,844 -   tot_loss = 25.3778
2025-04-12 20:16:10,844 -   tot_loss_clu = 2.052
2025-04-12 20:16:10,844 -   tot_loss_mms = 22.9722
2025-04-12 20:16:10,844 -   tot_loss_recon = 0.0071
2025-04-12 20:16:18,035 - start kmeans...
2025-04-12 20:16:18,052 - K-means used 0.02 s
2025-04-12 20:16:33,103 - ***** Epoch: 153: Eval results *****
2025-04-12 20:16:33,104 -   tot_loss = 25.3668
2025-04-12 20:16:33,104 -   tot_loss_clu = 2.0549
2025-04-12 20:16:33,104 -   tot_loss_mms = 22.9576
2025-04-12 20:16:33,104 -   tot_loss_recon = 0.0071
2025-04-12 20:16:40,472 - start kmeans...
2025-04-12 20:16:40,486 - K-means used 0.01 s
2025-04-12 20:16:53,348 - ***** Epoch: 154: Eval results *****
2025-04-12 20:16:53,348 -   tot_loss = 25.3591
2025-04-12 20:16:53,348 -   tot_loss_clu = 2.0461
2025-04-12 20:16:53,348 -   tot_loss_mms = 22.9603
2025-04-12 20:16:53,348 -   tot_loss_recon = 0.0071
2025-04-12 20:17:00,694 - start kmeans...
2025-04-12 20:17:00,709 - K-means used 0.02 s
2025-04-12 20:17:16,072 - ***** Epoch: 155: Eval results *****
2025-04-12 20:17:16,072 -   tot_loss = 25.3161
2025-04-12 20:17:16,072 -   tot_loss_clu = 2.0497
2025-04-12 20:17:16,072 -   tot_loss_mms = 22.9104
2025-04-12 20:17:16,072 -   tot_loss_recon = 0.0071
2025-04-12 20:17:23,521 - start kmeans...
2025-04-12 20:17:23,534 - K-means used 0.01 s
2025-04-12 20:17:36,161 - ***** Epoch: 156: Eval results *****
2025-04-12 20:17:36,161 -   tot_loss = 25.3106
2025-04-12 20:17:36,162 -   tot_loss_clu = 2.0314
2025-04-12 20:17:36,162 -   tot_loss_mms = 22.9257
2025-04-12 20:17:36,162 -   tot_loss_recon = 0.0071
2025-04-12 20:17:43,463 - start kmeans...
2025-04-12 20:17:43,476 - K-means used 0.01 s
2025-04-12 20:17:58,456 - ***** Epoch: 157: Eval results *****
2025-04-12 20:17:58,456 -   tot_loss = 25.3461
2025-04-12 20:17:58,457 -   tot_loss_clu = 2.042
2025-04-12 20:17:58,457 -   tot_loss_mms = 22.9538
2025-04-12 20:17:58,457 -   tot_loss_recon = 0.007
2025-04-12 20:18:05,767 - start kmeans...
2025-04-12 20:18:05,780 - K-means used 0.01 s
2025-04-12 20:18:19,276 - ***** Epoch: 158: Eval results *****
2025-04-12 20:18:19,277 -   tot_loss = 25.3414
2025-04-12 20:18:19,277 -   tot_loss_clu = 2.0456
2025-04-12 20:18:19,277 -   tot_loss_mms = 22.9452
2025-04-12 20:18:19,277 -   tot_loss_recon = 0.007
2025-04-12 20:18:27,029 - start kmeans...
2025-04-12 20:18:27,042 - K-means used 0.01 s
2025-04-12 20:18:39,950 - ***** Epoch: 159: Eval results *****
2025-04-12 20:18:39,951 -   tot_loss = 25.3001
2025-04-12 20:18:39,951 -   tot_loss_clu = 2.031
2025-04-12 20:18:39,951 -   tot_loss_mms = 22.9098
2025-04-12 20:18:39,951 -   tot_loss_recon = 0.0072
2025-04-12 20:18:47,176 - start kmeans...
2025-04-12 20:18:47,192 - K-means used 0.02 s
2025-04-12 20:19:01,567 - ***** Epoch: 160: Eval results *****
2025-04-12 20:19:01,568 -   tot_loss = 25.2989
2025-04-12 20:19:01,568 -   tot_loss_clu = 2.0409
2025-04-12 20:19:01,568 -   tot_loss_mms = 22.9039
2025-04-12 20:19:01,568 -   tot_loss_recon = 0.0071
2025-04-12 20:19:08,566 - start kmeans...
2025-04-12 20:19:08,579 - K-means used 0.01 s
2025-04-12 20:19:22,182 - ***** Epoch: 161: Eval results *****
2025-04-12 20:19:22,183 -   tot_loss = 25.292
2025-04-12 20:19:22,183 -   tot_loss_clu = 2.0301
2025-04-12 20:19:22,183 -   tot_loss_mms = 22.9065
2025-04-12 20:19:22,183 -   tot_loss_recon = 0.0071
2025-04-12 20:19:29,441 - start kmeans...
2025-04-12 20:19:29,456 - K-means used 0.01 s
2025-04-12 20:19:42,630 - ***** Epoch: 162: Eval results *****
2025-04-12 20:19:42,631 -   tot_loss = 25.2685
2025-04-12 20:19:42,631 -   tot_loss_clu = 2.043
2025-04-12 20:19:42,631 -   tot_loss_mms = 22.871
2025-04-12 20:19:42,631 -   tot_loss_recon = 0.0071
2025-04-12 20:19:49,999 - start kmeans...
2025-04-12 20:19:50,020 - K-means used 0.02 s
2025-04-12 20:20:03,980 - ***** Epoch: 163: Eval results *****
2025-04-12 20:20:03,980 -   tot_loss = 25.2811
2025-04-12 20:20:03,980 -   tot_loss_clu = 2.0459
2025-04-12 20:20:03,980 -   tot_loss_mms = 22.8783
2025-04-12 20:20:03,980 -   tot_loss_recon = 0.0071
2025-04-12 20:20:11,800 - start kmeans...
2025-04-12 20:20:11,813 - K-means used 0.01 s
2025-04-12 20:20:24,459 - ***** Epoch: 164: Eval results *****
2025-04-12 20:20:24,459 -   tot_loss = 25.2509
2025-04-12 20:20:24,459 -   tot_loss_clu = 2.0309
2025-04-12 20:20:24,459 -   tot_loss_mms = 22.8664
2025-04-12 20:20:24,460 -   tot_loss_recon = 0.0071
2025-04-12 20:20:32,126 - start kmeans...
2025-04-12 20:20:32,144 - K-means used 0.02 s
2025-04-12 20:20:46,902 - ***** Epoch: 165: Eval results *****
2025-04-12 20:20:46,903 -   tot_loss = 25.2526
2025-04-12 20:20:46,903 -   tot_loss_clu = 2.0302
2025-04-12 20:20:46,903 -   tot_loss_mms = 22.8665
2025-04-12 20:20:46,903 -   tot_loss_recon = 0.0071
2025-04-12 20:20:54,031 - start kmeans...
2025-04-12 20:20:54,044 - K-means used 0.01 s
2025-04-12 20:21:08,106 - ***** Epoch: 166: Eval results *****
2025-04-12 20:21:08,106 -   tot_loss = 25.2654
2025-04-12 20:21:08,106 -   tot_loss_clu = 2.0319
2025-04-12 20:21:08,106 -   tot_loss_mms = 22.8793
2025-04-12 20:21:08,106 -   tot_loss_recon = 0.0071
2025-04-12 20:21:15,676 - start kmeans...
2025-04-12 20:21:15,690 - K-means used 0.01 s
2025-04-12 20:21:30,792 - ***** Epoch: 167: Eval results *****
2025-04-12 20:21:30,792 -   tot_loss = 25.2593
2025-04-12 20:21:30,792 -   tot_loss_clu = 2.0543
2025-04-12 20:21:30,792 -   tot_loss_mms = 22.8483
2025-04-12 20:21:30,792 -   tot_loss_recon = 0.0071
2025-04-12 20:21:38,621 - start kmeans...
2025-04-12 20:21:38,632 - K-means used 0.01 s
2025-04-12 20:21:51,507 - ***** Epoch: 168: Eval results *****
2025-04-12 20:21:51,507 -   tot_loss = 25.2686
2025-04-12 20:21:51,508 -   tot_loss_clu = 2.0216
2025-04-12 20:21:51,508 -   tot_loss_mms = 22.889
2025-04-12 20:21:51,508 -   tot_loss_recon = 0.0072
2025-04-12 20:21:58,840 - start kmeans...
2025-04-12 20:21:58,856 - K-means used 0.02 s
2025-04-12 20:22:11,535 - ***** Epoch: 169: Eval results *****
2025-04-12 20:22:11,536 -   tot_loss = 25.2141
2025-04-12 20:22:11,536 -   tot_loss_clu = 2.0201
2025-04-12 20:22:11,536 -   tot_loss_mms = 22.8367
2025-04-12 20:22:11,536 -   tot_loss_recon = 0.0071
2025-04-12 20:22:19,155 - start kmeans...
2025-04-12 20:22:19,174 - K-means used 0.02 s
2025-04-12 20:22:31,724 - ***** Epoch: 170: Eval results *****
2025-04-12 20:22:31,725 -   tot_loss = 25.2224
2025-04-12 20:22:31,725 -   tot_loss_clu = 2.0079
2025-04-12 20:22:31,725 -   tot_loss_mms = 22.8579
2025-04-12 20:22:31,725 -   tot_loss_recon = 0.0071
2025-04-12 20:22:38,767 - start kmeans...
2025-04-12 20:22:38,783 - K-means used 0.02 s
2025-04-12 20:22:51,895 - ***** Epoch: 171: Eval results *****
2025-04-12 20:22:51,896 -   tot_loss = 25.2338
2025-04-12 20:22:51,896 -   tot_loss_clu = 2.0188
2025-04-12 20:22:51,896 -   tot_loss_mms = 22.8592
2025-04-12 20:22:51,896 -   tot_loss_recon = 0.0071
2025-04-12 20:22:59,904 - start kmeans...
2025-04-12 20:22:59,920 - K-means used 0.02 s
2025-04-12 20:23:13,967 - ***** Epoch: 172: Eval results *****
2025-04-12 20:23:13,967 -   tot_loss = 25.2537
2025-04-12 20:23:13,967 -   tot_loss_clu = 2.0236
2025-04-12 20:23:13,967 -   tot_loss_mms = 22.8732
2025-04-12 20:23:13,967 -   tot_loss_recon = 0.0071
2025-04-12 20:23:21,788 - start kmeans...
2025-04-12 20:23:21,801 - K-means used 0.01 s
2025-04-12 20:23:35,013 - ***** Epoch: 173: Eval results *****
2025-04-12 20:23:35,013 -   tot_loss = 25.2345
2025-04-12 20:23:35,014 -   tot_loss_clu = 2.0096
2025-04-12 20:23:35,014 -   tot_loss_mms = 22.8685
2025-04-12 20:23:35,014 -   tot_loss_recon = 0.0071
2025-04-12 20:23:42,090 - start kmeans...
2025-04-12 20:23:42,106 - K-means used 0.02 s
2025-04-12 20:23:55,857 - ***** Epoch: 174: Eval results *****
2025-04-12 20:23:55,857 -   tot_loss = 25.2493
2025-04-12 20:23:55,857 -   tot_loss_clu = 2.0186
2025-04-12 20:23:55,857 -   tot_loss_mms = 22.8726
2025-04-12 20:23:55,857 -   tot_loss_recon = 0.0072
2025-04-12 20:24:03,225 - start kmeans...
2025-04-12 20:24:03,239 - K-means used 0.01 s
2025-04-12 20:24:17,956 - ***** Epoch: 175: Eval results *****
2025-04-12 20:24:17,957 -   tot_loss = 25.225
2025-04-12 20:24:17,957 -   tot_loss_clu = 2.012
2025-04-12 20:24:17,957 -   tot_loss_mms = 22.8543
2025-04-12 20:24:17,957 -   tot_loss_recon = 0.0072
2025-04-12 20:24:26,002 - start kmeans...
2025-04-12 20:24:26,013 - K-means used 0.01 s
2025-04-12 20:24:41,338 - ***** Epoch: 176: Eval results *****
2025-04-12 20:24:41,339 -   tot_loss = 25.2776
2025-04-12 20:24:41,339 -   tot_loss_clu = 2.0283
2025-04-12 20:24:41,339 -   tot_loss_mms = 22.8957
2025-04-12 20:24:41,339 -   tot_loss_recon = 0.0071
2025-04-12 20:24:48,872 - start kmeans...
2025-04-12 20:24:48,885 - K-means used 0.01 s
2025-04-12 20:25:01,464 - ***** Epoch: 177: Eval results *****
2025-04-12 20:25:01,464 -   tot_loss = 25.2293
2025-04-12 20:25:01,464 -   tot_loss_clu = 1.9993
2025-04-12 20:25:01,464 -   tot_loss_mms = 22.8744
2025-04-12 20:25:01,464 -   tot_loss_recon = 0.0071
2025-04-12 20:25:08,666 - start kmeans...
2025-04-12 20:25:08,679 - K-means used 0.01 s
2025-04-12 20:25:23,045 - ***** Epoch: 178: Eval results *****
2025-04-12 20:25:23,045 -   tot_loss = 25.223
2025-04-12 20:25:23,045 -   tot_loss_clu = 2.0178
2025-04-12 20:25:23,045 -   tot_loss_mms = 22.8486
2025-04-12 20:25:23,045 -   tot_loss_recon = 0.0071
2025-04-12 20:25:30,626 - start kmeans...
2025-04-12 20:25:30,641 - K-means used 0.02 s
2025-04-12 20:25:44,059 - ***** Epoch: 179: Eval results *****
2025-04-12 20:25:44,059 -   tot_loss = 25.2276
2025-04-12 20:25:44,059 -   tot_loss_clu = 2.0288
2025-04-12 20:25:44,059 -   tot_loss_mms = 22.8435
2025-04-12 20:25:44,059 -   tot_loss_recon = 0.0071
2025-04-12 20:25:51,607 - start kmeans...
2025-04-12 20:25:51,618 - K-means used 0.01 s
2025-04-12 20:26:04,411 - ***** Epoch: 180: Eval results *****
2025-04-12 20:26:04,412 -   tot_loss = 25.2561
2025-04-12 20:26:04,412 -   tot_loss_clu = 2.0231
2025-04-12 20:26:04,412 -   tot_loss_mms = 22.8773
2025-04-12 20:26:04,412 -   tot_loss_recon = 0.0071
2025-04-12 20:26:11,791 - start kmeans...
2025-04-12 20:26:11,806 - K-means used 0.02 s
2025-04-12 20:26:25,689 - ***** Epoch: 181: Eval results *****
2025-04-12 20:26:25,689 -   tot_loss = 25.2013
2025-04-12 20:26:25,689 -   tot_loss_clu = 2.0185
2025-04-12 20:26:25,689 -   tot_loss_mms = 22.8236
2025-04-12 20:26:25,689 -   tot_loss_recon = 0.0072
2025-04-12 20:26:33,578 - start kmeans...
2025-04-12 20:26:33,602 - K-means used 0.02 s
2025-04-12 20:26:47,714 - ***** Epoch: 182: Eval results *****
2025-04-12 20:26:47,715 -   tot_loss = 25.2161
2025-04-12 20:26:47,715 -   tot_loss_clu = 2.0186
2025-04-12 20:26:47,715 -   tot_loss_mms = 22.8399
2025-04-12 20:26:47,715 -   tot_loss_recon = 0.0072
2025-04-12 20:26:55,223 - start kmeans...
2025-04-12 20:26:55,239 - K-means used 0.02 s
2025-04-12 20:27:08,644 - ***** Epoch: 183: Eval results *****
2025-04-12 20:27:08,644 -   tot_loss = 25.2225
2025-04-12 20:27:08,644 -   tot_loss_clu = 2.0222
2025-04-12 20:27:08,645 -   tot_loss_mms = 22.8405
2025-04-12 20:27:08,645 -   tot_loss_recon = 0.0072
2025-04-12 20:27:16,522 - start kmeans...
2025-04-12 20:27:16,535 - K-means used 0.01 s
2025-04-12 20:27:30,546 - ***** Epoch: 184: Eval results *****
2025-04-12 20:27:30,546 -   tot_loss = 25.2106
2025-04-12 20:27:30,546 -   tot_loss_clu = 2.0126
2025-04-12 20:27:30,546 -   tot_loss_mms = 22.8418
2025-04-12 20:27:30,546 -   tot_loss_recon = 0.0071
2025-04-12 20:27:37,582 - start kmeans...
2025-04-12 20:27:37,596 - K-means used 0.01 s
2025-04-12 20:27:51,565 - ***** Epoch: 185: Eval results *****
2025-04-12 20:27:51,565 -   tot_loss = 25.2019
2025-04-12 20:27:51,565 -   tot_loss_clu = 2.0167
2025-04-12 20:27:51,565 -   tot_loss_mms = 22.8263
2025-04-12 20:27:51,565 -   tot_loss_recon = 0.0072
2025-04-12 20:27:59,509 - start kmeans...
2025-04-12 20:27:59,529 - K-means used 0.02 s
2025-04-12 20:28:15,244 - ***** Epoch: 186: Eval results *****
2025-04-12 20:28:15,244 -   tot_loss = 25.2181
2025-04-12 20:28:15,244 -   tot_loss_clu = 2.0111
2025-04-12 20:28:15,245 -   tot_loss_mms = 22.854
2025-04-12 20:28:15,245 -   tot_loss_recon = 0.0071
2025-04-12 20:28:23,448 - start kmeans...
2025-04-12 20:28:23,462 - K-means used 0.01 s
2025-04-12 20:28:37,613 - ***** Epoch: 187: Eval results *****
2025-04-12 20:28:37,613 -   tot_loss = 25.2167
2025-04-12 20:28:37,613 -   tot_loss_clu = 2.0047
2025-04-12 20:28:37,613 -   tot_loss_mms = 22.8583
2025-04-12 20:28:37,613 -   tot_loss_recon = 0.0071
2025-04-12 20:28:45,234 - start kmeans...
2025-04-12 20:28:45,246 - K-means used 0.01 s
2025-04-12 20:28:58,344 - ***** Epoch: 188: Eval results *****
2025-04-12 20:28:58,344 -   tot_loss = 25.1837
2025-04-12 20:28:58,344 -   tot_loss_clu = 2.0027
2025-04-12 20:28:58,345 -   tot_loss_mms = 22.8241
2025-04-12 20:28:58,345 -   tot_loss_recon = 0.0071
2025-04-12 20:29:05,653 - start kmeans...
2025-04-12 20:29:05,666 - K-means used 0.01 s
2025-04-12 20:29:20,998 - ***** Epoch: 189: Eval results *****
2025-04-12 20:29:20,999 -   tot_loss = 25.2515
2025-04-12 20:29:20,999 -   tot_loss_clu = 2.015
2025-04-12 20:29:20,999 -   tot_loss_mms = 22.8811
2025-04-12 20:29:20,999 -   tot_loss_recon = 0.0071
2025-04-12 20:29:28,401 - start kmeans...
2025-04-12 20:29:28,415 - K-means used 0.01 s
2025-04-12 20:29:42,576 - ***** Epoch: 190: Eval results *****
2025-04-12 20:29:42,577 -   tot_loss = 25.2814
2025-04-12 20:29:42,577 -   tot_loss_clu = 2.0352
2025-04-12 20:29:42,577 -   tot_loss_mms = 22.8892
2025-04-12 20:29:42,577 -   tot_loss_recon = 0.0071
2025-04-12 20:29:50,672 - start kmeans...
2025-04-12 20:29:50,687 - K-means used 0.02 s
2025-04-12 20:30:04,635 - ***** Epoch: 191: Eval results *****
2025-04-12 20:30:04,636 -   tot_loss = 25.2436
2025-04-12 20:30:04,636 -   tot_loss_clu = 2.0185
2025-04-12 20:30:04,636 -   tot_loss_mms = 22.869
2025-04-12 20:30:04,636 -   tot_loss_recon = 0.0071
2025-04-12 20:30:12,393 - start kmeans...
2025-04-12 20:30:12,406 - K-means used 0.01 s
2025-04-12 20:30:26,224 - ***** Epoch: 192: Eval results *****
2025-04-12 20:30:26,224 -   tot_loss = 25.2336
2025-04-12 20:30:26,224 -   tot_loss_clu = 2.0316
2025-04-12 20:30:26,224 -   tot_loss_mms = 22.8455
2025-04-12 20:30:26,224 -   tot_loss_recon = 0.0071
2025-04-12 20:30:34,480 - start kmeans...
2025-04-12 20:30:34,496 - K-means used 0.02 s
2025-04-12 20:30:48,163 - ***** Epoch: 193: Eval results *****
2025-04-12 20:30:48,163 -   tot_loss = 25.2533
2025-04-12 20:30:48,163 -   tot_loss_clu = 2.0099
2025-04-12 20:30:48,164 -   tot_loss_mms = 22.8869
2025-04-12 20:30:48,164 -   tot_loss_recon = 0.0071
2025-04-12 20:30:55,805 - start kmeans...
2025-04-12 20:30:55,821 - K-means used 0.02 s
2025-04-12 20:31:08,956 - ***** Epoch: 194: Eval results *****
2025-04-12 20:31:08,956 -   tot_loss = 25.1888
2025-04-12 20:31:08,956 -   tot_loss_clu = 2.0319
2025-04-12 20:31:08,956 -   tot_loss_mms = 22.8004
2025-04-12 20:31:08,956 -   tot_loss_recon = 0.0071
2025-04-12 20:31:16,657 - start kmeans...
2025-04-12 20:31:16,677 - K-means used 0.02 s
2025-04-12 20:31:31,757 - ***** Epoch: 195: Eval results *****
2025-04-12 20:31:31,758 -   tot_loss = 25.2155
2025-04-12 20:31:31,758 -   tot_loss_clu = 2.0211
2025-04-12 20:31:31,758 -   tot_loss_mms = 22.8408
2025-04-12 20:31:31,758 -   tot_loss_recon = 0.0071
2025-04-12 20:31:39,738 - start kmeans...
2025-04-12 20:31:39,751 - K-means used 0.01 s
2025-04-12 20:31:53,466 - ***** Epoch: 196: Eval results *****
2025-04-12 20:31:53,466 -   tot_loss = 25.2414
2025-04-12 20:31:53,466 -   tot_loss_clu = 2.023
2025-04-12 20:31:53,466 -   tot_loss_mms = 22.8634
2025-04-12 20:31:53,466 -   tot_loss_recon = 0.0071
2025-04-12 20:32:01,189 - start kmeans...
2025-04-12 20:32:01,201 - K-means used 0.01 s
2025-04-12 20:32:14,758 - ***** Epoch: 197: Eval results *****
2025-04-12 20:32:14,758 -   tot_loss = 25.2364
2025-04-12 20:32:14,758 -   tot_loss_clu = 2.0196
2025-04-12 20:32:14,758 -   tot_loss_mms = 22.8587
2025-04-12 20:32:14,758 -   tot_loss_recon = 0.0072
2025-04-12 20:32:22,449 - start kmeans...
2025-04-12 20:32:22,463 - K-means used 0.01 s
2025-04-12 20:32:35,356 - ***** Epoch: 198: Eval results *****
2025-04-12 20:32:35,357 -   tot_loss = 25.21
2025-04-12 20:32:35,357 -   tot_loss_clu = 2.0246
2025-04-12 20:32:35,357 -   tot_loss_mms = 22.8295
2025-04-12 20:32:35,357 -   tot_loss_recon = 0.0071
2025-04-12 20:32:42,649 - start kmeans...
2025-04-12 20:32:42,664 - K-means used 0.02 s
2025-04-12 20:32:57,210 - ***** Epoch: 199: Eval results *****
2025-04-12 20:32:57,210 -   tot_loss = 25.2722
2025-04-12 20:32:57,210 -   tot_loss_clu = 2.0254
2025-04-12 20:32:57,210 -   tot_loss_mms = 22.8903
2025-04-12 20:32:57,211 -   tot_loss_recon = 0.0071
2025-04-12 20:33:04,186 - start kmeans...
2025-04-12 20:33:04,199 - K-means used 0.01 s
2025-04-12 20:33:16,778 - ***** Epoch: 200: Eval results *****
2025-04-12 20:33:16,778 -   tot_loss = 25.2284
2025-04-12 20:33:16,778 -   tot_loss_clu = 2.0207
2025-04-12 20:33:16,778 -   tot_loss_mms = 22.8534
2025-04-12 20:33:16,778 -   tot_loss_recon = 0.0071
2025-04-12 20:33:21,448 - ***** Test results *****
2025-04-12 20:33:21,448 -   ACC = 16.63
2025-04-12 20:33:21,448 -   ARI = 1.85
2025-04-12 20:33:21,448 -   NMI = 18.84
2025-04-12 20:33:21,448 -   fmi = 9.54
2025-04-12 20:33:21,449 - Trained models are saved in /root/autodl-tmp/home/lizhuohang/reaserch/EMNLP/UMC/outputs/MIntRec/mcn_mcn_MIntRec_bert-base-uncased_4/models
2025-04-12 20:33:22,490 - Training is finished...
2025-04-12 20:33:22,490 - Testing begins...
2025-04-12 20:33:25,909 - ***** Test results *****
2025-04-12 20:33:25,909 -   ACC = 16.63
2025-04-12 20:33:25,909 -   ARI = 1.85
2025-04-12 20:33:25,909 -   NMI = 18.84
2025-04-12 20:33:25,909 -   fmi = 9.54
2025-04-12 20:33:25,910 - Testing is finished...
2025-04-12 20:33:25,910 - Multimodal intent recognition is finished...
2025-04-12 20:33:25,910 - Results are saved in results/results_mcn.csv
