2025-04-12 15:51:02,228 - ============================== Params ==============================
2025-04-12 15:51:02,229 - logger_name: mcn_mcn_bert-base-uncased_MIntRec_1
2025-04-12 15:51:02,229 - dataset: MIntRec
2025-04-12 15:51:02,229 - multimodal_method: mcn
2025-04-12 15:51:02,229 - method: mcn
2025-04-12 15:51:02,229 - text_backbone: bert-base-uncased
2025-04-12 15:51:02,229 - seed: 1
2025-04-12 15:51:02,229 - num_workers: 8
2025-04-12 15:51:02,229 - log_id: mcn_mcn_bert-base-uncased_MIntRec_1_2025-04-12-15-51-02
2025-04-12 15:51:02,229 - gpu_id: 0
2025-04-12 15:51:02,229 - data_path: /root/autodl-tmp/home/Share/Dataset/LZH
2025-04-12 15:51:02,229 - train: True
2025-04-12 15:51:02,229 - tune: True
2025-04-12 15:51:02,229 - save_model: True
2025-04-12 15:51:02,229 - save_results: True
2025-04-12 15:51:02,229 - log_path: logs
2025-04-12 15:51:02,229 - cache_path: cache
2025-04-12 15:51:02,229 - video_data_path: video_data
2025-04-12 15:51:02,229 - audio_data_path: audio_data
2025-04-12 15:51:02,229 - video_feats_path: video_feats.pkl
2025-04-12 15:51:02,229 - audio_feats_path: audio_feats.pkl
2025-04-12 15:51:02,229 - results_path: results
2025-04-12 15:51:02,229 - output_path: /root/autodl-tmp/home/lizhuohang/reaserch/EMNLP/UMC/outputs/MIntRec
2025-04-12 15:51:02,229 - model_path: models
2025-04-12 15:51:02,229 - config_file_name: mcn
2025-04-12 15:51:02,229 - results_file_name: results_mcn.csv
2025-04-12 15:51:02,229 - text_pretrained_model: uncased_L-12_H-768_A-12
2025-04-12 15:51:02,230 - text_seq_len: 30
2025-04-12 15:51:02,230 - video_seq_len: 230
2025-04-12 15:51:02,230 - audio_seq_len: 480
2025-04-12 15:51:02,230 - text_feat_dim: None
2025-04-12 15:51:02,230 - video_feat_dim: None
2025-04-12 15:51:02,230 - audio_feat_dim: None
2025-04-12 15:51:02,230 - num_labels: 20
2025-04-12 15:51:02,230 - num_train_examples: 1779
2025-04-12 15:51:02,230 - pretrained_model: uncased_L-12_H-768_A-12
2025-04-12 15:51:02,230 - num_train_epochs: 200
2025-04-12 15:51:02,230 - t_dim: 768
2025-04-12 15:51:02,230 - a_dim: 768
2025-04-12 15:51:02,230 - v_dim: 256
2025-04-12 15:51:02,230 - lr: [0.0001]
2025-04-12 15:51:02,230 - warmup_steps: 100
2025-04-12 15:51:02,230 - embd_dim: [256]
2025-04-12 15:51:02,230 - recon_size: [128]
2025-04-12 15:51:02,230 - recon: True
2025-04-12 15:51:02,230 - clu_lamb: [1]
2025-04-12 15:51:02,230 - recon_w: [50]
2025-04-12 15:51:02,230 - feature_extractor_method: ['mean']
2025-04-12 15:51:02,230 - freeze_train_bert_parameters: [True]
2025-04-12 15:51:02,230 - nheads: 8
2025-04-12 15:51:02,230 - attn_dropout: 0.1
2025-04-12 15:51:02,230 - relu_dropout: 0.1
2025-04-12 15:51:02,230 - embed_dropout: 0.1
2025-04-12 15:51:02,230 - res_dropout: 0.1
2025-04-12 15:51:02,230 - attn_mask: True
2025-04-12 15:51:02,230 - feats_processing_type: padding
2025-04-12 15:51:02,231 - padding_mode: zero
2025-04-12 15:51:02,231 - padding_loc: end
2025-04-12 15:51:02,231 - train_batch_size: 128
2025-04-12 15:51:02,231 - eval_batch_size: 64
2025-04-12 15:51:02,231 - test_batch_size: 64
2025-04-12 15:51:02,231 - wait_patience: 10
2025-04-12 15:51:02,231 - pred_output_path: /root/autodl-tmp/home/lizhuohang/reaserch/EMNLP/UMC/outputs/MIntRec/mcn_mcn_MIntRec_bert-base-uncased_1
2025-04-12 15:51:02,231 - model_output_path: /root/autodl-tmp/home/lizhuohang/reaserch/EMNLP/UMC/outputs/MIntRec/mcn_mcn_MIntRec_bert-base-uncased_1/models
2025-04-12 15:51:02,231 - ============================== End Params ==============================
2025-04-12 15:51:03,306 - Freeze all parameters but the last layer for efficiency
2025-04-12 15:51:03,308 - Multimodal Intent Recognition begins...
2025-04-12 15:51:03,309 - Training begins...
2025-04-12 15:51:09,940 - start kmeans...
2025-04-12 15:51:10,016 - K-means used 0.08 s
2025-04-12 15:51:23,866 - ***** Epoch: 1: Eval results *****
2025-04-12 15:51:23,867 -   tot_loss = 43.1434
2025-04-12 15:51:23,867 -   tot_loss_clu = 2.9873
2025-04-12 15:51:23,867 -   tot_loss_mms = 29.0721
2025-04-12 15:51:23,867 -   tot_loss_recon = 0.2217
2025-04-12 15:51:30,764 - start kmeans...
2025-04-12 15:51:30,785 - K-means used 0.02 s
2025-04-12 15:51:44,647 - ***** Epoch: 2: Eval results *****
2025-04-12 15:51:44,647 -   tot_loss = 40.3634
2025-04-12 15:51:44,647 -   tot_loss_clu = 2.99
2025-04-12 15:51:44,647 -   tot_loss_mms = 29.0695
2025-04-12 15:51:44,648 -   tot_loss_recon = 0.1661
2025-04-12 15:51:51,321 - start kmeans...
2025-04-12 15:51:51,348 - K-means used 0.03 s
2025-04-12 15:52:03,276 - ***** Epoch: 3: Eval results *****
2025-04-12 15:52:03,276 -   tot_loss = 36.4708
2025-04-12 15:52:03,276 -   tot_loss_clu = 2.9934
2025-04-12 15:52:03,276 -   tot_loss_mms = 29.0632
2025-04-12 15:52:03,276 -   tot_loss_recon = 0.0883
2025-04-12 15:52:10,431 - start kmeans...
2025-04-12 15:52:10,461 - K-means used 0.03 s
2025-04-12 15:52:24,128 - ***** Epoch: 4: Eval results *****
2025-04-12 15:52:24,128 -   tot_loss = 33.5935
2025-04-12 15:52:24,128 -   tot_loss_clu = 3.023
2025-04-12 15:52:24,128 -   tot_loss_mms = 29.0571
2025-04-12 15:52:24,129 -   tot_loss_recon = 0.0303
2025-04-12 15:52:30,975 - start kmeans...
2025-04-12 15:52:31,010 - K-means used 0.04 s
2025-04-12 15:52:45,212 - ***** Epoch: 5: Eval results *****
2025-04-12 15:52:45,212 -   tot_loss = 32.6574
2025-04-12 15:52:45,212 -   tot_loss_clu = 3.022
2025-04-12 15:52:45,212 -   tot_loss_mms = 29.0547
2025-04-12 15:52:45,212 -   tot_loss_recon = 0.0116
2025-04-12 15:52:52,204 - start kmeans...
2025-04-12 15:52:52,235 - K-means used 0.03 s
2025-04-12 15:53:05,075 - ***** Epoch: 6: Eval results *****
2025-04-12 15:53:05,076 -   tot_loss = 32.5406
2025-04-12 15:53:05,076 -   tot_loss_clu = 3.0225
2025-04-12 15:53:05,076 -   tot_loss_mms = 29.051
2025-04-12 15:53:05,076 -   tot_loss_recon = 0.0093
2025-04-12 15:53:13,069 - start kmeans...
2025-04-12 15:53:13,089 - K-means used 0.02 s
2025-04-12 15:53:26,308 - ***** Epoch: 7: Eval results *****
2025-04-12 15:53:26,308 -   tot_loss = 32.4951
2025-04-12 15:53:26,308 -   tot_loss_clu = 3.0275
2025-04-12 15:53:26,308 -   tot_loss_mms = 29.0434
2025-04-12 15:53:26,308 -   tot_loss_recon = 0.0085
2025-04-12 15:53:33,210 - start kmeans...
2025-04-12 15:53:33,240 - K-means used 0.03 s
2025-04-12 15:53:45,616 - ***** Epoch: 8: Eval results *****
2025-04-12 15:53:45,616 -   tot_loss = 32.4466
2025-04-12 15:53:45,616 -   tot_loss_clu = 3.0381
2025-04-12 15:53:45,616 -   tot_loss_mms = 29.0276
2025-04-12 15:53:45,616 -   tot_loss_recon = 0.0076
2025-04-12 15:53:52,452 - start kmeans...
2025-04-12 15:53:52,469 - K-means used 0.02 s
2025-04-12 15:54:05,781 - ***** Epoch: 9: Eval results *****
2025-04-12 15:54:05,782 -   tot_loss = 32.3983
2025-04-12 15:54:05,782 -   tot_loss_clu = 3.0487
2025-04-12 15:54:05,782 -   tot_loss_mms = 29.0059
2025-04-12 15:54:05,782 -   tot_loss_recon = 0.0069
2025-04-12 15:54:12,743 - start kmeans...
2025-04-12 15:54:12,765 - K-means used 0.02 s
2025-04-12 15:54:25,846 - ***** Epoch: 10: Eval results *****
2025-04-12 15:54:25,847 -   tot_loss = 32.3591
2025-04-12 15:54:25,847 -   tot_loss_clu = 3.0598
2025-04-12 15:54:25,847 -   tot_loss_mms = 28.9839
2025-04-12 15:54:25,847 -   tot_loss_recon = 0.0063
2025-04-12 15:54:32,906 - start kmeans...
2025-04-12 15:54:32,928 - K-means used 0.02 s
2025-04-12 15:54:46,319 - ***** Epoch: 11: Eval results *****
2025-04-12 15:54:46,320 -   tot_loss = 32.3391
2025-04-12 15:54:46,320 -   tot_loss_clu = 3.0712
2025-04-12 15:54:46,320 -   tot_loss_mms = 28.9713
2025-04-12 15:54:46,320 -   tot_loss_recon = 0.0059
2025-04-12 15:54:53,733 - start kmeans...
2025-04-12 15:54:53,752 - K-means used 0.02 s
2025-04-12 15:55:06,638 - ***** Epoch: 12: Eval results *****
2025-04-12 15:55:06,638 -   tot_loss = 32.3147
2025-04-12 15:55:06,638 -   tot_loss_clu = 3.0653
2025-04-12 15:55:06,638 -   tot_loss_mms = 28.9658
2025-04-12 15:55:06,638 -   tot_loss_recon = 0.0057
2025-04-12 15:55:13,693 - start kmeans...
2025-04-12 15:55:13,713 - K-means used 0.02 s
2025-04-12 15:55:27,739 - ***** Epoch: 13: Eval results *****
2025-04-12 15:55:27,740 -   tot_loss = 32.292
2025-04-12 15:55:27,740 -   tot_loss_clu = 3.0604
2025-04-12 15:55:27,740 -   tot_loss_mms = 28.959
2025-04-12 15:55:27,740 -   tot_loss_recon = 0.0055
2025-04-12 15:55:34,906 - start kmeans...
2025-04-12 15:55:34,926 - K-means used 0.02 s
2025-04-12 15:55:48,588 - ***** Epoch: 14: Eval results *****
2025-04-12 15:55:48,588 -   tot_loss = 32.2703
2025-04-12 15:55:48,588 -   tot_loss_clu = 3.0622
2025-04-12 15:55:48,588 -   tot_loss_mms = 28.9461
2025-04-12 15:55:48,588 -   tot_loss_recon = 0.0052
2025-04-12 15:55:55,683 - start kmeans...
2025-04-12 15:55:55,721 - K-means used 0.04 s
2025-04-12 15:56:08,207 - ***** Epoch: 15: Eval results *****
2025-04-12 15:56:08,207 -   tot_loss = 32.2533
2025-04-12 15:56:08,207 -   tot_loss_clu = 3.0616
2025-04-12 15:56:08,208 -   tot_loss_mms = 28.9379
2025-04-12 15:56:08,208 -   tot_loss_recon = 0.0051
2025-04-12 15:56:15,174 - start kmeans...
2025-04-12 15:56:15,196 - K-means used 0.02 s
2025-04-12 15:56:29,151 - ***** Epoch: 16: Eval results *****
2025-04-12 15:56:29,151 -   tot_loss = 32.2344
2025-04-12 15:56:29,152 -   tot_loss_clu = 3.0544
2025-04-12 15:56:29,152 -   tot_loss_mms = 28.9311
2025-04-12 15:56:29,152 -   tot_loss_recon = 0.005
2025-04-12 15:56:36,230 - start kmeans...
2025-04-12 15:56:36,256 - K-means used 0.03 s
2025-04-12 15:56:49,221 - ***** Epoch: 17: Eval results *****
2025-04-12 15:56:49,221 -   tot_loss = 32.2163
2025-04-12 15:56:49,222 -   tot_loss_clu = 3.0481
2025-04-12 15:56:49,222 -   tot_loss_mms = 28.9238
2025-04-12 15:56:49,222 -   tot_loss_recon = 0.0049
2025-04-12 15:56:55,778 - start kmeans...
2025-04-12 15:56:55,803 - K-means used 0.03 s
2025-04-12 15:57:08,200 - ***** Epoch: 18: Eval results *****
2025-04-12 15:57:08,200 -   tot_loss = 32.1912
2025-04-12 15:57:08,200 -   tot_loss_clu = 3.0515
2025-04-12 15:57:08,200 -   tot_loss_mms = 28.8981
2025-04-12 15:57:08,200 -   tot_loss_recon = 0.0048
2025-04-12 15:57:15,509 - start kmeans...
2025-04-12 15:57:15,524 - K-means used 0.01 s
2025-04-12 15:57:27,253 - ***** Epoch: 19: Eval results *****
2025-04-12 15:57:27,253 -   tot_loss = 32.1729
2025-04-12 15:57:27,253 -   tot_loss_clu = 3.0529
2025-04-12 15:57:27,253 -   tot_loss_mms = 28.8787
2025-04-12 15:57:27,253 -   tot_loss_recon = 0.0048
2025-04-12 15:57:34,332 - start kmeans...
2025-04-12 15:57:34,357 - K-means used 0.03 s
2025-04-12 15:57:48,297 - ***** Epoch: 20: Eval results *****
2025-04-12 15:57:48,297 -   tot_loss = 32.1507
2025-04-12 15:57:48,297 -   tot_loss_clu = 3.0409
2025-04-12 15:57:48,297 -   tot_loss_mms = 28.8663
2025-04-12 15:57:48,297 -   tot_loss_recon = 0.0049
2025-04-12 15:57:55,618 - start kmeans...
2025-04-12 15:57:55,641 - K-means used 0.02 s
2025-04-12 15:58:08,733 - ***** Epoch: 21: Eval results *****
2025-04-12 15:58:08,733 -   tot_loss = 32.116
2025-04-12 15:58:08,733 -   tot_loss_clu = 3.0387
2025-04-12 15:58:08,733 -   tot_loss_mms = 28.8262
2025-04-12 15:58:08,733 -   tot_loss_recon = 0.005
2025-04-12 15:58:15,558 - start kmeans...
2025-04-12 15:58:15,584 - K-means used 0.03 s
2025-04-12 15:58:29,463 - ***** Epoch: 22: Eval results *****
2025-04-12 15:58:29,464 -   tot_loss = 32.0772
2025-04-12 15:58:29,464 -   tot_loss_clu = 3.0296
2025-04-12 15:58:29,464 -   tot_loss_mms = 28.7871
2025-04-12 15:58:29,464 -   tot_loss_recon = 0.0052
2025-04-12 15:58:36,854 - start kmeans...
2025-04-12 15:58:36,878 - K-means used 0.02 s
2025-04-12 15:58:51,233 - ***** Epoch: 23: Eval results *****
2025-04-12 15:58:51,233 -   tot_loss = 32.0237
2025-04-12 15:58:51,233 -   tot_loss_clu = 3.0277
2025-04-12 15:58:51,233 -   tot_loss_mms = 28.7247
2025-04-12 15:58:51,233 -   tot_loss_recon = 0.0054
2025-04-12 15:58:57,896 - start kmeans...
2025-04-12 15:58:57,918 - K-means used 0.02 s
2025-04-12 15:59:11,010 - ***** Epoch: 24: Eval results *****
2025-04-12 15:59:11,010 -   tot_loss = 31.941
2025-04-12 15:59:11,010 -   tot_loss_clu = 3.0068
2025-04-12 15:59:11,010 -   tot_loss_mms = 28.6383
2025-04-12 15:59:11,010 -   tot_loss_recon = 0.0059
2025-04-12 15:59:17,886 - start kmeans...
2025-04-12 15:59:17,917 - K-means used 0.03 s
2025-04-12 15:59:29,865 - ***** Epoch: 25: Eval results *****
2025-04-12 15:59:29,865 -   tot_loss = 31.7958
2025-04-12 15:59:29,865 -   tot_loss_clu = 2.9615
2025-04-12 15:59:29,865 -   tot_loss_mms = 28.5186
2025-04-12 15:59:29,865 -   tot_loss_recon = 0.0063
2025-04-12 15:59:37,168 - start kmeans...
2025-04-12 15:59:37,213 - K-means used 0.05 s
2025-04-12 15:59:51,796 - ***** Epoch: 26: Eval results *****
2025-04-12 15:59:51,796 -   tot_loss = 31.5931
2025-04-12 15:59:51,796 -   tot_loss_clu = 2.9356
2025-04-12 15:59:51,797 -   tot_loss_mms = 28.3567
2025-04-12 15:59:51,797 -   tot_loss_recon = 0.006
2025-04-12 15:59:58,406 - start kmeans...
2025-04-12 15:59:58,504 - K-means used 0.1 s
2025-04-12 16:00:11,071 - ***** Epoch: 27: Eval results *****
2025-04-12 16:00:11,071 -   tot_loss = 31.5063
2025-04-12 16:00:11,071 -   tot_loss_clu = 3.013
2025-04-12 16:00:11,071 -   tot_loss_mms = 28.2026
2025-04-12 16:00:11,071 -   tot_loss_recon = 0.0058
2025-04-12 16:00:17,896 - start kmeans...
2025-04-12 16:00:17,930 - K-means used 0.03 s
2025-04-12 16:00:31,248 - ***** Epoch: 28: Eval results *****
2025-04-12 16:00:31,249 -   tot_loss = 31.5411
2025-04-12 16:00:31,249 -   tot_loss_clu = 3.1154
2025-04-12 16:00:31,249 -   tot_loss_mms = 28.1363
2025-04-12 16:00:31,249 -   tot_loss_recon = 0.0058
2025-04-12 16:00:38,635 - start kmeans...
2025-04-12 16:00:38,652 - K-means used 0.02 s
2025-04-12 16:00:50,626 - ***** Epoch: 29: Eval results *****
2025-04-12 16:00:50,627 -   tot_loss = 31.499
2025-04-12 16:00:50,627 -   tot_loss_clu = 3.1571
2025-04-12 16:00:50,628 -   tot_loss_mms = 28.0595
2025-04-12 16:00:50,628 -   tot_loss_recon = 0.0056
2025-04-12 16:00:57,316 - start kmeans...
2025-04-12 16:00:57,347 - K-means used 0.03 s
2025-04-12 16:01:11,744 - ***** Epoch: 30: Eval results *****
2025-04-12 16:01:11,745 -   tot_loss = 31.4324
2025-04-12 16:01:11,745 -   tot_loss_clu = 3.142
2025-04-12 16:01:11,745 -   tot_loss_mms = 28.0081
2025-04-12 16:01:11,745 -   tot_loss_recon = 0.0056
2025-04-12 16:01:18,557 - start kmeans...
2025-04-12 16:01:18,578 - K-means used 0.02 s
2025-04-12 16:01:30,699 - ***** Epoch: 31: Eval results *****
2025-04-12 16:01:30,700 -   tot_loss = 31.389
2025-04-12 16:01:30,700 -   tot_loss_clu = 3.1449
2025-04-12 16:01:30,700 -   tot_loss_mms = 27.9785
2025-04-12 16:01:30,700 -   tot_loss_recon = 0.0053
2025-04-12 16:01:37,592 - start kmeans...
2025-04-12 16:01:37,609 - K-means used 0.02 s
2025-04-12 16:01:50,253 - ***** Epoch: 32: Eval results *****
2025-04-12 16:01:50,253 -   tot_loss = 31.3091
2025-04-12 16:01:50,254 -   tot_loss_clu = 3.1339
2025-04-12 16:01:50,254 -   tot_loss_mms = 27.9135
2025-04-12 16:01:50,254 -   tot_loss_recon = 0.0052
2025-04-12 16:01:56,480 - start kmeans...
2025-04-12 16:01:56,503 - K-means used 0.02 s
2025-04-12 16:02:10,025 - ***** Epoch: 33: Eval results *****
2025-04-12 16:02:10,026 -   tot_loss = 31.2301
2025-04-12 16:02:10,026 -   tot_loss_clu = 3.1402
2025-04-12 16:02:10,026 -   tot_loss_mms = 27.839
2025-04-12 16:02:10,026 -   tot_loss_recon = 0.005
2025-04-12 16:02:16,802 - start kmeans...
2025-04-12 16:02:16,824 - K-means used 0.02 s
2025-04-12 16:02:30,962 - ***** Epoch: 34: Eval results *****
2025-04-12 16:02:30,963 -   tot_loss = 31.1772
2025-04-12 16:02:30,963 -   tot_loss_clu = 3.1319
2025-04-12 16:02:30,963 -   tot_loss_mms = 27.7979
2025-04-12 16:02:30,963 -   tot_loss_recon = 0.0049
2025-04-12 16:02:38,397 - start kmeans...
2025-04-12 16:02:38,420 - K-means used 0.02 s
2025-04-12 16:02:51,002 - ***** Epoch: 35: Eval results *****
2025-04-12 16:02:51,002 -   tot_loss = 31.1121
2025-04-12 16:02:51,002 -   tot_loss_clu = 3.1469
2025-04-12 16:02:51,002 -   tot_loss_mms = 27.7296
2025-04-12 16:02:51,002 -   tot_loss_recon = 0.0047
2025-04-12 16:02:57,990 - start kmeans...
2025-04-12 16:02:58,011 - K-means used 0.02 s
2025-04-12 16:03:10,180 - ***** Epoch: 36: Eval results *****
2025-04-12 16:03:10,181 -   tot_loss = 31.0656
2025-04-12 16:03:10,181 -   tot_loss_clu = 3.1087
2025-04-12 16:03:10,181 -   tot_loss_mms = 27.7269
2025-04-12 16:03:10,181 -   tot_loss_recon = 0.0046
2025-04-12 16:03:16,721 - start kmeans...
2025-04-12 16:03:16,745 - K-means used 0.02 s
2025-04-12 16:03:30,846 - ***** Epoch: 37: Eval results *****
2025-04-12 16:03:30,847 -   tot_loss = 31.0321
2025-04-12 16:03:30,847 -   tot_loss_clu = 3.1191
2025-04-12 16:03:30,847 -   tot_loss_mms = 27.6853
2025-04-12 16:03:30,847 -   tot_loss_recon = 0.0046
2025-04-12 16:03:37,351 - start kmeans...
2025-04-12 16:03:37,376 - K-means used 0.02 s
2025-04-12 16:03:49,955 - ***** Epoch: 38: Eval results *****
2025-04-12 16:03:49,956 -   tot_loss = 30.9857
2025-04-12 16:03:49,957 -   tot_loss_clu = 3.144
2025-04-12 16:03:49,957 -   tot_loss_mms = 27.6157
2025-04-12 16:03:49,957 -   tot_loss_recon = 0.0045
2025-04-12 16:03:56,968 - start kmeans...
2025-04-12 16:03:57,006 - K-means used 0.04 s
2025-04-12 16:04:09,039 - ***** Epoch: 39: Eval results *****
2025-04-12 16:04:09,039 -   tot_loss = 30.9733
2025-04-12 16:04:09,040 -   tot_loss_clu = 3.132
2025-04-12 16:04:09,040 -   tot_loss_mms = 27.618
2025-04-12 16:04:09,040 -   tot_loss_recon = 0.0045
2025-04-12 16:04:15,525 - start kmeans...
2025-04-12 16:04:15,553 - K-means used 0.03 s
2025-04-12 16:04:27,694 - ***** Epoch: 40: Eval results *****
2025-04-12 16:04:27,694 -   tot_loss = 30.8983
2025-04-12 16:04:27,694 -   tot_loss_clu = 3.1048
2025-04-12 16:04:27,694 -   tot_loss_mms = 27.5692
2025-04-12 16:04:27,694 -   tot_loss_recon = 0.0045
2025-04-12 16:04:34,549 - start kmeans...
2025-04-12 16:04:34,568 - K-means used 0.02 s
2025-04-12 16:04:47,416 - ***** Epoch: 41: Eval results *****
2025-04-12 16:04:47,416 -   tot_loss = 30.8825
2025-04-12 16:04:47,416 -   tot_loss_clu = 3.1442
2025-04-12 16:04:47,417 -   tot_loss_mms = 27.517
2025-04-12 16:04:47,417 -   tot_loss_recon = 0.0044
2025-04-12 16:04:54,389 - start kmeans...
2025-04-12 16:04:54,407 - K-means used 0.02 s
2025-04-12 16:05:06,885 - ***** Epoch: 42: Eval results *****
2025-04-12 16:05:06,885 -   tot_loss = 30.8772
2025-04-12 16:05:06,886 -   tot_loss_clu = 3.1602
2025-04-12 16:05:06,886 -   tot_loss_mms = 27.498
2025-04-12 16:05:06,886 -   tot_loss_recon = 0.0044
2025-04-12 16:05:13,357 - start kmeans...
2025-04-12 16:05:13,374 - K-means used 0.02 s
2025-04-12 16:05:26,784 - ***** Epoch: 43: Eval results *****
2025-04-12 16:05:26,785 -   tot_loss = 30.8672
2025-04-12 16:05:26,785 -   tot_loss_clu = 3.1897
2025-04-12 16:05:26,785 -   tot_loss_mms = 27.4596
2025-04-12 16:05:26,785 -   tot_loss_recon = 0.0044
2025-04-12 16:05:34,020 - start kmeans...
2025-04-12 16:05:34,040 - K-means used 0.02 s
2025-04-12 16:05:47,738 - ***** Epoch: 44: Eval results *****
2025-04-12 16:05:47,738 -   tot_loss = 30.8318
2025-04-12 16:05:47,738 -   tot_loss_clu = 3.185
2025-04-12 16:05:47,739 -   tot_loss_mms = 27.4296
2025-04-12 16:05:47,739 -   tot_loss_recon = 0.0043
2025-04-12 16:05:54,630 - start kmeans...
2025-04-12 16:05:54,654 - K-means used 0.02 s
2025-04-12 16:06:08,420 - ***** Epoch: 45: Eval results *****
2025-04-12 16:06:08,420 -   tot_loss = 30.791
2025-04-12 16:06:08,420 -   tot_loss_clu = 3.1741
2025-04-12 16:06:08,420 -   tot_loss_mms = 27.4004
2025-04-12 16:06:08,420 -   tot_loss_recon = 0.0043
2025-04-12 16:06:15,604 - start kmeans...
2025-04-12 16:06:15,625 - K-means used 0.02 s
2025-04-12 16:06:28,330 - ***** Epoch: 46: Eval results *****
2025-04-12 16:06:28,330 -   tot_loss = 30.7708
2025-04-12 16:06:28,330 -   tot_loss_clu = 3.1844
2025-04-12 16:06:28,330 -   tot_loss_mms = 27.3708
2025-04-12 16:06:28,330 -   tot_loss_recon = 0.0043
2025-04-12 16:06:34,949 - start kmeans...
2025-04-12 16:06:34,972 - K-means used 0.02 s
2025-04-12 16:06:48,862 - ***** Epoch: 47: Eval results *****
2025-04-12 16:06:48,862 -   tot_loss = 30.7332
2025-04-12 16:06:48,862 -   tot_loss_clu = 3.1388
2025-04-12 16:06:48,862 -   tot_loss_mms = 27.3794
2025-04-12 16:06:48,862 -   tot_loss_recon = 0.0043
2025-04-12 16:06:55,965 - start kmeans...
2025-04-12 16:06:55,987 - K-means used 0.02 s
2025-04-12 16:07:08,916 - ***** Epoch: 48: Eval results *****
2025-04-12 16:07:08,917 -   tot_loss = 30.6891
2025-04-12 16:07:08,917 -   tot_loss_clu = 3.1652
2025-04-12 16:07:08,917 -   tot_loss_mms = 27.3075
2025-04-12 16:07:08,917 -   tot_loss_recon = 0.0043
2025-04-12 16:07:15,773 - start kmeans...
2025-04-12 16:07:15,790 - K-means used 0.02 s
2025-04-12 16:07:28,841 - ***** Epoch: 49: Eval results *****
2025-04-12 16:07:28,841 -   tot_loss = 30.6921
2025-04-12 16:07:28,841 -   tot_loss_clu = 3.1932
2025-04-12 16:07:28,841 -   tot_loss_mms = 27.282
2025-04-12 16:07:28,842 -   tot_loss_recon = 0.0043
2025-04-12 16:07:35,971 - start kmeans...
2025-04-12 16:07:35,992 - K-means used 0.02 s
2025-04-12 16:07:48,848 - ***** Epoch: 50: Eval results *****
2025-04-12 16:07:48,848 -   tot_loss = 30.6536
2025-04-12 16:07:48,848 -   tot_loss_clu = 3.1577
2025-04-12 16:07:48,848 -   tot_loss_mms = 27.2805
2025-04-12 16:07:48,848 -   tot_loss_recon = 0.0043
2025-04-12 16:07:53,293 - ***** Test results *****
2025-04-12 16:07:53,293 -   ACC = 16.4
2025-04-12 16:07:53,293 -   ARI = 1.21
2025-04-12 16:07:53,293 -   NMI = 17.87
2025-04-12 16:07:53,293 -   fmi = 9.05
2025-04-12 16:08:00,042 - start kmeans...
2025-04-12 16:08:00,061 - K-means used 0.02 s
2025-04-12 16:08:12,185 - ***** Epoch: 51: Eval results *****
2025-04-12 16:08:12,185 -   tot_loss = 30.6156
2025-04-12 16:08:12,185 -   tot_loss_clu = 3.1412
2025-04-12 16:08:12,185 -   tot_loss_mms = 27.2608
2025-04-12 16:08:12,185 -   tot_loss_recon = 0.0043
2025-04-12 16:08:19,147 - start kmeans...
2025-04-12 16:08:19,177 - K-means used 0.03 s
2025-04-12 16:08:31,045 - ***** Epoch: 52: Eval results *****
2025-04-12 16:08:31,045 -   tot_loss = 30.6018
2025-04-12 16:08:31,045 -   tot_loss_clu = 3.1815
2025-04-12 16:08:31,045 -   tot_loss_mms = 27.2062
2025-04-12 16:08:31,046 -   tot_loss_recon = 0.0043
2025-04-12 16:08:37,633 - start kmeans...
2025-04-12 16:08:37,651 - K-means used 0.02 s
2025-04-12 16:08:49,316 - ***** Epoch: 53: Eval results *****
2025-04-12 16:08:49,316 -   tot_loss = 30.5971
2025-04-12 16:08:49,316 -   tot_loss_clu = 3.1886
2025-04-12 16:08:49,316 -   tot_loss_mms = 27.1945
2025-04-12 16:08:49,316 -   tot_loss_recon = 0.0043
2025-04-12 16:08:56,326 - start kmeans...
2025-04-12 16:08:56,345 - K-means used 0.02 s
2025-04-12 16:09:09,449 - ***** Epoch: 54: Eval results *****
2025-04-12 16:09:09,449 -   tot_loss = 30.5852
2025-04-12 16:09:09,449 -   tot_loss_clu = 3.2008
2025-04-12 16:09:09,449 -   tot_loss_mms = 27.1694
2025-04-12 16:09:09,449 -   tot_loss_recon = 0.0043
2025-04-12 16:09:16,219 - start kmeans...
2025-04-12 16:09:16,241 - K-means used 0.02 s
2025-04-12 16:09:30,945 - ***** Epoch: 55: Eval results *****
2025-04-12 16:09:30,945 -   tot_loss = 30.5496
2025-04-12 16:09:30,945 -   tot_loss_clu = 3.1638
2025-04-12 16:09:30,945 -   tot_loss_mms = 27.1724
2025-04-12 16:09:30,946 -   tot_loss_recon = 0.0043
2025-04-12 16:09:37,816 - start kmeans...
2025-04-12 16:09:37,844 - K-means used 0.03 s
2025-04-12 16:09:50,085 - ***** Epoch: 56: Eval results *****
2025-04-12 16:09:50,086 -   tot_loss = 30.5416
2025-04-12 16:09:50,086 -   tot_loss_clu = 3.1863
2025-04-12 16:09:50,086 -   tot_loss_mms = 27.1415
2025-04-12 16:09:50,086 -   tot_loss_recon = 0.0043
2025-04-12 16:09:57,270 - start kmeans...
2025-04-12 16:09:57,293 - K-means used 0.02 s
2025-04-12 16:10:09,325 - ***** Epoch: 57: Eval results *****
2025-04-12 16:10:09,325 -   tot_loss = 30.5209
2025-04-12 16:10:09,325 -   tot_loss_clu = 3.1882
2025-04-12 16:10:09,325 -   tot_loss_mms = 27.1193
2025-04-12 16:10:09,325 -   tot_loss_recon = 0.0043
2025-04-12 16:10:16,297 - start kmeans...
2025-04-12 16:10:16,316 - K-means used 0.02 s
2025-04-12 16:10:29,726 - ***** Epoch: 58: Eval results *****
2025-04-12 16:10:29,726 -   tot_loss = 30.5214
2025-04-12 16:10:29,726 -   tot_loss_clu = 3.1741
2025-04-12 16:10:29,726 -   tot_loss_mms = 27.1347
2025-04-12 16:10:29,726 -   tot_loss_recon = 0.0043
2025-04-12 16:10:36,464 - start kmeans...
2025-04-12 16:10:36,485 - K-means used 0.02 s
2025-04-12 16:10:50,070 - ***** Epoch: 59: Eval results *****
2025-04-12 16:10:50,071 -   tot_loss = 30.4522
2025-04-12 16:10:50,071 -   tot_loss_clu = 3.196
2025-04-12 16:10:50,071 -   tot_loss_mms = 27.0422
2025-04-12 16:10:50,071 -   tot_loss_recon = 0.0043
2025-04-12 16:10:57,202 - start kmeans...
2025-04-12 16:10:57,225 - K-means used 0.02 s
2025-04-12 16:11:11,086 - ***** Epoch: 60: Eval results *****
2025-04-12 16:11:11,086 -   tot_loss = 30.4671
2025-04-12 16:11:11,086 -   tot_loss_clu = 3.2038
2025-04-12 16:11:11,086 -   tot_loss_mms = 27.0494
2025-04-12 16:11:11,086 -   tot_loss_recon = 0.0043
2025-04-12 16:11:17,660 - start kmeans...
2025-04-12 16:11:17,678 - K-means used 0.02 s
2025-04-12 16:11:30,105 - ***** Epoch: 61: Eval results *****
2025-04-12 16:11:30,105 -   tot_loss = 30.4696
2025-04-12 16:11:30,105 -   tot_loss_clu = 3.207
2025-04-12 16:11:30,105 -   tot_loss_mms = 27.0479
2025-04-12 16:11:30,105 -   tot_loss_recon = 0.0043
2025-04-12 16:11:36,954 - start kmeans...
2025-04-12 16:11:36,976 - K-means used 0.02 s
2025-04-12 16:11:51,687 - ***** Epoch: 62: Eval results *****
2025-04-12 16:11:51,688 -   tot_loss = 30.455
2025-04-12 16:11:51,688 -   tot_loss_clu = 3.2143
2025-04-12 16:11:51,688 -   tot_loss_mms = 27.0282
2025-04-12 16:11:51,688 -   tot_loss_recon = 0.0043
2025-04-12 16:11:58,818 - start kmeans...
2025-04-12 16:11:58,836 - K-means used 0.02 s
2025-04-12 16:12:11,261 - ***** Epoch: 63: Eval results *****
2025-04-12 16:12:11,262 -   tot_loss = 30.4308
2025-04-12 16:12:11,262 -   tot_loss_clu = 3.2095
2025-04-12 16:12:11,262 -   tot_loss_mms = 27.0075
2025-04-12 16:12:11,262 -   tot_loss_recon = 0.0043
2025-04-12 16:12:18,359 - start kmeans...
2025-04-12 16:12:18,381 - K-means used 0.02 s
2025-04-12 16:12:31,472 - ***** Epoch: 64: Eval results *****
2025-04-12 16:12:31,472 -   tot_loss = 30.3979
2025-04-12 16:12:31,472 -   tot_loss_clu = 3.2109
2025-04-12 16:12:31,472 -   tot_loss_mms = 26.9735
2025-04-12 16:12:31,472 -   tot_loss_recon = 0.0043
2025-04-12 16:12:38,650 - start kmeans...
2025-04-12 16:12:38,668 - K-means used 0.02 s
2025-04-12 16:12:52,820 - ***** Epoch: 65: Eval results *****
2025-04-12 16:12:52,821 -   tot_loss = 30.3971
2025-04-12 16:12:52,821 -   tot_loss_clu = 3.2155
2025-04-12 16:12:52,821 -   tot_loss_mms = 26.9675
2025-04-12 16:12:52,821 -   tot_loss_recon = 0.0043
2025-04-12 16:12:59,271 - start kmeans...
2025-04-12 16:12:59,295 - K-means used 0.02 s
2025-04-12 16:13:11,162 - ***** Epoch: 66: Eval results *****
2025-04-12 16:13:11,162 -   tot_loss = 30.3949
2025-04-12 16:13:11,162 -   tot_loss_clu = 3.2289
2025-04-12 16:13:11,162 -   tot_loss_mms = 26.9526
2025-04-12 16:13:11,162 -   tot_loss_recon = 0.0043
2025-04-12 16:13:17,921 - start kmeans...
2025-04-12 16:13:17,946 - K-means used 0.03 s
2025-04-12 16:13:31,714 - ***** Epoch: 67: Eval results *****
2025-04-12 16:13:31,715 -   tot_loss = 30.3485
2025-04-12 16:13:31,715 -   tot_loss_clu = 3.2384
2025-04-12 16:13:31,716 -   tot_loss_mms = 26.8936
2025-04-12 16:13:31,716 -   tot_loss_recon = 0.0043
2025-04-12 16:13:38,202 - start kmeans...
2025-04-12 16:13:38,221 - K-means used 0.02 s
2025-04-12 16:13:49,805 - ***** Epoch: 68: Eval results *****
2025-04-12 16:13:49,805 -   tot_loss = 30.3023
2025-04-12 16:13:49,805 -   tot_loss_clu = 3.2284
2025-04-12 16:13:49,805 -   tot_loss_mms = 26.8574
2025-04-12 16:13:49,805 -   tot_loss_recon = 0.0043
2025-04-12 16:13:56,840 - start kmeans...
2025-04-12 16:13:56,858 - K-means used 0.02 s
2025-04-12 16:14:10,840 - ***** Epoch: 69: Eval results *****
2025-04-12 16:14:10,840 -   tot_loss = 30.2684
2025-04-12 16:14:10,840 -   tot_loss_clu = 3.204
2025-04-12 16:14:10,840 -   tot_loss_mms = 26.848
2025-04-12 16:14:10,840 -   tot_loss_recon = 0.0043
2025-04-12 16:14:17,621 - start kmeans...
2025-04-12 16:14:17,641 - K-means used 0.02 s
2025-04-12 16:14:30,209 - ***** Epoch: 70: Eval results *****
2025-04-12 16:14:30,209 -   tot_loss = 30.2663
2025-04-12 16:14:30,209 -   tot_loss_clu = 3.2114
2025-04-12 16:14:30,209 -   tot_loss_mms = 26.8381
2025-04-12 16:14:30,209 -   tot_loss_recon = 0.0043
2025-04-12 16:14:37,097 - start kmeans...
2025-04-12 16:14:37,114 - K-means used 0.02 s
2025-04-12 16:14:49,189 - ***** Epoch: 71: Eval results *****
2025-04-12 16:14:49,189 -   tot_loss = 30.2694
2025-04-12 16:14:49,189 -   tot_loss_clu = 3.227
2025-04-12 16:14:49,189 -   tot_loss_mms = 26.8219
2025-04-12 16:14:49,189 -   tot_loss_recon = 0.0044
2025-04-12 16:14:55,761 - start kmeans...
2025-04-12 16:14:55,781 - K-means used 0.02 s
2025-04-12 16:15:07,840 - ***** Epoch: 72: Eval results *****
2025-04-12 16:15:07,841 -   tot_loss = 30.2768
2025-04-12 16:15:07,841 -   tot_loss_clu = 3.2646
2025-04-12 16:15:07,841 -   tot_loss_mms = 26.788
2025-04-12 16:15:07,841 -   tot_loss_recon = 0.0045
2025-04-12 16:15:14,081 - start kmeans...
2025-04-12 16:15:14,106 - K-means used 0.03 s
2025-04-12 16:15:28,137 - ***** Epoch: 73: Eval results *****
2025-04-12 16:15:28,138 -   tot_loss = 30.2562
2025-04-12 16:15:28,138 -   tot_loss_clu = 3.2031
2025-04-12 16:15:28,138 -   tot_loss_mms = 26.8316
2025-04-12 16:15:28,138 -   tot_loss_recon = 0.0044
2025-04-12 16:15:35,393 - start kmeans...
2025-04-12 16:15:35,408 - K-means used 0.02 s
2025-04-12 16:15:48,104 - ***** Epoch: 74: Eval results *****
2025-04-12 16:15:48,104 -   tot_loss = 30.1827
2025-04-12 16:15:48,104 -   tot_loss_clu = 3.1983
2025-04-12 16:15:48,104 -   tot_loss_mms = 26.7592
2025-04-12 16:15:48,104 -   tot_loss_recon = 0.0045
2025-04-12 16:15:54,996 - start kmeans...
2025-04-12 16:15:55,017 - K-means used 0.02 s
2025-04-12 16:16:07,217 - ***** Epoch: 75: Eval results *****
2025-04-12 16:16:07,218 -   tot_loss = 30.0635
2025-04-12 16:16:07,218 -   tot_loss_clu = 3.1397
2025-04-12 16:16:07,218 -   tot_loss_mms = 26.6953
2025-04-12 16:16:07,218 -   tot_loss_recon = 0.0046
2025-04-12 16:16:13,380 - start kmeans...
2025-04-12 16:16:13,410 - K-means used 0.03 s
2025-04-12 16:16:25,426 - ***** Epoch: 76: Eval results *****
2025-04-12 16:16:25,426 -   tot_loss = 30.0393
2025-04-12 16:16:25,426 -   tot_loss_clu = 3.1367
2025-04-12 16:16:25,426 -   tot_loss_mms = 26.6698
2025-04-12 16:16:25,427 -   tot_loss_recon = 0.0047
2025-04-12 16:16:32,156 - start kmeans...
2025-04-12 16:16:32,172 - K-means used 0.02 s
2025-04-12 16:16:45,173 - ***** Epoch: 77: Eval results *****
2025-04-12 16:16:45,173 -   tot_loss = 29.9863
2025-04-12 16:16:45,173 -   tot_loss_clu = 3.1169
2025-04-12 16:16:45,174 -   tot_loss_mms = 26.6345
2025-04-12 16:16:45,174 -   tot_loss_recon = 0.0047
2025-04-12 16:16:52,317 - start kmeans...
2025-04-12 16:16:52,335 - K-means used 0.02 s
2025-04-12 16:17:05,745 - ***** Epoch: 78: Eval results *****
2025-04-12 16:17:05,745 -   tot_loss = 29.9654
2025-04-12 16:17:05,746 -   tot_loss_clu = 3.1383
2025-04-12 16:17:05,746 -   tot_loss_mms = 26.588
2025-04-12 16:17:05,746 -   tot_loss_recon = 0.0048
2025-04-12 16:17:13,176 - start kmeans...
2025-04-12 16:17:13,192 - K-means used 0.02 s
2025-04-12 16:17:25,426 - ***** Epoch: 79: Eval results *****
2025-04-12 16:17:25,427 -   tot_loss = 29.9447
2025-04-12 16:17:25,427 -   tot_loss_clu = 3.1176
2025-04-12 16:17:25,427 -   tot_loss_mms = 26.5828
2025-04-12 16:17:25,427 -   tot_loss_recon = 0.0049
2025-04-12 16:17:32,365 - start kmeans...
2025-04-12 16:17:32,394 - K-means used 0.03 s
2025-04-12 16:17:46,216 - ***** Epoch: 80: Eval results *****
2025-04-12 16:17:46,216 -   tot_loss = 29.9082
2025-04-12 16:17:46,217 -   tot_loss_clu = 3.1101
2025-04-12 16:17:46,217 -   tot_loss_mms = 26.5501
2025-04-12 16:17:46,217 -   tot_loss_recon = 0.005
2025-04-12 16:17:53,069 - start kmeans...
2025-04-12 16:17:53,089 - K-means used 0.02 s
2025-04-12 16:18:05,349 - ***** Epoch: 81: Eval results *****
2025-04-12 16:18:05,350 -   tot_loss = 29.8712
2025-04-12 16:18:05,350 -   tot_loss_clu = 3.1202
2025-04-12 16:18:05,350 -   tot_loss_mms = 26.4958
2025-04-12 16:18:05,350 -   tot_loss_recon = 0.0051
2025-04-12 16:18:12,160 - start kmeans...
2025-04-12 16:18:12,182 - K-means used 0.02 s
2025-04-12 16:18:25,396 - ***** Epoch: 82: Eval results *****
2025-04-12 16:18:25,396 -   tot_loss = 29.8081
2025-04-12 16:18:25,396 -   tot_loss_clu = 3.1018
2025-04-12 16:18:25,396 -   tot_loss_mms = 26.4463
2025-04-12 16:18:25,396 -   tot_loss_recon = 0.0052
2025-04-12 16:18:32,184 - start kmeans...
2025-04-12 16:18:32,200 - K-means used 0.02 s
2025-04-12 16:18:44,285 - ***** Epoch: 83: Eval results *****
2025-04-12 16:18:44,285 -   tot_loss = 29.7619
2025-04-12 16:18:44,285 -   tot_loss_clu = 3.0926
2025-04-12 16:18:44,285 -   tot_loss_mms = 26.4031
2025-04-12 16:18:44,285 -   tot_loss_recon = 0.0053
2025-04-12 16:18:51,338 - start kmeans...
2025-04-12 16:18:51,356 - K-means used 0.02 s
2025-04-12 16:19:05,164 - ***** Epoch: 84: Eval results *****
2025-04-12 16:19:05,164 -   tot_loss = 29.7112
2025-04-12 16:19:05,164 -   tot_loss_clu = 3.1105
2025-04-12 16:19:05,164 -   tot_loss_mms = 26.3273
2025-04-12 16:19:05,164 -   tot_loss_recon = 0.0055
2025-04-12 16:19:12,099 - start kmeans...
2025-04-12 16:19:12,118 - K-means used 0.02 s
2025-04-12 16:19:24,829 - ***** Epoch: 85: Eval results *****
2025-04-12 16:19:24,829 -   tot_loss = 29.6096
2025-04-12 16:19:24,829 -   tot_loss_clu = 3.0613
2025-04-12 16:19:24,829 -   tot_loss_mms = 26.2685
2025-04-12 16:19:24,829 -   tot_loss_recon = 0.0056
2025-04-12 16:19:31,870 - start kmeans...
2025-04-12 16:19:31,892 - K-means used 0.02 s
2025-04-12 16:19:44,786 - ***** Epoch: 86: Eval results *****
2025-04-12 16:19:44,786 -   tot_loss = 29.5462
2025-04-12 16:19:44,786 -   tot_loss_clu = 3.0637
2025-04-12 16:19:44,786 -   tot_loss_mms = 26.1988
2025-04-12 16:19:44,786 -   tot_loss_recon = 0.0057
2025-04-12 16:19:51,965 - start kmeans...
2025-04-12 16:19:51,991 - K-means used 0.03 s
2025-04-12 16:20:04,516 - ***** Epoch: 87: Eval results *****
2025-04-12 16:20:04,516 -   tot_loss = 29.3911
2025-04-12 16:20:04,517 -   tot_loss_clu = 3.042
2025-04-12 16:20:04,517 -   tot_loss_mms = 26.0617
2025-04-12 16:20:04,517 -   tot_loss_recon = 0.0057
2025-04-12 16:20:11,466 - start kmeans...
2025-04-12 16:20:11,483 - K-means used 0.02 s
2025-04-12 16:20:26,114 - ***** Epoch: 88: Eval results *****
2025-04-12 16:20:26,114 -   tot_loss = 29.3604
2025-04-12 16:20:26,114 -   tot_loss_clu = 3.0406
2025-04-12 16:20:26,114 -   tot_loss_mms = 26.0285
2025-04-12 16:20:26,114 -   tot_loss_recon = 0.0058
2025-04-12 16:20:33,251 - start kmeans...
2025-04-12 16:20:33,272 - K-means used 0.02 s
2025-04-12 16:20:46,306 - ***** Epoch: 89: Eval results *****
2025-04-12 16:20:46,306 -   tot_loss = 29.2512
2025-04-12 16:20:46,306 -   tot_loss_clu = 3.0314
2025-04-12 16:20:46,306 -   tot_loss_mms = 25.9322
2025-04-12 16:20:46,306 -   tot_loss_recon = 0.0058
2025-04-12 16:20:53,522 - start kmeans...
2025-04-12 16:20:53,540 - K-means used 0.02 s
2025-04-12 16:21:06,276 - ***** Epoch: 90: Eval results *****
2025-04-12 16:21:06,276 -   tot_loss = 29.2358
2025-04-12 16:21:06,276 -   tot_loss_clu = 3.0704
2025-04-12 16:21:06,277 -   tot_loss_mms = 25.8724
2025-04-12 16:21:06,277 -   tot_loss_recon = 0.0059
2025-04-12 16:21:13,197 - start kmeans...
2025-04-12 16:21:13,221 - K-means used 0.02 s
2025-04-12 16:21:25,298 - ***** Epoch: 91: Eval results *****
2025-04-12 16:21:25,298 -   tot_loss = 29.0866
2025-04-12 16:21:25,298 -   tot_loss_clu = 3.0408
2025-04-12 16:21:25,298 -   tot_loss_mms = 25.7545
2025-04-12 16:21:25,298 -   tot_loss_recon = 0.0058
2025-04-12 16:21:32,488 - start kmeans...
2025-04-12 16:21:32,506 - K-means used 0.02 s
2025-04-12 16:21:46,041 - ***** Epoch: 92: Eval results *****
2025-04-12 16:21:46,041 -   tot_loss = 29.0723
2025-04-12 16:21:46,041 -   tot_loss_clu = 3.0145
2025-04-12 16:21:46,041 -   tot_loss_mms = 25.7723
2025-04-12 16:21:46,042 -   tot_loss_recon = 0.0057
2025-04-12 16:21:53,415 - start kmeans...
2025-04-12 16:21:53,428 - K-means used 0.01 s
2025-04-12 16:22:05,970 - ***** Epoch: 93: Eval results *****
2025-04-12 16:22:05,970 -   tot_loss = 29.0069
2025-04-12 16:22:05,970 -   tot_loss_clu = 3.0538
2025-04-12 16:22:05,970 -   tot_loss_mms = 25.6686
2025-04-12 16:22:05,970 -   tot_loss_recon = 0.0057
2025-04-12 16:22:12,998 - start kmeans...
2025-04-12 16:22:13,019 - K-means used 0.02 s
2025-04-12 16:22:25,928 - ***** Epoch: 94: Eval results *****
2025-04-12 16:22:25,928 -   tot_loss = 28.928
2025-04-12 16:22:25,928 -   tot_loss_clu = 3.0741
2025-04-12 16:22:25,929 -   tot_loss_mms = 25.5778
2025-04-12 16:22:25,929 -   tot_loss_recon = 0.0055
2025-04-12 16:22:32,356 - start kmeans...
2025-04-12 16:22:32,375 - K-means used 0.02 s
2025-04-12 16:22:44,204 - ***** Epoch: 95: Eval results *****
2025-04-12 16:22:44,204 -   tot_loss = 28.8441
2025-04-12 16:22:44,204 -   tot_loss_clu = 3.052
2025-04-12 16:22:44,205 -   tot_loss_mms = 25.5166
2025-04-12 16:22:44,205 -   tot_loss_recon = 0.0055
2025-04-12 16:22:50,552 - start kmeans...
2025-04-12 16:22:50,569 - K-means used 0.02 s
2025-04-12 16:23:03,429 - ***** Epoch: 96: Eval results *****
2025-04-12 16:23:03,429 -   tot_loss = 28.7365
2025-04-12 16:23:03,429 -   tot_loss_clu = 3.0096
2025-04-12 16:23:03,429 -   tot_loss_mms = 25.4575
2025-04-12 16:23:03,429 -   tot_loss_recon = 0.0054
2025-04-12 16:23:10,278 - start kmeans...
2025-04-12 16:23:10,297 - K-means used 0.02 s
2025-04-12 16:23:22,420 - ***** Epoch: 97: Eval results *****
2025-04-12 16:23:22,420 -   tot_loss = 28.6579
2025-04-12 16:23:22,420 -   tot_loss_clu = 3.0173
2025-04-12 16:23:22,420 -   tot_loss_mms = 25.3741
2025-04-12 16:23:22,421 -   tot_loss_recon = 0.0053
2025-04-12 16:23:29,925 - start kmeans...
2025-04-12 16:23:29,945 - K-means used 0.02 s
2025-04-12 16:23:44,718 - ***** Epoch: 98: Eval results *****
2025-04-12 16:23:44,719 -   tot_loss = 28.5317
2025-04-12 16:23:44,719 -   tot_loss_clu = 3.0032
2025-04-12 16:23:44,719 -   tot_loss_mms = 25.2621
2025-04-12 16:23:44,719 -   tot_loss_recon = 0.0053
2025-04-12 16:23:51,773 - start kmeans...
2025-04-12 16:23:51,790 - K-means used 0.02 s
2025-04-12 16:24:04,131 - ***** Epoch: 99: Eval results *****
2025-04-12 16:24:04,131 -   tot_loss = 28.4357
2025-04-12 16:24:04,132 -   tot_loss_clu = 2.9578
2025-04-12 16:24:04,132 -   tot_loss_mms = 25.2106
2025-04-12 16:24:04,132 -   tot_loss_recon = 0.0053
2025-04-12 16:24:11,224 - start kmeans...
2025-04-12 16:24:11,241 - K-means used 0.02 s
2025-04-12 16:24:23,948 - ***** Epoch: 100: Eval results *****
2025-04-12 16:24:23,948 -   tot_loss = 28.3057
2025-04-12 16:24:23,948 -   tot_loss_clu = 2.908
2025-04-12 16:24:23,948 -   tot_loss_mms = 25.1269
2025-04-12 16:24:23,948 -   tot_loss_recon = 0.0054
2025-04-12 16:24:28,858 - ***** Test results *****
2025-04-12 16:24:28,858 -   ACC = 18.43
2025-04-12 16:24:28,858 -   ARI = 2.88
2025-04-12 16:24:28,858 -   NMI = 18.97
2025-04-12 16:24:28,858 -   fmi = 10.61
2025-04-12 16:24:36,236 - start kmeans...
2025-04-12 16:24:36,252 - K-means used 0.02 s
2025-04-12 16:24:48,922 - ***** Epoch: 101: Eval results *****
2025-04-12 16:24:48,922 -   tot_loss = 28.1948
2025-04-12 16:24:48,923 -   tot_loss_clu = 2.8881
2025-04-12 16:24:48,924 -   tot_loss_mms = 25.0381
2025-04-12 16:24:48,924 -   tot_loss_recon = 0.0054
2025-04-12 16:24:55,648 - start kmeans...
2025-04-12 16:24:55,664 - K-means used 0.02 s
2025-04-12 16:25:09,297 - ***** Epoch: 102: Eval results *****
2025-04-12 16:25:09,297 -   tot_loss = 28.0081
2025-04-12 16:25:09,297 -   tot_loss_clu = 2.8125
2025-04-12 16:25:09,298 -   tot_loss_mms = 24.9198
2025-04-12 16:25:09,298 -   tot_loss_recon = 0.0055
2025-04-12 16:25:16,635 - start kmeans...
2025-04-12 16:25:16,652 - K-means used 0.02 s
2025-04-12 16:25:32,242 - ***** Epoch: 103: Eval results *****
2025-04-12 16:25:32,243 -   tot_loss = 27.8423
2025-04-12 16:25:32,243 -   tot_loss_clu = 2.7495
2025-04-12 16:25:32,244 -   tot_loss_mms = 24.8157
2025-04-12 16:25:32,244 -   tot_loss_recon = 0.0055
2025-04-12 16:25:39,322 - start kmeans...
2025-04-12 16:25:39,336 - K-means used 0.01 s
2025-04-12 16:25:52,393 - ***** Epoch: 104: Eval results *****
2025-04-12 16:25:52,393 -   tot_loss = 27.7613
2025-04-12 16:25:52,393 -   tot_loss_clu = 2.7083
2025-04-12 16:25:52,394 -   tot_loss_mms = 24.7741
2025-04-12 16:25:52,394 -   tot_loss_recon = 0.0056
2025-04-12 16:25:59,208 - start kmeans...
2025-04-12 16:25:59,224 - K-means used 0.02 s
2025-04-12 16:26:12,386 - ***** Epoch: 105: Eval results *****
2025-04-12 16:26:12,387 -   tot_loss = 27.5729
2025-04-12 16:26:12,387 -   tot_loss_clu = 2.6368
2025-04-12 16:26:12,387 -   tot_loss_mms = 24.6538
2025-04-12 16:26:12,387 -   tot_loss_recon = 0.0056
2025-04-12 16:26:19,471 - start kmeans...
2025-04-12 16:26:19,487 - K-means used 0.02 s
2025-04-12 16:26:32,323 - ***** Epoch: 106: Eval results *****
2025-04-12 16:26:32,323 -   tot_loss = 27.571
2025-04-12 16:26:32,324 -   tot_loss_clu = 2.6616
2025-04-12 16:26:32,324 -   tot_loss_mms = 24.6244
2025-04-12 16:26:32,324 -   tot_loss_recon = 0.0057
2025-04-12 16:26:39,529 - start kmeans...
2025-04-12 16:26:39,545 - K-means used 0.02 s
2025-04-12 16:26:52,189 - ***** Epoch: 107: Eval results *****
2025-04-12 16:26:52,190 -   tot_loss = 27.444
2025-04-12 16:26:52,190 -   tot_loss_clu = 2.619
2025-04-12 16:26:52,190 -   tot_loss_mms = 24.5355
2025-04-12 16:26:52,190 -   tot_loss_recon = 0.0058
2025-04-12 16:26:59,046 - start kmeans...
2025-04-12 16:26:59,062 - K-means used 0.02 s
2025-04-12 16:27:11,994 - ***** Epoch: 108: Eval results *****
2025-04-12 16:27:11,994 -   tot_loss = 27.3346
2025-04-12 16:27:11,994 -   tot_loss_clu = 2.5789
2025-04-12 16:27:11,995 -   tot_loss_mms = 24.4652
2025-04-12 16:27:11,995 -   tot_loss_recon = 0.0058
2025-04-12 16:27:18,989 - start kmeans...
2025-04-12 16:27:19,004 - K-means used 0.01 s
2025-04-12 16:27:32,844 - ***** Epoch: 109: Eval results *****
2025-04-12 16:27:32,844 -   tot_loss = 27.2494
2025-04-12 16:27:32,844 -   tot_loss_clu = 2.5632
2025-04-12 16:27:32,844 -   tot_loss_mms = 24.3914
2025-04-12 16:27:32,844 -   tot_loss_recon = 0.0059
2025-04-12 16:27:39,670 - start kmeans...
2025-04-12 16:27:39,688 - K-means used 0.02 s
2025-04-12 16:27:52,564 - ***** Epoch: 110: Eval results *****
2025-04-12 16:27:52,565 -   tot_loss = 27.1712
2025-04-12 16:27:52,565 -   tot_loss_clu = 2.5192
2025-04-12 16:27:52,565 -   tot_loss_mms = 24.3582
2025-04-12 16:27:52,565 -   tot_loss_recon = 0.0059
2025-04-12 16:27:59,851 - start kmeans...
2025-04-12 16:27:59,865 - K-means used 0.01 s
2025-04-12 16:28:12,844 - ***** Epoch: 111: Eval results *****
2025-04-12 16:28:12,845 -   tot_loss = 27.019
2025-04-12 16:28:12,845 -   tot_loss_clu = 2.45
2025-04-12 16:28:12,845 -   tot_loss_mms = 24.2712
2025-04-12 16:28:12,845 -   tot_loss_recon = 0.006
2025-04-12 16:28:19,974 - start kmeans...
2025-04-12 16:28:19,990 - K-means used 0.02 s
2025-04-12 16:28:32,510 - ***** Epoch: 112: Eval results *****
2025-04-12 16:28:32,511 -   tot_loss = 26.857
2025-04-12 16:28:32,511 -   tot_loss_clu = 2.3886
2025-04-12 16:28:32,511 -   tot_loss_mms = 24.1618
2025-04-12 16:28:32,512 -   tot_loss_recon = 0.0061
2025-04-12 16:28:39,888 - start kmeans...
2025-04-12 16:28:39,908 - K-means used 0.02 s
2025-04-12 16:28:52,594 - ***** Epoch: 113: Eval results *****
2025-04-12 16:28:52,594 -   tot_loss = 26.8625
2025-04-12 16:28:52,594 -   tot_loss_clu = 2.4349
2025-04-12 16:28:52,594 -   tot_loss_mms = 24.1225
2025-04-12 16:28:52,594 -   tot_loss_recon = 0.0061
2025-04-12 16:29:00,119 - start kmeans...
2025-04-12 16:29:00,145 - K-means used 0.03 s
2025-04-12 16:29:12,689 - ***** Epoch: 114: Eval results *****
2025-04-12 16:29:12,689 -   tot_loss = 26.872
2025-04-12 16:29:12,689 -   tot_loss_clu = 2.4197
2025-04-12 16:29:12,689 -   tot_loss_mms = 24.1481
2025-04-12 16:29:12,689 -   tot_loss_recon = 0.0061
2025-04-12 16:29:20,164 - start kmeans...
2025-04-12 16:29:20,177 - K-means used 0.01 s
2025-04-12 16:29:32,960 - ***** Epoch: 115: Eval results *****
2025-04-12 16:29:32,961 -   tot_loss = 26.7346
2025-04-12 16:29:32,961 -   tot_loss_clu = 2.3929
2025-04-12 16:29:32,961 -   tot_loss_mms = 24.0301
2025-04-12 16:29:32,961 -   tot_loss_recon = 0.0062
2025-04-12 16:29:40,300 - start kmeans...
2025-04-12 16:29:40,323 - K-means used 0.02 s
2025-04-12 16:29:54,887 - ***** Epoch: 116: Eval results *****
2025-04-12 16:29:54,888 -   tot_loss = 26.6077
2025-04-12 16:29:54,888 -   tot_loss_clu = 2.314
2025-04-12 16:29:54,888 -   tot_loss_mms = 23.9832
2025-04-12 16:29:54,888 -   tot_loss_recon = 0.0062
2025-04-12 16:30:02,037 - start kmeans...
2025-04-12 16:30:02,050 - K-means used 0.01 s
2025-04-12 16:30:14,494 - ***** Epoch: 117: Eval results *****
2025-04-12 16:30:14,494 -   tot_loss = 26.4976
2025-04-12 16:30:14,495 -   tot_loss_clu = 2.2882
2025-04-12 16:30:14,495 -   tot_loss_mms = 23.8957
2025-04-12 16:30:14,495 -   tot_loss_recon = 0.0063
2025-04-12 16:30:21,734 - start kmeans...
2025-04-12 16:30:21,750 - K-means used 0.02 s
2025-04-12 16:30:36,457 - ***** Epoch: 118: Eval results *****
2025-04-12 16:30:36,457 -   tot_loss = 26.4693
2025-04-12 16:30:36,457 -   tot_loss_clu = 2.2526
2025-04-12 16:30:36,457 -   tot_loss_mms = 23.9012
2025-04-12 16:30:36,457 -   tot_loss_recon = 0.0063
2025-04-12 16:30:43,014 - start kmeans...
2025-04-12 16:30:43,033 - K-means used 0.02 s
2025-04-12 16:30:56,765 - ***** Epoch: 119: Eval results *****
2025-04-12 16:30:56,766 -   tot_loss = 26.4127
2025-04-12 16:30:56,766 -   tot_loss_clu = 2.2712
2025-04-12 16:30:56,766 -   tot_loss_mms = 23.8237
2025-04-12 16:30:56,766 -   tot_loss_recon = 0.0064
2025-04-12 16:31:03,602 - start kmeans...
2025-04-12 16:31:03,623 - K-means used 0.02 s
2025-04-12 16:31:15,898 - ***** Epoch: 120: Eval results *****
2025-04-12 16:31:15,898 -   tot_loss = 26.4637
2025-04-12 16:31:15,898 -   tot_loss_clu = 2.2888
2025-04-12 16:31:15,898 -   tot_loss_mms = 23.8619
2025-04-12 16:31:15,898 -   tot_loss_recon = 0.0063
2025-04-12 16:31:22,623 - start kmeans...
2025-04-12 16:31:22,638 - K-means used 0.02 s
2025-04-12 16:31:36,098 - ***** Epoch: 121: Eval results *****
2025-04-12 16:31:36,098 -   tot_loss = 26.2741
2025-04-12 16:31:36,099 -   tot_loss_clu = 2.2158
2025-04-12 16:31:36,099 -   tot_loss_mms = 23.7345
2025-04-12 16:31:36,099 -   tot_loss_recon = 0.0065
2025-04-12 16:31:43,667 - start kmeans...
2025-04-12 16:31:43,682 - K-means used 0.01 s
2025-04-12 16:31:57,795 - ***** Epoch: 122: Eval results *****
2025-04-12 16:31:57,796 -   tot_loss = 26.2193
2025-04-12 16:31:57,796 -   tot_loss_clu = 2.205
2025-04-12 16:31:57,796 -   tot_loss_mms = 23.6928
2025-04-12 16:31:57,796 -   tot_loss_recon = 0.0064
2025-04-12 16:32:04,943 - start kmeans...
2025-04-12 16:32:04,961 - K-means used 0.02 s
2025-04-12 16:32:18,369 - ***** Epoch: 123: Eval results *****
2025-04-12 16:32:18,370 -   tot_loss = 26.1734
2025-04-12 16:32:18,370 -   tot_loss_clu = 2.1807
2025-04-12 16:32:18,370 -   tot_loss_mms = 23.6741
2025-04-12 16:32:18,370 -   tot_loss_recon = 0.0064
2025-04-12 16:32:25,490 - start kmeans...
2025-04-12 16:32:25,505 - K-means used 0.01 s
2025-04-12 16:32:38,305 - ***** Epoch: 124: Eval results *****
2025-04-12 16:32:38,305 -   tot_loss = 26.0967
2025-04-12 16:32:38,306 -   tot_loss_clu = 2.1576
2025-04-12 16:32:38,306 -   tot_loss_mms = 23.6117
2025-04-12 16:32:38,306 -   tot_loss_recon = 0.0065
2025-04-12 16:32:45,487 - start kmeans...
2025-04-12 16:32:45,501 - K-means used 0.01 s
2025-04-12 16:32:58,579 - ***** Epoch: 125: Eval results *****
2025-04-12 16:32:58,579 -   tot_loss = 26.1196
2025-04-12 16:32:58,580 -   tot_loss_clu = 2.1664
2025-04-12 16:32:58,580 -   tot_loss_mms = 23.6299
2025-04-12 16:32:58,580 -   tot_loss_recon = 0.0065
2025-04-12 16:33:05,932 - start kmeans...
2025-04-12 16:33:05,949 - K-means used 0.02 s
2025-04-12 16:33:19,417 - ***** Epoch: 126: Eval results *****
2025-04-12 16:33:19,418 -   tot_loss = 26.0257
2025-04-12 16:33:19,418 -   tot_loss_clu = 2.1453
2025-04-12 16:33:19,418 -   tot_loss_mms = 23.5563
2025-04-12 16:33:19,418 -   tot_loss_recon = 0.0065
2025-04-12 16:33:26,982 - start kmeans...
2025-04-12 16:33:26,997 - K-means used 0.01 s
2025-04-12 16:33:39,700 - ***** Epoch: 127: Eval results *****
2025-04-12 16:33:39,700 -   tot_loss = 25.9893
2025-04-12 16:33:39,700 -   tot_loss_clu = 2.132
2025-04-12 16:33:39,700 -   tot_loss_mms = 23.5285
2025-04-12 16:33:39,700 -   tot_loss_recon = 0.0066
2025-04-12 16:33:47,132 - start kmeans...
2025-04-12 16:33:47,145 - K-means used 0.01 s
2025-04-12 16:34:00,129 - ***** Epoch: 128: Eval results *****
2025-04-12 16:34:00,129 -   tot_loss = 25.8667
2025-04-12 16:34:00,129 -   tot_loss_clu = 2.1157
2025-04-12 16:34:00,129 -   tot_loss_mms = 23.4224
2025-04-12 16:34:00,129 -   tot_loss_recon = 0.0066
2025-04-12 16:34:07,324 - start kmeans...
2025-04-12 16:34:07,340 - K-means used 0.02 s
2025-04-12 16:34:21,870 - ***** Epoch: 129: Eval results *****
2025-04-12 16:34:21,870 -   tot_loss = 25.7818
2025-04-12 16:34:21,870 -   tot_loss_clu = 2.0647
2025-04-12 16:34:21,870 -   tot_loss_mms = 23.391
2025-04-12 16:34:21,870 -   tot_loss_recon = 0.0065
2025-04-12 16:34:28,651 - start kmeans...
2025-04-12 16:34:28,666 - K-means used 0.02 s
2025-04-12 16:34:40,844 - ***** Epoch: 130: Eval results *****
2025-04-12 16:34:40,845 -   tot_loss = 25.7754
2025-04-12 16:34:40,845 -   tot_loss_clu = 2.0694
2025-04-12 16:34:40,845 -   tot_loss_mms = 23.3736
2025-04-12 16:34:40,845 -   tot_loss_recon = 0.0066
2025-04-12 16:34:48,265 - start kmeans...
2025-04-12 16:34:48,280 - K-means used 0.01 s
2025-04-12 16:35:01,324 - ***** Epoch: 131: Eval results *****
2025-04-12 16:35:01,324 -   tot_loss = 25.7845
2025-04-12 16:35:01,325 -   tot_loss_clu = 2.0892
2025-04-12 16:35:01,325 -   tot_loss_mms = 23.3675
2025-04-12 16:35:01,325 -   tot_loss_recon = 0.0066
2025-04-12 16:35:08,270 - start kmeans...
2025-04-12 16:35:08,289 - K-means used 0.02 s
2025-04-12 16:35:20,223 - ***** Epoch: 132: Eval results *****
2025-04-12 16:35:20,223 -   tot_loss = 25.7231
2025-04-12 16:35:20,223 -   tot_loss_clu = 2.0778
2025-04-12 16:35:20,223 -   tot_loss_mms = 23.3135
2025-04-12 16:35:20,223 -   tot_loss_recon = 0.0066
2025-04-12 16:35:26,909 - start kmeans...
2025-04-12 16:35:26,925 - K-means used 0.02 s
2025-04-12 16:35:39,941 - ***** Epoch: 133: Eval results *****
2025-04-12 16:35:39,942 -   tot_loss = 25.6786
2025-04-12 16:35:39,942 -   tot_loss_clu = 2.0466
2025-04-12 16:35:39,942 -   tot_loss_mms = 23.3022
2025-04-12 16:35:39,942 -   tot_loss_recon = 0.0066
2025-04-12 16:35:46,935 - start kmeans...
2025-04-12 16:35:46,956 - K-means used 0.02 s
2025-04-12 16:35:59,070 - ***** Epoch: 134: Eval results *****
2025-04-12 16:35:59,070 -   tot_loss = 25.6855
2025-04-12 16:35:59,070 -   tot_loss_clu = 2.0785
2025-04-12 16:35:59,070 -   tot_loss_mms = 23.2791
2025-04-12 16:35:59,070 -   tot_loss_recon = 0.0066
2025-04-12 16:36:05,640 - start kmeans...
2025-04-12 16:36:05,657 - K-means used 0.02 s
2025-04-12 16:36:18,231 - ***** Epoch: 135: Eval results *****
2025-04-12 16:36:18,232 -   tot_loss = 25.6309
2025-04-12 16:36:18,232 -   tot_loss_clu = 2.0322
2025-04-12 16:36:18,232 -   tot_loss_mms = 23.2677
2025-04-12 16:36:18,232 -   tot_loss_recon = 0.0066
2025-04-12 16:36:25,400 - start kmeans...
2025-04-12 16:36:25,414 - K-means used 0.01 s
2025-04-12 16:36:41,358 - ***** Epoch: 136: Eval results *****
2025-04-12 16:36:41,359 -   tot_loss = 25.5945
2025-04-12 16:36:41,359 -   tot_loss_clu = 2.0419
2025-04-12 16:36:41,359 -   tot_loss_mms = 23.2249
2025-04-12 16:36:41,359 -   tot_loss_recon = 0.0066
2025-04-12 16:36:48,857 - start kmeans...
2025-04-12 16:36:48,870 - K-means used 0.01 s
2025-04-12 16:37:02,309 - ***** Epoch: 137: Eval results *****
2025-04-12 16:37:02,309 -   tot_loss = 25.563
2025-04-12 16:37:02,309 -   tot_loss_clu = 2.0199
2025-04-12 16:37:02,309 -   tot_loss_mms = 23.208
2025-04-12 16:37:02,309 -   tot_loss_recon = 0.0067
2025-04-12 16:37:09,751 - start kmeans...
2025-04-12 16:37:09,766 - K-means used 0.02 s
2025-04-12 16:37:22,473 - ***** Epoch: 138: Eval results *****
2025-04-12 16:37:22,474 -   tot_loss = 25.5212
2025-04-12 16:37:22,474 -   tot_loss_clu = 2.0188
2025-04-12 16:37:22,474 -   tot_loss_mms = 23.1669
2025-04-12 16:37:22,474 -   tot_loss_recon = 0.0067
2025-04-12 16:37:29,388 - start kmeans...
2025-04-12 16:37:29,401 - K-means used 0.01 s
2025-04-12 16:37:42,173 - ***** Epoch: 139: Eval results *****
2025-04-12 16:37:42,173 -   tot_loss = 25.4361
2025-04-12 16:37:42,174 -   tot_loss_clu = 1.9909
2025-04-12 16:37:42,174 -   tot_loss_mms = 23.1082
2025-04-12 16:37:42,174 -   tot_loss_recon = 0.0067
2025-04-12 16:37:49,832 - start kmeans...
2025-04-12 16:37:49,849 - K-means used 0.02 s
2025-04-12 16:38:05,154 - ***** Epoch: 140: Eval results *****
2025-04-12 16:38:05,154 -   tot_loss = 25.453
2025-04-12 16:38:05,155 -   tot_loss_clu = 1.9862
2025-04-12 16:38:05,155 -   tot_loss_mms = 23.1291
2025-04-12 16:38:05,155 -   tot_loss_recon = 0.0068
2025-04-12 16:38:12,427 - start kmeans...
2025-04-12 16:38:12,442 - K-means used 0.02 s
2025-04-12 16:38:27,013 - ***** Epoch: 141: Eval results *****
2025-04-12 16:38:27,013 -   tot_loss = 25.4436
2025-04-12 16:38:27,013 -   tot_loss_clu = 1.9962
2025-04-12 16:38:27,013 -   tot_loss_mms = 23.114
2025-04-12 16:38:27,014 -   tot_loss_recon = 0.0067
2025-04-12 16:38:34,559 - start kmeans...
2025-04-12 16:38:34,573 - K-means used 0.01 s
2025-04-12 16:38:47,185 - ***** Epoch: 142: Eval results *****
2025-04-12 16:38:47,185 -   tot_loss = 25.4127
2025-04-12 16:38:47,186 -   tot_loss_clu = 1.9967
2025-04-12 16:38:47,186 -   tot_loss_mms = 23.0823
2025-04-12 16:38:47,186 -   tot_loss_recon = 0.0067
2025-04-12 16:38:54,313 - start kmeans...
2025-04-12 16:38:54,328 - K-means used 0.01 s
2025-04-12 16:39:08,674 - ***** Epoch: 143: Eval results *****
2025-04-12 16:39:08,674 -   tot_loss = 25.3455
2025-04-12 16:39:08,674 -   tot_loss_clu = 1.9841
2025-04-12 16:39:08,674 -   tot_loss_mms = 23.0277
2025-04-12 16:39:08,674 -   tot_loss_recon = 0.0067
2025-04-12 16:39:15,964 - start kmeans...
2025-04-12 16:39:15,979 - K-means used 0.01 s
2025-04-12 16:39:30,248 - ***** Epoch: 144: Eval results *****
2025-04-12 16:39:30,248 -   tot_loss = 25.3705
2025-04-12 16:39:30,248 -   tot_loss_clu = 1.9798
2025-04-12 16:39:30,248 -   tot_loss_mms = 23.0516
2025-04-12 16:39:30,248 -   tot_loss_recon = 0.0068
2025-04-12 16:39:37,262 - start kmeans...
2025-04-12 16:39:37,275 - K-means used 0.01 s
2025-04-12 16:39:49,746 - ***** Epoch: 145: Eval results *****
2025-04-12 16:39:49,746 -   tot_loss = 25.2929
2025-04-12 16:39:49,746 -   tot_loss_clu = 1.9664
2025-04-12 16:39:49,746 -   tot_loss_mms = 22.9867
2025-04-12 16:39:49,746 -   tot_loss_recon = 0.0068
2025-04-12 16:39:56,403 - start kmeans...
2025-04-12 16:39:56,420 - K-means used 0.02 s
2025-04-12 16:40:09,736 - ***** Epoch: 146: Eval results *****
2025-04-12 16:40:09,736 -   tot_loss = 25.2664
2025-04-12 16:40:09,736 -   tot_loss_clu = 1.9497
2025-04-12 16:40:09,736 -   tot_loss_mms = 22.975
2025-04-12 16:40:09,736 -   tot_loss_recon = 0.0068
2025-04-12 16:40:16,814 - start kmeans...
2025-04-12 16:40:16,832 - K-means used 0.02 s
2025-04-12 16:40:28,790 - ***** Epoch: 147: Eval results *****
2025-04-12 16:40:28,790 -   tot_loss = 25.2583
2025-04-12 16:40:28,790 -   tot_loss_clu = 1.948
2025-04-12 16:40:28,790 -   tot_loss_mms = 22.9712
2025-04-12 16:40:28,790 -   tot_loss_recon = 0.0068
2025-04-12 16:40:35,504 - start kmeans...
2025-04-12 16:40:35,520 - K-means used 0.02 s
2025-04-12 16:40:48,605 - ***** Epoch: 148: Eval results *****
2025-04-12 16:40:48,605 -   tot_loss = 25.2448
2025-04-12 16:40:48,606 -   tot_loss_clu = 1.9474
2025-04-12 16:40:48,606 -   tot_loss_mms = 22.9539
2025-04-12 16:40:48,606 -   tot_loss_recon = 0.0069
2025-04-12 16:40:54,816 - start kmeans...
2025-04-12 16:40:54,834 - K-means used 0.02 s
2025-04-12 16:41:06,609 - ***** Epoch: 149: Eval results *****
2025-04-12 16:41:06,609 -   tot_loss = 25.2356
2025-04-12 16:41:06,609 -   tot_loss_clu = 1.9508
2025-04-12 16:41:06,609 -   tot_loss_mms = 22.9454
2025-04-12 16:41:06,609 -   tot_loss_recon = 0.0068
2025-04-12 16:41:13,534 - start kmeans...
2025-04-12 16:41:13,556 - K-means used 0.02 s
2025-04-12 16:41:27,453 - ***** Epoch: 150: Eval results *****
2025-04-12 16:41:27,454 -   tot_loss = 25.2795
2025-04-12 16:41:27,454 -   tot_loss_clu = 1.9438
2025-04-12 16:41:27,454 -   tot_loss_mms = 22.9943
2025-04-12 16:41:27,454 -   tot_loss_recon = 0.0068
2025-04-12 16:41:32,423 - ***** Test results *****
2025-04-12 16:41:32,424 -   ACC = 18.2
2025-04-12 16:41:32,424 -   ARI = 2.63
2025-04-12 16:41:32,424 -   NMI = 19.13
2025-04-12 16:41:32,424 -   fmi = 10.13
2025-04-12 16:41:39,924 - start kmeans...
2025-04-12 16:41:39,940 - K-means used 0.02 s
2025-04-12 16:41:54,893 - ***** Epoch: 151: Eval results *****
2025-04-12 16:41:54,894 -   tot_loss = 25.2133
2025-04-12 16:41:54,894 -   tot_loss_clu = 1.9397
2025-04-12 16:41:54,894 -   tot_loss_mms = 22.9329
2025-04-12 16:41:54,894 -   tot_loss_recon = 0.0068
2025-04-12 16:42:01,965 - start kmeans...
2025-04-12 16:42:01,980 - K-means used 0.02 s
2025-04-12 16:42:15,737 - ***** Epoch: 152: Eval results *****
2025-04-12 16:42:15,738 -   tot_loss = 25.2012
2025-04-12 16:42:15,738 -   tot_loss_clu = 1.9497
2025-04-12 16:42:15,738 -   tot_loss_mms = 22.9083
2025-04-12 16:42:15,738 -   tot_loss_recon = 0.0069
2025-04-12 16:42:23,491 - start kmeans...
2025-04-12 16:42:23,508 - K-means used 0.02 s
2025-04-12 16:42:38,439 - ***** Epoch: 153: Eval results *****
2025-04-12 16:42:38,440 -   tot_loss = 25.1738
2025-04-12 16:42:38,440 -   tot_loss_clu = 1.9362
2025-04-12 16:42:38,440 -   tot_loss_mms = 22.8943
2025-04-12 16:42:38,440 -   tot_loss_recon = 0.0069
2025-04-12 16:42:45,792 - start kmeans...
2025-04-12 16:42:45,808 - K-means used 0.02 s
2025-04-12 16:43:00,303 - ***** Epoch: 154: Eval results *****
2025-04-12 16:43:00,304 -   tot_loss = 25.1692
2025-04-12 16:43:00,304 -   tot_loss_clu = 1.9457
2025-04-12 16:43:00,304 -   tot_loss_mms = 22.8808
2025-04-12 16:43:00,304 -   tot_loss_recon = 0.0069
2025-04-12 16:43:08,057 - start kmeans...
2025-04-12 16:43:08,070 - K-means used 0.01 s
2025-04-12 16:43:20,842 - ***** Epoch: 155: Eval results *****
2025-04-12 16:43:20,842 -   tot_loss = 25.1429
2025-04-12 16:43:20,843 -   tot_loss_clu = 1.9202
2025-04-12 16:43:20,843 -   tot_loss_mms = 22.8785
2025-04-12 16:43:20,843 -   tot_loss_recon = 0.0069
2025-04-12 16:43:28,052 - start kmeans...
2025-04-12 16:43:28,073 - K-means used 0.02 s
2025-04-12 16:43:42,270 - ***** Epoch: 156: Eval results *****
2025-04-12 16:43:42,271 -   tot_loss = 25.1176
2025-04-12 16:43:42,271 -   tot_loss_clu = 1.9242
2025-04-12 16:43:42,271 -   tot_loss_mms = 22.8462
2025-04-12 16:43:42,271 -   tot_loss_recon = 0.0069
2025-04-12 16:43:50,254 - start kmeans...
2025-04-12 16:43:50,266 - K-means used 0.01 s
2025-04-12 16:44:02,969 - ***** Epoch: 157: Eval results *****
2025-04-12 16:44:02,969 -   tot_loss = 25.1148
2025-04-12 16:44:02,969 -   tot_loss_clu = 1.9123
2025-04-12 16:44:02,969 -   tot_loss_mms = 22.8565
2025-04-12 16:44:02,969 -   tot_loss_recon = 0.0069
2025-04-12 16:44:10,392 - start kmeans...
2025-04-12 16:44:10,444 - K-means used 0.05 s
2025-04-12 16:44:24,829 - ***** Epoch: 158: Eval results *****
2025-04-12 16:44:24,830 -   tot_loss = 25.1176
2025-04-12 16:44:24,830 -   tot_loss_clu = 1.9192
2025-04-12 16:44:24,830 -   tot_loss_mms = 22.8526
2025-04-12 16:44:24,830 -   tot_loss_recon = 0.0069
2025-04-12 16:44:31,804 - start kmeans...
2025-04-12 16:44:31,817 - K-means used 0.01 s
2025-04-12 16:44:45,316 - ***** Epoch: 159: Eval results *****
2025-04-12 16:44:45,317 -   tot_loss = 25.0918
2025-04-12 16:44:45,317 -   tot_loss_clu = 1.9156
2025-04-12 16:44:45,317 -   tot_loss_mms = 22.8282
2025-04-12 16:44:45,317 -   tot_loss_recon = 0.007
2025-04-12 16:44:52,963 - start kmeans...
2025-04-12 16:44:52,976 - K-means used 0.01 s
2025-04-12 16:45:06,019 - ***** Epoch: 160: Eval results *****
2025-04-12 16:45:06,020 -   tot_loss = 25.0732
2025-04-12 16:45:06,020 -   tot_loss_clu = 1.9173
2025-04-12 16:45:06,020 -   tot_loss_mms = 22.8103
2025-04-12 16:45:06,020 -   tot_loss_recon = 0.0069
2025-04-12 16:45:13,268 - start kmeans...
2025-04-12 16:45:13,281 - K-means used 0.01 s
2025-04-12 16:45:26,297 - ***** Epoch: 161: Eval results *****
2025-04-12 16:45:26,297 -   tot_loss = 25.1143
2025-04-12 16:45:26,297 -   tot_loss_clu = 1.9174
2025-04-12 16:45:26,297 -   tot_loss_mms = 22.8487
2025-04-12 16:45:26,297 -   tot_loss_recon = 0.007
2025-04-12 16:45:33,974 - start kmeans...
2025-04-12 16:45:33,988 - K-means used 0.01 s
2025-04-12 16:45:47,472 - ***** Epoch: 162: Eval results *****
2025-04-12 16:45:47,472 -   tot_loss = 25.0577
2025-04-12 16:45:47,472 -   tot_loss_clu = 1.9304
2025-04-12 16:45:47,472 -   tot_loss_mms = 22.7802
2025-04-12 16:45:47,472 -   tot_loss_recon = 0.0069
2025-04-12 16:45:55,130 - start kmeans...
2025-04-12 16:45:55,142 - K-means used 0.01 s
2025-04-12 16:46:10,113 - ***** Epoch: 163: Eval results *****
2025-04-12 16:46:10,113 -   tot_loss = 25.0463
2025-04-12 16:46:10,113 -   tot_loss_clu = 1.9204
2025-04-12 16:46:10,114 -   tot_loss_mms = 22.7792
2025-04-12 16:46:10,114 -   tot_loss_recon = 0.0069
2025-04-12 16:46:17,164 - start kmeans...
2025-04-12 16:46:17,177 - K-means used 0.01 s
2025-04-12 16:46:30,422 - ***** Epoch: 164: Eval results *****
2025-04-12 16:46:30,422 -   tot_loss = 25.0815
2025-04-12 16:46:30,422 -   tot_loss_clu = 1.9062
2025-04-12 16:46:30,422 -   tot_loss_mms = 22.8276
2025-04-12 16:46:30,422 -   tot_loss_recon = 0.007
2025-04-12 16:46:37,990 - start kmeans...
2025-04-12 16:46:38,003 - K-means used 0.01 s
2025-04-12 16:46:52,754 - ***** Epoch: 165: Eval results *****
2025-04-12 16:46:52,754 -   tot_loss = 25.0323
2025-04-12 16:46:52,754 -   tot_loss_clu = 1.9
2025-04-12 16:46:52,754 -   tot_loss_mms = 22.7849
2025-04-12 16:46:52,755 -   tot_loss_recon = 0.0069
2025-04-12 16:47:00,625 - start kmeans...
2025-04-12 16:47:00,638 - K-means used 0.01 s
2025-04-12 16:47:13,892 - ***** Epoch: 166: Eval results *****
2025-04-12 16:47:13,892 -   tot_loss = 25.0717
2025-04-12 16:47:13,892 -   tot_loss_clu = 1.9288
2025-04-12 16:47:13,892 -   tot_loss_mms = 22.7988
2025-04-12 16:47:13,892 -   tot_loss_recon = 0.0069
2025-04-12 16:47:21,141 - start kmeans...
2025-04-12 16:47:21,155 - K-means used 0.01 s
2025-04-12 16:47:33,920 - ***** Epoch: 167: Eval results *****
2025-04-12 16:47:33,921 -   tot_loss = 25.0669
2025-04-12 16:47:33,921 -   tot_loss_clu = 1.9268
2025-04-12 16:47:33,921 -   tot_loss_mms = 22.792
2025-04-12 16:47:33,921 -   tot_loss_recon = 0.007
2025-04-12 16:47:41,418 - start kmeans...
2025-04-12 16:47:41,432 - K-means used 0.01 s
2025-04-12 16:47:55,874 - ***** Epoch: 168: Eval results *****
2025-04-12 16:47:55,874 -   tot_loss = 25.051
2025-04-12 16:47:55,874 -   tot_loss_clu = 1.915
2025-04-12 16:47:55,874 -   tot_loss_mms = 22.7868
2025-04-12 16:47:55,874 -   tot_loss_recon = 0.007
2025-04-12 16:48:03,450 - start kmeans...
2025-04-12 16:48:03,462 - K-means used 0.01 s
2025-04-12 16:48:16,917 - ***** Epoch: 169: Eval results *****
2025-04-12 16:48:16,917 -   tot_loss = 25.0334
2025-04-12 16:48:16,917 -   tot_loss_clu = 1.9013
2025-04-12 16:48:16,917 -   tot_loss_mms = 22.783
2025-04-12 16:48:16,917 -   tot_loss_recon = 0.007
2025-04-12 16:48:24,372 - start kmeans...
2025-04-12 16:48:24,388 - K-means used 0.02 s
2025-04-12 16:48:37,049 - ***** Epoch: 170: Eval results *****
2025-04-12 16:48:37,049 -   tot_loss = 25.0398
2025-04-12 16:48:37,049 -   tot_loss_clu = 1.9065
2025-04-12 16:48:37,049 -   tot_loss_mms = 22.7847
2025-04-12 16:48:37,049 -   tot_loss_recon = 0.007
2025-04-12 16:48:44,440 - start kmeans...
2025-04-12 16:48:44,456 - K-means used 0.02 s
2025-04-12 16:48:58,594 - ***** Epoch: 171: Eval results *****
2025-04-12 16:48:58,594 -   tot_loss = 25.0462
2025-04-12 16:48:58,594 -   tot_loss_clu = 1.9228
2025-04-12 16:48:58,594 -   tot_loss_mms = 22.7762
2025-04-12 16:48:58,594 -   tot_loss_recon = 0.0069
2025-04-12 16:49:06,470 - start kmeans...
2025-04-12 16:49:06,487 - K-means used 0.02 s
2025-04-12 16:49:19,467 - ***** Epoch: 172: Eval results *****
2025-04-12 16:49:19,467 -   tot_loss = 25.0555
2025-04-12 16:49:19,468 -   tot_loss_clu = 1.9183
2025-04-12 16:49:19,468 -   tot_loss_mms = 22.7918
2025-04-12 16:49:19,468 -   tot_loss_recon = 0.0069
2025-04-12 16:49:26,121 - start kmeans...
2025-04-12 16:49:26,140 - K-means used 0.02 s
2025-04-12 16:49:38,332 - ***** Epoch: 173: Eval results *****
2025-04-12 16:49:38,333 -   tot_loss = 25.0225
2025-04-12 16:49:38,333 -   tot_loss_clu = 1.908
2025-04-12 16:49:38,333 -   tot_loss_mms = 22.7668
2025-04-12 16:49:38,333 -   tot_loss_recon = 0.007
2025-04-12 16:49:45,007 - start kmeans...
2025-04-12 16:49:45,024 - K-means used 0.02 s
2025-04-12 16:49:57,929 - ***** Epoch: 174: Eval results *****
2025-04-12 16:49:57,929 -   tot_loss = 25.0183
2025-04-12 16:49:57,929 -   tot_loss_clu = 1.8951
2025-04-12 16:49:57,929 -   tot_loss_mms = 22.7743
2025-04-12 16:49:57,929 -   tot_loss_recon = 0.007
2025-04-12 16:50:05,412 - start kmeans...
2025-04-12 16:50:05,425 - K-means used 0.01 s
2025-04-12 16:50:19,293 - ***** Epoch: 175: Eval results *****
2025-04-12 16:50:19,294 -   tot_loss = 25.0269
2025-04-12 16:50:19,294 -   tot_loss_clu = 1.9169
2025-04-12 16:50:19,294 -   tot_loss_mms = 22.7591
2025-04-12 16:50:19,294 -   tot_loss_recon = 0.007
2025-04-12 16:50:26,449 - start kmeans...
2025-04-12 16:50:26,463 - K-means used 0.01 s
2025-04-12 16:50:41,502 - ***** Epoch: 176: Eval results *****
2025-04-12 16:50:41,502 -   tot_loss = 25.0229
2025-04-12 16:50:41,502 -   tot_loss_clu = 1.9106
2025-04-12 16:50:41,502 -   tot_loss_mms = 22.7625
2025-04-12 16:50:41,502 -   tot_loss_recon = 0.007
2025-04-12 16:50:49,407 - start kmeans...
2025-04-12 16:50:49,420 - K-means used 0.01 s
2025-04-12 16:51:01,756 - ***** Epoch: 177: Eval results *****
2025-04-12 16:51:01,756 -   tot_loss = 25.0105
2025-04-12 16:51:01,757 -   tot_loss_clu = 1.8985
2025-04-12 16:51:01,757 -   tot_loss_mms = 22.7643
2025-04-12 16:51:01,757 -   tot_loss_recon = 0.007
2025-04-12 16:51:08,584 - start kmeans...
2025-04-12 16:51:08,600 - K-means used 0.02 s
2025-04-12 16:51:20,988 - ***** Epoch: 178: Eval results *****
2025-04-12 16:51:20,989 -   tot_loss = 25.0017
2025-04-12 16:51:20,989 -   tot_loss_clu = 1.9035
2025-04-12 16:51:20,989 -   tot_loss_mms = 22.7469
2025-04-12 16:51:20,989 -   tot_loss_recon = 0.007
2025-04-12 16:51:27,905 - start kmeans...
2025-04-12 16:51:27,922 - K-means used 0.02 s
2025-04-12 16:51:41,068 - ***** Epoch: 179: Eval results *****
2025-04-12 16:51:41,068 -   tot_loss = 24.9932
2025-04-12 16:51:41,068 -   tot_loss_clu = 1.9114
2025-04-12 16:51:41,068 -   tot_loss_mms = 22.7317
2025-04-12 16:51:41,068 -   tot_loss_recon = 0.007
2025-04-12 16:51:47,674 - start kmeans...
2025-04-12 16:51:47,695 - K-means used 0.02 s
2025-04-12 16:51:59,709 - ***** Epoch: 180: Eval results *****
2025-04-12 16:51:59,709 -   tot_loss = 25.0257
2025-04-12 16:51:59,709 -   tot_loss_clu = 1.9168
2025-04-12 16:51:59,709 -   tot_loss_mms = 22.7589
2025-04-12 16:51:59,709 -   tot_loss_recon = 0.007
2025-04-12 16:52:06,561 - start kmeans...
2025-04-12 16:52:06,577 - K-means used 0.02 s
2025-04-12 16:52:19,194 - ***** Epoch: 181: Eval results *****
2025-04-12 16:52:19,194 -   tot_loss = 25.0115
2025-04-12 16:52:19,194 -   tot_loss_clu = 1.9005
2025-04-12 16:52:19,194 -   tot_loss_mms = 22.7613
2025-04-12 16:52:19,194 -   tot_loss_recon = 0.007
2025-04-12 16:52:26,334 - start kmeans...
2025-04-12 16:52:26,349 - K-means used 0.01 s
2025-04-12 16:52:38,999 - ***** Epoch: 182: Eval results *****
2025-04-12 16:52:38,999 -   tot_loss = 25.0007
2025-04-12 16:52:39,000 -   tot_loss_clu = 1.9065
2025-04-12 16:52:39,000 -   tot_loss_mms = 22.746
2025-04-12 16:52:39,000 -   tot_loss_recon = 0.007
2025-04-12 16:52:45,846 - start kmeans...
2025-04-12 16:52:45,860 - K-means used 0.01 s
2025-04-12 16:52:58,998 - ***** Epoch: 183: Eval results *****
2025-04-12 16:52:58,998 -   tot_loss = 25.0066
2025-04-12 16:52:58,998 -   tot_loss_clu = 1.9101
2025-04-12 16:52:58,998 -   tot_loss_mms = 22.7467
2025-04-12 16:52:58,998 -   tot_loss_recon = 0.007
2025-04-12 16:53:06,324 - start kmeans...
2025-04-12 16:53:06,338 - K-means used 0.01 s
2025-04-12 16:53:19,234 - ***** Epoch: 184: Eval results *****
2025-04-12 16:53:19,234 -   tot_loss = 24.9987
2025-04-12 16:53:19,234 -   tot_loss_clu = 1.9012
2025-04-12 16:53:19,234 -   tot_loss_mms = 22.7475
2025-04-12 16:53:19,234 -   tot_loss_recon = 0.007
2025-04-12 16:53:26,614 - start kmeans...
2025-04-12 16:53:26,628 - K-means used 0.01 s
2025-04-12 16:53:40,904 - ***** Epoch: 185: Eval results *****
2025-04-12 16:53:40,904 -   tot_loss = 25.0205
2025-04-12 16:53:40,905 -   tot_loss_clu = 1.9122
2025-04-12 16:53:40,905 -   tot_loss_mms = 22.7584
2025-04-12 16:53:40,905 -   tot_loss_recon = 0.007
2025-04-12 16:53:48,516 - start kmeans...
2025-04-12 16:53:48,532 - K-means used 0.02 s
2025-04-12 16:54:02,588 - ***** Epoch: 186: Eval results *****
2025-04-12 16:54:02,588 -   tot_loss = 25.038
2025-04-12 16:54:02,588 -   tot_loss_clu = 1.9097
2025-04-12 16:54:02,588 -   tot_loss_mms = 22.777
2025-04-12 16:54:02,588 -   tot_loss_recon = 0.007
2025-04-12 16:54:09,604 - start kmeans...
2025-04-12 16:54:09,625 - K-means used 0.02 s
2025-04-12 16:54:22,241 - ***** Epoch: 187: Eval results *****
2025-04-12 16:54:22,241 -   tot_loss = 25.0551
2025-04-12 16:54:22,242 -   tot_loss_clu = 1.9107
2025-04-12 16:54:22,242 -   tot_loss_mms = 22.793
2025-04-12 16:54:22,242 -   tot_loss_recon = 0.007
2025-04-12 16:54:29,324 - start kmeans...
2025-04-12 16:54:29,343 - K-means used 0.02 s
2025-04-12 16:54:43,273 - ***** Epoch: 188: Eval results *****
2025-04-12 16:54:43,274 -   tot_loss = 25.0049
2025-04-12 16:54:43,274 -   tot_loss_clu = 1.8929
2025-04-12 16:54:43,274 -   tot_loss_mms = 22.7604
2025-04-12 16:54:43,274 -   tot_loss_recon = 0.007
2025-04-12 16:54:50,153 - start kmeans...
2025-04-12 16:54:50,166 - K-means used 0.01 s
2025-04-12 16:55:02,593 - ***** Epoch: 189: Eval results *****
2025-04-12 16:55:02,594 -   tot_loss = 25.0464
2025-04-12 16:55:02,594 -   tot_loss_clu = 1.9111
2025-04-12 16:55:02,594 -   tot_loss_mms = 22.7866
2025-04-12 16:55:02,594 -   tot_loss_recon = 0.007
2025-04-12 16:55:09,554 - start kmeans...
2025-04-12 16:55:09,567 - K-means used 0.01 s
2025-04-12 16:55:22,889 - ***** Epoch: 190: Eval results *****
2025-04-12 16:55:22,889 -   tot_loss = 25.0326
2025-04-12 16:55:22,889 -   tot_loss_clu = 1.9115
2025-04-12 16:55:22,889 -   tot_loss_mms = 22.7751
2025-04-12 16:55:22,889 -   tot_loss_recon = 0.0069
2025-04-12 16:55:30,478 - start kmeans...
2025-04-12 16:55:30,494 - K-means used 0.02 s
2025-04-12 16:55:44,571 - ***** Epoch: 191: Eval results *****
2025-04-12 16:55:44,572 -   tot_loss = 25.0348
2025-04-12 16:55:44,572 -   tot_loss_clu = 1.9233
2025-04-12 16:55:44,572 -   tot_loss_mms = 22.7605
2025-04-12 16:55:44,572 -   tot_loss_recon = 0.007
2025-04-12 16:55:51,798 - start kmeans...
2025-04-12 16:55:51,811 - K-means used 0.01 s
2025-04-12 16:56:06,278 - ***** Epoch: 192: Eval results *****
2025-04-12 16:56:06,278 -   tot_loss = 25.0237
2025-04-12 16:56:06,278 -   tot_loss_clu = 1.9085
2025-04-12 16:56:06,278 -   tot_loss_mms = 22.7681
2025-04-12 16:56:06,278 -   tot_loss_recon = 0.0069
2025-04-12 16:56:13,237 - start kmeans...
2025-04-12 16:56:13,255 - K-means used 0.02 s
2025-04-12 16:56:26,660 - ***** Epoch: 193: Eval results *****
2025-04-12 16:56:26,660 -   tot_loss = 25.0212
2025-04-12 16:56:26,660 -   tot_loss_clu = 1.9082
2025-04-12 16:56:26,660 -   tot_loss_mms = 22.7647
2025-04-12 16:56:26,660 -   tot_loss_recon = 0.007
2025-04-12 16:56:33,639 - start kmeans...
2025-04-12 16:56:33,654 - K-means used 0.02 s
2025-04-12 16:56:48,122 - ***** Epoch: 194: Eval results *****
2025-04-12 16:56:48,122 -   tot_loss = 24.9952
2025-04-12 16:56:48,122 -   tot_loss_clu = 1.907
2025-04-12 16:56:48,122 -   tot_loss_mms = 22.7401
2025-04-12 16:56:48,122 -   tot_loss_recon = 0.007
2025-04-12 16:56:54,697 - start kmeans...
2025-04-12 16:56:54,720 - K-means used 0.02 s
2025-04-12 16:57:06,985 - ***** Epoch: 195: Eval results *****
2025-04-12 16:57:06,986 -   tot_loss = 25.0433
2025-04-12 16:57:06,986 -   tot_loss_clu = 1.903
2025-04-12 16:57:06,986 -   tot_loss_mms = 22.7912
2025-04-12 16:57:06,986 -   tot_loss_recon = 0.007
2025-04-12 16:57:13,983 - start kmeans...
2025-04-12 16:57:14,009 - K-means used 0.03 s
2025-04-12 16:57:28,886 - ***** Epoch: 196: Eval results *****
2025-04-12 16:57:28,886 -   tot_loss = 25.0044
2025-04-12 16:57:28,886 -   tot_loss_clu = 1.8974
2025-04-12 16:57:28,886 -   tot_loss_mms = 22.755
2025-04-12 16:57:28,886 -   tot_loss_recon = 0.007
2025-04-12 16:57:36,084 - start kmeans...
2025-04-12 16:57:36,096 - K-means used 0.01 s
2025-04-12 16:57:48,649 - ***** Epoch: 197: Eval results *****
2025-04-12 16:57:48,649 -   tot_loss = 25.0608
2025-04-12 16:57:48,649 -   tot_loss_clu = 1.9024
2025-04-12 16:57:48,649 -   tot_loss_mms = 22.8093
2025-04-12 16:57:48,649 -   tot_loss_recon = 0.007
2025-04-12 16:57:55,832 - start kmeans...
2025-04-12 16:57:55,848 - K-means used 0.02 s
2025-04-12 16:58:08,748 - ***** Epoch: 198: Eval results *****
2025-04-12 16:58:08,748 -   tot_loss = 24.9922
2025-04-12 16:58:08,748 -   tot_loss_clu = 1.8915
2025-04-12 16:58:08,748 -   tot_loss_mms = 22.7494
2025-04-12 16:58:08,749 -   tot_loss_recon = 0.007
2025-04-12 16:58:16,326 - start kmeans...
2025-04-12 16:58:16,340 - K-means used 0.01 s
2025-04-12 16:58:30,480 - ***** Epoch: 199: Eval results *****
2025-04-12 16:58:30,480 -   tot_loss = 24.9875
2025-04-12 16:58:30,480 -   tot_loss_clu = 1.901
2025-04-12 16:58:30,480 -   tot_loss_mms = 22.7362
2025-04-12 16:58:30,480 -   tot_loss_recon = 0.007
2025-04-12 16:58:37,888 - start kmeans...
2025-04-12 16:58:37,900 - K-means used 0.01 s
2025-04-12 16:58:50,425 - ***** Epoch: 200: Eval results *****
2025-04-12 16:58:50,425 -   tot_loss = 24.9851
2025-04-12 16:58:50,425 -   tot_loss_clu = 1.9016
2025-04-12 16:58:50,425 -   tot_loss_mms = 22.7336
2025-04-12 16:58:50,426 -   tot_loss_recon = 0.007
2025-04-12 16:58:55,192 - ***** Test results *****
2025-04-12 16:58:55,192 -   ACC = 17.98
2025-04-12 16:58:55,193 -   ARI = 2.56
2025-04-12 16:58:55,193 -   NMI = 18.79
2025-04-12 16:58:55,193 -   fmi = 10.16
2025-04-12 16:58:55,193 - Trained models are saved in /root/autodl-tmp/home/lizhuohang/reaserch/EMNLP/UMC/outputs/MIntRec/mcn_mcn_MIntRec_bert-base-uncased_1/models
2025-04-12 16:58:56,314 - Training is finished...
2025-04-12 16:58:56,315 - Testing begins...
2025-04-12 16:58:59,542 - ***** Test results *****
2025-04-12 16:58:59,543 -   ACC = 17.98
2025-04-12 16:58:59,543 -   ARI = 2.56
2025-04-12 16:58:59,543 -   NMI = 18.79
2025-04-12 16:58:59,543 -   fmi = 10.16
2025-04-12 16:58:59,543 - Testing is finished...
2025-04-12 16:58:59,543 - Multimodal intent recognition is finished...
2025-04-12 16:58:59,543 - Results are saved in results/results_mcn.csv
