2025-04-12 18:01:03,443 - ============================== Params ==============================
2025-04-12 18:01:03,443 - logger_name: sccl_text_bert-base-uncased_MIntRec_4
2025-04-12 18:01:03,443 - dataset: MIntRec
2025-04-12 18:01:03,444 - multimodal_method: text
2025-04-12 18:01:03,444 - method: sccl
2025-04-12 18:01:03,444 - text_backbone: bert-base-uncased
2025-04-12 18:01:03,444 - seed: 4
2025-04-12 18:01:03,444 - num_workers: 16
2025-04-12 18:01:03,444 - log_id: sccl_text_bert-base-uncased_MIntRec_4_2025-04-12-18-01-03
2025-04-12 18:01:03,444 - gpu_id: 1
2025-04-12 18:01:03,444 - data_path: /root/autodl-tmp/home/Share/Dataset/LZH
2025-04-12 18:01:03,444 - train: True
2025-04-12 18:01:03,444 - tune: True
2025-04-12 18:01:03,444 - save_model: True
2025-04-12 18:01:03,444 - save_results: True
2025-04-12 18:01:03,444 - log_path: logs
2025-04-12 18:01:03,444 - cache_path: cache
2025-04-12 18:01:03,444 - video_data_path: video_data
2025-04-12 18:01:03,444 - audio_data_path: audio_data
2025-04-12 18:01:03,445 - video_feats_path: video_feats.pkl
2025-04-12 18:01:03,445 - audio_feats_path: audio_feats.pkl
2025-04-12 18:01:03,445 - results_path: results
2025-04-12 18:01:03,445 - output_path: /root/autodl-tmp/home/lizhuohang/reaserch/EMNLP/UMC/outputs/MELD-DA
2025-04-12 18:01:03,445 - model_path: models
2025-04-12 18:01:03,445 - config_file_name: sccl
2025-04-12 18:01:03,445 - results_file_name: results_sccl.csv
2025-04-12 18:01:03,445 - text_pretrained_model: uncased_L-12_H-768_A-12
2025-04-12 18:01:03,445 - text_seq_len: 30
2025-04-12 18:01:03,445 - video_seq_len: 230
2025-04-12 18:01:03,445 - audio_seq_len: 480
2025-04-12 18:01:03,445 - text_feat_dim: 768
2025-04-12 18:01:03,445 - video_feat_dim: 1024
2025-04-12 18:01:03,445 - audio_feat_dim: 768
2025-04-12 18:01:03,445 - num_labels: 20
2025-04-12 18:01:03,445 - num_train_examples: 1779
2025-04-12 18:01:03,445 - pretrained_bert_model: distilbert-base-nli-stsb-mean-tokens
2025-04-12 18:01:03,445 - num_train_epochs: 100
2025-04-12 18:01:03,446 - freeze_train_bert_parameters: True
2025-04-12 18:01:03,446 - hidden_size: 768
2025-04-12 18:01:03,446 - feat_dim: 768
2025-04-12 18:01:03,446 - warmup_proportion: 0.1
2025-04-12 18:01:03,446 - lr: 3e-05
2025-04-12 18:01:03,446 - train_batch_size: 128
2025-04-12 18:01:03,446 - eval_batch_size: 64
2025-04-12 18:01:03,446 - test_batch_size: 64
2025-04-12 18:01:03,446 - weight_decay: 0.01
2025-04-12 18:01:03,446 - temperature: 0.5
2025-04-12 18:01:03,446 - lr_scale: 100
2025-04-12 18:01:03,446 - eta: 10
2025-04-12 18:01:03,446 - alpha: 1.0
2025-04-12 18:01:03,446 - pred_output_path: /root/autodl-tmp/home/lizhuohang/reaserch/EMNLP/UMC/outputs/MELD-DA/sccl_text_MIntRec_bert-base-uncased_4
2025-04-12 18:01:03,446 - model_output_path: /root/autodl-tmp/home/lizhuohang/reaserch/EMNLP/UMC/outputs/MELD-DA/sccl_text_MIntRec_bert-base-uncased_4/models
2025-04-12 18:01:03,446 - ============================== End Params ==============================
2025-04-12 18:01:25,318 - Freeze all parameters but the last layer for efficiency
