2025-04-12 17:56:45,574 - ============================== Params ==============================
2025-04-12 17:56:45,574 - logger_name: sccl_text_bert-base-uncased_MIntRec_1
2025-04-12 17:56:45,574 - dataset: MIntRec
2025-04-12 17:56:45,574 - multimodal_method: text
2025-04-12 17:56:45,574 - method: sccl
2025-04-12 17:56:45,574 - text_backbone: bert-base-uncased
2025-04-12 17:56:45,574 - seed: 1
2025-04-12 17:56:45,574 - num_workers: 16
2025-04-12 17:56:45,574 - log_id: sccl_text_bert-base-uncased_MIntRec_1_2025-04-12-17-56-45
2025-04-12 17:56:45,574 - gpu_id: 1
2025-04-12 17:56:45,574 - data_path: /root/autodl-tmp/home/Share/Dataset/LZH
2025-04-12 17:56:45,575 - train: True
2025-04-12 17:56:45,575 - tune: True
2025-04-12 17:56:45,575 - save_model: True
2025-04-12 17:56:45,575 - save_results: True
2025-04-12 17:56:45,575 - log_path: logs
2025-04-12 17:56:45,575 - cache_path: cache
2025-04-12 17:56:45,575 - video_data_path: video_data
2025-04-12 17:56:45,575 - audio_data_path: audio_data
2025-04-12 17:56:45,575 - video_feats_path: video_feats.pkl
2025-04-12 17:56:45,575 - audio_feats_path: audio_feats.pkl
2025-04-12 17:56:45,575 - results_path: results
2025-04-12 17:56:45,575 - output_path: /root/autodl-tmp/home/lizhuohang/reaserch/EMNLP/UMC/outputs/MIntRec
2025-04-12 17:56:45,575 - model_path: models
2025-04-12 17:56:45,575 - config_file_name: sccl
2025-04-12 17:56:45,575 - results_file_name: results_sccl.csv
2025-04-12 17:56:45,576 - text_pretrained_model: uncased_L-12_H-768_A-12
2025-04-12 17:56:45,576 - text_seq_len: 30
2025-04-12 17:56:45,576 - video_seq_len: 230
2025-04-12 17:56:45,576 - audio_seq_len: 480
2025-04-12 17:56:45,576 - text_feat_dim: 768
2025-04-12 17:56:45,576 - video_feat_dim: 1024
2025-04-12 17:56:45,576 - audio_feat_dim: 768
2025-04-12 17:56:45,576 - num_labels: 20
2025-04-12 17:56:45,576 - num_train_examples: 1779
2025-04-12 17:56:45,576 - pretrained_bert_model: distilbert-base-nli-stsb-mean-tokens
2025-04-12 17:56:45,576 - num_train_epochs: 100
2025-04-12 17:56:45,576 - freeze_train_bert_parameters: True
2025-04-12 17:56:45,576 - hidden_size: 768
2025-04-12 17:56:45,576 - feat_dim: 768
2025-04-12 17:56:45,576 - warmup_proportion: 0.1
2025-04-12 17:56:45,576 - lr: 3e-05
2025-04-12 17:56:45,576 - train_batch_size: 128
2025-04-12 17:56:45,576 - eval_batch_size: 64
2025-04-12 17:56:45,576 - test_batch_size: 64
2025-04-12 17:56:45,576 - weight_decay: 0.01
2025-04-12 17:56:45,576 - temperature: 0.5
2025-04-12 17:56:45,576 - lr_scale: 100
2025-04-12 17:56:45,576 - eta: 10
2025-04-12 17:56:45,576 - alpha: 1.0
2025-04-12 17:56:45,576 - pred_output_path: /root/autodl-tmp/home/lizhuohang/reaserch/EMNLP/UMC/outputs/MIntRec/sccl_text_MIntRec_bert-base-uncased_1
2025-04-12 17:56:45,576 - model_output_path: /root/autodl-tmp/home/lizhuohang/reaserch/EMNLP/UMC/outputs/MIntRec/sccl_text_MIntRec_bert-base-uncased_1/models
2025-04-12 17:56:45,576 - ============================== End Params ==============================
2025-04-12 17:57:05,436 - Freeze all parameters but the last layer for efficiency
