2025-04-12 17:59:11,763 - ============================== Params ==============================
2025-04-12 17:59:11,763 - logger_name: sccl_text_bert-base-uncased_MIntRec_3
2025-04-12 17:59:11,763 - dataset: MIntRec
2025-04-12 17:59:11,763 - multimodal_method: text
2025-04-12 17:59:11,763 - method: sccl
2025-04-12 17:59:11,763 - text_backbone: bert-base-uncased
2025-04-12 17:59:11,763 - seed: 3
2025-04-12 17:59:11,764 - num_workers: 16
2025-04-12 17:59:11,764 - log_id: sccl_text_bert-base-uncased_MIntRec_3_2025-04-12-17-59-11
2025-04-12 17:59:11,764 - gpu_id: 1
2025-04-12 17:59:11,764 - data_path: /root/autodl-tmp/home/Share/Dataset/LZH
2025-04-12 17:59:11,764 - train: True
2025-04-12 17:59:11,764 - tune: True
2025-04-12 17:59:11,764 - save_model: True
2025-04-12 17:59:11,764 - save_results: True
2025-04-12 17:59:11,764 - log_path: logs
2025-04-12 17:59:11,764 - cache_path: cache
2025-04-12 17:59:11,764 - video_data_path: video_data
2025-04-12 17:59:11,764 - audio_data_path: audio_data
2025-04-12 17:59:11,764 - video_feats_path: video_feats.pkl
2025-04-12 17:59:11,764 - audio_feats_path: audio_feats.pkl
2025-04-12 17:59:11,764 - results_path: results
2025-04-12 17:59:11,764 - output_path: /root/autodl-tmp/home/lizhuohang/reaserch/EMNLP/UMC/outputs/MIntRec
2025-04-12 17:59:11,764 - model_path: models
2025-04-12 17:59:11,764 - config_file_name: sccl
2025-04-12 17:59:11,764 - results_file_name: results_sccl.csv
2025-04-12 17:59:11,764 - text_pretrained_model: uncased_L-12_H-768_A-12
2025-04-12 17:59:11,764 - text_seq_len: 30
2025-04-12 17:59:11,764 - video_seq_len: 230
2025-04-12 17:59:11,764 - audio_seq_len: 480
2025-04-12 17:59:11,764 - text_feat_dim: 768
2025-04-12 17:59:11,764 - video_feat_dim: 1024
2025-04-12 17:59:11,764 - audio_feat_dim: 768
2025-04-12 17:59:11,764 - num_labels: 20
2025-04-12 17:59:11,764 - num_train_examples: 1779
2025-04-12 17:59:11,765 - pretrained_bert_model: distilbert-base-nli-stsb-mean-tokens
2025-04-12 17:59:11,765 - num_train_epochs: 100
2025-04-12 17:59:11,765 - freeze_train_bert_parameters: True
2025-04-12 17:59:11,765 - hidden_size: 768
2025-04-12 17:59:11,765 - feat_dim: 768
2025-04-12 17:59:11,765 - warmup_proportion: 0.1
2025-04-12 17:59:11,765 - lr: 3e-05
2025-04-12 17:59:11,765 - train_batch_size: 128
2025-04-12 17:59:11,765 - eval_batch_size: 64
2025-04-12 17:59:11,765 - test_batch_size: 64
2025-04-12 17:59:11,765 - weight_decay: 0.01
2025-04-12 17:59:11,765 - temperature: 0.5
2025-04-12 17:59:11,765 - lr_scale: 100
2025-04-12 17:59:11,765 - eta: 10
2025-04-12 17:59:11,765 - alpha: 1.0
2025-04-12 17:59:11,765 - pred_output_path: /root/autodl-tmp/home/lizhuohang/reaserch/EMNLP/UMC/outputs/MIntRec/sccl_text_MIntRec_bert-base-uncased_3
2025-04-12 17:59:11,765 - model_output_path: /root/autodl-tmp/home/lizhuohang/reaserch/EMNLP/UMC/outputs/MIntRec/sccl_text_MIntRec_bert-base-uncased_3/models
2025-04-12 17:59:11,765 - ============================== End Params ==============================
2025-04-12 17:59:32,517 - Freeze all parameters but the last layer for efficiency
