2025-04-12 17:56:08,829 - ============================== Params ==============================
2025-04-12 17:56:08,829 - logger_name: sccl_text_bert-base-uncased_MIntRec_0
2025-04-12 17:56:08,829 - dataset: MIntRec
2025-04-12 17:56:08,829 - multimodal_method: text
2025-04-12 17:56:08,830 - method: sccl
2025-04-12 17:56:08,830 - text_backbone: bert-base-uncased
2025-04-12 17:56:08,830 - seed: 0
2025-04-12 17:56:08,830 - num_workers: 16
2025-04-12 17:56:08,830 - log_id: sccl_text_bert-base-uncased_MIntRec_0_2025-04-12-17-56-08
2025-04-12 17:56:08,830 - gpu_id: 1
2025-04-12 17:56:08,830 - data_path: /root/autodl-tmp/home/Share/Dataset/LZH
2025-04-12 17:56:08,830 - train: True
2025-04-12 17:56:08,830 - tune: True
2025-04-12 17:56:08,830 - save_model: True
2025-04-12 17:56:08,830 - save_results: True
2025-04-12 17:56:08,830 - log_path: logs
2025-04-12 17:56:08,830 - cache_path: cache
2025-04-12 17:56:08,830 - video_data_path: video_data
2025-04-12 17:56:08,830 - audio_data_path: audio_data
2025-04-12 17:56:08,830 - video_feats_path: video_feats.pkl
2025-04-12 17:56:08,830 - audio_feats_path: audio_feats.pkl
2025-04-12 17:56:08,830 - results_path: results
2025-04-12 17:56:08,830 - output_path: /root/autodl-tmp/home/lizhuohang/reaserch/EMNLP/UMC/outputs/MELD-DA
2025-04-12 17:56:08,830 - model_path: models
2025-04-12 17:56:08,830 - config_file_name: sccl
2025-04-12 17:56:08,830 - results_file_name: results_sccl.csv
2025-04-12 17:56:08,830 - text_pretrained_model: uncased_L-12_H-768_A-12
2025-04-12 17:56:08,830 - text_seq_len: 30
2025-04-12 17:56:08,830 - video_seq_len: 230
2025-04-12 17:56:08,830 - audio_seq_len: 480
2025-04-12 17:56:08,830 - text_feat_dim: 768
2025-04-12 17:56:08,831 - video_feat_dim: 1024
2025-04-12 17:56:08,831 - audio_feat_dim: 768
2025-04-12 17:56:08,831 - num_labels: 20
2025-04-12 17:56:08,831 - num_train_examples: 1779
2025-04-12 17:56:08,831 - pretrained_bert_model: distilbert-base-nli-stsb-mean-tokens
2025-04-12 17:56:08,831 - num_train_epochs: 100
2025-04-12 17:56:08,831 - freeze_train_bert_parameters: True
2025-04-12 17:56:08,831 - hidden_size: 768
2025-04-12 17:56:08,831 - feat_dim: 768
2025-04-12 17:56:08,831 - warmup_proportion: 0.1
2025-04-12 17:56:08,831 - lr: 3e-05
2025-04-12 17:56:08,831 - train_batch_size: 128
2025-04-12 17:56:08,831 - eval_batch_size: 64
2025-04-12 17:56:08,831 - test_batch_size: 64
2025-04-12 17:56:08,831 - weight_decay: 0.01
2025-04-12 17:56:08,831 - temperature: 0.5
2025-04-12 17:56:08,831 - lr_scale: 100
2025-04-12 17:56:08,831 - eta: 10
2025-04-12 17:56:08,831 - alpha: 1.0
2025-04-12 17:56:08,832 - pred_output_path: /root/autodl-tmp/home/lizhuohang/reaserch/EMNLP/UMC/outputs/MELD-DA/sccl_text_MIntRec_bert-base-uncased_0
2025-04-12 17:56:08,832 - model_output_path: /root/autodl-tmp/home/lizhuohang/reaserch/EMNLP/UMC/outputs/MELD-DA/sccl_text_MIntRec_bert-base-uncased_0/models
2025-04-12 17:56:08,832 - ============================== End Params ==============================
2025-04-12 17:56:29,714 - Freeze all parameters but the last layer for efficiency
