2025-04-12 17:55:27,772 - ============================== Params ==============================
2025-04-12 17:55:27,772 - logger_name: sccl_text_bert-base-uncased_MIntRec_0
2025-04-12 17:55:27,772 - dataset: MIntRec
2025-04-12 17:55:27,772 - multimodal_method: text
2025-04-12 17:55:27,772 - method: sccl
2025-04-12 17:55:27,772 - text_backbone: bert-base-uncased
2025-04-12 17:55:27,772 - seed: 0
2025-04-12 17:55:27,772 - num_workers: 16
2025-04-12 17:55:27,772 - log_id: sccl_text_bert-base-uncased_MIntRec_0_2025-04-12-17-55-27
2025-04-12 17:55:27,772 - gpu_id: 1
2025-04-12 17:55:27,772 - data_path: /root/autodl-tmp/home/Share/Dataset/LZH
2025-04-12 17:55:27,773 - train: True
2025-04-12 17:55:27,773 - tune: True
2025-04-12 17:55:27,773 - save_model: True
2025-04-12 17:55:27,773 - save_results: True
2025-04-12 17:55:27,773 - log_path: logs
2025-04-12 17:55:27,773 - cache_path: cache
2025-04-12 17:55:27,773 - video_data_path: video_data
2025-04-12 17:55:27,773 - audio_data_path: audio_data
2025-04-12 17:55:27,773 - video_feats_path: video_feats.pkl
2025-04-12 17:55:27,773 - audio_feats_path: audio_feats.pkl
2025-04-12 17:55:27,773 - results_path: results
2025-04-12 17:55:27,773 - output_path: /root/autodl-tmp/home/lizhuohang/reaserch/EMNLP/UMC/outputs/MIntRec
2025-04-12 17:55:27,773 - model_path: models
2025-04-12 17:55:27,773 - config_file_name: sccl
2025-04-12 17:55:27,773 - results_file_name: results_sccl.csv
2025-04-12 17:55:27,773 - text_pretrained_model: uncased_L-12_H-768_A-12
2025-04-12 17:55:27,773 - text_seq_len: 30
2025-04-12 17:55:27,773 - video_seq_len: 230
2025-04-12 17:55:27,773 - audio_seq_len: 480
2025-04-12 17:55:27,773 - text_feat_dim: 768
2025-04-12 17:55:27,773 - video_feat_dim: 1024
2025-04-12 17:55:27,773 - audio_feat_dim: 768
2025-04-12 17:55:27,773 - num_labels: 20
2025-04-12 17:55:27,773 - num_train_examples: 1779
2025-04-12 17:55:27,773 - pretrained_bert_model: distilbert-base-nli-stsb-mean-tokens
2025-04-12 17:55:27,773 - num_train_epochs: 100
2025-04-12 17:55:27,773 - freeze_train_bert_parameters: True
2025-04-12 17:55:27,773 - hidden_size: 768
2025-04-12 17:55:27,773 - feat_dim: 768
2025-04-12 17:55:27,774 - warmup_proportion: 0.1
2025-04-12 17:55:27,774 - lr: 3e-05
2025-04-12 17:55:27,774 - train_batch_size: 128
2025-04-12 17:55:27,774 - eval_batch_size: 64
2025-04-12 17:55:27,774 - test_batch_size: 64
2025-04-12 17:55:27,774 - weight_decay: 0.01
2025-04-12 17:55:27,774 - temperature: 0.5
2025-04-12 17:55:27,774 - lr_scale: 100
2025-04-12 17:55:27,774 - eta: 10
2025-04-12 17:55:27,774 - alpha: 1.0
2025-04-12 17:55:27,774 - pred_output_path: /root/autodl-tmp/home/lizhuohang/reaserch/EMNLP/UMC/outputs/MIntRec/sccl_text_MIntRec_bert-base-uncased_0
2025-04-12 17:55:27,774 - model_output_path: /root/autodl-tmp/home/lizhuohang/reaserch/EMNLP/UMC/outputs/MIntRec/sccl_text_MIntRec_bert-base-uncased_0/models
2025-04-12 17:55:27,774 - ============================== End Params ==============================
2025-04-12 17:55:52,628 - Freeze all parameters but the last layer for efficiency
