2025-04-12 17:57:57,150 - ============================== Params ==============================
2025-04-12 17:57:57,150 - logger_name: sccl_text_bert-base-uncased_MIntRec_2
2025-04-12 17:57:57,150 - dataset: MIntRec
2025-04-12 17:57:57,150 - multimodal_method: text
2025-04-12 17:57:57,150 - method: sccl
2025-04-12 17:57:57,150 - text_backbone: bert-base-uncased
2025-04-12 17:57:57,150 - seed: 2
2025-04-12 17:57:57,150 - num_workers: 16
2025-04-12 17:57:57,150 - log_id: sccl_text_bert-base-uncased_MIntRec_2_2025-04-12-17-57-57
2025-04-12 17:57:57,150 - gpu_id: 1
2025-04-12 17:57:57,151 - data_path: /root/autodl-tmp/home/Share/Dataset/LZH
2025-04-12 17:57:57,151 - train: True
2025-04-12 17:57:57,151 - tune: True
2025-04-12 17:57:57,151 - save_model: True
2025-04-12 17:57:57,151 - save_results: True
2025-04-12 17:57:57,151 - log_path: logs
2025-04-12 17:57:57,151 - cache_path: cache
2025-04-12 17:57:57,151 - video_data_path: video_data
2025-04-12 17:57:57,151 - audio_data_path: audio_data
2025-04-12 17:57:57,151 - video_feats_path: video_feats.pkl
2025-04-12 17:57:57,151 - audio_feats_path: audio_feats.pkl
2025-04-12 17:57:57,151 - results_path: results
2025-04-12 17:57:57,151 - output_path: /root/autodl-tmp/home/lizhuohang/reaserch/EMNLP/UMC/outputs/MIntRec
2025-04-12 17:57:57,151 - model_path: models
2025-04-12 17:57:57,152 - config_file_name: sccl
2025-04-12 17:57:57,152 - results_file_name: results_sccl.csv
2025-04-12 17:57:57,152 - text_pretrained_model: uncased_L-12_H-768_A-12
2025-04-12 17:57:57,152 - text_seq_len: 30
2025-04-12 17:57:57,152 - video_seq_len: 230
2025-04-12 17:57:57,152 - audio_seq_len: 480
2025-04-12 17:57:57,152 - text_feat_dim: 768
2025-04-12 17:57:57,152 - video_feat_dim: 1024
2025-04-12 17:57:57,152 - audio_feat_dim: 768
2025-04-12 17:57:57,152 - num_labels: 20
2025-04-12 17:57:57,152 - num_train_examples: 1779
2025-04-12 17:57:57,152 - pretrained_bert_model: distilbert-base-nli-stsb-mean-tokens
2025-04-12 17:57:57,152 - num_train_epochs: 100
2025-04-12 17:57:57,152 - freeze_train_bert_parameters: True
2025-04-12 17:57:57,152 - hidden_size: 768
2025-04-12 17:57:57,152 - feat_dim: 768
2025-04-12 17:57:57,152 - warmup_proportion: 0.1
2025-04-12 17:57:57,152 - lr: 3e-05
2025-04-12 17:57:57,152 - train_batch_size: 128
2025-04-12 17:57:57,152 - eval_batch_size: 64
2025-04-12 17:57:57,152 - test_batch_size: 64
2025-04-12 17:57:57,152 - weight_decay: 0.01
2025-04-12 17:57:57,152 - temperature: 0.5
2025-04-12 17:57:57,152 - lr_scale: 100
2025-04-12 17:57:57,152 - eta: 10
2025-04-12 17:57:57,152 - alpha: 1.0
2025-04-12 17:57:57,152 - pred_output_path: /root/autodl-tmp/home/lizhuohang/reaserch/EMNLP/UMC/outputs/MIntRec/sccl_text_MIntRec_bert-base-uncased_2
2025-04-12 17:57:57,153 - model_output_path: /root/autodl-tmp/home/lizhuohang/reaserch/EMNLP/UMC/outputs/MIntRec/sccl_text_MIntRec_bert-base-uncased_2/models
2025-04-12 17:57:57,153 - ============================== End Params ==============================
2025-04-12 17:58:16,748 - Freeze all parameters but the last layer for efficiency
