2025-04-12 17:58:33,299 - ============================== Params ==============================
2025-04-12 17:58:33,300 - logger_name: sccl_text_bert-base-uncased_MIntRec_2
2025-04-12 17:58:33,300 - dataset: MIntRec
2025-04-12 17:58:33,300 - multimodal_method: text
2025-04-12 17:58:33,300 - method: sccl
2025-04-12 17:58:33,300 - text_backbone: bert-base-uncased
2025-04-12 17:58:33,300 - seed: 2
2025-04-12 17:58:33,300 - num_workers: 16
2025-04-12 17:58:33,300 - log_id: sccl_text_bert-base-uncased_MIntRec_2_2025-04-12-17-58-33
2025-04-12 17:58:33,300 - gpu_id: 1
2025-04-12 17:58:33,300 - data_path: /root/autodl-tmp/home/Share/Dataset/LZH
2025-04-12 17:58:33,300 - train: True
2025-04-12 17:58:33,300 - tune: True
2025-04-12 17:58:33,300 - save_model: True
2025-04-12 17:58:33,300 - save_results: True
2025-04-12 17:58:33,300 - log_path: logs
2025-04-12 17:58:33,300 - cache_path: cache
2025-04-12 17:58:33,300 - video_data_path: video_data
2025-04-12 17:58:33,300 - audio_data_path: audio_data
2025-04-12 17:58:33,300 - video_feats_path: video_feats.pkl
2025-04-12 17:58:33,300 - audio_feats_path: audio_feats.pkl
2025-04-12 17:58:33,300 - results_path: results
2025-04-12 17:58:33,300 - output_path: /root/autodl-tmp/home/lizhuohang/reaserch/EMNLP/UMC/outputs/MELD-DA
2025-04-12 17:58:33,300 - model_path: models
2025-04-12 17:58:33,301 - config_file_name: sccl
2025-04-12 17:58:33,301 - results_file_name: results_sccl.csv
2025-04-12 17:58:33,301 - text_pretrained_model: uncased_L-12_H-768_A-12
2025-04-12 17:58:33,301 - text_seq_len: 30
2025-04-12 17:58:33,301 - video_seq_len: 230
2025-04-12 17:58:33,301 - audio_seq_len: 480
2025-04-12 17:58:33,301 - text_feat_dim: 768
2025-04-12 17:58:33,301 - video_feat_dim: 1024
2025-04-12 17:58:33,301 - audio_feat_dim: 768
2025-04-12 17:58:33,301 - num_labels: 20
2025-04-12 17:58:33,301 - num_train_examples: 1779
2025-04-12 17:58:33,301 - pretrained_bert_model: distilbert-base-nli-stsb-mean-tokens
2025-04-12 17:58:33,301 - num_train_epochs: 100
2025-04-12 17:58:33,301 - freeze_train_bert_parameters: True
2025-04-12 17:58:33,301 - hidden_size: 768
2025-04-12 17:58:33,301 - feat_dim: 768
2025-04-12 17:58:33,301 - warmup_proportion: 0.1
2025-04-12 17:58:33,301 - lr: 3e-05
2025-04-12 17:58:33,301 - train_batch_size: 128
2025-04-12 17:58:33,301 - eval_batch_size: 64
2025-04-12 17:58:33,301 - test_batch_size: 64
2025-04-12 17:58:33,301 - weight_decay: 0.01
2025-04-12 17:58:33,301 - temperature: 0.5
2025-04-12 17:58:33,301 - lr_scale: 100
2025-04-12 17:58:33,301 - eta: 10
2025-04-12 17:58:33,301 - alpha: 1.0
2025-04-12 17:58:33,301 - pred_output_path: /root/autodl-tmp/home/lizhuohang/reaserch/EMNLP/UMC/outputs/MELD-DA/sccl_text_MIntRec_bert-base-uncased_2
2025-04-12 17:58:33,301 - model_output_path: /root/autodl-tmp/home/lizhuohang/reaserch/EMNLP/UMC/outputs/MELD-DA/sccl_text_MIntRec_bert-base-uncased_2/models
2025-04-12 17:58:33,301 - ============================== End Params ==============================
2025-04-12 17:58:55,411 - Freeze all parameters but the last layer for efficiency
