2025-04-12 17:59:48,705 - ============================== Params ==============================
2025-04-12 17:59:48,705 - logger_name: sccl_text_bert-base-uncased_MIntRec_3
2025-04-12 17:59:48,705 - dataset: MIntRec
2025-04-12 17:59:48,705 - multimodal_method: text
2025-04-12 17:59:48,705 - method: sccl
2025-04-12 17:59:48,705 - text_backbone: bert-base-uncased
2025-04-12 17:59:48,705 - seed: 3
2025-04-12 17:59:48,705 - num_workers: 16
2025-04-12 17:59:48,705 - log_id: sccl_text_bert-base-uncased_MIntRec_3_2025-04-12-17-59-48
2025-04-12 17:59:48,705 - gpu_id: 1
2025-04-12 17:59:48,705 - data_path: /root/autodl-tmp/home/Share/Dataset/LZH
2025-04-12 17:59:48,705 - train: True
2025-04-12 17:59:48,705 - tune: True
2025-04-12 17:59:48,705 - save_model: True
2025-04-12 17:59:48,705 - save_results: True
2025-04-12 17:59:48,705 - log_path: logs
2025-04-12 17:59:48,705 - cache_path: cache
2025-04-12 17:59:48,705 - video_data_path: video_data
2025-04-12 17:59:48,705 - audio_data_path: audio_data
2025-04-12 17:59:48,706 - video_feats_path: video_feats.pkl
2025-04-12 17:59:48,706 - audio_feats_path: audio_feats.pkl
2025-04-12 17:59:48,706 - results_path: results
2025-04-12 17:59:48,706 - output_path: /root/autodl-tmp/home/lizhuohang/reaserch/EMNLP/UMC/outputs/MELD-DA
2025-04-12 17:59:48,706 - model_path: models
2025-04-12 17:59:48,706 - config_file_name: sccl
2025-04-12 17:59:48,706 - results_file_name: results_sccl.csv
2025-04-12 17:59:48,706 - text_pretrained_model: uncased_L-12_H-768_A-12
2025-04-12 17:59:48,706 - text_seq_len: 30
2025-04-12 17:59:48,706 - video_seq_len: 230
2025-04-12 17:59:48,706 - audio_seq_len: 480
2025-04-12 17:59:48,706 - text_feat_dim: 768
2025-04-12 17:59:48,706 - video_feat_dim: 1024
2025-04-12 17:59:48,706 - audio_feat_dim: 768
2025-04-12 17:59:48,706 - num_labels: 20
2025-04-12 17:59:48,706 - num_train_examples: 1779
2025-04-12 17:59:48,706 - pretrained_bert_model: distilbert-base-nli-stsb-mean-tokens
2025-04-12 17:59:48,706 - num_train_epochs: 100
2025-04-12 17:59:48,706 - freeze_train_bert_parameters: True
2025-04-12 17:59:48,706 - hidden_size: 768
2025-04-12 17:59:48,706 - feat_dim: 768
2025-04-12 17:59:48,706 - warmup_proportion: 0.1
2025-04-12 17:59:48,706 - lr: 3e-05
2025-04-12 17:59:48,706 - train_batch_size: 128
2025-04-12 17:59:48,706 - eval_batch_size: 64
2025-04-12 17:59:48,706 - test_batch_size: 64
2025-04-12 17:59:48,706 - weight_decay: 0.01
2025-04-12 17:59:48,706 - temperature: 0.5
2025-04-12 17:59:48,706 - lr_scale: 100
2025-04-12 17:59:48,707 - eta: 10
2025-04-12 17:59:48,707 - alpha: 1.0
2025-04-12 17:59:48,707 - pred_output_path: /root/autodl-tmp/home/lizhuohang/reaserch/EMNLP/UMC/outputs/MELD-DA/sccl_text_MIntRec_bert-base-uncased_3
2025-04-12 17:59:48,707 - model_output_path: /root/autodl-tmp/home/lizhuohang/reaserch/EMNLP/UMC/outputs/MELD-DA/sccl_text_MIntRec_bert-base-uncased_3/models
2025-04-12 17:59:48,707 - ============================== End Params ==============================
2025-04-12 18:00:10,729 - Freeze all parameters but the last layer for efficiency
