2025-04-12 17:57:21,567 - ============================== Params ==============================
2025-04-12 17:57:21,567 - logger_name: sccl_text_bert-base-uncased_MIntRec_1
2025-04-12 17:57:21,567 - dataset: MIntRec
2025-04-12 17:57:21,568 - multimodal_method: text
2025-04-12 17:57:21,568 - method: sccl
2025-04-12 17:57:21,568 - text_backbone: bert-base-uncased
2025-04-12 17:57:21,568 - seed: 1
2025-04-12 17:57:21,568 - num_workers: 16
2025-04-12 17:57:21,568 - log_id: sccl_text_bert-base-uncased_MIntRec_1_2025-04-12-17-57-21
2025-04-12 17:57:21,568 - gpu_id: 1
2025-04-12 17:57:21,568 - data_path: /root/autodl-tmp/home/Share/Dataset/LZH
2025-04-12 17:57:21,568 - train: True
2025-04-12 17:57:21,568 - tune: True
2025-04-12 17:57:21,568 - save_model: True
2025-04-12 17:57:21,568 - save_results: True
2025-04-12 17:57:21,568 - log_path: logs
2025-04-12 17:57:21,568 - cache_path: cache
2025-04-12 17:57:21,568 - video_data_path: video_data
2025-04-12 17:57:21,568 - audio_data_path: audio_data
2025-04-12 17:57:21,568 - video_feats_path: video_feats.pkl
2025-04-12 17:57:21,568 - audio_feats_path: audio_feats.pkl
2025-04-12 17:57:21,568 - results_path: results
2025-04-12 17:57:21,568 - output_path: /root/autodl-tmp/home/lizhuohang/reaserch/EMNLP/UMC/outputs/MELD-DA
2025-04-12 17:57:21,568 - model_path: models
2025-04-12 17:57:21,568 - config_file_name: sccl
2025-04-12 17:57:21,568 - results_file_name: results_sccl.csv
2025-04-12 17:57:21,568 - text_pretrained_model: uncased_L-12_H-768_A-12
2025-04-12 17:57:21,568 - text_seq_len: 30
2025-04-12 17:57:21,568 - video_seq_len: 230
2025-04-12 17:57:21,568 - audio_seq_len: 480
2025-04-12 17:57:21,569 - text_feat_dim: 768
2025-04-12 17:57:21,569 - video_feat_dim: 1024
2025-04-12 17:57:21,569 - audio_feat_dim: 768
2025-04-12 17:57:21,569 - num_labels: 20
2025-04-12 17:57:21,569 - num_train_examples: 1779
2025-04-12 17:57:21,569 - pretrained_bert_model: distilbert-base-nli-stsb-mean-tokens
2025-04-12 17:57:21,569 - num_train_epochs: 100
2025-04-12 17:57:21,569 - freeze_train_bert_parameters: True
2025-04-12 17:57:21,569 - hidden_size: 768
2025-04-12 17:57:21,569 - feat_dim: 768
2025-04-12 17:57:21,569 - warmup_proportion: 0.1
2025-04-12 17:57:21,569 - lr: 3e-05
2025-04-12 17:57:21,569 - train_batch_size: 128
2025-04-12 17:57:21,569 - eval_batch_size: 64
2025-04-12 17:57:21,569 - test_batch_size: 64
2025-04-12 17:57:21,569 - weight_decay: 0.01
2025-04-12 17:57:21,569 - temperature: 0.5
2025-04-12 17:57:21,569 - lr_scale: 100
2025-04-12 17:57:21,569 - eta: 10
2025-04-12 17:57:21,569 - alpha: 1.0
2025-04-12 17:57:21,569 - pred_output_path: /root/autodl-tmp/home/lizhuohang/reaserch/EMNLP/UMC/outputs/MELD-DA/sccl_text_MIntRec_bert-base-uncased_1
2025-04-12 17:57:21,569 - model_output_path: /root/autodl-tmp/home/lizhuohang/reaserch/EMNLP/UMC/outputs/MELD-DA/sccl_text_MIntRec_bert-base-uncased_1/models
2025-04-12 17:57:21,569 - ============================== End Params ==============================
2025-04-12 17:57:41,457 - Freeze all parameters but the last layer for efficiency
