2025-04-17 18:44:23,337 - 【无监督】进入了无监督的设定中, 加载数据集
2025-04-17 18:44:23,337 - data preparation...
2025-04-17 18:44:32,141 - Number of train samples = 1779
2025-04-17 18:44:32,141 - Number of testing samples = 445
2025-04-17 18:44:32,142 - data preparation...
2025-04-17 18:44:34,340 - num_train_examples = 1779
2025-04-17 18:44:34,341 - ============================== Params ==============================
2025-04-17 18:44:34,341 - logger_name: umc2_umc2_bert-base-uncased_MIntRec_4
2025-04-17 18:44:34,341 - dataset: MIntRec
2025-04-17 18:44:34,341 - multimodal_method: umc2
2025-04-17 18:44:34,341 - method: umc2
2025-04-17 18:44:34,341 - setting: unsupervised
2025-04-17 18:44:34,341 - merge_dev: False
2025-04-17 18:44:34,341 - text_backbone: bert-base-uncased
2025-04-17 18:44:34,341 - seed: 4
2025-04-17 18:44:34,341 - num_workers: 16
2025-04-17 18:44:34,341 - log_id: umc2_umc2_bert-base-uncased_MIntRec_4_2025-04-17-18-44-23
2025-04-17 18:44:34,341 - gpu_id: 1
2025-04-17 18:44:34,341 - data_path: /root/autodl-tmp/home/Share/Dataset/LZH
2025-04-17 18:44:34,341 - train: True
2025-04-17 18:44:34,341 - tune: True
2025-04-17 18:44:34,341 - save_model: True
2025-04-17 18:44:34,341 - save_results: True
2025-04-17 18:44:34,341 - log_path: logs
2025-04-17 18:44:34,341 - cache_path: cache
2025-04-17 18:44:34,341 - video_data_path: video_data
2025-04-17 18:44:34,341 - audio_data_path: audio_data
2025-04-17 18:44:34,342 - video_feats_path: swin_feats.pkl
2025-04-17 18:44:34,342 - audio_feats_path: wavlm_feats.pkl
2025-04-17 18:44:34,342 - results_path: results
2025-04-17 18:44:34,342 - output_path: /root/autodl-tmp/home/lizhuohang/reaserch/EMNLP/SMC/outputs_test2/MIntRec
2025-04-17 18:44:34,342 - model_path: models
2025-04-17 18:44:34,342 - config_file_name: umc2_MIntRec
2025-04-17 18:44:34,342 - results_file_name: results_umc2_pre.csv
2025-04-17 18:44:34,342 - text_pretrained_model: uncased_L-12_H-768_A-12
2025-04-17 18:44:34,342 - pretrained_bert_model: uncased_L-12_H-768_A-12
2025-04-17 18:44:34,342 - pretrain_batch_size: 128
2025-04-17 18:44:34,342 - train_batch_size: 128
2025-04-17 18:44:34,342 - eval_batch_size: 128
2025-04-17 18:44:34,342 - test_batch_size: 128
2025-04-17 18:44:34,342 - num_pretrain_epochs: 100
2025-04-17 18:44:34,342 - num_train_epochs: 100
2025-04-17 18:44:34,342 - pretrain: [True]
2025-04-17 18:44:34,342 - aligned_method: ctc
2025-04-17 18:44:34,342 - need_aligned: False
2025-04-17 18:44:34,342 - freeze_pretrain_bert_parameters: [True]
2025-04-17 18:44:34,342 - freeze_train_bert_parameters: [True]
2025-04-17 18:44:34,342 - pretrain_temperature: [0.1]
2025-04-17 18:44:34,342 - train_temperature_sup: [0.5]
2025-04-17 18:44:34,342 - train_temperature_unsup: [2]
2025-04-17 18:44:34,342 - activation: tanh
2025-04-17 18:44:34,342 - lr_pre: [1e-05]
2025-04-17 18:44:34,342 - lr: [5e-05]
2025-04-17 18:44:34,342 - delta: [0.05]
2025-04-17 18:44:34,342 - thres: [0.1]
2025-04-17 18:44:34,343 - topk: [5]
2025-04-17 18:44:34,343 - weight_decay: 0.01
2025-04-17 18:44:34,343 - feat_dim: 768
2025-04-17 18:44:34,343 - hidden_size: 768
2025-04-17 18:44:34,343 - grad_clip: -1.0
2025-04-17 18:44:34,343 - warmup_proportion: [0.1]
2025-04-17 18:44:34,343 - hidden_dropout_prob: 0.1
2025-04-17 18:44:34,343 - weight: 1.0
2025-04-17 18:44:34,343 - loss_mode: rdrop
2025-04-17 18:44:34,343 - base_dim: 256
2025-04-17 18:44:34,343 - nheads: 8
2025-04-17 18:44:34,343 - attn_dropout: 0.1
2025-04-17 18:44:34,343 - relu_dropout: 0.1
2025-04-17 18:44:34,343 - embed_dropout: 0.01
2025-04-17 18:44:34,343 - res_dropout: 0.0
2025-04-17 18:44:34,343 - attn_mask: True
2025-04-17 18:44:34,344 - encoder_layers_1: 1
2025-04-17 18:44:34,344 - fusion_act: tanh
2025-04-17 18:44:34,344 - pred_output_path: /root/autodl-tmp/home/lizhuohang/reaserch/EMNLP/SMC/outputs_test2/MIntRec/umc2_umc2_MIntRec_bert-base-uncased_4
2025-04-17 18:44:34,344 - model_output_path: /root/autodl-tmp/home/lizhuohang/reaserch/EMNLP/SMC/outputs_test2/MIntRec/umc2_umc2_MIntRec_bert-base-uncased_4/models
2025-04-17 18:44:34,344 - text_seq_len: 30
2025-04-17 18:44:34,344 - video_seq_len: 230
2025-04-17 18:44:34,344 - audio_seq_len: 480
2025-04-17 18:44:34,344 - text_feat_dim: 768
2025-04-17 18:44:34,344 - video_feat_dim: 1024
2025-04-17 18:44:34,344 - audio_feat_dim: 768
2025-04-17 18:44:34,344 - num_labels: 20
2025-04-17 18:44:34,344 - num_train_examples: 1779
2025-04-17 18:44:34,344 - ============================== End Params ==============================
2025-04-17 18:44:35,552 - Freeze all parameters but the last layer for efficiency
2025-04-17 18:44:35,586 - Pre-training start...
