2025-04-17 18:44:05,028 - 【无监督】进入了无监督的设定中, 加载数据集
2025-04-17 18:44:05,028 - data preparation...
2025-04-17 18:44:13,910 - Number of train samples = 1779
2025-04-17 18:44:13,911 - Number of testing samples = 445
2025-04-17 18:44:13,912 - data preparation...
2025-04-17 18:44:16,220 - num_train_examples = 1779
2025-04-17 18:44:16,220 - ============================== Params ==============================
2025-04-17 18:44:16,220 - logger_name: umc2_umc2_bert-base-uncased_MIntRec_3
2025-04-17 18:44:16,220 - dataset: MIntRec
2025-04-17 18:44:16,220 - multimodal_method: umc2
2025-04-17 18:44:16,220 - method: umc2
2025-04-17 18:44:16,220 - setting: unsupervised
2025-04-17 18:44:16,220 - merge_dev: False
2025-04-17 18:44:16,220 - text_backbone: bert-base-uncased
2025-04-17 18:44:16,220 - seed: 3
2025-04-17 18:44:16,220 - num_workers: 16
2025-04-17 18:44:16,220 - log_id: umc2_umc2_bert-base-uncased_MIntRec_3_2025-04-17-18-44-05
2025-04-17 18:44:16,221 - gpu_id: 1
2025-04-17 18:44:16,221 - data_path: /root/autodl-tmp/home/Share/Dataset/LZH
2025-04-17 18:44:16,221 - train: True
2025-04-17 18:44:16,221 - tune: True
2025-04-17 18:44:16,221 - save_model: True
2025-04-17 18:44:16,221 - save_results: True
2025-04-17 18:44:16,221 - log_path: logs
2025-04-17 18:44:16,221 - cache_path: cache
2025-04-17 18:44:16,221 - video_data_path: video_data
2025-04-17 18:44:16,221 - audio_data_path: audio_data
2025-04-17 18:44:16,221 - video_feats_path: swin_feats.pkl
2025-04-17 18:44:16,221 - audio_feats_path: wavlm_feats.pkl
2025-04-17 18:44:16,221 - results_path: results
2025-04-17 18:44:16,221 - output_path: /root/autodl-tmp/home/lizhuohang/reaserch/EMNLP/SMC/outputs_test2/MIntRec
2025-04-17 18:44:16,221 - model_path: models
2025-04-17 18:44:16,221 - config_file_name: umc2_MIntRec
2025-04-17 18:44:16,221 - results_file_name: results_umc2_pre.csv
2025-04-17 18:44:16,221 - text_pretrained_model: uncased_L-12_H-768_A-12
2025-04-17 18:44:16,221 - pretrained_bert_model: uncased_L-12_H-768_A-12
2025-04-17 18:44:16,222 - pretrain_batch_size: 128
2025-04-17 18:44:16,222 - train_batch_size: 128
2025-04-17 18:44:16,222 - eval_batch_size: 128
2025-04-17 18:44:16,222 - test_batch_size: 128
2025-04-17 18:44:16,222 - num_pretrain_epochs: 100
2025-04-17 18:44:16,222 - num_train_epochs: 100
2025-04-17 18:44:16,222 - pretrain: [True]
2025-04-17 18:44:16,222 - aligned_method: ctc
2025-04-17 18:44:16,222 - need_aligned: False
2025-04-17 18:44:16,222 - freeze_pretrain_bert_parameters: [True]
2025-04-17 18:44:16,222 - freeze_train_bert_parameters: [True]
2025-04-17 18:44:16,222 - pretrain_temperature: [0.1]
2025-04-17 18:44:16,222 - train_temperature_sup: [0.5]
2025-04-17 18:44:16,222 - train_temperature_unsup: [2]
2025-04-17 18:44:16,222 - activation: tanh
2025-04-17 18:44:16,222 - lr_pre: [1e-05]
2025-04-17 18:44:16,222 - lr: [5e-05]
2025-04-17 18:44:16,222 - delta: [0.05]
2025-04-17 18:44:16,222 - thres: [0.1]
2025-04-17 18:44:16,223 - topk: [5]
2025-04-17 18:44:16,223 - weight_decay: 0.01
2025-04-17 18:44:16,223 - feat_dim: 768
2025-04-17 18:44:16,223 - hidden_size: 768
2025-04-17 18:44:16,223 - grad_clip: -1.0
2025-04-17 18:44:16,223 - warmup_proportion: [0.1]
2025-04-17 18:44:16,223 - hidden_dropout_prob: 0.1
2025-04-17 18:44:16,223 - weight: 1.0
2025-04-17 18:44:16,223 - loss_mode: rdrop
2025-04-17 18:44:16,223 - base_dim: 256
2025-04-17 18:44:16,223 - nheads: 8
2025-04-17 18:44:16,223 - attn_dropout: 0.1
2025-04-17 18:44:16,224 - relu_dropout: 0.1
2025-04-17 18:44:16,224 - embed_dropout: 0.01
2025-04-17 18:44:16,224 - res_dropout: 0.0
2025-04-17 18:44:16,224 - attn_mask: True
2025-04-17 18:44:16,224 - encoder_layers_1: 1
2025-04-17 18:44:16,224 - fusion_act: tanh
2025-04-17 18:44:16,224 - pred_output_path: /root/autodl-tmp/home/lizhuohang/reaserch/EMNLP/SMC/outputs_test2/MIntRec/umc2_umc2_MIntRec_bert-base-uncased_3
2025-04-17 18:44:16,224 - model_output_path: /root/autodl-tmp/home/lizhuohang/reaserch/EMNLP/SMC/outputs_test2/MIntRec/umc2_umc2_MIntRec_bert-base-uncased_3/models
2025-04-17 18:44:16,224 - text_seq_len: 30
2025-04-17 18:44:16,224 - video_seq_len: 230
2025-04-17 18:44:16,224 - audio_seq_len: 480
2025-04-17 18:44:16,224 - text_feat_dim: 768
2025-04-17 18:44:16,224 - video_feat_dim: 1024
2025-04-17 18:44:16,224 - audio_feat_dim: 768
2025-04-17 18:44:16,224 - num_labels: 20
2025-04-17 18:44:16,224 - num_train_examples: 1779
2025-04-17 18:44:16,224 - ============================== End Params ==============================
2025-04-17 18:44:17,400 - Freeze all parameters but the last layer for efficiency
2025-04-17 18:44:17,433 - Pre-training start...
