2025-04-17 18:43:46,781 - 【无监督】进入了无监督的设定中, 加载数据集
2025-04-17 18:43:46,781 - data preparation...
2025-04-17 18:43:55,681 - Number of train samples = 1779
2025-04-17 18:43:55,682 - Number of testing samples = 445
2025-04-17 18:43:55,682 - data preparation...
2025-04-17 18:43:57,838 - num_train_examples = 1779
2025-04-17 18:43:57,838 - ============================== Params ==============================
2025-04-17 18:43:57,838 - logger_name: umc2_umc2_bert-base-uncased_MIntRec_2
2025-04-17 18:43:57,838 - dataset: MIntRec
2025-04-17 18:43:57,838 - multimodal_method: umc2
2025-04-17 18:43:57,838 - method: umc2
2025-04-17 18:43:57,838 - setting: unsupervised
2025-04-17 18:43:57,838 - merge_dev: False
2025-04-17 18:43:57,838 - text_backbone: bert-base-uncased
2025-04-17 18:43:57,839 - seed: 2
2025-04-17 18:43:57,839 - num_workers: 16
2025-04-17 18:43:57,839 - log_id: umc2_umc2_bert-base-uncased_MIntRec_2_2025-04-17-18-43-46
2025-04-17 18:43:57,839 - gpu_id: 1
2025-04-17 18:43:57,839 - data_path: /root/autodl-tmp/home/Share/Dataset/LZH
2025-04-17 18:43:57,839 - train: True
2025-04-17 18:43:57,839 - tune: True
2025-04-17 18:43:57,839 - save_model: True
2025-04-17 18:43:57,839 - save_results: True
2025-04-17 18:43:57,839 - log_path: logs
2025-04-17 18:43:57,839 - cache_path: cache
2025-04-17 18:43:57,839 - video_data_path: video_data
2025-04-17 18:43:57,839 - audio_data_path: audio_data
2025-04-17 18:43:57,839 - video_feats_path: swin_feats.pkl
2025-04-17 18:43:57,844 - audio_feats_path: wavlm_feats.pkl
2025-04-17 18:43:57,844 - results_path: results
2025-04-17 18:43:57,844 - output_path: /root/autodl-tmp/home/lizhuohang/reaserch/EMNLP/SMC/outputs_test2/MIntRec
2025-04-17 18:43:57,844 - model_path: models
2025-04-17 18:43:57,844 - config_file_name: umc2_MIntRec
2025-04-17 18:43:57,844 - results_file_name: results_umc2_pre.csv
2025-04-17 18:43:57,844 - text_pretrained_model: uncased_L-12_H-768_A-12
2025-04-17 18:43:57,844 - pretrained_bert_model: uncased_L-12_H-768_A-12
2025-04-17 18:43:57,844 - pretrain_batch_size: 128
2025-04-17 18:43:57,844 - train_batch_size: 128
2025-04-17 18:43:57,844 - eval_batch_size: 128
2025-04-17 18:43:57,845 - test_batch_size: 128
2025-04-17 18:43:57,845 - num_pretrain_epochs: 100
2025-04-17 18:43:57,845 - num_train_epochs: 100
2025-04-17 18:43:57,845 - pretrain: [True]
2025-04-17 18:43:57,845 - aligned_method: ctc
2025-04-17 18:43:57,845 - need_aligned: False
2025-04-17 18:43:57,845 - freeze_pretrain_bert_parameters: [True]
2025-04-17 18:43:57,845 - freeze_train_bert_parameters: [True]
2025-04-17 18:43:57,845 - pretrain_temperature: [0.1]
2025-04-17 18:43:57,845 - train_temperature_sup: [0.5]
2025-04-17 18:43:57,845 - train_temperature_unsup: [2]
2025-04-17 18:43:57,845 - activation: tanh
2025-04-17 18:43:57,845 - lr_pre: [1e-05]
2025-04-17 18:43:57,845 - lr: [5e-05]
2025-04-17 18:43:57,845 - delta: [0.05]
2025-04-17 18:43:57,845 - thres: [0.1]
2025-04-17 18:43:57,845 - topk: [5]
2025-04-17 18:43:57,845 - weight_decay: 0.01
2025-04-17 18:43:57,845 - feat_dim: 768
2025-04-17 18:43:57,845 - hidden_size: 768
2025-04-17 18:43:57,845 - grad_clip: -1.0
2025-04-17 18:43:57,845 - warmup_proportion: [0.1]
2025-04-17 18:43:57,845 - hidden_dropout_prob: 0.1
2025-04-17 18:43:57,845 - weight: 1.0
2025-04-17 18:43:57,845 - loss_mode: rdrop
2025-04-17 18:43:57,845 - base_dim: 256
2025-04-17 18:43:57,845 - nheads: 8
2025-04-17 18:43:57,845 - attn_dropout: 0.1
2025-04-17 18:43:57,846 - relu_dropout: 0.1
2025-04-17 18:43:57,846 - embed_dropout: 0.01
2025-04-17 18:43:57,846 - res_dropout: 0.0
2025-04-17 18:43:57,846 - attn_mask: True
2025-04-17 18:43:57,846 - encoder_layers_1: 1
2025-04-17 18:43:57,846 - fusion_act: tanh
2025-04-17 18:43:57,846 - pred_output_path: /root/autodl-tmp/home/lizhuohang/reaserch/EMNLP/SMC/outputs_test2/MIntRec/umc2_umc2_MIntRec_bert-base-uncased_2
2025-04-17 18:43:57,846 - model_output_path: /root/autodl-tmp/home/lizhuohang/reaserch/EMNLP/SMC/outputs_test2/MIntRec/umc2_umc2_MIntRec_bert-base-uncased_2/models
2025-04-17 18:43:57,846 - text_seq_len: 30
2025-04-17 18:43:57,846 - video_seq_len: 230
2025-04-17 18:43:57,846 - audio_seq_len: 480
2025-04-17 18:43:57,846 - text_feat_dim: 768
2025-04-17 18:43:57,846 - video_feat_dim: 1024
2025-04-17 18:43:57,846 - audio_feat_dim: 768
2025-04-17 18:43:57,846 - num_labels: 20
2025-04-17 18:43:57,846 - num_train_examples: 1779
2025-04-17 18:43:57,846 - ============================== End Params ==============================
2025-04-17 18:43:59,062 - Freeze all parameters but the last layer for efficiency
2025-04-17 18:43:59,096 - Pre-training start...
