2025-04-10 23:12:10,925 - ============================== Params ==============================
2025-04-10 23:12:10,925 - logger_name: umc_umc_bert-base-uncased_MIntRec_1
2025-04-10 23:12:10,925 - dataset: MIntRec
2025-04-10 23:12:10,925 - multimodal_method: umc
2025-04-10 23:12:10,926 - method: umc
2025-04-10 23:12:10,926 - text_backbone: bert-base-uncased
2025-04-10 23:12:10,926 - seed: 1
2025-04-10 23:12:10,926 - num_workers: 16
2025-04-10 23:12:10,926 - log_id: umc_umc_bert-base-uncased_MIntRec_1_2025-04-10-23-12-10
2025-04-10 23:12:10,926 - gpu_id: 0
2025-04-10 23:12:10,926 - data_path: /root/autodl-tmp/home/Share/Dataset/LZH
2025-04-10 23:12:10,926 - train: True
2025-04-10 23:12:10,926 - tune: True
2025-04-10 23:12:10,926 - save_model: True
2025-04-10 23:12:10,926 - save_results: True
2025-04-10 23:12:10,926 - log_path: logs
2025-04-10 23:12:10,926 - cache_path: cache
2025-04-10 23:12:10,926 - video_data_path: video_data
2025-04-10 23:12:10,926 - audio_data_path: audio_data
2025-04-10 23:12:10,926 - video_feats_path: swin_feats.pkl
2025-04-10 23:12:10,926 - audio_feats_path: wavlm_feats.pkl
2025-04-10 23:12:10,926 - results_path: results
2025-04-10 23:12:10,926 - output_path: /root/autodl-tmp/home/lizhuohang/reaserch/EMNLP/UMC/outputs/MIntRec
2025-04-10 23:12:10,926 - model_path: models
2025-04-10 23:12:10,926 - config_file_name: umc_MIntRec
2025-04-10 23:12:10,926 - results_file_name: results_umc.csv
2025-04-10 23:12:10,926 - text_pretrained_model: uncased_L-12_H-768_A-12
2025-04-10 23:12:10,926 - text_seq_len: 30
2025-04-10 23:12:10,926 - video_seq_len: 230
2025-04-10 23:12:10,926 - audio_seq_len: 480
2025-04-10 23:12:10,926 - text_feat_dim: 768
2025-04-10 23:12:10,926 - video_feat_dim: 1024
2025-04-10 23:12:10,927 - audio_feat_dim: 768
2025-04-10 23:12:10,927 - num_labels: 20
2025-04-10 23:12:10,927 - num_train_examples: 1779
2025-04-10 23:12:10,927 - pretrained_bert_model: uncased_L-12_H-768_A-12
2025-04-10 23:12:10,927 - pretrain_batch_size: 128
2025-04-10 23:12:10,927 - train_batch_size: 128
2025-04-10 23:12:10,927 - eval_batch_size: 128
2025-04-10 23:12:10,927 - test_batch_size: 128
2025-04-10 23:12:10,927 - num_pretrain_epochs: 100
2025-04-10 23:12:10,927 - num_train_epochs: 100
2025-04-10 23:12:10,927 - pretrain: [True]
2025-04-10 23:12:10,927 - aligned_method: ctc
2025-04-10 23:12:10,927 - need_aligned: False
2025-04-10 23:12:10,927 - freeze_pretrain_bert_parameters: [True]
2025-04-10 23:12:10,927 - freeze_train_bert_parameters: [True]
2025-04-10 23:12:10,927 - pretrain_temperature: [0.2]
2025-04-10 23:12:10,927 - train_temperature_sup: [1.4]
2025-04-10 23:12:10,927 - train_temperature_unsup: [1]
2025-04-10 23:12:10,927 - activation: tanh
2025-04-10 23:12:10,928 - lr_pre: 2e-05
2025-04-10 23:12:10,928 - lr: [0.0003]
2025-04-10 23:12:10,928 - delta: [0.05]
2025-04-10 23:12:10,928 - thres: [0.1]
2025-04-10 23:12:10,928 - topk: [5]
2025-04-10 23:12:10,928 - weight_decay: 0.01
2025-04-10 23:12:10,928 - feat_dim: 768
2025-04-10 23:12:10,928 - hidden_size: 768
2025-04-10 23:12:10,928 - grad_clip: -1.0
2025-04-10 23:12:10,928 - warmup_proportion: 0.1
2025-04-10 23:12:10,928 - hidden_dropout_prob: 0.1
2025-04-10 23:12:10,928 - weight: 1.0
2025-04-10 23:12:10,928 - loss_mode: rdrop
2025-04-10 23:12:10,928 - base_dim: 256
2025-04-10 23:12:10,928 - nheads: 8
2025-04-10 23:12:10,928 - attn_dropout: 0.1
2025-04-10 23:12:10,928 - relu_dropout: 0.1
2025-04-10 23:12:10,928 - embed_dropout: 0.1
2025-04-10 23:12:10,928 - res_dropout: 0.0
2025-04-10 23:12:10,928 - attn_mask: True
2025-04-10 23:12:10,928 - encoder_layers_1: 1
2025-04-10 23:12:10,928 - fusion_act: tanh
2025-04-10 23:12:10,928 - pred_output_path: /root/autodl-tmp/home/lizhuohang/reaserch/EMNLP/UMC/outputs/MIntRec/umc_umc_MIntRec_bert-base-uncased_1
2025-04-10 23:12:10,928 - model_output_path: /root/autodl-tmp/home/lizhuohang/reaserch/EMNLP/UMC/outputs/MIntRec/umc_umc_MIntRec_bert-base-uncased_1/models
2025-04-10 23:12:10,928 - ============================== End Params ==============================
2025-04-10 23:12:12,024 - Freeze all parameters but the last layer for efficiency
2025-04-10 23:12:12,058 - Pre-training start...
