2025-04-15 23:53:48,934 - 进入了无监督的设定中, 加载数据集
2025-04-15 23:53:48,934 - data preparation...
2025-04-15 23:53:57,170 - Number of train samples = 1779
2025-04-15 23:53:57,171 - Number of testing samples = 445
2025-04-15 23:53:57,171 - data preparation...
2025-04-15 23:53:59,461 - num_train_examples = 1779
2025-04-15 23:53:59,461 - ============================== Params ==============================
2025-04-15 23:53:59,461 - logger_name: umc_umc_bert-base-uncased_MIntRec_3
2025-04-15 23:53:59,461 - dataset: MIntRec
2025-04-15 23:53:59,461 - multimodal_method: umc
2025-04-15 23:53:59,461 - method: umc
2025-04-15 23:53:59,461 - setting: unsupervised
2025-04-15 23:53:59,461 - text_backbone: bert-base-uncased
2025-04-15 23:53:59,461 - seed: 3
2025-04-15 23:53:59,462 - num_workers: 16
2025-04-15 23:53:59,462 - log_id: umc_umc_bert-base-uncased_MIntRec_3_2025-04-15-23-53-48
2025-04-15 23:53:59,462 - gpu_id: 1
2025-04-15 23:53:59,462 - data_path: /root/autodl-tmp/home/Share/Dataset/LZH
2025-04-15 23:53:59,462 - train: True
2025-04-15 23:53:59,462 - tune: True
2025-04-15 23:53:59,462 - save_model: True
2025-04-15 23:53:59,462 - save_results: True
2025-04-15 23:53:59,462 - log_path: logs
2025-04-15 23:53:59,462 - cache_path: cache
2025-04-15 23:53:59,462 - video_data_path: video_data
2025-04-15 23:53:59,462 - audio_data_path: audio_data
2025-04-15 23:53:59,462 - video_feats_path: swin_feats.pkl
2025-04-15 23:53:59,462 - audio_feats_path: wavlm_feats.pkl
2025-04-15 23:53:59,462 - results_path: results
2025-04-15 23:53:59,462 - output_path: /root/autodl-tmp/home/lizhuohang/reaserch/EMNLP/SMC/outputs_test/MIntRec
2025-04-15 23:53:59,462 - model_path: models
2025-04-15 23:53:59,462 - config_file_name: umc_MIntRec
2025-04-15 23:53:59,462 - results_file_name: results_umc.csv
2025-04-15 23:53:59,462 - text_pretrained_model: uncased_L-12_H-768_A-12
2025-04-15 23:53:59,462 - pretrained_bert_model: uncased_L-12_H-768_A-12
2025-04-15 23:53:59,462 - pretrain_batch_size: 128
2025-04-15 23:53:59,462 - train_batch_size: 128
2025-04-15 23:53:59,462 - eval_batch_size: 128
2025-04-15 23:53:59,462 - test_batch_size: 128
2025-04-15 23:53:59,462 - num_pretrain_epochs: 100
2025-04-15 23:53:59,462 - num_train_epochs: 100
2025-04-15 23:53:59,462 - pretrain: [False]
2025-04-15 23:53:59,462 - aligned_method: ctc
2025-04-15 23:53:59,462 - need_aligned: False
2025-04-15 23:53:59,463 - freeze_pretrain_bert_parameters: [True]
2025-04-15 23:53:59,463 - freeze_train_bert_parameters: [True]
2025-04-15 23:53:59,463 - pretrain_temperature: [0.1]
2025-04-15 23:53:59,463 - train_temperature_sup: [0.5, 1, 2, 4, 6, 8]
2025-04-15 23:53:59,463 - train_temperature_unsup: [0.5, 1, 2, 4, 6, 8]
2025-04-15 23:53:59,463 - activation: tanh
2025-04-15 23:53:59,463 - lr_pre: 1e-05
2025-04-15 23:53:59,463 - lr: [0.0001]
2025-04-15 23:53:59,463 - delta: [0.05]
2025-04-15 23:53:59,463 - thres: [0.1]
2025-04-15 23:53:59,463 - topk: [5]
2025-04-15 23:53:59,463 - weight_decay: 0.01
2025-04-15 23:53:59,463 - feat_dim: 768
2025-04-15 23:53:59,463 - hidden_size: 768
2025-04-15 23:53:59,463 - grad_clip: -1.0
2025-04-15 23:53:59,463 - warmup_proportion: 0.5
2025-04-15 23:53:59,464 - hidden_dropout_prob: 0.1
2025-04-15 23:53:59,464 - weight: 1.0
2025-04-15 23:53:59,464 - loss_mode: rdrop
2025-04-15 23:53:59,464 - base_dim: 256
2025-04-15 23:53:59,464 - nheads: 8
2025-04-15 23:53:59,464 - attn_dropout: 0.1
2025-04-15 23:53:59,464 - relu_dropout: 0.1
2025-04-15 23:53:59,464 - embed_dropout: 0.01
2025-04-15 23:53:59,464 - res_dropout: 0.0
2025-04-15 23:53:59,464 - attn_mask: True
2025-04-15 23:53:59,464 - encoder_layers_1: 1
2025-04-15 23:53:59,464 - fusion_act: tanh
2025-04-15 23:53:59,464 - pred_output_path: /root/autodl-tmp/home/lizhuohang/reaserch/EMNLP/SMC/outputs_test/MIntRec/umc_umc_MIntRec_bert-base-uncased_3
2025-04-15 23:53:59,464 - model_output_path: /root/autodl-tmp/home/lizhuohang/reaserch/EMNLP/SMC/outputs_test/MIntRec/umc_umc_MIntRec_bert-base-uncased_3/models
2025-04-15 23:53:59,464 - text_seq_len: 30
2025-04-15 23:53:59,464 - video_seq_len: 230
2025-04-15 23:53:59,464 - audio_seq_len: 480
2025-04-15 23:53:59,464 - text_feat_dim: 768
2025-04-15 23:53:59,464 - video_feat_dim: 1024
2025-04-15 23:53:59,464 - audio_feat_dim: 768
2025-04-15 23:53:59,464 - num_train_examples: 1779
2025-04-15 23:53:59,464 - ============================== End Params ==============================
2025-04-15 23:54:00,640 - Freeze all parameters but the last layer for efficiency
