2025-04-10 21:18:09,237 - ============================== Params ==============================
2025-04-10 21:18:09,237 - logger_name: umc_umc_bert-base-uncased_MIntRec_0
2025-04-10 21:18:09,237 - dataset: MIntRec
2025-04-10 21:18:09,237 - multimodal_method: umc
2025-04-10 21:18:09,237 - method: umc
2025-04-10 21:18:09,237 - text_backbone: bert-base-uncased
2025-04-10 21:18:09,237 - seed: 0
2025-04-10 21:18:09,237 - num_workers: 16
2025-04-10 21:18:09,237 - log_id: umc_umc_bert-base-uncased_MIntRec_0_2025-04-10-21-18-09
2025-04-10 21:18:09,237 - gpu_id: 0
2025-04-10 21:18:09,237 - data_path: /root/autodl-tmp/home/Share/Dataset/LZH
2025-04-10 21:18:09,238 - train: True
2025-04-10 21:18:09,238 - tune: True
2025-04-10 21:18:09,238 - save_model: True
2025-04-10 21:18:09,238 - save_results: True
2025-04-10 21:18:09,238 - log_path: logs
2025-04-10 21:18:09,238 - cache_path: cache
2025-04-10 21:18:09,238 - video_data_path: video_data
2025-04-10 21:18:09,238 - audio_data_path: audio_data
2025-04-10 21:18:09,238 - video_feats_path: swin_feats.pkl
2025-04-10 21:18:09,238 - audio_feats_path: wavlm_feats.pkl
2025-04-10 21:18:09,238 - results_path: results
2025-04-10 21:18:09,238 - output_path: /root/autodl-tmp/home/lizhuohang/reaserch/EMNLP/UMC/outputs/MIntRec
2025-04-10 21:18:09,238 - model_path: models
2025-04-10 21:18:09,238 - config_file_name: umc_MIntRec
2025-04-10 21:18:09,238 - results_file_name: results_umc.csv
2025-04-10 21:18:09,238 - text_pretrained_model: uncased_L-12_H-768_A-12
2025-04-10 21:18:09,238 - text_seq_len: 30
2025-04-10 21:18:09,238 - video_seq_len: 230
2025-04-10 21:18:09,238 - audio_seq_len: 480
2025-04-10 21:18:09,238 - text_feat_dim: 768
2025-04-10 21:18:09,238 - video_feat_dim: 1024
2025-04-10 21:18:09,238 - audio_feat_dim: 768
2025-04-10 21:18:09,238 - num_labels: 20
2025-04-10 21:18:09,238 - num_train_examples: 1779
2025-04-10 21:18:09,238 - pretrained_bert_model: uncased_L-12_H-768_A-12
2025-04-10 21:18:09,238 - pretrain_batch_size: 128
2025-04-10 21:18:09,238 - train_batch_size: 128
2025-04-10 21:18:09,238 - eval_batch_size: 128
2025-04-10 21:18:09,238 - test_batch_size: 128
2025-04-10 21:18:09,238 - num_pretrain_epochs: 100
2025-04-10 21:18:09,238 - num_train_epochs: 100
2025-04-10 21:18:09,239 - pretrain: [False]
2025-04-10 21:18:09,239 - aligned_method: ctc
2025-04-10 21:18:09,239 - need_aligned: False
2025-04-10 21:18:09,239 - freeze_pretrain_bert_parameters: [True]
2025-04-10 21:18:09,239 - freeze_train_bert_parameters: [True]
2025-04-10 21:18:09,239 - pretrain_temperature: [0.2]
2025-04-10 21:18:09,239 - train_temperature_sup: [1.4]
2025-04-10 21:18:09,239 - train_temperature_unsup: [1]
2025-04-10 21:18:09,239 - activation: tanh
2025-04-10 21:18:09,239 - lr_pre: 2e-05
2025-04-10 21:18:09,239 - lr: [0.0003]
2025-04-10 21:18:09,239 - delta: [0.05]
2025-04-10 21:18:09,239 - thres: [0.1]
2025-04-10 21:18:09,239 - topk: [5]
2025-04-10 21:18:09,239 - weight_decay: 0.01
2025-04-10 21:18:09,239 - feat_dim: 768
2025-04-10 21:18:09,239 - hidden_size: 768
2025-04-10 21:18:09,239 - grad_clip: -1.0
2025-04-10 21:18:09,240 - warmup_proportion: 0.1
2025-04-10 21:18:09,240 - hidden_dropout_prob: 0.1
2025-04-10 21:18:09,240 - weight: 1.0
2025-04-10 21:18:09,240 - loss_mode: rdrop
2025-04-10 21:18:09,240 - base_dim: 256
2025-04-10 21:18:09,240 - nheads: 8
2025-04-10 21:18:09,240 - attn_dropout: 0.1
2025-04-10 21:18:09,240 - relu_dropout: 0.1
2025-04-10 21:18:09,240 - embed_dropout: 0.1
2025-04-10 21:18:09,240 - res_dropout: 0.0
2025-04-10 21:18:09,240 - attn_mask: True
2025-04-10 21:18:09,240 - encoder_layers_1: 1
2025-04-10 21:18:09,240 - fusion_act: tanh
2025-04-10 21:18:09,240 - pred_output_path: /root/autodl-tmp/home/lizhuohang/reaserch/EMNLP/UMC/outputs/MIntRec/umc_umc_MIntRec_bert-base-uncased_0
2025-04-10 21:18:09,240 - model_output_path: /root/autodl-tmp/home/lizhuohang/reaserch/EMNLP/UMC/outputs/MIntRec/umc_umc_MIntRec_bert-base-uncased_0/models
2025-04-10 21:18:09,240 - ============================== End Params ==============================
2025-04-10 21:18:10,370 - Freeze all parameters but the last layer for efficiency
2025-04-10 21:18:11,304 - Freeze all parameters but the last layer for efficiency
2025-04-10 21:18:11,312 - Multimodal Intent Recognition begins...
2025-04-10 21:18:11,312 - Training begins...
2025-04-10 21:18:29,108 - Initializing centroids with K-means++...
2025-04-10 21:18:29,178 - K-means++ used 0.07 s
2025-04-10 21:18:57,623 - K-means used 0.02 s
2025-04-10 21:18:58,308 - ***** Epoch: 1 *****
2025-04-10 21:18:58,309 - Supervised Training Loss: 4.896830
2025-04-10 21:18:58,309 - Unsupervised Training Loss: 5.090490
2025-04-10 21:19:25,985 - K-means used 0.01 s
2025-04-10 21:19:26,670 - ***** Epoch: 2 *****
2025-04-10 21:19:26,671 - Supervised Training Loss: 4.210330
2025-04-10 21:19:26,671 - Unsupervised Training Loss: 5.127230
2025-04-10 21:19:54,055 - K-means used 0.01 s
2025-04-10 21:19:54,772 - ***** Epoch: 3 *****
2025-04-10 21:19:54,772 - Supervised Training Loss: 5.304690
2025-04-10 21:19:54,772 - Unsupervised Training Loss: 4.971370
2025-04-10 21:20:22,696 - K-means used 0.01 s
2025-04-10 21:20:23,430 - ***** Epoch: 4 *****
2025-04-10 21:20:23,430 - Supervised Training Loss: 5.147090
2025-04-10 21:20:23,430 - Unsupervised Training Loss: 5.040920
2025-04-10 21:20:50,586 - K-means used 0.01 s
2025-04-10 21:20:51,373 - ***** Epoch: 5 *****
2025-04-10 21:20:51,374 - Supervised Training Loss: 4.907470
2025-04-10 21:20:51,374 - Unsupervised Training Loss: 5.072340
2025-04-10 21:21:19,701 - K-means used 0.04 s
2025-04-10 21:21:20,543 - ***** Epoch: 6 *****
2025-04-10 21:21:20,543 - Supervised Training Loss: 5.298480
2025-04-10 21:21:20,544 - Unsupervised Training Loss: 4.870770
2025-04-10 21:21:48,991 - K-means used 0.01 s
2025-04-10 21:21:49,838 - ***** Epoch: 7 *****
2025-04-10 21:21:49,838 - Supervised Training Loss: 5.228290
2025-04-10 21:21:49,838 - Unsupervised Training Loss: 4.989690
2025-04-10 21:22:17,386 - K-means used 0.01 s
2025-04-10 21:22:18,295 - ***** Epoch: 8 *****
2025-04-10 21:22:18,295 - Supervised Training Loss: 5.106990
2025-04-10 21:22:18,295 - Unsupervised Training Loss: 5.041100
2025-04-10 21:22:48,018 - K-means used 0.01 s
2025-04-10 21:22:48,948 - ***** Epoch: 9 *****
2025-04-10 21:22:48,948 - Supervised Training Loss: 5.316680
2025-04-10 21:22:48,948 - Unsupervised Training Loss: 5.079160
2025-04-10 21:23:18,841 - K-means used 0.01 s
2025-04-10 21:23:19,849 - ***** Epoch: 10 *****
2025-04-10 21:23:19,849 - Supervised Training Loss: 5.257790
2025-04-10 21:23:19,849 - Unsupervised Training Loss: 4.921600
2025-04-10 21:23:50,197 - K-means used 0.01 s
2025-04-10 21:23:51,238 - ***** Epoch: 11 *****
2025-04-10 21:23:51,238 - Supervised Training Loss: 5.170560
2025-04-10 21:23:51,238 - Unsupervised Training Loss: 5.016320
2025-04-10 21:24:21,436 - K-means used 0.01 s
2025-04-10 21:24:22,552 - ***** Epoch: 12 *****
2025-04-10 21:24:22,552 - Supervised Training Loss: 5.318940
2025-04-10 21:24:22,552 - Unsupervised Training Loss: 5.073990
2025-04-10 21:24:51,657 - K-means used 0.01 s
2025-04-10 21:24:52,790 - ***** Epoch: 13 *****
2025-04-10 21:24:52,790 - Supervised Training Loss: 5.277900
2025-04-10 21:24:52,790 - Unsupervised Training Loss: 4.812940
2025-04-10 21:25:22,732 - K-means used 0.01 s
2025-04-10 21:25:23,937 - ***** Epoch: 14 *****
2025-04-10 21:25:23,938 - Supervised Training Loss: 5.235200
2025-04-10 21:25:23,938 - Unsupervised Training Loss: 4.927760
2025-04-10 21:25:53,931 - K-means used 0.01 s
2025-04-10 21:25:55,221 - ***** Epoch: 15 *****
2025-04-10 21:25:55,221 - Supervised Training Loss: 5.060700
2025-04-10 21:25:55,221 - Unsupervised Training Loss: 5.051550
2025-04-10 21:26:24,604 - K-means used 0.03 s
2025-04-10 21:26:25,952 - ***** Epoch: 16 *****
2025-04-10 21:26:25,952 - Supervised Training Loss: 5.303530
2025-04-10 21:26:25,952 - Unsupervised Training Loss: 4.491860
2025-04-10 21:26:56,217 - K-means used 0.01 s
2025-04-10 21:26:57,653 - ***** Epoch: 17 *****
2025-04-10 21:26:57,653 - Supervised Training Loss: 5.271940
2025-04-10 21:26:57,653 - Unsupervised Training Loss: 4.713220
2025-04-10 21:27:14,325 - Training is finished...
2025-04-10 21:27:14,325 - Testing begins...
2025-04-10 21:27:21,799 - ***** Test results *****
2025-04-10 21:27:21,800 -   ACC = 39.78
2025-04-10 21:27:21,800 -   ARI = 19.77
2025-04-10 21:27:21,800 -   NMI = 44.7
2025-04-10 21:27:21,800 -   fmi = 24.73
2025-04-10 21:27:21,800 - Testing is finished...
2025-04-10 21:27:21,800 - Multimodal intent recognition is finished...
2025-04-10 21:27:21,800 - Results are saved in results/results_umc.csv
