2025-04-10 22:03:49,265 - ============================== Params ==============================
2025-04-10 22:03:49,266 - logger_name: umc_umc_bert-base-uncased_MIntRec_2
2025-04-10 22:03:49,266 - dataset: MIntRec
2025-04-10 22:03:49,266 - multimodal_method: umc
2025-04-10 22:03:49,266 - method: umc
2025-04-10 22:03:49,266 - text_backbone: bert-base-uncased
2025-04-10 22:03:49,266 - seed: 2
2025-04-10 22:03:49,266 - num_workers: 16
2025-04-10 22:03:49,266 - log_id: umc_umc_bert-base-uncased_MIntRec_2_2025-04-10-22-03-49
2025-04-10 22:03:49,266 - gpu_id: 0
2025-04-10 22:03:49,266 - data_path: /root/autodl-tmp/home/Share/Dataset/LZH
2025-04-10 22:03:49,266 - train: True
2025-04-10 22:03:49,266 - tune: True
2025-04-10 22:03:49,266 - save_model: True
2025-04-10 22:03:49,266 - save_results: True
2025-04-10 22:03:49,266 - log_path: logs
2025-04-10 22:03:49,266 - cache_path: cache
2025-04-10 22:03:49,266 - video_data_path: video_data
2025-04-10 22:03:49,266 - audio_data_path: audio_data
2025-04-10 22:03:49,266 - video_feats_path: swin_feats.pkl
2025-04-10 22:03:49,266 - audio_feats_path: wavlm_feats.pkl
2025-04-10 22:03:49,266 - results_path: results
2025-04-10 22:03:49,266 - output_path: /root/autodl-tmp/home/lizhuohang/reaserch/EMNLP/UMC/outputs/MIntRec
2025-04-10 22:03:49,266 - model_path: models
2025-04-10 22:03:49,267 - config_file_name: umc_MIntRec
2025-04-10 22:03:49,267 - results_file_name: results_umc.csv
2025-04-10 22:03:49,267 - text_pretrained_model: uncased_L-12_H-768_A-12
2025-04-10 22:03:49,267 - text_seq_len: 30
2025-04-10 22:03:49,267 - video_seq_len: 230
2025-04-10 22:03:49,267 - audio_seq_len: 480
2025-04-10 22:03:49,267 - text_feat_dim: 768
2025-04-10 22:03:49,267 - video_feat_dim: 1024
2025-04-10 22:03:49,267 - audio_feat_dim: 768
2025-04-10 22:03:49,267 - num_labels: 20
2025-04-10 22:03:49,267 - num_train_examples: 1779
2025-04-10 22:03:49,267 - pretrained_bert_model: uncased_L-12_H-768_A-12
2025-04-10 22:03:49,267 - pretrain_batch_size: 128
2025-04-10 22:03:49,267 - train_batch_size: 128
2025-04-10 22:03:49,267 - eval_batch_size: 128
2025-04-10 22:03:49,267 - test_batch_size: 128
2025-04-10 22:03:49,267 - num_pretrain_epochs: 100
2025-04-10 22:03:49,267 - num_train_epochs: 100
2025-04-10 22:03:49,267 - pretrain: [True]
2025-04-10 22:03:49,268 - aligned_method: ctc
2025-04-10 22:03:49,268 - need_aligned: False
2025-04-10 22:03:49,268 - freeze_pretrain_bert_parameters: [True]
2025-04-10 22:03:49,268 - freeze_train_bert_parameters: [True]
2025-04-10 22:03:49,268 - pretrain_temperature: [0.2]
2025-04-10 22:03:49,268 - train_temperature_sup: [1.4]
2025-04-10 22:03:49,268 - train_temperature_unsup: [1]
2025-04-10 22:03:49,268 - activation: tanh
2025-04-10 22:03:49,268 - lr_pre: 2e-05
2025-04-10 22:03:49,268 - lr: [0.0003]
2025-04-10 22:03:49,268 - delta: [0.05]
2025-04-10 22:03:49,268 - thres: [0.1]
2025-04-10 22:03:49,268 - topk: [5]
2025-04-10 22:03:49,268 - weight_decay: 0.01
2025-04-10 22:03:49,268 - feat_dim: 768
2025-04-10 22:03:49,268 - hidden_size: 768
2025-04-10 22:03:49,268 - grad_clip: -1.0
2025-04-10 22:03:49,268 - warmup_proportion: 0.1
2025-04-10 22:03:49,268 - hidden_dropout_prob: 0.1
2025-04-10 22:03:49,268 - weight: 1.0
2025-04-10 22:03:49,268 - loss_mode: rdrop
2025-04-10 22:03:49,268 - base_dim: 256
2025-04-10 22:03:49,268 - nheads: 8
2025-04-10 22:03:49,268 - attn_dropout: 0.1
2025-04-10 22:03:49,268 - relu_dropout: 0.1
2025-04-10 22:03:49,268 - embed_dropout: 0.1
2025-04-10 22:03:49,268 - res_dropout: 0.0
2025-04-10 22:03:49,268 - attn_mask: True
2025-04-10 22:03:49,268 - encoder_layers_1: 1
2025-04-10 22:03:49,268 - fusion_act: tanh
2025-04-10 22:03:49,269 - pred_output_path: /root/autodl-tmp/home/lizhuohang/reaserch/EMNLP/UMC/outputs/MIntRec/umc_umc_MIntRec_bert-base-uncased_2
2025-04-10 22:03:49,269 - model_output_path: /root/autodl-tmp/home/lizhuohang/reaserch/EMNLP/UMC/outputs/MIntRec/umc_umc_MIntRec_bert-base-uncased_2/models
2025-04-10 22:03:49,269 - ============================== End Params ==============================
2025-04-10 22:03:51,330 - Freeze all parameters but the last layer for efficiency
2025-04-10 22:03:51,364 - Pre-training start...
2025-04-10 22:04:05,973 - ***** Epoch: 1: Eval results *****
2025-04-10 22:04:05,973 -   train_loss = 5.940881763185773
2025-04-10 22:04:21,118 - ***** Epoch: 2: Eval results *****
2025-04-10 22:04:21,118 -   train_loss = 5.936445815222604
2025-04-10 22:04:35,858 - ***** Epoch: 3: Eval results *****
2025-04-10 22:04:35,859 -   train_loss = 5.933709280831473
