2025-04-15 23:55:53,318 - 进入了无监督的设定中, 加载数据集
2025-04-15 23:55:53,318 - data preparation...
2025-04-15 23:57:01,028 - Number of train samples = 7532
2025-04-15 23:57:01,029 - Number of testing samples = 1884
2025-04-15 23:57:01,029 - data preparation...
2025-04-15 23:57:16,463 - num_train_examples = 7532
2025-04-15 23:57:16,464 - ============================== Params ==============================
2025-04-15 23:57:16,464 - logger_name: umc_umc_bert-base-uncased_IEMOCAP-DA_3
2025-04-15 23:57:16,465 - dataset: IEMOCAP-DA
2025-04-15 23:57:16,465 - multimodal_method: umc
2025-04-15 23:57:16,465 - method: umc
2025-04-15 23:57:16,465 - setting: unsupervised
2025-04-15 23:57:16,465 - text_backbone: bert-base-uncased
2025-04-15 23:57:16,465 - seed: 3
2025-04-15 23:57:16,465 - num_workers: 16
2025-04-15 23:57:16,465 - log_id: umc_umc_bert-base-uncased_IEMOCAP-DA_3_2025-04-15-23-55-53
2025-04-15 23:57:16,465 - gpu_id: 0
2025-04-15 23:57:16,465 - data_path: /root/autodl-tmp/home/Share/Dataset/LZH
2025-04-15 23:57:16,465 - train: True
2025-04-15 23:57:16,465 - tune: True
2025-04-15 23:57:16,465 - save_model: True
2025-04-15 23:57:16,465 - save_results: True
2025-04-15 23:57:16,465 - log_path: logs
2025-04-15 23:57:16,465 - cache_path: cache
2025-04-15 23:57:16,465 - video_data_path: video_data
2025-04-15 23:57:16,465 - audio_data_path: audio_data
2025-04-15 23:57:16,465 - video_feats_path: swin_feats.pkl
2025-04-15 23:57:16,466 - audio_feats_path: wavlm_feats.pkl
2025-04-15 23:57:16,466 - results_path: results
2025-04-15 23:57:16,466 - output_path: /root/autodl-tmp/home/lizhuohang/reaserch/EMNLP/SMC/outputs_test/IEMOCAP-DA
2025-04-15 23:57:16,466 - model_path: models
2025-04-15 23:57:16,466 - config_file_name: umc_IEMOCAP-DA
2025-04-15 23:57:16,466 - results_file_name: results_umc.csv
2025-04-15 23:57:16,466 - text_pretrained_model: uncased_L-12_H-768_A-12
2025-04-15 23:57:16,466 - pretrained_bert_model: uncased_L-12_H-768_A-12
2025-04-15 23:57:16,466 - pretrain_batch_size: 128
2025-04-15 23:57:16,466 - train_batch_size: 128
2025-04-15 23:57:16,466 - eval_batch_size: 128
2025-04-15 23:57:16,466 - test_batch_size: 128
2025-04-15 23:57:16,466 - num_pretrain_epochs: 100
2025-04-15 23:57:16,466 - num_train_epochs: 100
2025-04-15 23:57:16,466 - pretrain: [False]
2025-04-15 23:57:16,466 - aligned_method: ctc
2025-04-15 23:57:16,466 - need_aligned: False
2025-04-15 23:57:16,466 - freeze_pretrain_bert_parameters: True
2025-04-15 23:57:16,466 - freeze_train_bert_parameters: True
2025-04-15 23:57:16,466 - pretrain_temperature: [0.2]
2025-04-15 23:57:16,467 - train_temperature_sup: [10]
2025-04-15 23:57:16,467 - train_temperature_unsup: [20]
2025-04-15 23:57:16,467 - activation: tanh
2025-04-15 23:57:16,467 - lr_pre: 2e-05
2025-04-15 23:57:16,467 - lr: [0.0005]
2025-04-15 23:57:16,467 - delta: [0.05]
2025-04-15 23:57:16,467 - thres: [0.1]
2025-04-15 23:57:16,467 - topk: [5]
2025-04-15 23:57:16,467 - weight_decay: 0.01
2025-04-15 23:57:16,467 - feat_dim: 768
2025-04-15 23:57:16,467 - hidden_size: 768
2025-04-15 23:57:16,468 - grad_clip: [-1.0]
2025-04-15 23:57:16,468 - warmup_proportion: 0.1
2025-04-15 23:57:16,468 - hidden_dropout_prob: 0.1
2025-04-15 23:57:16,468 - weight: 1.0
2025-04-15 23:57:16,468 - loss_mode: rdrop
2025-04-15 23:57:16,468 - base_dim: [256]
2025-04-15 23:57:16,468 - nheads: 8
2025-04-15 23:57:16,468 - attn_dropout: 0.1
2025-04-15 23:57:16,468 - relu_dropout: 0.1
2025-04-15 23:57:16,468 - embed_dropout: 0.1
2025-04-15 23:57:16,468 - res_dropout: 0.0
2025-04-15 23:57:16,468 - attn_mask: True
2025-04-15 23:57:16,468 - encoder_layers_1: 1
2025-04-15 23:57:16,468 - fusion_act: tanh
2025-04-15 23:57:16,468 - pred_output_path: /root/autodl-tmp/home/lizhuohang/reaserch/EMNLP/SMC/outputs_test/IEMOCAP-DA/umc_umc_IEMOCAP-DA_bert-base-uncased_3
2025-04-15 23:57:16,468 - model_output_path: /root/autodl-tmp/home/lizhuohang/reaserch/EMNLP/SMC/outputs_test/IEMOCAP-DA/umc_umc_IEMOCAP-DA_bert-base-uncased_3/models
2025-04-15 23:57:16,468 - text_seq_len: 44
2025-04-15 23:57:16,468 - video_seq_len: 230
2025-04-15 23:57:16,468 - audio_seq_len: 380
2025-04-15 23:57:16,468 - text_feat_dim: 768
2025-04-15 23:57:16,469 - video_feat_dim: 1024
2025-04-15 23:57:16,469 - audio_feat_dim: 768
2025-04-15 23:57:16,469 - num_train_examples: 7532
2025-04-15 23:57:16,469 - ============================== End Params ==============================
2025-04-15 23:57:17,789 - Freeze all parameters but the last layer for efficiency
