2025-04-10 20:34:52,729 - ============================== Params ==============================
2025-04-10 20:34:52,729 - logger_name: umc_umc_bert-base-uncased_MIntRec_0
2025-04-10 20:34:52,729 - dataset: MIntRec
2025-04-10 20:34:52,729 - multimodal_method: umc
2025-04-10 20:34:52,729 - method: umc
2025-04-10 20:34:52,729 - text_backbone: bert-base-uncased
2025-04-10 20:34:52,729 - seed: 0
2025-04-10 20:34:52,729 - num_workers: 16
2025-04-10 20:34:52,729 - log_id: umc_umc_bert-base-uncased_MIntRec_0_2025-04-10-20-34-52
2025-04-10 20:34:52,729 - gpu_id: 1
2025-04-10 20:34:52,729 - data_path: /root/autodl-tmp/home/Share/Dataset/LZH
2025-04-10 20:34:52,729 - train: True
2025-04-10 20:34:52,729 - tune: True
2025-04-10 20:34:52,729 - save_model: True
2025-04-10 20:34:52,729 - save_results: True
2025-04-10 20:34:52,729 - log_path: logs
2025-04-10 20:34:52,729 - cache_path: cache
2025-04-10 20:34:52,730 - video_data_path: video_data
2025-04-10 20:34:52,730 - audio_data_path: audio_data
2025-04-10 20:34:52,730 - video_feats_path: swin_feats.pkl
2025-04-10 20:34:52,730 - audio_feats_path: wavlm_feats.pkl
2025-04-10 20:34:52,730 - results_path: results
2025-04-10 20:34:52,730 - output_path: /root/autodl-tmp/home/lizhuohang/reaserch/EMNLP/UMC/outputs/MIntRec
2025-04-10 20:34:52,730 - model_path: models
2025-04-10 20:34:52,730 - config_file_name: umc_MIntRec
2025-04-10 20:34:52,730 - results_file_name: results_umc.csv
2025-04-10 20:34:52,730 - text_pretrained_model: /root/autodl-tmp/home/Share/Model/BERT/uncased_L-12_H-768_A-12
2025-04-10 20:34:52,730 - text_seq_len: 30
2025-04-10 20:34:52,730 - video_seq_len: 230
2025-04-10 20:34:52,730 - audio_seq_len: 480
2025-04-10 20:34:52,730 - text_feat_dim: 768
2025-04-10 20:34:52,730 - video_feat_dim: 1024
2025-04-10 20:34:52,730 - audio_feat_dim: 768
2025-04-10 20:34:52,730 - num_labels: 20
2025-04-10 20:34:52,730 - num_train_examples: 1779
2025-04-10 20:34:52,730 - pretrained_bert_model: uncased_L-12_H-768_A-12
2025-04-10 20:34:52,730 - pretrain_batch_size: 128
2025-04-10 20:34:52,730 - train_batch_size: 128
2025-04-10 20:34:52,730 - eval_batch_size: 128
2025-04-10 20:34:52,730 - test_batch_size: 128
2025-04-10 20:34:52,730 - num_pretrain_epochs: 100
2025-04-10 20:34:52,730 - num_train_epochs: 100
2025-04-10 20:34:52,730 - pretrain: [True]
2025-04-10 20:34:52,730 - aligned_method: ctc
2025-04-10 20:34:52,730 - need_aligned: False
2025-04-10 20:34:52,730 - freeze_pretrain_bert_parameters: [True]
2025-04-10 20:34:52,730 - freeze_train_bert_parameters: [True]
2025-04-10 20:34:52,731 - pretrain_temperature: [0.2]
2025-04-10 20:34:52,731 - train_temperature_sup: [1.4]
2025-04-10 20:34:52,731 - train_temperature_unsup: [1]
2025-04-10 20:34:52,731 - activation: tanh
2025-04-10 20:34:52,731 - lr_pre: 2e-05
2025-04-10 20:34:52,731 - lr: [0.0003]
2025-04-10 20:34:52,731 - delta: [0.05]
2025-04-10 20:34:52,731 - thres: [0.1]
2025-04-10 20:34:52,731 - topk: [5]
2025-04-10 20:34:52,731 - weight_decay: 0.01
2025-04-10 20:34:52,731 - feat_dim: 768
2025-04-10 20:34:52,731 - hidden_size: 768
2025-04-10 20:34:52,731 - grad_clip: -1.0
2025-04-10 20:34:52,731 - warmup_proportion: 0.1
2025-04-10 20:34:52,731 - hidden_dropout_prob: 0.1
2025-04-10 20:34:52,731 - weight: 1.0
2025-04-10 20:34:52,731 - loss_mode: rdrop
2025-04-10 20:34:52,732 - base_dim: 256
2025-04-10 20:34:52,732 - nheads: 8
2025-04-10 20:34:52,732 - attn_dropout: 0.1
2025-04-10 20:34:52,732 - relu_dropout: 0.1
2025-04-10 20:34:52,732 - embed_dropout: 0.1
2025-04-10 20:34:52,732 - res_dropout: 0.0
2025-04-10 20:34:52,732 - attn_mask: True
2025-04-10 20:34:52,732 - encoder_layers_1: 1
2025-04-10 20:34:52,732 - fusion_act: tanh
2025-04-10 20:34:52,732 - pred_output_path: /root/autodl-tmp/home/lizhuohang/reaserch/EMNLP/UMC/outputs/MIntRec/umc_umc_MIntRec_bert-base-uncased_0
2025-04-10 20:34:52,732 - model_output_path: /root/autodl-tmp/home/lizhuohang/reaserch/EMNLP/UMC/outputs/MIntRec/umc_umc_MIntRec_bert-base-uncased_0/models
2025-04-10 20:34:52,732 - ============================== End Params ==============================
2025-04-10 20:34:53,324 - Freeze all parameters but the last layer for efficiency
