2025-04-15 23:53:20,021 - 进入了无监督的设定中, 加载数据集
2025-04-15 23:53:20,021 - data preparation...
2025-04-15 23:53:28,344 - Number of train samples = 1779
2025-04-15 23:53:28,345 - Number of testing samples = 445
2025-04-15 23:53:28,345 - data preparation...
2025-04-15 23:53:30,451 - num_train_examples = 1779
2025-04-15 23:53:30,452 - ============================== Params ==============================
2025-04-15 23:53:30,452 - logger_name: umc_umc_bert-base-uncased_MIntRec_2
2025-04-15 23:53:30,452 - dataset: MIntRec
2025-04-15 23:53:30,452 - multimodal_method: umc
2025-04-15 23:53:30,452 - method: umc
2025-04-15 23:53:30,452 - setting: unsupervised
2025-04-15 23:53:30,452 - text_backbone: bert-base-uncased
2025-04-15 23:53:30,452 - seed: 2
2025-04-15 23:53:30,452 - num_workers: 16
2025-04-15 23:53:30,452 - log_id: umc_umc_bert-base-uncased_MIntRec_2_2025-04-15-23-53-20
2025-04-15 23:53:30,452 - gpu_id: 0
2025-04-15 23:53:30,452 - data_path: /root/autodl-tmp/home/Share/Dataset/LZH
2025-04-15 23:53:30,452 - train: True
2025-04-15 23:53:30,452 - tune: True
2025-04-15 23:53:30,452 - save_model: True
2025-04-15 23:53:30,452 - save_results: True
2025-04-15 23:53:30,452 - log_path: logs
2025-04-15 23:53:30,452 - cache_path: cache
2025-04-15 23:53:30,452 - video_data_path: video_data
2025-04-15 23:53:30,452 - audio_data_path: audio_data
2025-04-15 23:53:30,452 - video_feats_path: swin_feats.pkl
2025-04-15 23:53:30,453 - audio_feats_path: wavlm_feats.pkl
2025-04-15 23:53:30,453 - results_path: results
2025-04-15 23:53:30,453 - output_path: /root/autodl-tmp/home/lizhuohang/reaserch/EMNLP/SMC/outputs_test/MIntRec
2025-04-15 23:53:30,453 - model_path: models
2025-04-15 23:53:30,453 - config_file_name: umc_MIntRec
2025-04-15 23:53:30,453 - results_file_name: results_umc.csv
2025-04-15 23:53:30,453 - text_pretrained_model: uncased_L-12_H-768_A-12
2025-04-15 23:53:30,453 - pretrained_bert_model: uncased_L-12_H-768_A-12
2025-04-15 23:53:30,453 - pretrain_batch_size: 128
2025-04-15 23:53:30,453 - train_batch_size: 128
2025-04-15 23:53:30,453 - eval_batch_size: 128
2025-04-15 23:53:30,453 - test_batch_size: 128
2025-04-15 23:53:30,453 - num_pretrain_epochs: 100
2025-04-15 23:53:30,453 - num_train_epochs: 100
2025-04-15 23:53:30,453 - pretrain: [False]
2025-04-15 23:53:30,453 - aligned_method: ctc
2025-04-15 23:53:30,453 - need_aligned: False
2025-04-15 23:53:30,453 - freeze_pretrain_bert_parameters: [True]
2025-04-15 23:53:30,453 - freeze_train_bert_parameters: [True]
2025-04-15 23:53:30,453 - pretrain_temperature: [0.1]
2025-04-15 23:53:30,453 - train_temperature_sup: [0.5, 1, 2, 4, 6, 8]
2025-04-15 23:53:30,453 - train_temperature_unsup: [0.5, 1, 2, 4, 6, 8]
2025-04-15 23:53:30,453 - activation: tanh
2025-04-15 23:53:30,453 - lr_pre: 1e-05
2025-04-15 23:53:30,453 - lr: [0.0001]
2025-04-15 23:53:30,453 - delta: [0.05]
2025-04-15 23:53:30,453 - thres: [0.1]
2025-04-15 23:53:30,453 - topk: [5]
2025-04-15 23:53:30,454 - weight_decay: 0.01
2025-04-15 23:53:30,454 - feat_dim: 768
2025-04-15 23:53:30,454 - hidden_size: 768
2025-04-15 23:53:30,454 - grad_clip: -1.0
2025-04-15 23:53:30,454 - warmup_proportion: 0.5
2025-04-15 23:53:30,454 - hidden_dropout_prob: 0.1
2025-04-15 23:53:30,454 - weight: 1.0
2025-04-15 23:53:30,454 - loss_mode: rdrop
2025-04-15 23:53:30,454 - base_dim: 256
2025-04-15 23:53:30,454 - nheads: 8
2025-04-15 23:53:30,454 - attn_dropout: 0.1
2025-04-15 23:53:30,454 - relu_dropout: 0.1
2025-04-15 23:53:30,454 - embed_dropout: 0.01
2025-04-15 23:53:30,454 - res_dropout: 0.0
2025-04-15 23:53:30,454 - attn_mask: True
2025-04-15 23:53:30,454 - encoder_layers_1: 1
2025-04-15 23:53:30,454 - fusion_act: tanh
2025-04-15 23:53:30,454 - pred_output_path: /root/autodl-tmp/home/lizhuohang/reaserch/EMNLP/SMC/outputs_test/MIntRec/umc_umc_MIntRec_bert-base-uncased_2
2025-04-15 23:53:30,454 - model_output_path: /root/autodl-tmp/home/lizhuohang/reaserch/EMNLP/SMC/outputs_test/MIntRec/umc_umc_MIntRec_bert-base-uncased_2/models
2025-04-15 23:53:30,454 - text_seq_len: 30
2025-04-15 23:53:30,454 - video_seq_len: 230
2025-04-15 23:53:30,454 - audio_seq_len: 480
2025-04-15 23:53:30,454 - text_feat_dim: 768
2025-04-15 23:53:30,454 - video_feat_dim: 1024
2025-04-15 23:53:30,454 - audio_feat_dim: 768
2025-04-15 23:53:30,454 - num_train_examples: 1779
2025-04-15 23:53:30,454 - ============================== End Params ==============================
2025-04-15 23:53:31,625 - Freeze all parameters but the last layer for efficiency
