2025-04-16 10:45:57,754 - 进入了无监督的设定中, 加载数据集
2025-04-16 10:45:57,754 - data preparation...
2025-04-16 10:46:06,733 - Number of train samples = 1779
2025-04-16 10:46:06,733 - Number of testing samples = 445
2025-04-16 10:46:06,733 - data preparation...
2025-04-16 10:46:08,915 - num_train_examples = 1779
2025-04-16 10:46:08,915 - ============================== Params ==============================
2025-04-16 10:46:08,915 - logger_name: umc_umc_bert-base-uncased_MIntRec_4
2025-04-16 10:46:08,915 - dataset: MIntRec
2025-04-16 10:46:08,915 - multimodal_method: umc
2025-04-16 10:46:08,915 - method: umc
2025-04-16 10:46:08,915 - setting: unsupervised
2025-04-16 10:46:08,916 - text_backbone: bert-base-uncased
2025-04-16 10:46:08,916 - seed: 4
2025-04-16 10:46:08,916 - num_workers: 16
2025-04-16 10:46:08,916 - log_id: umc_umc_bert-base-uncased_MIntRec_4_2025-04-16-10-45-57
2025-04-16 10:46:08,916 - gpu_id: 0
2025-04-16 10:46:08,916 - data_path: /root/autodl-tmp/home/Share/Dataset/LZH
2025-04-16 10:46:08,916 - train: True
2025-04-16 10:46:08,916 - tune: True
2025-04-16 10:46:08,916 - save_model: True
2025-04-16 10:46:08,916 - save_results: True
2025-04-16 10:46:08,916 - log_path: logs
2025-04-16 10:46:08,916 - cache_path: cache
2025-04-16 10:46:08,916 - video_data_path: video_data
2025-04-16 10:46:08,916 - audio_data_path: audio_data
2025-04-16 10:46:08,916 - video_feats_path: swin_feats.pkl
2025-04-16 10:46:08,916 - audio_feats_path: wavlm_feats.pkl
2025-04-16 10:46:08,916 - results_path: results
2025-04-16 10:46:08,916 - output_path: /root/autodl-tmp/home/lizhuohang/reaserch/EMNLP/SMC/outputs_test/MIntRec
2025-04-16 10:46:08,916 - model_path: models
2025-04-16 10:46:08,916 - config_file_name: umc_MIntRec
2025-04-16 10:46:08,916 - results_file_name: results_umc.csv
2025-04-16 10:46:08,916 - text_pretrained_model: uncased_L-12_H-768_A-12
2025-04-16 10:46:08,916 - pretrained_bert_model: uncased_L-12_H-768_A-12
2025-04-16 10:46:08,916 - pretrain_batch_size: 128
2025-04-16 10:46:08,916 - train_batch_size: 128
2025-04-16 10:46:08,916 - eval_batch_size: 128
2025-04-16 10:46:08,916 - test_batch_size: 128
2025-04-16 10:46:08,916 - num_pretrain_epochs: 100
2025-04-16 10:46:08,916 - num_train_epochs: 100
2025-04-16 10:46:08,916 - pretrain: [False]
2025-04-16 10:46:08,917 - aligned_method: ctc
2025-04-16 10:46:08,917 - need_aligned: False
2025-04-16 10:46:08,917 - freeze_pretrain_bert_parameters: [True]
2025-04-16 10:46:08,917 - freeze_train_bert_parameters: [True]
2025-04-16 10:46:08,917 - pretrain_temperature: [0.1]
2025-04-16 10:46:08,917 - train_temperature_sup: [0.5, 1, 2, 4, 6, 8]
2025-04-16 10:46:08,917 - train_temperature_unsup: [0.5, 1, 2, 4, 6, 8]
2025-04-16 10:46:08,917 - activation: tanh
2025-04-16 10:46:08,917 - lr_pre: 1e-05
2025-04-16 10:46:08,917 - lr: [0.0001]
2025-04-16 10:46:08,917 - delta: [0.05]
2025-04-16 10:46:08,917 - thres: [0.1]
2025-04-16 10:46:08,917 - topk: [5]
2025-04-16 10:46:08,917 - weight_decay: 0.01
2025-04-16 10:46:08,917 - feat_dim: 768
2025-04-16 10:46:08,917 - hidden_size: 768
2025-04-16 10:46:08,917 - grad_clip: -1.0
2025-04-16 10:46:08,917 - warmup_proportion: 0.5
2025-04-16 10:46:08,917 - hidden_dropout_prob: 0.1
2025-04-16 10:46:08,917 - weight: 1.0
2025-04-16 10:46:08,917 - loss_mode: rdrop
2025-04-16 10:46:08,917 - base_dim: 256
2025-04-16 10:46:08,917 - nheads: 8
2025-04-16 10:46:08,917 - attn_dropout: 0.1
2025-04-16 10:46:08,917 - relu_dropout: 0.1
2025-04-16 10:46:08,917 - embed_dropout: 0.01
2025-04-16 10:46:08,917 - res_dropout: 0.0
2025-04-16 10:46:08,917 - attn_mask: True
2025-04-16 10:46:08,918 - encoder_layers_1: 1
2025-04-16 10:46:08,918 - fusion_act: tanh
2025-04-16 10:46:08,918 - pred_output_path: /root/autodl-tmp/home/lizhuohang/reaserch/EMNLP/SMC/outputs_test/MIntRec/umc_umc_MIntRec_bert-base-uncased_4
2025-04-16 10:46:08,918 - model_output_path: /root/autodl-tmp/home/lizhuohang/reaserch/EMNLP/SMC/outputs_test/MIntRec/umc_umc_MIntRec_bert-base-uncased_4/models
2025-04-16 10:46:08,918 - text_seq_len: 30
2025-04-16 10:46:08,918 - video_seq_len: 230
2025-04-16 10:46:08,918 - audio_seq_len: 480
2025-04-16 10:46:08,918 - text_feat_dim: 768
2025-04-16 10:46:08,918 - video_feat_dim: 1024
2025-04-16 10:46:08,918 - audio_feat_dim: 768
2025-04-16 10:46:08,918 - num_labels: 20
2025-04-16 10:46:08,918 - num_train_examples: 1779
2025-04-16 10:46:08,918 - ============================== End Params ==============================
2025-04-16 10:46:10,177 - Freeze all parameters but the last layer for efficiency
2025-04-16 10:46:11,404 - Freeze all parameters but the last layer for efficiency
2025-04-16 10:46:11,423 - Multimodal Intent Recognition begins...
2025-04-16 10:46:11,423 - Training begins...
2025-04-16 10:46:26,005 - Initializing centroids with K-means++...
2025-04-16 10:46:26,108 - K-means++ used 0.1 s
