2025-04-10 23:15:47,108 - ============================== Params ==============================
2025-04-10 23:15:47,109 - logger_name: umc_umc_bert-base-uncased_MIntRec_0
2025-04-10 23:15:47,109 - dataset: MIntRec
2025-04-10 23:15:47,109 - multimodal_method: umc
2025-04-10 23:15:47,109 - method: umc
2025-04-10 23:15:47,109 - text_backbone: bert-base-uncased
2025-04-10 23:15:47,109 - seed: 0
2025-04-10 23:15:47,109 - num_workers: 16
2025-04-10 23:15:47,109 - log_id: umc_umc_bert-base-uncased_MIntRec_0_2025-04-10-23-15-47
2025-04-10 23:15:47,109 - gpu_id: 0
2025-04-10 23:15:47,109 - data_path: /root/autodl-tmp/home/Share/Dataset/LZH
2025-04-10 23:15:47,109 - train: True
2025-04-10 23:15:47,109 - tune: True
2025-04-10 23:15:47,109 - save_model: True
2025-04-10 23:15:47,109 - save_results: True
2025-04-10 23:15:47,109 - log_path: logs
2025-04-10 23:15:47,109 - cache_path: cache
2025-04-10 23:15:47,109 - video_data_path: video_data
2025-04-10 23:15:47,109 - audio_data_path: audio_data
2025-04-10 23:15:47,109 - video_feats_path: swin_feats.pkl
2025-04-10 23:15:47,109 - audio_feats_path: wavlm_feats.pkl
2025-04-10 23:15:47,109 - results_path: results
2025-04-10 23:15:47,110 - output_path: /root/autodl-tmp/home/lizhuohang/reaserch/EMNLP/UMC/outputs/MIntRec
2025-04-10 23:15:47,110 - model_path: models
2025-04-10 23:15:47,110 - config_file_name: umc_MIntRec
2025-04-10 23:15:47,110 - results_file_name: results_umc.csv
2025-04-10 23:15:47,110 - text_pretrained_model: uncased_L-12_H-768_A-12
2025-04-10 23:15:47,110 - text_seq_len: 30
2025-04-10 23:15:47,110 - video_seq_len: 230
2025-04-10 23:15:47,110 - audio_seq_len: 480
2025-04-10 23:15:47,110 - text_feat_dim: 768
2025-04-10 23:15:47,110 - video_feat_dim: 1024
2025-04-10 23:15:47,110 - audio_feat_dim: 768
2025-04-10 23:15:47,110 - num_labels: 20
2025-04-10 23:15:47,110 - num_train_examples: 1779
2025-04-10 23:15:47,110 - pretrained_bert_model: uncased_L-12_H-768_A-12
2025-04-10 23:15:47,110 - pretrain_batch_size: 128
2025-04-10 23:15:47,110 - train_batch_size: 128
2025-04-10 23:15:47,110 - eval_batch_size: 128
2025-04-10 23:15:47,110 - test_batch_size: 128
2025-04-10 23:15:47,110 - num_pretrain_epochs: 100
2025-04-10 23:15:47,110 - num_train_epochs: 100
2025-04-10 23:15:47,110 - pretrain: [False]
2025-04-10 23:15:47,110 - aligned_method: ctc
2025-04-10 23:15:47,110 - need_aligned: False
2025-04-10 23:15:47,110 - freeze_pretrain_bert_parameters: [True]
2025-04-10 23:15:47,110 - freeze_train_bert_parameters: [True]
2025-04-10 23:15:47,110 - pretrain_temperature: [0.2]
2025-04-10 23:15:47,110 - train_temperature_sup: [1.4]
2025-04-10 23:15:47,111 - train_temperature_unsup: [1]
2025-04-10 23:15:47,111 - activation: tanh
2025-04-10 23:15:47,111 - lr_pre: 2e-05
2025-04-10 23:15:47,111 - lr: [0.0003]
2025-04-10 23:15:47,111 - delta: [0.05]
2025-04-10 23:15:47,111 - thres: [0.1]
2025-04-10 23:15:47,111 - topk: [5]
2025-04-10 23:15:47,111 - weight_decay: 0.01
2025-04-10 23:15:47,111 - feat_dim: 768
2025-04-10 23:15:47,111 - hidden_size: 768
2025-04-10 23:15:47,111 - grad_clip: -1.0
2025-04-10 23:15:47,111 - warmup_proportion: 0.1
2025-04-10 23:15:47,111 - hidden_dropout_prob: 0.1
2025-04-10 23:15:47,111 - weight: 1.0
2025-04-10 23:15:47,111 - loss_mode: rdrop
2025-04-10 23:15:47,112 - base_dim: 256
2025-04-10 23:15:47,112 - nheads: 8
2025-04-10 23:15:47,112 - attn_dropout: 0.1
2025-04-10 23:15:47,112 - relu_dropout: 0.1
2025-04-10 23:15:47,112 - embed_dropout: 0.1
2025-04-10 23:15:47,112 - res_dropout: 0.0
2025-04-10 23:15:47,112 - attn_mask: True
2025-04-10 23:15:47,112 - encoder_layers_1: 1
2025-04-10 23:15:47,112 - fusion_act: tanh
2025-04-10 23:15:47,112 - pred_output_path: /root/autodl-tmp/home/lizhuohang/reaserch/EMNLP/UMC/outputs/MIntRec/umc_umc_MIntRec_bert-base-uncased_0
2025-04-10 23:15:47,112 - model_output_path: /root/autodl-tmp/home/lizhuohang/reaserch/EMNLP/UMC/outputs/MIntRec/umc_umc_MIntRec_bert-base-uncased_0/models
2025-04-10 23:15:47,112 - ============================== End Params ==============================
2025-04-10 23:15:48,273 - Freeze all parameters but the last layer for efficiency
2025-04-10 23:15:49,272 - Freeze all parameters but the last layer for efficiency
2025-04-10 23:15:49,279 - Multimodal Intent Recognition begins...
2025-04-10 23:15:49,280 - Training begins...
2025-04-10 23:16:06,169 - Initializing centroids with K-means++...
2025-04-10 23:16:06,241 - K-means++ used 0.07 s
2025-04-10 23:16:37,197 - K-means used 0.06 s
2025-04-10 23:16:37,923 - ***** Epoch: 1 *****
2025-04-10 23:16:37,924 - Supervised Training Loss: 4.896830
2025-04-10 23:16:37,924 - Unsupervised Training Loss: 5.090490
2025-04-10 23:17:06,768 - K-means used 0.01 s
2025-04-10 23:17:07,506 - ***** Epoch: 2 *****
2025-04-10 23:17:07,507 - Supervised Training Loss: 4.210330
2025-04-10 23:17:07,507 - Unsupervised Training Loss: 5.127230
2025-04-10 23:17:35,350 - K-means used 0.01 s
2025-04-10 23:17:36,128 - ***** Epoch: 3 *****
2025-04-10 23:17:36,128 - Supervised Training Loss: 5.304690
2025-04-10 23:17:36,128 - Unsupervised Training Loss: 4.971370
2025-04-10 23:18:04,715 - K-means used 0.01 s
2025-04-10 23:18:05,458 - ***** Epoch: 4 *****
2025-04-10 23:18:05,458 - Supervised Training Loss: 5.147090
2025-04-10 23:18:05,458 - Unsupervised Training Loss: 5.040920
2025-04-10 23:18:33,229 - K-means used 0.02 s
2025-04-10 23:18:34,047 - ***** Epoch: 5 *****
2025-04-10 23:18:34,047 - Supervised Training Loss: 4.907470
2025-04-10 23:18:34,047 - Unsupervised Training Loss: 5.072340
2025-04-10 23:19:02,441 - K-means used 0.01 s
2025-04-10 23:19:03,307 - ***** Epoch: 6 *****
2025-04-10 23:19:03,308 - Supervised Training Loss: 5.298480
2025-04-10 23:19:03,308 - Unsupervised Training Loss: 4.870770
2025-04-10 23:19:32,118 - K-means used 0.01 s
2025-04-10 23:19:32,948 - ***** Epoch: 7 *****
2025-04-10 23:19:32,948 - Supervised Training Loss: 5.228290
2025-04-10 23:19:32,948 - Unsupervised Training Loss: 4.989690
2025-04-10 23:20:02,232 - K-means used 0.01 s
2025-04-10 23:20:03,126 - ***** Epoch: 8 *****
2025-04-10 23:20:03,126 - Supervised Training Loss: 5.106990
2025-04-10 23:20:03,126 - Unsupervised Training Loss: 5.041100
2025-04-10 23:20:31,727 - K-means used 0.01 s
2025-04-10 23:20:32,697 - ***** Epoch: 9 *****
2025-04-10 23:20:32,697 - Supervised Training Loss: 5.316680
2025-04-10 23:20:32,697 - Unsupervised Training Loss: 5.079160
2025-04-10 23:21:05,847 - K-means used 0.01 s
2025-04-10 23:21:07,240 - ***** Epoch: 10 *****
2025-04-10 23:21:07,241 - Supervised Training Loss: 5.257790
2025-04-10 23:21:07,241 - Unsupervised Training Loss: 4.921600
2025-04-10 23:21:37,822 - K-means used 0.01 s
2025-04-10 23:21:38,984 - ***** Epoch: 11 *****
2025-04-10 23:21:38,985 - Supervised Training Loss: 5.170560
2025-04-10 23:21:38,985 - Unsupervised Training Loss: 5.016320
2025-04-10 23:22:06,888 - K-means used 0.01 s
2025-04-10 23:22:08,078 - ***** Epoch: 12 *****
2025-04-10 23:22:08,079 - Supervised Training Loss: 5.318940
2025-04-10 23:22:08,079 - Unsupervised Training Loss: 5.073990
2025-04-10 23:22:33,993 - K-means used 0.01 s
2025-04-10 23:22:35,251 - ***** Epoch: 13 *****
2025-04-10 23:22:35,251 - Supervised Training Loss: 5.277900
2025-04-10 23:22:35,251 - Unsupervised Training Loss: 4.812940
2025-04-10 23:23:01,626 - K-means used 0.01 s
2025-04-10 23:23:02,897 - ***** Epoch: 14 *****
2025-04-10 23:23:02,897 - Supervised Training Loss: 5.235200
2025-04-10 23:23:02,897 - Unsupervised Training Loss: 4.927760
2025-04-10 23:23:28,910 - K-means used 0.01 s
2025-04-10 23:23:30,185 - ***** Epoch: 15 *****
2025-04-10 23:23:30,185 - Supervised Training Loss: 5.060700
2025-04-10 23:23:30,186 - Unsupervised Training Loss: 5.051550
2025-04-10 23:23:55,424 - K-means used 0.01 s
2025-04-10 23:23:56,770 - ***** Epoch: 16 *****
2025-04-10 23:23:56,771 - Supervised Training Loss: 5.303530
2025-04-10 23:23:56,771 - Unsupervised Training Loss: 4.491860
2025-04-10 23:24:23,554 - K-means used 0.01 s
2025-04-10 23:24:24,999 - ***** Epoch: 17 *****
2025-04-10 23:24:24,999 - Supervised Training Loss: 5.271940
2025-04-10 23:24:24,999 - Unsupervised Training Loss: 4.713220
2025-04-10 23:24:40,364 - Training is finished...
2025-04-10 23:24:40,365 - Testing begins...
2025-04-10 23:24:49,403 - ***** Test results *****
2025-04-10 23:24:49,404 -   ACC = 39.78
2025-04-10 23:24:49,404 -   ARI = 19.77
2025-04-10 23:24:49,404 -   NMI = 44.7
2025-04-10 23:24:49,404 -   fmi = 24.73
2025-04-10 23:24:49,404 - Testing is finished...
2025-04-10 23:24:49,404 - Multimodal intent recognition is finished...
2025-04-10 23:24:49,404 - Results are saved in results/results_umc.csv
