2025-04-14 19:28:57,099 - ============================== Params ==============================
2025-04-14 19:28:57,099 - logger_name: umc_umc_bert-base-uncased_MELD-DA_1
2025-04-14 19:28:57,099 - dataset: MELD-DA
2025-04-14 19:28:57,099 - multimodal_method: umc
2025-04-14 19:28:57,099 - method: umc
2025-04-14 19:28:57,100 - text_backbone: bert-base-uncased
2025-04-14 19:28:57,100 - seed: 1
2025-04-14 19:28:57,100 - num_workers: 16
2025-04-14 19:28:57,100 - log_id: umc_umc_bert-base-uncased_MELD-DA_1_2025-04-14-19-28-57
2025-04-14 19:28:57,100 - gpu_id: 1
2025-04-14 19:28:57,100 - data_path: /root/autodl-tmp/home/Share/Dataset/LZH
2025-04-14 19:28:57,100 - train: True
2025-04-14 19:28:57,100 - tune: True
2025-04-14 19:28:57,100 - save_model: True
2025-04-14 19:28:57,100 - save_results: True
2025-04-14 19:28:57,100 - log_path: logs
2025-04-14 19:28:57,100 - cache_path: cache
2025-04-14 19:28:57,100 - video_data_path: video_data
2025-04-14 19:28:57,100 - audio_data_path: audio_data
2025-04-14 19:28:57,100 - video_feats_path: swin_feats.pkl
2025-04-14 19:28:57,100 - audio_feats_path: wavlm_feats.pkl
2025-04-14 19:28:57,100 - results_path: results
2025-04-14 19:28:57,100 - output_path: /root/autodl-tmp/home/lizhuohang/reaserch/EMNLP/UMC/outputs/MELD-DA
2025-04-14 19:28:57,100 - model_path: models
2025-04-14 19:28:57,100 - config_file_name: umc_MELD-DA
2025-04-14 19:28:57,100 - results_file_name: results_umc.csv
2025-04-14 19:28:57,100 - text_pretrained_model: uncased_L-12_H-768_A-12
2025-04-14 19:28:57,100 - text_seq_len: 70
2025-04-14 19:28:57,100 - video_seq_len: 250
2025-04-14 19:28:57,100 - audio_seq_len: 520
2025-04-14 19:28:57,100 - text_feat_dim: 768
2025-04-14 19:28:57,100 - video_feat_dim: 1024
2025-04-14 19:28:57,100 - audio_feat_dim: 768
2025-04-14 19:28:57,100 - num_labels: 12
2025-04-14 19:28:57,101 - num_train_examples: 7990
2025-04-14 19:28:57,101 - pretrained_bert_model: uncased_L-12_H-768_A-12
2025-04-14 19:28:57,101 - pretrain_batch_size: 128
2025-04-14 19:28:57,101 - train_batch_size: 128
2025-04-14 19:28:57,101 - eval_batch_size: 128
2025-04-14 19:28:57,101 - test_batch_size: 128
2025-04-14 19:28:57,101 - num_pretrain_epochs: [100]
2025-04-14 19:28:57,101 - num_train_epochs: [100]
2025-04-14 19:28:57,101 - pretrain: [True]
2025-04-14 19:28:57,101 - aligned_method: ctc
2025-04-14 19:28:57,101 - need_aligned: False
2025-04-14 19:28:57,101 - freeze_pretrain_bert_parameters: True
2025-04-14 19:28:57,101 - freeze_train_bert_parameters: True
2025-04-14 19:28:57,101 - pretrain_temperature: [0.2]
2025-04-14 19:28:57,101 - train_temperature_sup: [4]
2025-04-14 19:28:57,101 - train_temperature_unsup: [4]
2025-04-14 19:28:57,101 - activation: tanh
2025-04-14 19:28:57,101 - lr_pre: [5e-06]
2025-04-14 19:28:57,101 - lr: [0.0002]
2025-04-14 19:28:57,101 - delta: [0.05]
2025-04-14 19:28:57,101 - thres: [0.1]
2025-04-14 19:28:57,101 - topk: [5]
2025-04-14 19:28:57,101 - weight_decay: 0.01
2025-04-14 19:28:57,101 - feat_dim: 768
2025-04-14 19:28:57,101 - hidden_size: 768
2025-04-14 19:28:57,101 - grad_clip: [-1.0]
2025-04-14 19:28:57,101 - warmup_proportion: 0.1
2025-04-14 19:28:57,101 - hidden_dropout_prob: 0.1
2025-04-14 19:28:57,101 - weight: 1.0
2025-04-14 19:28:57,101 - loss_mode: rdrop
2025-04-14 19:28:57,102 - base_dim: [256]
2025-04-14 19:28:57,102 - nheads: 8
2025-04-14 19:28:57,102 - attn_dropout: 0.1
2025-04-14 19:28:57,102 - relu_dropout: 0.1
2025-04-14 19:28:57,102 - embed_dropout: 0.01
2025-04-14 19:28:57,102 - res_dropout: 0.1
2025-04-14 19:28:57,102 - attn_mask: True
2025-04-14 19:28:57,102 - encoder_layers_1: 1
2025-04-14 19:28:57,102 - fusion_act: tanh
2025-04-14 19:28:57,102 - pred_output_path: /root/autodl-tmp/home/lizhuohang/reaserch/EMNLP/UMC/outputs/MELD-DA/umc_umc_MELD-DA_bert-base-uncased_1
2025-04-14 19:28:57,102 - model_output_path: /root/autodl-tmp/home/lizhuohang/reaserch/EMNLP/UMC/outputs/MELD-DA/umc_umc_MELD-DA_bert-base-uncased_1/models
2025-04-14 19:28:57,102 - ============================== End Params ==============================
2025-04-14 19:28:58,231 - Freeze all parameters but the last layer for efficiency
2025-04-14 19:28:58,268 - Pre-training start...
