2025-04-10 21:15:35,078 - ============================== Params ==============================
2025-04-10 21:15:35,078 - logger_name: umc_umc_bert-base-uncased_MIntRec_2
2025-04-10 21:15:35,078 - dataset: MIntRec
2025-04-10 21:15:35,078 - multimodal_method: umc
2025-04-10 21:15:35,078 - method: umc
2025-04-10 21:15:35,078 - text_backbone: bert-base-uncased
2025-04-10 21:15:35,078 - seed: 2
2025-04-10 21:15:35,078 - num_workers: 16
2025-04-10 21:15:35,078 - log_id: umc_umc_bert-base-uncased_MIntRec_2_2025-04-10-21-15-35
2025-04-10 21:15:35,078 - gpu_id: 0
2025-04-10 21:15:35,078 - data_path: /root/autodl-tmp/home/Share/Dataset/LZH
2025-04-10 21:15:35,079 - train: True
2025-04-10 21:15:35,079 - tune: True
2025-04-10 21:15:35,079 - save_model: True
2025-04-10 21:15:35,079 - save_results: True
2025-04-10 21:15:35,079 - log_path: logs
2025-04-10 21:15:35,079 - cache_path: cache
2025-04-10 21:15:35,079 - video_data_path: video_data
2025-04-10 21:15:35,079 - audio_data_path: audio_data
2025-04-10 21:15:35,079 - video_feats_path: swin_feats.pkl
2025-04-10 21:15:35,079 - audio_feats_path: wavlm_feats.pkl
2025-04-10 21:15:35,079 - results_path: results
2025-04-10 21:15:35,079 - output_path: /root/autodl-tmp/home/lizhuohang/reaserch/EMNLP/UMC/outputs/MIntRec
2025-04-10 21:15:35,080 - model_path: models
2025-04-10 21:15:35,080 - config_file_name: umc_MIntRec
2025-04-10 21:15:35,080 - results_file_name: results_umc.csv
2025-04-10 21:15:35,080 - text_pretrained_model: uncased_L-12_H-768_A-12
2025-04-10 21:15:35,080 - text_seq_len: 30
2025-04-10 21:15:35,080 - video_seq_len: 230
2025-04-10 21:15:35,080 - audio_seq_len: 480
2025-04-10 21:15:35,080 - text_feat_dim: 768
2025-04-10 21:15:35,080 - video_feat_dim: 1024
2025-04-10 21:15:35,080 - audio_feat_dim: 768
2025-04-10 21:15:35,080 - num_labels: 20
2025-04-10 21:15:35,080 - num_train_examples: 1779
2025-04-10 21:15:35,080 - pretrained_bert_model: uncased_L-12_H-768_A-12
2025-04-10 21:15:35,080 - pretrain_batch_size: 128
2025-04-10 21:15:35,080 - train_batch_size: 128
2025-04-10 21:15:35,080 - eval_batch_size: 128
2025-04-10 21:15:35,080 - test_batch_size: 128
2025-04-10 21:15:35,080 - num_pretrain_epochs: 100
2025-04-10 21:15:35,080 - num_train_epochs: 100
2025-04-10 21:15:35,080 - pretrain: [False]
2025-04-10 21:15:35,080 - aligned_method: ctc
2025-04-10 21:15:35,081 - need_aligned: False
2025-04-10 21:15:35,081 - freeze_pretrain_bert_parameters: [True]
2025-04-10 21:15:35,081 - freeze_train_bert_parameters: [True]
2025-04-10 21:15:35,081 - pretrain_temperature: [0.2]
2025-04-10 21:15:35,081 - train_temperature_sup: [1.4]
2025-04-10 21:15:35,081 - train_temperature_unsup: [1]
2025-04-10 21:15:35,081 - activation: tanh
2025-04-10 21:15:35,081 - lr_pre: 2e-05
2025-04-10 21:15:35,081 - lr: [0.0003]
2025-04-10 21:15:35,081 - delta: [0.05]
2025-04-10 21:15:35,081 - thres: [0.1]
2025-04-10 21:15:35,081 - topk: [5]
2025-04-10 21:15:35,081 - weight_decay: 0.01
2025-04-10 21:15:35,081 - feat_dim: 768
2025-04-10 21:15:35,081 - hidden_size: 768
2025-04-10 21:15:35,081 - grad_clip: -1.0
2025-04-10 21:15:35,081 - warmup_proportion: 0.1
2025-04-10 21:15:35,081 - hidden_dropout_prob: 0.1
2025-04-10 21:15:35,081 - weight: 1.0
2025-04-10 21:15:35,081 - loss_mode: rdrop
2025-04-10 21:15:35,081 - base_dim: 256
2025-04-10 21:15:35,081 - nheads: 8
2025-04-10 21:15:35,081 - attn_dropout: 0.1
2025-04-10 21:15:35,081 - relu_dropout: 0.1
2025-04-10 21:15:35,081 - embed_dropout: 0.1
2025-04-10 21:15:35,081 - res_dropout: 0.0
2025-04-10 21:15:35,081 - attn_mask: True
2025-04-10 21:15:35,081 - encoder_layers_1: 1
2025-04-10 21:15:35,081 - fusion_act: tanh
2025-04-10 21:15:35,082 - pred_output_path: /root/autodl-tmp/home/lizhuohang/reaserch/EMNLP/UMC/outputs/MIntRec/umc_umc_MIntRec_bert-base-uncased_2
2025-04-10 21:15:35,082 - model_output_path: /root/autodl-tmp/home/lizhuohang/reaserch/EMNLP/UMC/outputs/MIntRec/umc_umc_MIntRec_bert-base-uncased_2/models
2025-04-10 21:15:35,082 - ============================== End Params ==============================
2025-04-10 21:15:36,174 - Freeze all parameters but the last layer for efficiency
