2025-04-10 20:36:18,818 - ============================== Params ==============================
2025-04-10 20:36:18,818 - logger_name: umc_umc_bert-base-uncased_MIntRec_1
2025-04-10 20:36:18,818 - dataset: MIntRec
2025-04-10 20:36:18,818 - multimodal_method: umc
2025-04-10 20:36:18,818 - method: umc
2025-04-10 20:36:18,818 - text_backbone: bert-base-uncased
2025-04-10 20:36:18,818 - seed: 1
2025-04-10 20:36:18,818 - num_workers: 16
2025-04-10 20:36:18,819 - log_id: umc_umc_bert-base-uncased_MIntRec_1_2025-04-10-20-36-18
2025-04-10 20:36:18,819 - gpu_id: 1
2025-04-10 20:36:18,819 - data_path: /root/autodl-tmp/home/Share/Dataset/LZH
2025-04-10 20:36:18,819 - train: True
2025-04-10 20:36:18,819 - tune: True
2025-04-10 20:36:18,819 - save_model: True
2025-04-10 20:36:18,819 - save_results: True
2025-04-10 20:36:18,819 - log_path: logs
2025-04-10 20:36:18,819 - cache_path: cache
2025-04-10 20:36:18,819 - video_data_path: video_data
2025-04-10 20:36:18,819 - audio_data_path: audio_data
2025-04-10 20:36:18,819 - video_feats_path: swin_feats.pkl
2025-04-10 20:36:18,819 - audio_feats_path: wavlm_feats.pkl
2025-04-10 20:36:18,819 - results_path: results
2025-04-10 20:36:18,819 - output_path: /root/autodl-tmp/home/lizhuohang/reaserch/EMNLP/UMC/outputs/MIntRec
2025-04-10 20:36:18,819 - model_path: models
2025-04-10 20:36:18,819 - config_file_name: umc_MIntRec
2025-04-10 20:36:18,820 - results_file_name: results_umc.csv
2025-04-10 20:36:18,820 - text_pretrained_model: /root/autodl-tmp/home/Share/Model/BERT/uncased_L-12_H-768_A-12
2025-04-10 20:36:18,820 - text_seq_len: 30
2025-04-10 20:36:18,820 - video_seq_len: 230
2025-04-10 20:36:18,820 - audio_seq_len: 480
2025-04-10 20:36:18,820 - text_feat_dim: 768
2025-04-10 20:36:18,820 - video_feat_dim: 1024
2025-04-10 20:36:18,820 - audio_feat_dim: 768
2025-04-10 20:36:18,820 - num_labels: 20
2025-04-10 20:36:18,820 - num_train_examples: 1779
2025-04-10 20:36:18,820 - pretrained_bert_model: uncased_L-12_H-768_A-12
2025-04-10 20:36:18,820 - pretrain_batch_size: 128
2025-04-10 20:36:18,820 - train_batch_size: 128
2025-04-10 20:36:18,820 - eval_batch_size: 128
2025-04-10 20:36:18,820 - test_batch_size: 128
2025-04-10 20:36:18,820 - num_pretrain_epochs: 100
2025-04-10 20:36:18,820 - num_train_epochs: 100
2025-04-10 20:36:18,820 - pretrain: [True]
2025-04-10 20:36:18,820 - aligned_method: ctc
2025-04-10 20:36:18,820 - need_aligned: False
2025-04-10 20:36:18,820 - freeze_pretrain_bert_parameters: [True]
2025-04-10 20:36:18,820 - freeze_train_bert_parameters: [True]
2025-04-10 20:36:18,820 - pretrain_temperature: [0.2]
2025-04-10 20:36:18,820 - train_temperature_sup: [1.4]
2025-04-10 20:36:18,820 - train_temperature_unsup: [1]
2025-04-10 20:36:18,820 - activation: tanh
2025-04-10 20:36:18,820 - lr_pre: 2e-05
2025-04-10 20:36:18,820 - lr: [0.0003]
2025-04-10 20:36:18,821 - delta: [0.05]
2025-04-10 20:36:18,821 - thres: [0.1]
2025-04-10 20:36:18,821 - topk: [5]
2025-04-10 20:36:18,821 - weight_decay: 0.01
2025-04-10 20:36:18,821 - feat_dim: 768
2025-04-10 20:36:18,821 - hidden_size: 768
2025-04-10 20:36:18,821 - grad_clip: -1.0
2025-04-10 20:36:18,821 - warmup_proportion: 0.1
2025-04-10 20:36:18,821 - hidden_dropout_prob: 0.1
2025-04-10 20:36:18,821 - weight: 1.0
2025-04-10 20:36:18,821 - loss_mode: rdrop
2025-04-10 20:36:18,821 - base_dim: 256
2025-04-10 20:36:18,821 - nheads: 8
2025-04-10 20:36:18,821 - attn_dropout: 0.1
2025-04-10 20:36:18,821 - relu_dropout: 0.1
2025-04-10 20:36:18,821 - embed_dropout: 0.1
2025-04-10 20:36:18,821 - res_dropout: 0.0
2025-04-10 20:36:18,821 - attn_mask: True
2025-04-10 20:36:18,821 - encoder_layers_1: 1
2025-04-10 20:36:18,821 - fusion_act: tanh
2025-04-10 20:36:18,821 - pred_output_path: /root/autodl-tmp/home/lizhuohang/reaserch/EMNLP/UMC/outputs/MIntRec/umc_umc_MIntRec_bert-base-uncased_1
2025-04-10 20:36:18,821 - model_output_path: /root/autodl-tmp/home/lizhuohang/reaserch/EMNLP/UMC/outputs/MIntRec/umc_umc_MIntRec_bert-base-uncased_1/models
2025-04-10 20:36:18,821 - ============================== End Params ==============================
2025-04-10 20:36:19,397 - Freeze all parameters but the last layer for efficiency
