2025-04-10 21:14:11,124 - ============================== Params ==============================
2025-04-10 21:14:11,124 - logger_name: umc_umc_bert-base-uncased_MIntRec_0
2025-04-10 21:14:11,124 - dataset: MIntRec
2025-04-10 21:14:11,124 - multimodal_method: umc
2025-04-10 21:14:11,124 - method: umc
2025-04-10 21:14:11,124 - text_backbone: bert-base-uncased
2025-04-10 21:14:11,124 - seed: 0
2025-04-10 21:14:11,125 - num_workers: 16
2025-04-10 21:14:11,125 - log_id: umc_umc_bert-base-uncased_MIntRec_0_2025-04-10-21-14-11
2025-04-10 21:14:11,125 - gpu_id: 0
2025-04-10 21:14:11,125 - data_path: /root/autodl-tmp/home/Share/Dataset/LZH
2025-04-10 21:14:11,125 - train: True
2025-04-10 21:14:11,125 - tune: True
2025-04-10 21:14:11,125 - save_model: True
2025-04-10 21:14:11,125 - save_results: True
2025-04-10 21:14:11,125 - log_path: logs
2025-04-10 21:14:11,125 - cache_path: cache
2025-04-10 21:14:11,125 - video_data_path: video_data
2025-04-10 21:14:11,125 - audio_data_path: audio_data
2025-04-10 21:14:11,125 - video_feats_path: swin_feats.pkl
2025-04-10 21:14:11,125 - audio_feats_path: wavlm_feats.pkl
2025-04-10 21:14:11,125 - results_path: results
2025-04-10 21:14:11,125 - output_path: /root/autodl-tmp/home/lizhuohang/reaserch/EMNLP/UMC/outputs/MIntRec
2025-04-10 21:14:11,125 - model_path: models
2025-04-10 21:14:11,125 - config_file_name: umc_MIntRec
2025-04-10 21:14:11,125 - results_file_name: results_umc.csv
2025-04-10 21:14:11,125 - text_pretrained_model: uncased_L-12_H-768_A-12
2025-04-10 21:14:11,125 - text_seq_len: 30
2025-04-10 21:14:11,125 - video_seq_len: 230
2025-04-10 21:14:11,125 - audio_seq_len: 480
2025-04-10 21:14:11,126 - text_feat_dim: 768
2025-04-10 21:14:11,126 - video_feat_dim: 1024
2025-04-10 21:14:11,126 - audio_feat_dim: 768
2025-04-10 21:14:11,126 - num_labels: 20
2025-04-10 21:14:11,126 - num_train_examples: 1779
2025-04-10 21:14:11,126 - pretrained_bert_model: uncased_L-12_H-768_A-12
2025-04-10 21:14:11,126 - pretrain_batch_size: 128
2025-04-10 21:14:11,126 - train_batch_size: 128
2025-04-10 21:14:11,126 - eval_batch_size: 128
2025-04-10 21:14:11,126 - test_batch_size: 128
2025-04-10 21:14:11,126 - num_pretrain_epochs: 100
2025-04-10 21:14:11,126 - num_train_epochs: 100
2025-04-10 21:14:11,126 - pretrain: [False]
2025-04-10 21:14:11,126 - aligned_method: ctc
2025-04-10 21:14:11,126 - need_aligned: False
2025-04-10 21:14:11,126 - freeze_pretrain_bert_parameters: [True]
2025-04-10 21:14:11,126 - freeze_train_bert_parameters: [True]
2025-04-10 21:14:11,126 - pretrain_temperature: [0.2]
2025-04-10 21:14:11,126 - train_temperature_sup: [1.4]
2025-04-10 21:14:11,126 - train_temperature_unsup: [1]
2025-04-10 21:14:11,126 - activation: tanh
2025-04-10 21:14:11,127 - lr_pre: 2e-05
2025-04-10 21:14:11,127 - lr: [0.0003]
2025-04-10 21:14:11,127 - delta: [0.05]
2025-04-10 21:14:11,127 - thres: [0.1]
2025-04-10 21:14:11,127 - topk: [5]
2025-04-10 21:14:11,127 - weight_decay: 0.01
2025-04-10 21:14:11,127 - feat_dim: 768
2025-04-10 21:14:11,127 - hidden_size: 768
2025-04-10 21:14:11,127 - grad_clip: -1.0
2025-04-10 21:14:11,127 - warmup_proportion: 0.1
2025-04-10 21:14:11,127 - hidden_dropout_prob: 0.1
2025-04-10 21:14:11,127 - weight: 1.0
2025-04-10 21:14:11,127 - loss_mode: rdrop
2025-04-10 21:14:11,128 - base_dim: 256
2025-04-10 21:14:11,128 - nheads: 8
2025-04-10 21:14:11,128 - attn_dropout: 0.1
2025-04-10 21:14:11,128 - relu_dropout: 0.1
2025-04-10 21:14:11,128 - embed_dropout: 0.1
2025-04-10 21:14:11,128 - res_dropout: 0.0
2025-04-10 21:14:11,128 - attn_mask: True
2025-04-10 21:14:11,128 - encoder_layers_1: 1
2025-04-10 21:14:11,128 - fusion_act: tanh
2025-04-10 21:14:11,128 - pred_output_path: /root/autodl-tmp/home/lizhuohang/reaserch/EMNLP/UMC/outputs/MIntRec/umc_umc_MIntRec_bert-base-uncased_0
2025-04-10 21:14:11,128 - model_output_path: /root/autodl-tmp/home/lizhuohang/reaserch/EMNLP/UMC/outputs/MIntRec/umc_umc_MIntRec_bert-base-uncased_0/models
2025-04-10 21:14:11,128 - ============================== End Params ==============================
2025-04-10 21:14:12,201 - Freeze all parameters but the last layer for efficiency
2025-04-10 21:14:13,178 - Freeze all parameters but the last layer for efficiency
2025-04-10 21:14:13,186 - Multimodal Intent Recognition begins...
2025-04-10 21:14:13,186 - Training begins...
2025-04-10 21:14:29,632 - Initializing centroids with K-means++...
2025-04-10 21:14:29,708 - K-means++ used 0.08 s
