2025-04-10 20:29:12,441 - ============================== Params ==============================
2025-04-10 20:29:12,441 - logger_name: umc_umc_bert-base-uncased_MIntRec_0
2025-04-10 20:29:12,441 - dataset: MIntRec
2025-04-10 20:29:12,441 - multimodal_method: umc
2025-04-10 20:29:12,441 - method: umc
2025-04-10 20:29:12,442 - text_backbone: bert-base-uncased
2025-04-10 20:29:12,442 - seed: 0
2025-04-10 20:29:12,442 - num_workers: 16
2025-04-10 20:29:12,442 - log_id: umc_umc_bert-base-uncased_MIntRec_0_2025-04-10-20-29-12
2025-04-10 20:29:12,442 - gpu_id: 1
2025-04-10 20:29:12,442 - data_path: /root/autodl-tmp/home/Share/Dataset/LZH
2025-04-10 20:29:12,442 - train: True
2025-04-10 20:29:12,442 - tune: True
2025-04-10 20:29:12,442 - save_model: True
2025-04-10 20:29:12,442 - save_results: True
2025-04-10 20:29:12,442 - log_path: logs
2025-04-10 20:29:12,442 - cache_path: cache
2025-04-10 20:29:12,442 - video_data_path: video_data
2025-04-10 20:29:12,442 - audio_data_path: audio_data
2025-04-10 20:29:12,442 - video_feats_path: swin_feats.pkl
2025-04-10 20:29:12,442 - audio_feats_path: wavlm_feats.pkl
2025-04-10 20:29:12,442 - results_path: results
2025-04-10 20:29:12,442 - output_path: /root/autodl-tmp/home/lizhuohang/reaserch/EMNLP/UMC/outputs/MIntRec
2025-04-10 20:29:12,442 - model_path: models
2025-04-10 20:29:12,442 - config_file_name: umc_MIntRec
2025-04-10 20:29:12,442 - results_file_name: results_umc.csv
2025-04-10 20:29:12,442 - text_pretrained_model: /root/autodl-tmp/home/Share/Model/BERT/uncased_L-12_H-768_A-12
2025-04-10 20:29:12,443 - text_seq_len: 30
2025-04-10 20:29:12,443 - video_seq_len: 230
2025-04-10 20:29:12,443 - audio_seq_len: 480
2025-04-10 20:29:12,443 - text_feat_dim: 768
2025-04-10 20:29:12,443 - video_feat_dim: 1024
2025-04-10 20:29:12,443 - audio_feat_dim: 768
2025-04-10 20:29:12,443 - num_labels: 20
2025-04-10 20:29:12,443 - num_train_examples: 1779
2025-04-10 20:29:12,443 - pretrained_bert_model: uncased_L-12_H-768_A-12
2025-04-10 20:29:12,443 - pretrain_batch_size: 128
2025-04-10 20:29:12,443 - train_batch_size: 128
2025-04-10 20:29:12,443 - eval_batch_size: 128
2025-04-10 20:29:12,443 - test_batch_size: 128
2025-04-10 20:29:12,443 - num_pretrain_epochs: 100
2025-04-10 20:29:12,443 - num_train_epochs: 100
2025-04-10 20:29:12,443 - pretrain: [True]
2025-04-10 20:29:12,443 - aligned_method: ctc
2025-04-10 20:29:12,444 - need_aligned: False
2025-04-10 20:29:12,444 - freeze_pretrain_bert_parameters: [True]
2025-04-10 20:29:12,444 - freeze_train_bert_parameters: [True]
2025-04-10 20:29:12,444 - pretrain_temperature: [0.2]
2025-04-10 20:29:12,444 - train_temperature_sup: [1.4]
2025-04-10 20:29:12,444 - train_temperature_unsup: [1]
2025-04-10 20:29:12,444 - activation: tanh
2025-04-10 20:29:12,444 - lr_pre: 2e-05
2025-04-10 20:29:12,444 - lr: [0.0003]
2025-04-10 20:29:12,444 - delta: [0.05]
2025-04-10 20:29:12,444 - thres: [0.1]
2025-04-10 20:29:12,444 - topk: [5]
2025-04-10 20:29:12,444 - weight_decay: 0.01
2025-04-10 20:29:12,444 - feat_dim: 768
2025-04-10 20:29:12,444 - hidden_size: 768
2025-04-10 20:29:12,444 - grad_clip: -1.0
2025-04-10 20:29:12,444 - warmup_proportion: 0.1
2025-04-10 20:29:12,444 - hidden_dropout_prob: 0.1
2025-04-10 20:29:12,444 - weight: 1.0
2025-04-10 20:29:12,444 - loss_mode: rdrop
2025-04-10 20:29:12,444 - base_dim: 256
2025-04-10 20:29:12,444 - nheads: 8
2025-04-10 20:29:12,444 - attn_dropout: 0.1
2025-04-10 20:29:12,444 - relu_dropout: 0.1
2025-04-10 20:29:12,444 - embed_dropout: 0.1
2025-04-10 20:29:12,444 - res_dropout: 0.0
2025-04-10 20:29:12,445 - attn_mask: True
2025-04-10 20:29:12,445 - encoder_layers_1: 1
2025-04-10 20:29:12,445 - fusion_act: tanh
2025-04-10 20:29:12,445 - pred_output_path: /root/autodl-tmp/home/lizhuohang/reaserch/EMNLP/UMC/outputs/MIntRec/umc_umc_MIntRec_bert-base-uncased_0
2025-04-10 20:29:12,445 - model_output_path: /root/autodl-tmp/home/lizhuohang/reaserch/EMNLP/UMC/outputs/MIntRec/umc_umc_MIntRec_bert-base-uncased_0/models
2025-04-10 20:29:12,445 - ============================== End Params ==============================
2025-04-10 20:29:13,163 - Freeze all parameters but the last layer for efficiency
