2025-04-12 17:51:17,377 - ============================== Params ==============================
2025-04-12 17:51:17,377 - logger_name: umc_umc_bert-base-uncased_MIntRec_0
2025-04-12 17:51:17,377 - dataset: MIntRec
2025-04-12 17:51:17,377 - multimodal_method: umc
2025-04-12 17:51:17,377 - method: umc
2025-04-12 17:51:17,377 - text_backbone: bert-base-uncased
2025-04-12 17:51:17,377 - seed: 0
2025-04-12 17:51:17,377 - num_workers: 16
2025-04-12 17:51:17,377 - log_id: umc_umc_bert-base-uncased_MIntRec_0_2025-04-12-17-51-17
2025-04-12 17:51:17,377 - gpu_id: 0
2025-04-12 17:51:17,377 - data_path: /root/autodl-tmp/home/Share/Dataset/LZH
2025-04-12 17:51:17,377 - train: True
2025-04-12 17:51:17,378 - tune: True
2025-04-12 17:51:17,378 - save_model: True
2025-04-12 17:51:17,378 - save_results: True
2025-04-12 17:51:17,378 - log_path: logs
2025-04-12 17:51:17,378 - cache_path: cache
2025-04-12 17:51:17,378 - video_data_path: video_data
2025-04-12 17:51:17,378 - audio_data_path: audio_data
2025-04-12 17:51:17,378 - video_feats_path: swin_feats.pkl
2025-04-12 17:51:17,378 - audio_feats_path: wavlm_feats.pkl
2025-04-12 17:51:17,378 - results_path: results
2025-04-12 17:51:17,378 - output_path: /root/autodl-tmp/home/lizhuohang/reaserch/EMNLP/UMC/outputs/MIntRec
2025-04-12 17:51:17,378 - model_path: models
2025-04-12 17:51:17,378 - config_file_name: umc_MIntRec
2025-04-12 17:51:17,378 - results_file_name: results_umc.csv
2025-04-12 17:51:17,378 - text_pretrained_model: uncased_L-12_H-768_A-12
2025-04-12 17:51:17,378 - text_seq_len: 30
2025-04-12 17:51:17,378 - video_seq_len: 230
2025-04-12 17:51:17,378 - audio_seq_len: 480
2025-04-12 17:51:17,378 - text_feat_dim: 768
2025-04-12 17:51:17,378 - video_feat_dim: 1024
2025-04-12 17:51:17,378 - audio_feat_dim: 768
2025-04-12 17:51:17,378 - num_labels: 20
2025-04-12 17:51:17,378 - num_train_examples: 1779
2025-04-12 17:51:17,378 - pretrained_bert_model: uncased_L-12_H-768_A-12
2025-04-12 17:51:17,378 - pretrain_batch_size: 128
2025-04-12 17:51:17,378 - train_batch_size: 128
2025-04-12 17:51:17,378 - eval_batch_size: 128
2025-04-12 17:51:17,378 - test_batch_size: 128
2025-04-12 17:51:17,378 - num_pretrain_epochs: 100
2025-04-12 17:51:17,379 - num_train_epochs: 100
2025-04-12 17:51:17,379 - pretrain: [True]
2025-04-12 17:51:17,379 - aligned_method: ctc
2025-04-12 17:51:17,379 - need_aligned: False
2025-04-12 17:51:17,379 - freeze_pretrain_bert_parameters: [True]
2025-04-12 17:51:17,379 - freeze_train_bert_parameters: [True]
2025-04-12 17:51:17,379 - pretrain_temperature: [0.2]
2025-04-12 17:51:17,379 - train_temperature_sup: [1.4]
2025-04-12 17:51:17,379 - train_temperature_unsup: [1]
2025-04-12 17:51:17,379 - activation: tanh
2025-04-12 17:51:17,379 - lr_pre: 1e-05
2025-04-12 17:51:17,379 - lr: [0.0003]
2025-04-12 17:51:17,379 - delta: [0.05]
2025-04-12 17:51:17,379 - thres: [0.1]
2025-04-12 17:51:17,380 - topk: [5]
2025-04-12 17:51:17,380 - weight_decay: 0.01
2025-04-12 17:51:17,380 - feat_dim: 768
2025-04-12 17:51:17,380 - hidden_size: 768
2025-04-12 17:51:17,380 - grad_clip: -1.0
2025-04-12 17:51:17,380 - warmup_proportion: 0.5
2025-04-12 17:51:17,380 - hidden_dropout_prob: 0.1
2025-04-12 17:51:17,380 - weight: 1.0
2025-04-12 17:51:17,380 - loss_mode: rdrop
2025-04-12 17:51:17,380 - base_dim: 256
2025-04-12 17:51:17,380 - nheads: 8
2025-04-12 17:51:17,380 - attn_dropout: 0.1
2025-04-12 17:51:17,380 - relu_dropout: 0.1
2025-04-12 17:51:17,380 - embed_dropout: 0.1
2025-04-12 17:51:17,380 - res_dropout: 0.0
2025-04-12 17:51:17,380 - attn_mask: True
2025-04-12 17:51:17,380 - encoder_layers_1: 1
2025-04-12 17:51:17,380 - fusion_act: tanh
2025-04-12 17:51:17,380 - pred_output_path: /root/autodl-tmp/home/lizhuohang/reaserch/EMNLP/UMC/outputs/MIntRec/umc_umc_MIntRec_bert-base-uncased_0
2025-04-12 17:51:17,380 - model_output_path: /root/autodl-tmp/home/lizhuohang/reaserch/EMNLP/UMC/outputs/MIntRec/umc_umc_MIntRec_bert-base-uncased_0/models
2025-04-12 17:51:17,380 - ============================== End Params ==============================
2025-04-12 17:51:18,502 - Freeze all parameters but the last layer for efficiency
2025-04-12 17:51:18,536 - Pre-training start...
2025-04-12 17:51:34,470 - ***** Epoch: 1: Eval results *****
2025-04-12 17:51:34,470 -   train_loss = 5.938590356281826
2025-04-12 17:51:52,094 - ***** Epoch: 2: Eval results *****
2025-04-12 17:51:52,094 -   train_loss = 5.939079114368984
2025-04-12 17:52:09,774 - ***** Epoch: 3: Eval results *****
2025-04-12 17:52:09,775 -   train_loss = 5.937030826296125
2025-04-12 17:52:29,012 - ***** Epoch: 4: Eval results *****
2025-04-12 17:52:29,012 -   train_loss = 5.93860353742327
2025-04-12 17:52:48,274 - ***** Epoch: 5: Eval results *****
2025-04-12 17:52:48,274 -   train_loss = 5.933631386075701
2025-04-12 17:53:05,052 - ***** Epoch: 6: Eval results *****
2025-04-12 17:53:05,052 -   train_loss = 5.937811238425119
2025-04-12 17:53:21,545 - ***** Epoch: 7: Eval results *****
2025-04-12 17:53:21,545 -   train_loss = 5.935423271996634
2025-04-12 17:53:37,192 - ***** Epoch: 8: Eval results *****
2025-04-12 17:53:37,193 -   train_loss = 5.931890998567853
2025-04-12 17:53:53,750 - ***** Epoch: 9: Eval results *****
2025-04-12 17:53:53,750 -   train_loss = 5.933904307229178
2025-04-12 17:54:10,018 - ***** Epoch: 10: Eval results *****
2025-04-12 17:54:10,018 -   train_loss = 5.929786954607282
2025-04-12 17:54:26,204 - ***** Epoch: 11: Eval results *****
2025-04-12 17:54:26,205 -   train_loss = 5.929440328053066
