2025-04-10 21:15:52,553 - ============================== Params ==============================
2025-04-10 21:15:52,554 - logger_name: umc_umc_bert-base-uncased_MIntRec_3
2025-04-10 21:15:52,554 - dataset: MIntRec
2025-04-10 21:15:52,554 - multimodal_method: umc
2025-04-10 21:15:52,554 - method: umc
2025-04-10 21:15:52,554 - text_backbone: bert-base-uncased
2025-04-10 21:15:52,554 - seed: 3
2025-04-10 21:15:52,554 - num_workers: 16
2025-04-10 21:15:52,554 - log_id: umc_umc_bert-base-uncased_MIntRec_3_2025-04-10-21-15-52
2025-04-10 21:15:52,554 - gpu_id: 0
2025-04-10 21:15:52,554 - data_path: /root/autodl-tmp/home/Share/Dataset/LZH
2025-04-10 21:15:52,554 - train: True
2025-04-10 21:15:52,554 - tune: True
2025-04-10 21:15:52,554 - save_model: True
2025-04-10 21:15:52,554 - save_results: True
2025-04-10 21:15:52,554 - log_path: logs
2025-04-10 21:15:52,554 - cache_path: cache
2025-04-10 21:15:52,554 - video_data_path: video_data
2025-04-10 21:15:52,554 - audio_data_path: audio_data
2025-04-10 21:15:52,554 - video_feats_path: swin_feats.pkl
2025-04-10 21:15:52,554 - audio_feats_path: wavlm_feats.pkl
2025-04-10 21:15:52,554 - results_path: results
2025-04-10 21:15:52,554 - output_path: /root/autodl-tmp/home/lizhuohang/reaserch/EMNLP/UMC/outputs/MIntRec
2025-04-10 21:15:52,554 - model_path: models
2025-04-10 21:15:52,555 - config_file_name: umc_MIntRec
2025-04-10 21:15:52,555 - results_file_name: results_umc.csv
2025-04-10 21:15:52,555 - text_pretrained_model: uncased_L-12_H-768_A-12
2025-04-10 21:15:52,555 - text_seq_len: 30
2025-04-10 21:15:52,555 - video_seq_len: 230
2025-04-10 21:15:52,555 - audio_seq_len: 480
2025-04-10 21:15:52,555 - text_feat_dim: 768
2025-04-10 21:15:52,555 - video_feat_dim: 1024
2025-04-10 21:15:52,555 - audio_feat_dim: 768
2025-04-10 21:15:52,555 - num_labels: 20
2025-04-10 21:15:52,555 - num_train_examples: 1779
2025-04-10 21:15:52,555 - pretrained_bert_model: uncased_L-12_H-768_A-12
2025-04-10 21:15:52,555 - pretrain_batch_size: 128
2025-04-10 21:15:52,555 - train_batch_size: 128
2025-04-10 21:15:52,555 - eval_batch_size: 128
2025-04-10 21:15:52,555 - test_batch_size: 128
2025-04-10 21:15:52,555 - num_pretrain_epochs: 100
2025-04-10 21:15:52,555 - num_train_epochs: 100
2025-04-10 21:15:52,556 - pretrain: [False]
2025-04-10 21:15:52,556 - aligned_method: ctc
2025-04-10 21:15:52,556 - need_aligned: False
2025-04-10 21:15:52,556 - freeze_pretrain_bert_parameters: [True]
2025-04-10 21:15:52,556 - freeze_train_bert_parameters: [True]
2025-04-10 21:15:52,556 - pretrain_temperature: [0.2]
2025-04-10 21:15:52,556 - train_temperature_sup: [1.4]
2025-04-10 21:15:52,556 - train_temperature_unsup: [1]
2025-04-10 21:15:52,556 - activation: tanh
2025-04-10 21:15:52,556 - lr_pre: 2e-05
2025-04-10 21:15:52,556 - lr: [0.0003]
2025-04-10 21:15:52,556 - delta: [0.05]
2025-04-10 21:15:52,556 - thres: [0.1]
2025-04-10 21:15:52,556 - topk: [5]
2025-04-10 21:15:52,556 - weight_decay: 0.01
2025-04-10 21:15:52,556 - feat_dim: 768
2025-04-10 21:15:52,556 - hidden_size: 768
2025-04-10 21:15:52,556 - grad_clip: -1.0
2025-04-10 21:15:52,556 - warmup_proportion: 0.1
2025-04-10 21:15:52,556 - hidden_dropout_prob: 0.1
2025-04-10 21:15:52,556 - weight: 1.0
2025-04-10 21:15:52,556 - loss_mode: rdrop
2025-04-10 21:15:52,556 - base_dim: 256
2025-04-10 21:15:52,556 - nheads: 8
2025-04-10 21:15:52,556 - attn_dropout: 0.1
2025-04-10 21:15:52,556 - relu_dropout: 0.1
2025-04-10 21:15:52,556 - embed_dropout: 0.1
2025-04-10 21:15:52,556 - res_dropout: 0.0
2025-04-10 21:15:52,556 - attn_mask: True
2025-04-10 21:15:52,556 - encoder_layers_1: 1
2025-04-10 21:15:52,557 - fusion_act: tanh
2025-04-10 21:15:52,557 - pred_output_path: /root/autodl-tmp/home/lizhuohang/reaserch/EMNLP/UMC/outputs/MIntRec/umc_umc_MIntRec_bert-base-uncased_3
2025-04-10 21:15:52,557 - model_output_path: /root/autodl-tmp/home/lizhuohang/reaserch/EMNLP/UMC/outputs/MIntRec/umc_umc_MIntRec_bert-base-uncased_3/models
2025-04-10 21:15:52,557 - ============================== End Params ==============================
2025-04-10 21:15:53,617 - Freeze all parameters but the last layer for efficiency
