2025-04-15 23:54:47,036 - 进入了无监督的设定中, 加载数据集
2025-04-15 23:54:47,036 - data preparation...
2025-04-15 23:54:55,921 - Number of train samples = 1779
2025-04-15 23:54:55,921 - Number of testing samples = 445
2025-04-15 23:54:55,922 - data preparation...
2025-04-15 23:54:58,365 - num_train_examples = 1779
2025-04-15 23:54:58,366 - ============================== Params ==============================
2025-04-15 23:54:58,366 - logger_name: umc_umc_bert-base-uncased_MIntRec_4
2025-04-15 23:54:58,366 - dataset: MIntRec
2025-04-15 23:54:58,366 - multimodal_method: umc
2025-04-15 23:54:58,366 - method: umc
2025-04-15 23:54:58,366 - setting: unsupervised
2025-04-15 23:54:58,366 - text_backbone: bert-base-uncased
2025-04-15 23:54:58,366 - seed: 4
2025-04-15 23:54:58,366 - num_workers: 16
2025-04-15 23:54:58,366 - log_id: umc_umc_bert-base-uncased_MIntRec_4_2025-04-15-23-54-47
2025-04-15 23:54:58,366 - gpu_id: 1
2025-04-15 23:54:58,366 - data_path: /root/autodl-tmp/home/Share/Dataset/LZH
2025-04-15 23:54:58,366 - train: True
2025-04-15 23:54:58,366 - tune: True
2025-04-15 23:54:58,366 - save_model: True
2025-04-15 23:54:58,366 - save_results: True
2025-04-15 23:54:58,366 - log_path: logs
2025-04-15 23:54:58,366 - cache_path: cache
2025-04-15 23:54:58,366 - video_data_path: video_data
2025-04-15 23:54:58,366 - audio_data_path: audio_data
2025-04-15 23:54:58,366 - video_feats_path: swin_feats.pkl
2025-04-15 23:54:58,367 - audio_feats_path: wavlm_feats.pkl
2025-04-15 23:54:58,367 - results_path: results
2025-04-15 23:54:58,367 - output_path: /root/autodl-tmp/home/lizhuohang/reaserch/EMNLP/SMC/outputs_test/MIntRec
2025-04-15 23:54:58,367 - model_path: models
2025-04-15 23:54:58,367 - config_file_name: umc_MIntRec
2025-04-15 23:54:58,367 - results_file_name: results_umc.csv
2025-04-15 23:54:58,367 - text_pretrained_model: uncased_L-12_H-768_A-12
2025-04-15 23:54:58,367 - pretrained_bert_model: uncased_L-12_H-768_A-12
2025-04-15 23:54:58,367 - pretrain_batch_size: 128
2025-04-15 23:54:58,367 - train_batch_size: 128
2025-04-15 23:54:58,367 - eval_batch_size: 128
2025-04-15 23:54:58,367 - test_batch_size: 128
2025-04-15 23:54:58,367 - num_pretrain_epochs: 100
2025-04-15 23:54:58,367 - num_train_epochs: 100
2025-04-15 23:54:58,367 - pretrain: [True]
2025-04-15 23:54:58,367 - aligned_method: ctc
2025-04-15 23:54:58,367 - need_aligned: False
2025-04-15 23:54:58,368 - freeze_pretrain_bert_parameters: [True]
2025-04-15 23:54:58,368 - freeze_train_bert_parameters: [True]
2025-04-15 23:54:58,368 - pretrain_temperature: [0.1]
2025-04-15 23:54:58,368 - train_temperature_sup: [0.5, 1, 2, 4, 6, 8]
2025-04-15 23:54:58,368 - train_temperature_unsup: [0.5, 1, 2, 4, 6, 8]
2025-04-15 23:54:58,368 - activation: tanh
2025-04-15 23:54:58,368 - lr_pre: 1e-05
2025-04-15 23:54:58,368 - lr: [0.0001]
2025-04-15 23:54:58,368 - delta: [0.05]
2025-04-15 23:54:58,368 - thres: [0.1]
2025-04-15 23:54:58,368 - topk: [5]
2025-04-15 23:54:58,368 - weight_decay: 0.01
2025-04-15 23:54:58,368 - feat_dim: 768
2025-04-15 23:54:58,368 - hidden_size: 768
2025-04-15 23:54:58,368 - grad_clip: -1.0
2025-04-15 23:54:58,368 - warmup_proportion: 0.5
2025-04-15 23:54:58,368 - hidden_dropout_prob: 0.1
2025-04-15 23:54:58,368 - weight: 1.0
2025-04-15 23:54:58,368 - loss_mode: rdrop
2025-04-15 23:54:58,368 - base_dim: 256
2025-04-15 23:54:58,368 - nheads: 8
2025-04-15 23:54:58,368 - attn_dropout: 0.1
2025-04-15 23:54:58,368 - relu_dropout: 0.1
2025-04-15 23:54:58,368 - embed_dropout: 0.01
2025-04-15 23:54:58,368 - res_dropout: 0.0
2025-04-15 23:54:58,368 - attn_mask: True
2025-04-15 23:54:58,368 - encoder_layers_1: 1
2025-04-15 23:54:58,369 - fusion_act: tanh
2025-04-15 23:54:58,369 - pred_output_path: /root/autodl-tmp/home/lizhuohang/reaserch/EMNLP/SMC/outputs_test/MIntRec/umc_umc_MIntRec_bert-base-uncased_4
2025-04-15 23:54:58,369 - model_output_path: /root/autodl-tmp/home/lizhuohang/reaserch/EMNLP/SMC/outputs_test/MIntRec/umc_umc_MIntRec_bert-base-uncased_4/models
2025-04-15 23:54:58,369 - text_seq_len: 30
2025-04-15 23:54:58,369 - video_seq_len: 230
2025-04-15 23:54:58,369 - audio_seq_len: 480
2025-04-15 23:54:58,369 - text_feat_dim: 768
2025-04-15 23:54:58,369 - video_feat_dim: 1024
2025-04-15 23:54:58,369 - audio_feat_dim: 768
2025-04-15 23:54:58,369 - num_train_examples: 1779
2025-04-15 23:54:58,369 - ============================== End Params ==============================
2025-04-15 23:54:59,912 - Freeze all parameters but the last layer for efficiency
2025-04-15 23:54:59,950 - Pre-training start...
