2025-04-16 15:06:04,914 - 【无监督】进入了无监督的设定中, 加载数据集
2025-04-16 15:06:04,914 - data preparation...
2025-04-16 15:06:14,238 - Number of train samples = 1779
2025-04-16 15:06:14,239 - Number of testing samples = 445
2025-04-16 15:06:14,240 - data preparation...
2025-04-16 15:06:16,577 - num_train_examples = 1779
2025-04-16 15:06:16,578 - ============================== Params ==============================
2025-04-16 15:06:16,578 - logger_name: umc_umc_bert-base-uncased_MIntRec_0
2025-04-16 15:06:16,578 - dataset: MIntRec
2025-04-16 15:06:16,578 - multimodal_method: umc
2025-04-16 15:06:16,578 - method: umc
2025-04-16 15:06:16,578 - setting: unsupervised
2025-04-16 15:06:16,578 - text_backbone: bert-base-uncased
2025-04-16 15:06:16,578 - seed: 0
2025-04-16 15:06:16,578 - num_workers: 16
2025-04-16 15:06:16,578 - log_id: umc_umc_bert-base-uncased_MIntRec_0_2025-04-16-15-06-04
2025-04-16 15:06:16,578 - gpu_id: 0
2025-04-16 15:06:16,578 - data_path: /root/autodl-tmp/home/Share/Dataset/LZH
2025-04-16 15:06:16,578 - train: True
2025-04-16 15:06:16,578 - tune: True
2025-04-16 15:06:16,578 - save_model: True
2025-04-16 15:06:16,578 - save_results: True
2025-04-16 15:06:16,578 - log_path: logs
2025-04-16 15:06:16,578 - cache_path: cache
2025-04-16 15:06:16,578 - video_data_path: video_data
2025-04-16 15:06:16,578 - audio_data_path: audio_data
2025-04-16 15:06:16,578 - video_feats_path: swin_feats.pkl
2025-04-16 15:06:16,579 - audio_feats_path: wavlm_feats.pkl
2025-04-16 15:06:16,579 - results_path: results
2025-04-16 15:06:16,579 - output_path: /root/autodl-tmp/home/lizhuohang/reaserch/EMNLP/SMC/outputs_test2/MIntRec
2025-04-16 15:06:16,579 - model_path: models
2025-04-16 15:06:16,579 - config_file_name: umc_MIntRec
2025-04-16 15:06:16,579 - results_file_name: results_umc.csv
2025-04-16 15:06:16,579 - text_pretrained_model: uncased_L-12_H-768_A-12
2025-04-16 15:06:16,579 - pretrained_bert_model: uncased_L-12_H-768_A-12
2025-04-16 15:06:16,579 - pretrain_batch_size: 128
2025-04-16 15:06:16,579 - train_batch_size: 128
2025-04-16 15:06:16,579 - eval_batch_size: 128
2025-04-16 15:06:16,579 - test_batch_size: 128
2025-04-16 15:06:16,579 - num_pretrain_epochs: 100
2025-04-16 15:06:16,579 - num_train_epochs: 100
2025-04-16 15:06:16,579 - pretrain: [True]
2025-04-16 15:06:16,579 - aligned_method: ctc
2025-04-16 15:06:16,579 - need_aligned: False
2025-04-16 15:06:16,580 - freeze_pretrain_bert_parameters: [True]
2025-04-16 15:06:16,580 - freeze_train_bert_parameters: [True]
2025-04-16 15:06:16,580 - pretrain_temperature: [0.1]
2025-04-16 15:06:16,580 - train_temperature_sup: [0.5]
2025-04-16 15:06:16,580 - train_temperature_unsup: [2]
2025-04-16 15:06:16,580 - activation: tanh
2025-04-16 15:06:16,580 - lr_pre: [3e-05]
2025-04-16 15:06:16,580 - lr: [5e-05]
2025-04-16 15:06:16,580 - delta: [0.05]
2025-04-16 15:06:16,580 - thres: [0.1]
2025-04-16 15:06:16,580 - topk: [5]
2025-04-16 15:06:16,580 - weight_decay: 0.01
2025-04-16 15:06:16,580 - feat_dim: 768
2025-04-16 15:06:16,580 - hidden_size: 768
2025-04-16 15:06:16,580 - grad_clip: -1.0
2025-04-16 15:06:16,580 - warmup_proportion: [0.1]
2025-04-16 15:06:16,580 - hidden_dropout_prob: 0.1
2025-04-16 15:06:16,580 - weight: 1.0
2025-04-16 15:06:16,580 - loss_mode: rdrop
2025-04-16 15:06:16,580 - base_dim: 256
2025-04-16 15:06:16,580 - nheads: 8
2025-04-16 15:06:16,580 - attn_dropout: 0.1
2025-04-16 15:06:16,580 - relu_dropout: 0.1
2025-04-16 15:06:16,580 - embed_dropout: 0.01
2025-04-16 15:06:16,580 - res_dropout: 0.0
2025-04-16 15:06:16,580 - attn_mask: True
2025-04-16 15:06:16,580 - encoder_layers_1: 1
2025-04-16 15:06:16,580 - fusion_act: tanh
2025-04-16 15:06:16,581 - pred_output_path: /root/autodl-tmp/home/lizhuohang/reaserch/EMNLP/SMC/outputs_test2/MIntRec/umc_umc_MIntRec_bert-base-uncased_0
2025-04-16 15:06:16,581 - model_output_path: /root/autodl-tmp/home/lizhuohang/reaserch/EMNLP/SMC/outputs_test2/MIntRec/umc_umc_MIntRec_bert-base-uncased_0/models
2025-04-16 15:06:16,581 - text_seq_len: 30
2025-04-16 15:06:16,581 - video_seq_len: 230
2025-04-16 15:06:16,581 - audio_seq_len: 480
2025-04-16 15:06:16,581 - text_feat_dim: 768
2025-04-16 15:06:16,581 - video_feat_dim: 1024
2025-04-16 15:06:16,581 - audio_feat_dim: 768
2025-04-16 15:06:16,581 - num_labels: 20
2025-04-16 15:06:16,581 - num_train_examples: 1779
2025-04-16 15:06:16,581 - ============================== End Params ==============================
2025-04-16 15:06:17,843 - Freeze all parameters but the last layer for efficiency
2025-04-16 15:06:17,884 - Pre-training start...
