2025-04-10 23:34:25,965 - ============================== Params ==============================
2025-04-10 23:34:25,965 - logger_name: umc_umc_bert-base-uncased_MIntRec_2
2025-04-10 23:34:25,965 - dataset: MIntRec
2025-04-10 23:34:25,965 - multimodal_method: umc
2025-04-10 23:34:25,965 - method: umc
2025-04-10 23:34:25,966 - text_backbone: bert-base-uncased
2025-04-10 23:34:25,966 - seed: 2
2025-04-10 23:34:25,966 - num_workers: 16
2025-04-10 23:34:25,966 - log_id: umc_umc_bert-base-uncased_MIntRec_2_2025-04-10-23-34-25
2025-04-10 23:34:25,966 - gpu_id: 0
2025-04-10 23:34:25,966 - data_path: /root/autodl-tmp/home/Share/Dataset/LZH
2025-04-10 23:34:25,966 - train: True
2025-04-10 23:34:25,966 - tune: True
2025-04-10 23:34:25,966 - save_model: True
2025-04-10 23:34:25,966 - save_results: True
2025-04-10 23:34:25,966 - log_path: logs
2025-04-10 23:34:25,966 - cache_path: cache
2025-04-10 23:34:25,966 - video_data_path: video_data
2025-04-10 23:34:25,966 - audio_data_path: audio_data
2025-04-10 23:34:25,966 - video_feats_path: swin_feats.pkl
2025-04-10 23:34:25,966 - audio_feats_path: wavlm_feats.pkl
2025-04-10 23:34:25,966 - results_path: results
2025-04-10 23:34:25,966 - output_path: /root/autodl-tmp/home/lizhuohang/reaserch/EMNLP/UMC/outputs/MIntRec
2025-04-10 23:34:25,966 - model_path: models
2025-04-10 23:34:25,966 - config_file_name: umc_MIntRec
2025-04-10 23:34:25,966 - results_file_name: results_umc.csv
2025-04-10 23:34:25,966 - text_pretrained_model: uncased_L-12_H-768_A-12
2025-04-10 23:34:25,966 - text_seq_len: 30
2025-04-10 23:34:25,966 - video_seq_len: 230
2025-04-10 23:34:25,966 - audio_seq_len: 480
2025-04-10 23:34:25,966 - text_feat_dim: 768
2025-04-10 23:34:25,966 - video_feat_dim: 1024
2025-04-10 23:34:25,966 - audio_feat_dim: 768
2025-04-10 23:34:25,966 - num_labels: 20
2025-04-10 23:34:25,967 - num_train_examples: 1779
2025-04-10 23:34:25,967 - pretrained_bert_model: uncased_L-12_H-768_A-12
2025-04-10 23:34:25,967 - pretrain_batch_size: 128
2025-04-10 23:34:25,967 - train_batch_size: 128
2025-04-10 23:34:25,967 - eval_batch_size: 128
2025-04-10 23:34:25,967 - test_batch_size: 128
2025-04-10 23:34:25,967 - num_pretrain_epochs: 100
2025-04-10 23:34:25,967 - num_train_epochs: 100
2025-04-10 23:34:25,967 - pretrain: [False]
2025-04-10 23:34:25,967 - aligned_method: ctc
2025-04-10 23:34:25,967 - need_aligned: False
2025-04-10 23:34:25,967 - freeze_pretrain_bert_parameters: [True]
2025-04-10 23:34:25,967 - freeze_train_bert_parameters: [True]
2025-04-10 23:34:25,967 - pretrain_temperature: [0.2]
2025-04-10 23:34:25,967 - train_temperature_sup: [1.4]
2025-04-10 23:34:25,967 - train_temperature_unsup: [1]
2025-04-10 23:34:25,967 - activation: tanh
2025-04-10 23:34:25,968 - lr_pre: 2e-05
2025-04-10 23:34:25,968 - lr: [0.0003]
2025-04-10 23:34:25,968 - delta: [0.05]
2025-04-10 23:34:25,968 - thres: [0.1]
2025-04-10 23:34:25,968 - topk: [5]
2025-04-10 23:34:25,968 - weight_decay: 0.01
2025-04-10 23:34:25,968 - feat_dim: 768
2025-04-10 23:34:25,968 - hidden_size: 768
2025-04-10 23:34:25,968 - grad_clip: -1.0
2025-04-10 23:34:25,968 - warmup_proportion: 0.1
2025-04-10 23:34:25,968 - hidden_dropout_prob: 0.1
2025-04-10 23:34:25,968 - weight: 1.0
2025-04-10 23:34:25,968 - loss_mode: rdrop
2025-04-10 23:34:25,968 - base_dim: 256
2025-04-10 23:34:25,968 - nheads: 8
2025-04-10 23:34:25,968 - attn_dropout: 0.1
2025-04-10 23:34:25,968 - relu_dropout: 0.1
2025-04-10 23:34:25,968 - embed_dropout: 0.1
2025-04-10 23:34:25,968 - res_dropout: 0.0
2025-04-10 23:34:25,968 - attn_mask: True
2025-04-10 23:34:25,968 - encoder_layers_1: 1
2025-04-10 23:34:25,968 - fusion_act: tanh
2025-04-10 23:34:25,968 - pred_output_path: /root/autodl-tmp/home/lizhuohang/reaserch/EMNLP/UMC/outputs/MIntRec/umc_umc_MIntRec_bert-base-uncased_2
2025-04-10 23:34:25,968 - model_output_path: /root/autodl-tmp/home/lizhuohang/reaserch/EMNLP/UMC/outputs/MIntRec/umc_umc_MIntRec_bert-base-uncased_2/models
2025-04-10 23:34:25,968 - ============================== End Params ==============================
2025-04-10 23:34:28,424 - Freeze all parameters but the last layer for efficiency
