2025-04-16 00:59:36,218 - 进入了无监督的设定中, 加载数据集
2025-04-16 00:59:36,218 - data preparation...
2025-04-16 01:00:12,208 - Number of train samples = 7532
2025-04-16 01:00:12,209 - Number of testing samples = 1884
2025-04-16 01:00:12,209 - data preparation...
2025-04-16 01:00:24,101 - num_train_examples = 7532
2025-04-16 01:00:24,101 - ============================== Params ==============================
2025-04-16 01:00:24,101 - logger_name: umc_umc_bert-base-uncased_IEMOCAP-DA_2
2025-04-16 01:00:24,101 - dataset: IEMOCAP-DA
2025-04-16 01:00:24,101 - multimodal_method: umc
2025-04-16 01:00:24,101 - method: umc
2025-04-16 01:00:24,101 - setting: unsupervised
2025-04-16 01:00:24,101 - text_backbone: bert-base-uncased
2025-04-16 01:00:24,101 - seed: 2
2025-04-16 01:00:24,102 - num_workers: 16
2025-04-16 01:00:24,102 - log_id: umc_umc_bert-base-uncased_IEMOCAP-DA_2_2025-04-16-00-59-36
2025-04-16 01:00:24,102 - gpu_id: 0
2025-04-16 01:00:24,102 - data_path: /root/autodl-tmp/home/Share/Dataset/LZH
2025-04-16 01:00:24,102 - train: True
2025-04-16 01:00:24,102 - tune: True
2025-04-16 01:00:24,102 - save_model: True
2025-04-16 01:00:24,102 - save_results: True
2025-04-16 01:00:24,102 - log_path: logs
2025-04-16 01:00:24,102 - cache_path: cache
2025-04-16 01:00:24,102 - video_data_path: video_data
2025-04-16 01:00:24,102 - audio_data_path: audio_data
2025-04-16 01:00:24,102 - video_feats_path: swin_feats.pkl
2025-04-16 01:00:24,102 - audio_feats_path: wavlm_feats.pkl
2025-04-16 01:00:24,102 - results_path: results
2025-04-16 01:00:24,102 - output_path: /root/autodl-tmp/home/lizhuohang/reaserch/EMNLP/SMC/outputs_test/IEMOCAP-DA
2025-04-16 01:00:24,102 - model_path: models
2025-04-16 01:00:24,102 - config_file_name: umc_IEMOCAP-DA
2025-04-16 01:00:24,102 - results_file_name: results_umc.csv
2025-04-16 01:00:24,102 - text_pretrained_model: uncased_L-12_H-768_A-12
2025-04-16 01:00:24,102 - pretrained_bert_model: uncased_L-12_H-768_A-12
2025-04-16 01:00:24,102 - pretrain_batch_size: 128
2025-04-16 01:00:24,102 - train_batch_size: 128
2025-04-16 01:00:24,102 - eval_batch_size: 128
2025-04-16 01:00:24,102 - test_batch_size: 128
2025-04-16 01:00:24,102 - num_pretrain_epochs: 100
2025-04-16 01:00:24,102 - num_train_epochs: 100
2025-04-16 01:00:24,102 - pretrain: [False]
2025-04-16 01:00:24,103 - aligned_method: ctc
2025-04-16 01:00:24,103 - need_aligned: False
2025-04-16 01:00:24,103 - freeze_pretrain_bert_parameters: True
2025-04-16 01:00:24,103 - freeze_train_bert_parameters: True
2025-04-16 01:00:24,103 - pretrain_temperature: [0.2]
2025-04-16 01:00:24,103 - train_temperature_sup: [10]
2025-04-16 01:00:24,103 - train_temperature_unsup: [20]
2025-04-16 01:00:24,103 - activation: tanh
2025-04-16 01:00:24,103 - lr_pre: 2e-05
2025-04-16 01:00:24,103 - lr: [0.0005]
2025-04-16 01:00:24,103 - delta: [0.05]
2025-04-16 01:00:24,103 - thres: [0.1]
2025-04-16 01:00:24,103 - topk: [5]
2025-04-16 01:00:24,103 - weight_decay: 0.01
2025-04-16 01:00:24,103 - feat_dim: 768
2025-04-16 01:00:24,103 - hidden_size: 768
2025-04-16 01:00:24,104 - grad_clip: [-1.0]
2025-04-16 01:00:24,104 - warmup_proportion: 0.1
2025-04-16 01:00:24,104 - hidden_dropout_prob: 0.1
2025-04-16 01:00:24,104 - weight: 1.0
2025-04-16 01:00:24,104 - loss_mode: rdrop
2025-04-16 01:00:24,104 - base_dim: [256]
2025-04-16 01:00:24,104 - nheads: 8
2025-04-16 01:00:24,104 - attn_dropout: 0.1
2025-04-16 01:00:24,104 - relu_dropout: 0.1
2025-04-16 01:00:24,104 - embed_dropout: 0.1
2025-04-16 01:00:24,104 - res_dropout: 0.0
2025-04-16 01:00:24,104 - attn_mask: True
2025-04-16 01:00:24,104 - encoder_layers_1: 1
2025-04-16 01:00:24,104 - fusion_act: tanh
2025-04-16 01:00:24,104 - pred_output_path: /root/autodl-tmp/home/lizhuohang/reaserch/EMNLP/SMC/outputs_test/IEMOCAP-DA/umc_umc_IEMOCAP-DA_bert-base-uncased_2
2025-04-16 01:00:24,104 - model_output_path: /root/autodl-tmp/home/lizhuohang/reaserch/EMNLP/SMC/outputs_test/IEMOCAP-DA/umc_umc_IEMOCAP-DA_bert-base-uncased_2/models
2025-04-16 01:00:24,104 - text_seq_len: 44
2025-04-16 01:00:24,104 - video_seq_len: 230
2025-04-16 01:00:24,104 - audio_seq_len: 380
2025-04-16 01:00:24,104 - text_feat_dim: 768
2025-04-16 01:00:24,104 - video_feat_dim: 1024
2025-04-16 01:00:24,104 - audio_feat_dim: 768
2025-04-16 01:00:24,104 - num_train_examples: 7532
2025-04-16 01:00:24,104 - ============================== End Params ==============================
2025-04-16 01:00:25,273 - Freeze all parameters but the last layer for efficiency
