2025-04-16 01:01:26,410 - 进入了无监督的设定中, 加载数据集
2025-04-16 01:01:26,410 - data preparation...
2025-04-16 01:01:34,816 - Number of train samples = 1779
2025-04-16 01:01:34,817 - Number of testing samples = 445
2025-04-16 01:01:34,817 - data preparation...
2025-04-16 01:01:36,988 - num_train_examples = 1779
2025-04-16 01:01:36,988 - ============================== Params ==============================
2025-04-16 01:01:36,988 - logger_name: umc_umc_bert-base-uncased_MIntRec_0
2025-04-16 01:01:36,988 - dataset: MIntRec
2025-04-16 01:01:36,988 - multimodal_method: umc
2025-04-16 01:01:36,988 - method: umc
2025-04-16 01:01:36,988 - setting: unsupervised
2025-04-16 01:01:36,988 - text_backbone: bert-base-uncased
2025-04-16 01:01:36,988 - seed: 0
2025-04-16 01:01:36,989 - num_workers: 16
2025-04-16 01:01:36,989 - log_id: umc_umc_bert-base-uncased_MIntRec_0_2025-04-16-01-01-26
2025-04-16 01:01:36,989 - gpu_id: 0
2025-04-16 01:01:36,989 - data_path: /root/autodl-tmp/home/Share/Dataset/LZH
2025-04-16 01:01:36,989 - train: True
2025-04-16 01:01:36,989 - tune: True
2025-04-16 01:01:36,989 - save_model: True
2025-04-16 01:01:36,989 - save_results: True
2025-04-16 01:01:36,989 - log_path: logs
2025-04-16 01:01:36,989 - cache_path: cache
2025-04-16 01:01:36,989 - video_data_path: video_data
2025-04-16 01:01:36,989 - audio_data_path: audio_data
2025-04-16 01:01:36,989 - video_feats_path: swin_feats.pkl
2025-04-16 01:01:36,989 - audio_feats_path: wavlm_feats.pkl
2025-04-16 01:01:36,989 - results_path: results
2025-04-16 01:01:36,989 - output_path: /root/autodl-tmp/home/lizhuohang/reaserch/EMNLP/SMC/outputs_test/MIntRec
2025-04-16 01:01:36,989 - model_path: models
2025-04-16 01:01:36,989 - config_file_name: umc_MIntRec
2025-04-16 01:01:36,989 - results_file_name: results_umc.csv
2025-04-16 01:01:36,989 - text_pretrained_model: uncased_L-12_H-768_A-12
2025-04-16 01:01:36,989 - pretrained_bert_model: uncased_L-12_H-768_A-12
2025-04-16 01:01:36,989 - pretrain_batch_size: 128
2025-04-16 01:01:36,989 - train_batch_size: 128
2025-04-16 01:01:36,989 - eval_batch_size: 128
2025-04-16 01:01:36,989 - test_batch_size: 128
2025-04-16 01:01:36,989 - num_pretrain_epochs: 100
2025-04-16 01:01:36,989 - num_train_epochs: 100
2025-04-16 01:01:36,989 - pretrain: [False]
2025-04-16 01:01:36,989 - aligned_method: ctc
2025-04-16 01:01:36,990 - need_aligned: False
2025-04-16 01:01:36,990 - freeze_pretrain_bert_parameters: [True]
2025-04-16 01:01:36,990 - freeze_train_bert_parameters: [True]
2025-04-16 01:01:36,990 - pretrain_temperature: [0.1]
2025-04-16 01:01:36,990 - train_temperature_sup: [0.5, 1, 2, 4, 6, 8]
2025-04-16 01:01:36,990 - train_temperature_unsup: [0.5, 1, 2, 4, 6, 8]
2025-04-16 01:01:36,990 - activation: tanh
2025-04-16 01:01:36,990 - lr_pre: 1e-05
2025-04-16 01:01:36,990 - lr: [0.0001]
2025-04-16 01:01:36,990 - delta: [0.05]
2025-04-16 01:01:36,990 - thres: [0.1]
2025-04-16 01:01:36,990 - topk: [5]
2025-04-16 01:01:36,990 - weight_decay: 0.01
2025-04-16 01:01:36,990 - feat_dim: 768
2025-04-16 01:01:36,990 - hidden_size: 768
2025-04-16 01:01:36,990 - grad_clip: -1.0
2025-04-16 01:01:36,990 - warmup_proportion: 0.5
2025-04-16 01:01:36,990 - hidden_dropout_prob: 0.1
2025-04-16 01:01:36,990 - weight: 1.0
2025-04-16 01:01:36,990 - loss_mode: rdrop
2025-04-16 01:01:36,990 - base_dim: 256
2025-04-16 01:01:36,990 - nheads: 8
2025-04-16 01:01:36,990 - attn_dropout: 0.1
2025-04-16 01:01:36,990 - relu_dropout: 0.1
2025-04-16 01:01:36,990 - embed_dropout: 0.01
2025-04-16 01:01:36,990 - res_dropout: 0.0
2025-04-16 01:01:36,990 - attn_mask: True
2025-04-16 01:01:36,990 - encoder_layers_1: 1
2025-04-16 01:01:36,990 - fusion_act: tanh
2025-04-16 01:01:36,991 - pred_output_path: /root/autodl-tmp/home/lizhuohang/reaserch/EMNLP/SMC/outputs_test/MIntRec/umc_umc_MIntRec_bert-base-uncased_0
2025-04-16 01:01:36,991 - model_output_path: /root/autodl-tmp/home/lizhuohang/reaserch/EMNLP/SMC/outputs_test/MIntRec/umc_umc_MIntRec_bert-base-uncased_0/models
2025-04-16 01:01:36,991 - text_seq_len: 30
2025-04-16 01:01:36,991 - video_seq_len: 230
2025-04-16 01:01:36,991 - audio_seq_len: 480
2025-04-16 01:01:36,991 - text_feat_dim: 768
2025-04-16 01:01:36,991 - video_feat_dim: 1024
2025-04-16 01:01:36,991 - audio_feat_dim: 768
2025-04-16 01:01:36,991 - num_train_examples: 1779
2025-04-16 01:01:36,991 - ============================== End Params ==============================
2025-04-16 01:01:38,225 - Freeze all parameters but the last layer for efficiency
