2025-04-10 23:35:02,523 - ============================== Params ==============================
2025-04-10 23:35:02,524 - logger_name: umc_umc_bert-base-uncased_MIntRec_4
2025-04-10 23:35:02,524 - dataset: MIntRec
2025-04-10 23:35:02,524 - multimodal_method: umc
2025-04-10 23:35:02,524 - method: umc
2025-04-10 23:35:02,524 - text_backbone: bert-base-uncased
2025-04-10 23:35:02,524 - seed: 4
2025-04-10 23:35:02,524 - num_workers: 16
2025-04-10 23:35:02,524 - log_id: umc_umc_bert-base-uncased_MIntRec_4_2025-04-10-23-35-02
2025-04-10 23:35:02,524 - gpu_id: 0
2025-04-10 23:35:02,524 - data_path: /root/autodl-tmp/home/Share/Dataset/LZH
2025-04-10 23:35:02,524 - train: True
2025-04-10 23:35:02,524 - tune: True
2025-04-10 23:35:02,524 - save_model: True
2025-04-10 23:35:02,524 - save_results: True
2025-04-10 23:35:02,524 - log_path: logs
2025-04-10 23:35:02,524 - cache_path: cache
2025-04-10 23:35:02,524 - video_data_path: video_data
2025-04-10 23:35:02,524 - audio_data_path: audio_data
2025-04-10 23:35:02,524 - video_feats_path: swin_feats.pkl
2025-04-10 23:35:02,524 - audio_feats_path: wavlm_feats.pkl
2025-04-10 23:35:02,524 - results_path: results
2025-04-10 23:35:02,524 - output_path: /root/autodl-tmp/home/lizhuohang/reaserch/EMNLP/UMC/outputs/MIntRec
2025-04-10 23:35:02,524 - model_path: models
2025-04-10 23:35:02,524 - config_file_name: umc_MIntRec
2025-04-10 23:35:02,524 - results_file_name: results_umc.csv
2025-04-10 23:35:02,524 - text_pretrained_model: uncased_L-12_H-768_A-12
2025-04-10 23:35:02,524 - text_seq_len: 30
2025-04-10 23:35:02,525 - video_seq_len: 230
2025-04-10 23:35:02,525 - audio_seq_len: 480
2025-04-10 23:35:02,525 - text_feat_dim: 768
2025-04-10 23:35:02,525 - video_feat_dim: 1024
2025-04-10 23:35:02,525 - audio_feat_dim: 768
2025-04-10 23:35:02,525 - num_labels: 20
2025-04-10 23:35:02,525 - num_train_examples: 1779
2025-04-10 23:35:02,525 - pretrained_bert_model: uncased_L-12_H-768_A-12
2025-04-10 23:35:02,525 - pretrain_batch_size: 128
2025-04-10 23:35:02,525 - train_batch_size: 128
2025-04-10 23:35:02,525 - eval_batch_size: 128
2025-04-10 23:35:02,525 - test_batch_size: 128
2025-04-10 23:35:02,525 - num_pretrain_epochs: 100
2025-04-10 23:35:02,525 - num_train_epochs: 100
2025-04-10 23:35:02,525 - pretrain: [False]
2025-04-10 23:35:02,525 - aligned_method: ctc
2025-04-10 23:35:02,525 - need_aligned: False
2025-04-10 23:35:02,525 - freeze_pretrain_bert_parameters: [True]
2025-04-10 23:35:02,525 - freeze_train_bert_parameters: [True]
2025-04-10 23:35:02,525 - pretrain_temperature: [0.2]
2025-04-10 23:35:02,525 - train_temperature_sup: [1.4]
2025-04-10 23:35:02,525 - train_temperature_unsup: [1]
2025-04-10 23:35:02,525 - activation: tanh
2025-04-10 23:35:02,525 - lr_pre: 2e-05
2025-04-10 23:35:02,525 - lr: [0.0003]
2025-04-10 23:35:02,525 - delta: [0.05]
2025-04-10 23:35:02,525 - thres: [0.1]
2025-04-10 23:35:02,525 - topk: [5]
2025-04-10 23:35:02,525 - weight_decay: 0.01
2025-04-10 23:35:02,526 - feat_dim: 768
2025-04-10 23:35:02,526 - hidden_size: 768
2025-04-10 23:35:02,526 - grad_clip: -1.0
2025-04-10 23:35:02,526 - warmup_proportion: 0.1
2025-04-10 23:35:02,526 - hidden_dropout_prob: 0.1
2025-04-10 23:35:02,526 - weight: 1.0
2025-04-10 23:35:02,526 - loss_mode: rdrop
2025-04-10 23:35:02,526 - base_dim: 256
2025-04-10 23:35:02,526 - nheads: 8
2025-04-10 23:35:02,526 - attn_dropout: 0.1
2025-04-10 23:35:02,526 - relu_dropout: 0.1
2025-04-10 23:35:02,526 - embed_dropout: 0.1
2025-04-10 23:35:02,526 - res_dropout: 0.0
2025-04-10 23:35:02,526 - attn_mask: True
2025-04-10 23:35:02,526 - encoder_layers_1: 1
2025-04-10 23:35:02,526 - fusion_act: tanh
2025-04-10 23:35:02,526 - pred_output_path: /root/autodl-tmp/home/lizhuohang/reaserch/EMNLP/UMC/outputs/MIntRec/umc_umc_MIntRec_bert-base-uncased_4
2025-04-10 23:35:02,526 - model_output_path: /root/autodl-tmp/home/lizhuohang/reaserch/EMNLP/UMC/outputs/MIntRec/umc_umc_MIntRec_bert-base-uncased_4/models
2025-04-10 23:35:02,526 - ============================== End Params ==============================
2025-04-10 23:35:03,671 - Freeze all parameters but the last layer for efficiency
