2025-04-10 23:25:14,387 - ============================== Params ==============================
2025-04-10 23:25:14,388 - logger_name: umc_umc_bert-base-uncased_MIntRec_1
2025-04-10 23:25:14,388 - dataset: MIntRec
2025-04-10 23:25:14,388 - multimodal_method: umc
2025-04-10 23:25:14,388 - method: umc
2025-04-10 23:25:14,388 - text_backbone: bert-base-uncased
2025-04-10 23:25:14,388 - seed: 1
2025-04-10 23:25:14,388 - num_workers: 16
2025-04-10 23:25:14,388 - log_id: umc_umc_bert-base-uncased_MIntRec_1_2025-04-10-23-25-14
2025-04-10 23:25:14,388 - gpu_id: 0
2025-04-10 23:25:14,388 - data_path: /root/autodl-tmp/home/Share/Dataset/LZH
2025-04-10 23:25:14,388 - train: True
2025-04-10 23:25:14,388 - tune: True
2025-04-10 23:25:14,388 - save_model: True
2025-04-10 23:25:14,388 - save_results: True
2025-04-10 23:25:14,388 - log_path: logs
2025-04-10 23:25:14,388 - cache_path: cache
2025-04-10 23:25:14,388 - video_data_path: video_data
2025-04-10 23:25:14,388 - audio_data_path: audio_data
2025-04-10 23:25:14,388 - video_feats_path: swin_feats.pkl
2025-04-10 23:25:14,388 - audio_feats_path: wavlm_feats.pkl
2025-04-10 23:25:14,388 - results_path: results
2025-04-10 23:25:14,389 - output_path: /root/autodl-tmp/home/lizhuohang/reaserch/EMNLP/UMC/outputs/MIntRec
2025-04-10 23:25:14,389 - model_path: models
2025-04-10 23:25:14,389 - config_file_name: umc_MIntRec
2025-04-10 23:25:14,389 - results_file_name: results_umc.csv
2025-04-10 23:25:14,389 - text_pretrained_model: uncased_L-12_H-768_A-12
2025-04-10 23:25:14,389 - text_seq_len: 30
2025-04-10 23:25:14,389 - video_seq_len: 230
2025-04-10 23:25:14,389 - audio_seq_len: 480
2025-04-10 23:25:14,389 - text_feat_dim: 768
2025-04-10 23:25:14,389 - video_feat_dim: 1024
2025-04-10 23:25:14,389 - audio_feat_dim: 768
2025-04-10 23:25:14,389 - num_labels: 20
2025-04-10 23:25:14,389 - num_train_examples: 1779
2025-04-10 23:25:14,389 - pretrained_bert_model: uncased_L-12_H-768_A-12
2025-04-10 23:25:14,389 - pretrain_batch_size: 128
2025-04-10 23:25:14,389 - train_batch_size: 128
2025-04-10 23:25:14,389 - eval_batch_size: 128
2025-04-10 23:25:14,389 - test_batch_size: 128
2025-04-10 23:25:14,389 - num_pretrain_epochs: 100
2025-04-10 23:25:14,389 - num_train_epochs: 100
2025-04-10 23:25:14,389 - pretrain: [False]
2025-04-10 23:25:14,389 - aligned_method: ctc
2025-04-10 23:25:14,389 - need_aligned: False
2025-04-10 23:25:14,389 - freeze_pretrain_bert_parameters: [True]
2025-04-10 23:25:14,389 - freeze_train_bert_parameters: [True]
2025-04-10 23:25:14,389 - pretrain_temperature: [0.2]
2025-04-10 23:25:14,389 - train_temperature_sup: [1.4]
2025-04-10 23:25:14,389 - train_temperature_unsup: [1]
2025-04-10 23:25:14,389 - activation: tanh
2025-04-10 23:25:14,389 - lr_pre: 2e-05
2025-04-10 23:25:14,390 - lr: [0.0003]
2025-04-10 23:25:14,390 - delta: [0.05]
2025-04-10 23:25:14,390 - thres: [0.1]
2025-04-10 23:25:14,390 - topk: [5]
2025-04-10 23:25:14,390 - weight_decay: 0.01
2025-04-10 23:25:14,390 - feat_dim: 768
2025-04-10 23:25:14,390 - hidden_size: 768
2025-04-10 23:25:14,390 - grad_clip: -1.0
2025-04-10 23:25:14,390 - warmup_proportion: 0.1
2025-04-10 23:25:14,390 - hidden_dropout_prob: 0.1
2025-04-10 23:25:14,390 - weight: 1.0
2025-04-10 23:25:14,390 - loss_mode: rdrop
2025-04-10 23:25:14,390 - base_dim: 256
2025-04-10 23:25:14,390 - nheads: 8
2025-04-10 23:25:14,390 - attn_dropout: 0.1
2025-04-10 23:25:14,390 - relu_dropout: 0.1
2025-04-10 23:25:14,390 - embed_dropout: 0.1
2025-04-10 23:25:14,390 - res_dropout: 0.0
2025-04-10 23:25:14,390 - attn_mask: True
2025-04-10 23:25:14,390 - encoder_layers_1: 1
2025-04-10 23:25:14,390 - fusion_act: tanh
2025-04-10 23:25:14,390 - pred_output_path: /root/autodl-tmp/home/lizhuohang/reaserch/EMNLP/UMC/outputs/MIntRec/umc_umc_MIntRec_bert-base-uncased_1
2025-04-10 23:25:14,390 - model_output_path: /root/autodl-tmp/home/lizhuohang/reaserch/EMNLP/UMC/outputs/MIntRec/umc_umc_MIntRec_bert-base-uncased_1/models
2025-04-10 23:25:14,390 - ============================== End Params ==============================
2025-04-10 23:25:16,529 - Freeze all parameters but the last layer for efficiency
2025-04-10 23:25:18,399 - Freeze all parameters but the last layer for efficiency
2025-04-10 23:25:18,406 - Multimodal Intent Recognition begins...
2025-04-10 23:25:18,407 - Training begins...
2025-04-10 23:25:33,986 - Initializing centroids with K-means++...
2025-04-10 23:25:34,056 - K-means++ used 0.07 s
2025-04-10 23:26:03,650 - K-means used 0.02 s
2025-04-10 23:26:04,504 - ***** Epoch: 1 *****
2025-04-10 23:26:04,504 - Supervised Training Loss: 4.877790
2025-04-10 23:26:04,505 - Unsupervised Training Loss: 5.094890
2025-04-10 23:26:32,114 - K-means used 0.02 s
2025-04-10 23:26:33,002 - ***** Epoch: 2 *****
2025-04-10 23:26:33,002 - Supervised Training Loss: 5.459520
2025-04-10 23:26:33,002 - Unsupervised Training Loss: 5.122530
2025-04-10 23:27:04,396 - K-means used 0.01 s
2025-04-10 23:27:05,172 - ***** Epoch: 3 *****
2025-04-10 23:27:05,172 - Supervised Training Loss: 5.302470
2025-04-10 23:27:05,172 - Unsupervised Training Loss: 4.976320
2025-04-10 23:27:37,120 - K-means used 0.02 s
2025-04-10 23:27:37,903 - ***** Epoch: 4 *****
2025-04-10 23:27:37,904 - Supervised Training Loss: 5.165210
2025-04-10 23:27:37,904 - Unsupervised Training Loss: 5.040760
2025-04-10 23:28:08,013 - K-means used 0.02 s
2025-04-10 23:28:08,793 - ***** Epoch: 5 *****
2025-04-10 23:28:08,793 - Supervised Training Loss: 4.896690
2025-04-10 23:28:08,793 - Unsupervised Training Loss: 5.078330
2025-04-10 23:28:36,318 - K-means used 0.01 s
2025-04-10 23:28:37,150 - ***** Epoch: 6 *****
2025-04-10 23:28:37,150 - Supervised Training Loss: 5.299770
2025-04-10 23:28:37,150 - Unsupervised Training Loss: 4.850800
2025-04-10 23:29:05,916 - K-means used 0.01 s
2025-04-10 23:29:06,906 - ***** Epoch: 7 *****
2025-04-10 23:29:06,907 - Supervised Training Loss: 5.222040
2025-04-10 23:29:06,907 - Unsupervised Training Loss: 4.988830
2025-04-10 23:29:34,035 - K-means used 0.01 s
2025-04-10 23:29:34,971 - ***** Epoch: 8 *****
2025-04-10 23:29:34,972 - Supervised Training Loss: 5.087710
2025-04-10 23:29:34,972 - Unsupervised Training Loss: 5.044630
2025-04-10 23:30:01,096 - K-means used 0.01 s
2025-04-10 23:30:02,164 - ***** Epoch: 9 *****
2025-04-10 23:30:02,165 - Supervised Training Loss: 5.310670
2025-04-10 23:30:02,165 - Unsupervised Training Loss: 5.081110
2025-04-10 23:30:28,240 - K-means used 0.01 s
2025-04-10 23:30:29,229 - ***** Epoch: 10 *****
2025-04-10 23:30:29,229 - Supervised Training Loss: 5.250220
2025-04-10 23:30:29,229 - Unsupervised Training Loss: 4.928840
2025-04-10 23:30:55,123 - K-means used 0.01 s
2025-04-10 23:30:56,185 - ***** Epoch: 11 *****
2025-04-10 23:30:56,185 - Supervised Training Loss: 5.177030
2025-04-10 23:30:56,185 - Unsupervised Training Loss: 5.010030
2025-04-10 23:31:21,928 - K-means used 0.01 s
2025-04-10 23:31:23,240 - ***** Epoch: 12 *****
2025-04-10 23:31:23,240 - Supervised Training Loss: 5.314670
2025-04-10 23:31:23,240 - Unsupervised Training Loss: 5.071640
2025-04-10 23:31:48,837 - K-means used 0.01 s
2025-04-10 23:31:50,058 - ***** Epoch: 13 *****
2025-04-10 23:31:50,058 - Supervised Training Loss: 5.279220
2025-04-10 23:31:50,058 - Unsupervised Training Loss: 4.794840
2025-04-10 23:32:16,250 - K-means used 0.01 s
2025-04-10 23:32:17,483 - ***** Epoch: 14 *****
2025-04-10 23:32:17,484 - Supervised Training Loss: 5.227790
2025-04-10 23:32:17,484 - Unsupervised Training Loss: 4.933210
2025-04-10 23:32:42,815 - K-means used 0.01 s
2025-04-10 23:32:44,319 - ***** Epoch: 15 *****
2025-04-10 23:32:44,320 - Supervised Training Loss: 5.067740
2025-04-10 23:32:44,320 - Unsupervised Training Loss: 5.036820
2025-04-10 23:33:09,866 - K-means used 0.01 s
2025-04-10 23:33:11,195 - ***** Epoch: 16 *****
2025-04-10 23:33:11,195 - Supervised Training Loss: 5.301020
2025-04-10 23:33:11,195 - Unsupervised Training Loss: 4.456960
2025-04-10 23:33:36,972 - K-means used 0.01 s
2025-04-10 23:33:38,530 - ***** Epoch: 17 *****
2025-04-10 23:33:38,531 - Supervised Training Loss: 5.267110
2025-04-10 23:33:38,531 - Unsupervised Training Loss: 4.727150
2025-04-10 23:33:52,546 - Training is finished...
2025-04-10 23:33:52,546 - Testing begins...
2025-04-10 23:34:01,168 - ***** Test results *****
2025-04-10 23:34:01,168 -   ACC = 42.7
2025-04-10 23:34:01,169 -   ARI = 22.72
2025-04-10 23:34:01,169 -   NMI = 48.2
2025-04-10 23:34:01,169 -   fmi = 27.67
2025-04-10 23:34:01,169 - Testing is finished...
2025-04-10 23:34:01,169 - Multimodal intent recognition is finished...
2025-04-10 23:34:01,169 - Results are saved in results/results_umc.csv
