2025-04-15 23:54:08,518 - 进入了无监督的设定中, 加载数据集
2025-04-15 23:54:08,518 - data preparation...
2025-04-15 23:54:17,124 - Number of train samples = 1779
2025-04-15 23:54:17,124 - Number of testing samples = 445
2025-04-15 23:54:17,124 - data preparation...
2025-04-15 23:54:19,257 - num_train_examples = 1779
2025-04-15 23:54:19,257 - ============================== Params ==============================
2025-04-15 23:54:19,257 - logger_name: umc_umc_bert-base-uncased_MIntRec_2
2025-04-15 23:54:19,257 - dataset: MIntRec
2025-04-15 23:54:19,257 - multimodal_method: umc
2025-04-15 23:54:19,257 - method: umc
2025-04-15 23:54:19,257 - setting: unsupervised
2025-04-15 23:54:19,257 - text_backbone: bert-base-uncased
2025-04-15 23:54:19,257 - seed: 2
2025-04-15 23:54:19,258 - num_workers: 16
2025-04-15 23:54:19,258 - log_id: umc_umc_bert-base-uncased_MIntRec_2_2025-04-15-23-54-08
2025-04-15 23:54:19,258 - gpu_id: 1
2025-04-15 23:54:19,258 - data_path: /root/autodl-tmp/home/Share/Dataset/LZH
2025-04-15 23:54:19,258 - train: True
2025-04-15 23:54:19,258 - tune: True
2025-04-15 23:54:19,258 - save_model: True
2025-04-15 23:54:19,258 - save_results: True
2025-04-15 23:54:19,258 - log_path: logs
2025-04-15 23:54:19,258 - cache_path: cache
2025-04-15 23:54:19,258 - video_data_path: video_data
2025-04-15 23:54:19,258 - audio_data_path: audio_data
2025-04-15 23:54:19,258 - video_feats_path: swin_feats.pkl
2025-04-15 23:54:19,258 - audio_feats_path: wavlm_feats.pkl
2025-04-15 23:54:19,258 - results_path: results
2025-04-15 23:54:19,258 - output_path: /root/autodl-tmp/home/lizhuohang/reaserch/EMNLP/SMC/outputs_test/MIntRec
2025-04-15 23:54:19,258 - model_path: models
2025-04-15 23:54:19,258 - config_file_name: umc_MIntRec
2025-04-15 23:54:19,258 - results_file_name: results_umc.csv
2025-04-15 23:54:19,258 - text_pretrained_model: uncased_L-12_H-768_A-12
2025-04-15 23:54:19,258 - pretrained_bert_model: uncased_L-12_H-768_A-12
2025-04-15 23:54:19,258 - pretrain_batch_size: 128
2025-04-15 23:54:19,258 - train_batch_size: 128
2025-04-15 23:54:19,258 - eval_batch_size: 128
2025-04-15 23:54:19,258 - test_batch_size: 128
2025-04-15 23:54:19,258 - num_pretrain_epochs: 100
2025-04-15 23:54:19,258 - num_train_epochs: 100
2025-04-15 23:54:19,258 - pretrain: [True]
2025-04-15 23:54:19,258 - aligned_method: ctc
2025-04-15 23:54:19,259 - need_aligned: False
2025-04-15 23:54:19,259 - freeze_pretrain_bert_parameters: [True]
2025-04-15 23:54:19,259 - freeze_train_bert_parameters: [True]
2025-04-15 23:54:19,259 - pretrain_temperature: [0.1]
2025-04-15 23:54:19,259 - train_temperature_sup: [0.5, 1, 2, 4, 6, 8]
2025-04-15 23:54:19,259 - train_temperature_unsup: [0.5, 1, 2, 4, 6, 8]
2025-04-15 23:54:19,259 - activation: tanh
2025-04-15 23:54:19,259 - lr_pre: 1e-05
2025-04-15 23:54:19,259 - lr: [0.0001]
2025-04-15 23:54:19,259 - delta: [0.05]
2025-04-15 23:54:19,259 - thres: [0.1]
2025-04-15 23:54:19,259 - topk: [5]
2025-04-15 23:54:19,259 - weight_decay: 0.01
2025-04-15 23:54:19,259 - feat_dim: 768
2025-04-15 23:54:19,259 - hidden_size: 768
2025-04-15 23:54:19,260 - grad_clip: -1.0
2025-04-15 23:54:19,260 - warmup_proportion: 0.5
2025-04-15 23:54:19,260 - hidden_dropout_prob: 0.1
2025-04-15 23:54:19,260 - weight: 1.0
2025-04-15 23:54:19,260 - loss_mode: rdrop
2025-04-15 23:54:19,260 - base_dim: 256
2025-04-15 23:54:19,260 - nheads: 8
2025-04-15 23:54:19,260 - attn_dropout: 0.1
2025-04-15 23:54:19,260 - relu_dropout: 0.1
2025-04-15 23:54:19,260 - embed_dropout: 0.01
2025-04-15 23:54:19,260 - res_dropout: 0.0
2025-04-15 23:54:19,260 - attn_mask: True
2025-04-15 23:54:19,260 - encoder_layers_1: 1
2025-04-15 23:54:19,260 - fusion_act: tanh
2025-04-15 23:54:19,260 - pred_output_path: /root/autodl-tmp/home/lizhuohang/reaserch/EMNLP/SMC/outputs_test/MIntRec/umc_umc_MIntRec_bert-base-uncased_2
2025-04-15 23:54:19,260 - model_output_path: /root/autodl-tmp/home/lizhuohang/reaserch/EMNLP/SMC/outputs_test/MIntRec/umc_umc_MIntRec_bert-base-uncased_2/models
2025-04-15 23:54:19,260 - text_seq_len: 30
2025-04-15 23:54:19,260 - video_seq_len: 230
2025-04-15 23:54:19,260 - audio_seq_len: 480
2025-04-15 23:54:19,260 - text_feat_dim: 768
2025-04-15 23:54:19,260 - video_feat_dim: 1024
2025-04-15 23:54:19,260 - audio_feat_dim: 768
2025-04-15 23:54:19,260 - num_train_examples: 1779
2025-04-15 23:54:19,260 - ============================== End Params ==============================
2025-04-15 23:54:20,436 - Freeze all parameters but the last layer for efficiency
2025-04-15 23:54:20,474 - Pre-training start...
