2025-04-10 21:12:40,898 - ============================== Params ==============================
2025-04-10 21:12:40,898 - logger_name: umc_umc_bert-base-uncased_MIntRec_0
2025-04-10 21:12:40,899 - dataset: MIntRec
2025-04-10 21:12:40,899 - multimodal_method: umc
2025-04-10 21:12:40,899 - method: umc
2025-04-10 21:12:40,899 - text_backbone: bert-base-uncased
2025-04-10 21:12:40,899 - seed: 0
2025-04-10 21:12:40,899 - num_workers: 16
2025-04-10 21:12:40,899 - log_id: umc_umc_bert-base-uncased_MIntRec_0_2025-04-10-21-12-40
2025-04-10 21:12:40,899 - gpu_id: 0
2025-04-10 21:12:40,899 - data_path: /root/autodl-tmp/home/Share/Dataset/LZH
2025-04-10 21:12:40,899 - train: True
2025-04-10 21:12:40,899 - tune: True
2025-04-10 21:12:40,899 - save_model: True
2025-04-10 21:12:40,900 - save_results: True
2025-04-10 21:12:40,900 - log_path: logs
2025-04-10 21:12:40,900 - cache_path: cache
2025-04-10 21:12:40,900 - video_data_path: video_data
2025-04-10 21:12:40,900 - audio_data_path: audio_data
2025-04-10 21:12:40,900 - video_feats_path: swin_feats.pkl
2025-04-10 21:12:40,900 - audio_feats_path: wavlm_feats.pkl
2025-04-10 21:12:40,900 - results_path: results
2025-04-10 21:12:40,900 - output_path: /root/autodl-tmp/home/lizhuohang/reaserch/EMNLP/UMC/outputs/MIntRec
2025-04-10 21:12:40,900 - model_path: models
2025-04-10 21:12:40,900 - config_file_name: umc_MIntRec
2025-04-10 21:12:40,900 - results_file_name: results_umc.csv
2025-04-10 21:12:40,900 - text_pretrained_model: uncased_L-12_H-768_A-12
2025-04-10 21:12:40,900 - text_seq_len: 30
2025-04-10 21:12:40,900 - video_seq_len: 230
2025-04-10 21:12:40,900 - audio_seq_len: 480
2025-04-10 21:12:40,900 - text_feat_dim: 768
2025-04-10 21:12:40,900 - video_feat_dim: 1024
2025-04-10 21:12:40,900 - audio_feat_dim: 768
2025-04-10 21:12:40,900 - num_labels: 20
2025-04-10 21:12:40,900 - num_train_examples: 1779
2025-04-10 21:12:40,900 - pretrained_bert_model: uncased_L-12_H-768_A-12
2025-04-10 21:12:40,900 - pretrain_batch_size: 128
2025-04-10 21:12:40,900 - train_batch_size: 128
2025-04-10 21:12:40,900 - eval_batch_size: 128
2025-04-10 21:12:40,900 - test_batch_size: 128
2025-04-10 21:12:40,900 - num_pretrain_epochs: 100
2025-04-10 21:12:40,900 - num_train_epochs: 100
2025-04-10 21:12:40,900 - pretrain: [False]
2025-04-10 21:12:40,900 - aligned_method: ctc
2025-04-10 21:12:40,901 - need_aligned: False
2025-04-10 21:12:40,901 - freeze_pretrain_bert_parameters: [True]
2025-04-10 21:12:40,901 - freeze_train_bert_parameters: [True]
2025-04-10 21:12:40,901 - pretrain_temperature: [0.2]
2025-04-10 21:12:40,901 - train_temperature_sup: [1.4]
2025-04-10 21:12:40,901 - train_temperature_unsup: [1]
2025-04-10 21:12:40,901 - activation: tanh
2025-04-10 21:12:40,901 - lr_pre: 2e-05
2025-04-10 21:12:40,901 - lr: [0.0003]
2025-04-10 21:12:40,901 - delta: [0.05]
2025-04-10 21:12:40,901 - thres: [0.1]
2025-04-10 21:12:40,901 - topk: [5]
2025-04-10 21:12:40,901 - weight_decay: 0.01
2025-04-10 21:12:40,901 - feat_dim: 768
2025-04-10 21:12:40,901 - hidden_size: 768
2025-04-10 21:12:40,901 - grad_clip: -1.0
2025-04-10 21:12:40,901 - warmup_proportion: 0.1
2025-04-10 21:12:40,901 - hidden_dropout_prob: 0.1
2025-04-10 21:12:40,901 - weight: 1.0
2025-04-10 21:12:40,901 - loss_mode: rdrop
2025-04-10 21:12:40,901 - base_dim: 256
2025-04-10 21:12:40,901 - nheads: 8
2025-04-10 21:12:40,901 - attn_dropout: 0.1
2025-04-10 21:12:40,901 - relu_dropout: 0.1
2025-04-10 21:12:40,901 - embed_dropout: 0.1
2025-04-10 21:12:40,901 - res_dropout: 0.0
2025-04-10 21:12:40,901 - attn_mask: True
2025-04-10 21:12:40,901 - encoder_layers_1: 1
2025-04-10 21:12:40,901 - fusion_act: tanh
2025-04-10 21:12:40,901 - pred_output_path: /root/autodl-tmp/home/lizhuohang/reaserch/EMNLP/UMC/outputs/MIntRec/umc_umc_MIntRec_bert-base-uncased_0
2025-04-10 21:12:40,902 - model_output_path: /root/autodl-tmp/home/lizhuohang/reaserch/EMNLP/UMC/outputs/MIntRec/umc_umc_MIntRec_bert-base-uncased_0/models
2025-04-10 21:12:40,902 - ============================== End Params ==============================
2025-04-10 21:12:41,977 - Freeze all parameters but the last layer for efficiency
2025-04-10 21:12:42,956 - Freeze all parameters but the last layer for efficiency
2025-04-10 21:12:42,964 - Multimodal Intent Recognition begins...
2025-04-10 21:12:42,964 - Training begins...
2025-04-10 21:13:03,814 - Initializing centroids with K-means++...
