2025-04-16 10:44:45,684 - 进入了无监督的设定中, 加载数据集
2025-04-16 10:44:45,684 - data preparation...
2025-04-16 10:44:54,213 - Number of train samples = 1779
2025-04-16 10:44:54,214 - Number of testing samples = 445
2025-04-16 10:44:54,214 - data preparation...
2025-04-16 10:44:56,349 - num_train_examples = 1779
2025-04-16 10:44:56,350 - ============================== Params ==============================
2025-04-16 10:44:56,350 - logger_name: umc_umc_bert-base-uncased_MIntRec_2
2025-04-16 10:44:56,350 - dataset: MIntRec
2025-04-16 10:44:56,350 - multimodal_method: umc
2025-04-16 10:44:56,350 - method: umc
2025-04-16 10:44:56,350 - setting: unsupervised
2025-04-16 10:44:56,350 - text_backbone: bert-base-uncased
2025-04-16 10:44:56,350 - seed: 2
2025-04-16 10:44:56,350 - num_workers: 16
2025-04-16 10:44:56,350 - log_id: umc_umc_bert-base-uncased_MIntRec_2_2025-04-16-10-44-45
2025-04-16 10:44:56,350 - gpu_id: 0
2025-04-16 10:44:56,350 - data_path: /root/autodl-tmp/home/Share/Dataset/LZH
2025-04-16 10:44:56,350 - train: True
2025-04-16 10:44:56,350 - tune: True
2025-04-16 10:44:56,350 - save_model: True
2025-04-16 10:44:56,351 - save_results: True
2025-04-16 10:44:56,351 - log_path: logs
2025-04-16 10:44:56,351 - cache_path: cache
2025-04-16 10:44:56,351 - video_data_path: video_data
2025-04-16 10:44:56,351 - audio_data_path: audio_data
2025-04-16 10:44:56,351 - video_feats_path: swin_feats.pkl
2025-04-16 10:44:56,351 - audio_feats_path: wavlm_feats.pkl
2025-04-16 10:44:56,351 - results_path: results
2025-04-16 10:44:56,351 - output_path: /root/autodl-tmp/home/lizhuohang/reaserch/EMNLP/SMC/outputs_test/MIntRec
2025-04-16 10:44:56,351 - model_path: models
2025-04-16 10:44:56,351 - config_file_name: umc_MIntRec
2025-04-16 10:44:56,352 - results_file_name: results_umc.csv
2025-04-16 10:44:56,352 - text_pretrained_model: uncased_L-12_H-768_A-12
2025-04-16 10:44:56,352 - pretrained_bert_model: uncased_L-12_H-768_A-12
2025-04-16 10:44:56,352 - pretrain_batch_size: 128
2025-04-16 10:44:56,352 - train_batch_size: 128
2025-04-16 10:44:56,352 - eval_batch_size: 128
2025-04-16 10:44:56,352 - test_batch_size: 128
2025-04-16 10:44:56,352 - num_pretrain_epochs: 100
2025-04-16 10:44:56,352 - num_train_epochs: 100
2025-04-16 10:44:56,352 - pretrain: [False]
2025-04-16 10:44:56,352 - aligned_method: ctc
2025-04-16 10:44:56,352 - need_aligned: False
2025-04-16 10:44:56,352 - freeze_pretrain_bert_parameters: [True]
2025-04-16 10:44:56,352 - freeze_train_bert_parameters: [True]
2025-04-16 10:44:56,352 - pretrain_temperature: [0.1]
2025-04-16 10:44:56,352 - train_temperature_sup: [0.5, 1, 2, 4, 6, 8]
2025-04-16 10:44:56,352 - train_temperature_unsup: [0.5, 1, 2, 4, 6, 8]
2025-04-16 10:44:56,352 - activation: tanh
2025-04-16 10:44:56,352 - lr_pre: 1e-05
2025-04-16 10:44:56,353 - lr: [0.0001]
2025-04-16 10:44:56,353 - delta: [0.05]
2025-04-16 10:44:56,353 - thres: [0.1]
2025-04-16 10:44:56,353 - topk: [5]
2025-04-16 10:44:56,353 - weight_decay: 0.01
2025-04-16 10:44:56,353 - feat_dim: 768
2025-04-16 10:44:56,353 - hidden_size: 768
2025-04-16 10:44:56,353 - grad_clip: -1.0
2025-04-16 10:44:56,353 - warmup_proportion: 0.5
2025-04-16 10:44:56,353 - hidden_dropout_prob: 0.1
2025-04-16 10:44:56,353 - weight: 1.0
2025-04-16 10:44:56,353 - loss_mode: rdrop
2025-04-16 10:44:56,353 - base_dim: 256
2025-04-16 10:44:56,353 - nheads: 8
2025-04-16 10:44:56,353 - attn_dropout: 0.1
2025-04-16 10:44:56,353 - relu_dropout: 0.1
2025-04-16 10:44:56,353 - embed_dropout: 0.01
2025-04-16 10:44:56,354 - res_dropout: 0.0
2025-04-16 10:44:56,354 - attn_mask: True
2025-04-16 10:44:56,354 - encoder_layers_1: 1
2025-04-16 10:44:56,354 - fusion_act: tanh
2025-04-16 10:44:56,354 - pred_output_path: /root/autodl-tmp/home/lizhuohang/reaserch/EMNLP/SMC/outputs_test/MIntRec/umc_umc_MIntRec_bert-base-uncased_2
2025-04-16 10:44:56,354 - model_output_path: /root/autodl-tmp/home/lizhuohang/reaserch/EMNLP/SMC/outputs_test/MIntRec/umc_umc_MIntRec_bert-base-uncased_2/models
2025-04-16 10:44:56,354 - text_seq_len: 30
2025-04-16 10:44:56,354 - video_seq_len: 230
2025-04-16 10:44:56,354 - audio_seq_len: 480
2025-04-16 10:44:56,354 - text_feat_dim: 768
2025-04-16 10:44:56,354 - video_feat_dim: 1024
2025-04-16 10:44:56,354 - audio_feat_dim: 768
2025-04-16 10:44:56,354 - num_labels: 20
2025-04-16 10:44:56,354 - num_train_examples: 1779
2025-04-16 10:44:56,354 - ============================== End Params ==============================
2025-04-16 10:44:57,594 - Freeze all parameters but the last layer for efficiency
2025-04-16 10:44:58,774 - Freeze all parameters but the last layer for efficiency
2025-04-16 10:44:58,786 - Multimodal Intent Recognition begins...
2025-04-16 10:44:58,786 - Training begins...
2025-04-16 10:45:13,836 - Initializing centroids with K-means++...
2025-04-16 10:45:13,922 - K-means++ used 0.09 s
2025-04-16 10:45:45,937 - K-means used 0.02 s
2025-04-16 10:45:47,369 - ***** Epoch: 1 *****
2025-04-16 10:45:47,370 - Supervised Training Loss: 4.332210
2025-04-16 10:45:47,370 - Unsupervised Training Loss: 4.472700
2025-04-16 10:46:17,301 - K-means used 0.15 s
2025-04-16 10:46:18,408 - ***** Epoch: 2 *****
2025-04-16 10:46:18,409 - Supervised Training Loss: 3.691950
2025-04-16 10:46:18,409 - Unsupervised Training Loss: 4.498430
