2025-04-15 23:53:31,304 - 进入了无监督的设定中, 加载数据集
2025-04-15 23:53:31,304 - data preparation...
2025-04-15 23:53:39,628 - Number of train samples = 1779
2025-04-15 23:53:39,629 - Number of testing samples = 445
2025-04-15 23:53:39,629 - data preparation...
2025-04-15 23:53:41,727 - num_train_examples = 1779
2025-04-15 23:53:41,727 - ============================== Params ==============================
2025-04-15 23:53:41,727 - logger_name: umc_umc_bert-base-uncased_MIntRec_3
2025-04-15 23:53:41,728 - dataset: MIntRec
2025-04-15 23:53:41,728 - multimodal_method: umc
2025-04-15 23:53:41,728 - method: umc
2025-04-15 23:53:41,728 - setting: unsupervised
2025-04-15 23:53:41,728 - text_backbone: bert-base-uncased
2025-04-15 23:53:41,728 - seed: 3
2025-04-15 23:53:41,728 - num_workers: 16
2025-04-15 23:53:41,728 - log_id: umc_umc_bert-base-uncased_MIntRec_3_2025-04-15-23-53-31
2025-04-15 23:53:41,728 - gpu_id: 1
2025-04-15 23:53:41,728 - data_path: /root/autodl-tmp/home/Share/Dataset/LZH
2025-04-15 23:53:41,728 - train: True
2025-04-15 23:53:41,728 - tune: True
2025-04-15 23:53:41,728 - save_model: True
2025-04-15 23:53:41,728 - save_results: True
2025-04-15 23:53:41,728 - log_path: logs
2025-04-15 23:53:41,728 - cache_path: cache
2025-04-15 23:53:41,728 - video_data_path: video_data
2025-04-15 23:53:41,728 - audio_data_path: audio_data
2025-04-15 23:53:41,728 - video_feats_path: swin_feats.pkl
2025-04-15 23:53:41,728 - audio_feats_path: wavlm_feats.pkl
2025-04-15 23:53:41,728 - results_path: results
2025-04-15 23:53:41,728 - output_path: /root/autodl-tmp/home/lizhuohang/reaserch/EMNLP/SMC/outputs_test/MIntRec
2025-04-15 23:53:41,728 - model_path: models
2025-04-15 23:53:41,728 - config_file_name: umc_MIntRec
2025-04-15 23:53:41,728 - results_file_name: results_umc.csv
2025-04-15 23:53:41,728 - text_pretrained_model: uncased_L-12_H-768_A-12
2025-04-15 23:53:41,728 - pretrained_bert_model: uncased_L-12_H-768_A-12
2025-04-15 23:53:41,728 - pretrain_batch_size: 128
2025-04-15 23:53:41,729 - train_batch_size: 128
2025-04-15 23:53:41,729 - eval_batch_size: 128
2025-04-15 23:53:41,729 - test_batch_size: 128
2025-04-15 23:53:41,729 - num_pretrain_epochs: 100
2025-04-15 23:53:41,729 - num_train_epochs: 100
2025-04-15 23:53:41,729 - pretrain: [False]
2025-04-15 23:53:41,729 - aligned_method: ctc
2025-04-15 23:53:41,729 - need_aligned: False
2025-04-15 23:53:41,729 - freeze_pretrain_bert_parameters: [True]
2025-04-15 23:53:41,729 - freeze_train_bert_parameters: [True]
2025-04-15 23:53:41,729 - pretrain_temperature: [0.1]
2025-04-15 23:53:41,729 - train_temperature_sup: [0.5, 1, 2, 4, 6, 8]
2025-04-15 23:53:41,729 - train_temperature_unsup: [0.5, 1, 2, 4, 6, 8]
2025-04-15 23:53:41,729 - activation: tanh
2025-04-15 23:53:41,729 - lr_pre: 1e-05
2025-04-15 23:53:41,729 - lr: [0.0001]
2025-04-15 23:53:41,729 - delta: [0.05]
2025-04-15 23:53:41,729 - thres: [0.1]
2025-04-15 23:53:41,729 - topk: [5]
2025-04-15 23:53:41,729 - weight_decay: 0.01
2025-04-15 23:53:41,729 - feat_dim: 768
2025-04-15 23:53:41,729 - hidden_size: 768
2025-04-15 23:53:41,729 - grad_clip: -1.0
2025-04-15 23:53:41,729 - warmup_proportion: 0.5
2025-04-15 23:53:41,729 - hidden_dropout_prob: 0.1
2025-04-15 23:53:41,729 - weight: 1.0
2025-04-15 23:53:41,729 - loss_mode: rdrop
2025-04-15 23:53:41,729 - base_dim: 256
2025-04-15 23:53:41,730 - nheads: 8
2025-04-15 23:53:41,730 - attn_dropout: 0.1
2025-04-15 23:53:41,730 - relu_dropout: 0.1
2025-04-15 23:53:41,730 - embed_dropout: 0.01
2025-04-15 23:53:41,730 - res_dropout: 0.0
2025-04-15 23:53:41,730 - attn_mask: True
2025-04-15 23:53:41,730 - encoder_layers_1: 1
2025-04-15 23:53:41,730 - fusion_act: tanh
2025-04-15 23:53:41,730 - pred_output_path: /root/autodl-tmp/home/lizhuohang/reaserch/EMNLP/SMC/outputs_test/MIntRec/umc_umc_MIntRec_bert-base-uncased_3
2025-04-15 23:53:41,730 - model_output_path: /root/autodl-tmp/home/lizhuohang/reaserch/EMNLP/SMC/outputs_test/MIntRec/umc_umc_MIntRec_bert-base-uncased_3/models
2025-04-15 23:53:41,730 - text_seq_len: 30
2025-04-15 23:53:41,730 - video_seq_len: 230
2025-04-15 23:53:41,730 - audio_seq_len: 480
2025-04-15 23:53:41,730 - text_feat_dim: 768
2025-04-15 23:53:41,730 - video_feat_dim: 1024
2025-04-15 23:53:41,730 - audio_feat_dim: 768
2025-04-15 23:53:41,730 - num_train_examples: 1779
2025-04-15 23:53:41,730 - ============================== End Params ==============================
2025-04-15 23:53:42,948 - Freeze all parameters but the last layer for efficiency
