2025-04-16 12:46:17,896 - 【无监督】进入了无监督的设定中, 加载数据集
2025-04-16 12:46:17,896 - data preparation...
2025-04-16 12:46:26,951 - Number of train samples = 1779
2025-04-16 12:46:26,952 - Number of testing samples = 445
2025-04-16 12:46:26,952 - data preparation...
2025-04-16 12:46:29,289 - num_train_examples = 1779
2025-04-16 12:46:29,289 - ============================== Params ==============================
2025-04-16 12:46:29,289 - logger_name: umc_umc_bert-base-uncased_MIntRec_2
2025-04-16 12:46:29,289 - dataset: MIntRec
2025-04-16 12:46:29,289 - multimodal_method: umc
2025-04-16 12:46:29,289 - method: umc
2025-04-16 12:46:29,289 - setting: unsupervised
2025-04-16 12:46:29,289 - text_backbone: bert-base-uncased
2025-04-16 12:46:29,289 - seed: 2
2025-04-16 12:46:29,289 - num_workers: 16
2025-04-16 12:46:29,289 - log_id: umc_umc_bert-base-uncased_MIntRec_2_2025-04-16-12-46-17
2025-04-16 12:46:29,290 - gpu_id: 1
2025-04-16 12:46:29,290 - data_path: /root/autodl-tmp/home/Share/Dataset/LZH
2025-04-16 12:46:29,290 - train: True
2025-04-16 12:46:29,290 - tune: True
2025-04-16 12:46:29,290 - save_model: True
2025-04-16 12:46:29,290 - save_results: True
2025-04-16 12:46:29,290 - log_path: logs
2025-04-16 12:46:29,290 - cache_path: cache
2025-04-16 12:46:29,290 - video_data_path: video_data
2025-04-16 12:46:29,290 - audio_data_path: audio_data
2025-04-16 12:46:29,290 - video_feats_path: swin_feats.pkl
2025-04-16 12:46:29,290 - audio_feats_path: wavlm_feats.pkl
2025-04-16 12:46:29,290 - results_path: results
2025-04-16 12:46:29,290 - output_path: /root/autodl-tmp/home/lizhuohang/reaserch/EMNLP/SMC/outputs_test/MIntRec
2025-04-16 12:46:29,290 - model_path: models
2025-04-16 12:46:29,290 - config_file_name: umc_MIntRec
2025-04-16 12:46:29,290 - results_file_name: results_umc.csv
2025-04-16 12:46:29,290 - text_pretrained_model: uncased_L-12_H-768_A-12
2025-04-16 12:46:29,290 - pretrained_bert_model: uncased_L-12_H-768_A-12
2025-04-16 12:46:29,290 - pretrain_batch_size: 128
2025-04-16 12:46:29,290 - train_batch_size: 128
2025-04-16 12:46:29,290 - eval_batch_size: 128
2025-04-16 12:46:29,290 - test_batch_size: 128
2025-04-16 12:46:29,290 - num_pretrain_epochs: 100
2025-04-16 12:46:29,290 - num_train_epochs: 100
2025-04-16 12:46:29,290 - pretrain: [False]
2025-04-16 12:46:29,290 - aligned_method: ctc
2025-04-16 12:46:29,290 - need_aligned: False
2025-04-16 12:46:29,290 - freeze_pretrain_bert_parameters: [True]
2025-04-16 12:46:29,290 - freeze_train_bert_parameters: [True]
2025-04-16 12:46:29,291 - pretrain_temperature: [0.1]
2025-04-16 12:46:29,291 - train_temperature_sup: [0.5]
2025-04-16 12:46:29,291 - train_temperature_unsup: [2]
2025-04-16 12:46:29,291 - activation: tanh
2025-04-16 12:46:29,291 - lr_pre: 1e-05
2025-04-16 12:46:29,291 - lr: [1e-05, 5e-05, 0.0001, 0.0003]
2025-04-16 12:46:29,291 - delta: [0.05]
2025-04-16 12:46:29,291 - thres: [0.1]
2025-04-16 12:46:29,291 - topk: [5]
2025-04-16 12:46:29,291 - weight_decay: 0.01
2025-04-16 12:46:29,291 - feat_dim: 768
2025-04-16 12:46:29,291 - hidden_size: 768
2025-04-16 12:46:29,291 - grad_clip: -1.0
2025-04-16 12:46:29,291 - warmup_proportion: 0.5
2025-04-16 12:46:29,291 - hidden_dropout_prob: 0.1
2025-04-16 12:46:29,291 - weight: 1.0
2025-04-16 12:46:29,292 - loss_mode: rdrop
2025-04-16 12:46:29,292 - base_dim: 256
2025-04-16 12:46:29,292 - nheads: 8
2025-04-16 12:46:29,292 - attn_dropout: 0.1
2025-04-16 12:46:29,292 - relu_dropout: 0.1
2025-04-16 12:46:29,292 - embed_dropout: 0.01
2025-04-16 12:46:29,292 - res_dropout: 0.0
2025-04-16 12:46:29,292 - attn_mask: True
2025-04-16 12:46:29,292 - encoder_layers_1: 1
2025-04-16 12:46:29,292 - fusion_act: tanh
2025-04-16 12:46:29,292 - pred_output_path: /root/autodl-tmp/home/lizhuohang/reaserch/EMNLP/SMC/outputs_test/MIntRec/umc_umc_MIntRec_bert-base-uncased_2
2025-04-16 12:46:29,292 - model_output_path: /root/autodl-tmp/home/lizhuohang/reaserch/EMNLP/SMC/outputs_test/MIntRec/umc_umc_MIntRec_bert-base-uncased_2/models
2025-04-16 12:46:29,292 - text_seq_len: 30
2025-04-16 12:46:29,292 - video_seq_len: 230
2025-04-16 12:46:29,292 - audio_seq_len: 480
2025-04-16 12:46:29,292 - text_feat_dim: 768
2025-04-16 12:46:29,292 - video_feat_dim: 1024
2025-04-16 12:46:29,292 - audio_feat_dim: 768
2025-04-16 12:46:29,292 - num_labels: 20
2025-04-16 12:46:29,292 - num_train_examples: 1779
2025-04-16 12:46:29,292 - ============================== End Params ==============================
2025-04-16 12:46:30,528 - Freeze all parameters but the last layer for efficiency
2025-04-16 12:46:31,638 - Freeze all parameters but the last layer for efficiency
2025-04-16 12:46:31,654 - Multimodal Intent Recognition begins...
2025-04-16 12:46:31,654 - Training begins...
2025-04-16 12:46:47,934 - Initializing centroids with K-means++...
2025-04-16 12:46:48,026 - K-means++ used 0.09 s
2025-04-16 12:47:20,948 - K-means used 0.02 s
2025-04-16 12:47:22,048 - ***** Epoch: 1 *****
2025-04-16 12:47:22,048 - Supervised Training Loss: 4.332210
2025-04-16 12:47:22,048 - Unsupervised Training Loss: 5.527750
2025-04-16 12:47:54,029 - K-means used 0.02 s
2025-04-16 12:47:55,152 - ***** Epoch: 2 *****
2025-04-16 12:47:55,152 - Supervised Training Loss: 5.016950
2025-04-16 12:47:55,153 - Unsupervised Training Loss: 5.562050
2025-04-16 12:48:26,629 - K-means used 0.02 s
2025-04-16 12:48:27,674 - ***** Epoch: 3 *****
2025-04-16 12:48:27,674 - Supervised Training Loss: 4.928560
2025-04-16 12:48:27,674 - Unsupervised Training Loss: 5.428330
2025-04-16 12:48:58,264 - K-means used 0.02 s
2025-04-16 12:48:59,489 - ***** Epoch: 4 *****
2025-04-16 12:48:59,490 - Supervised Training Loss: 4.818580
2025-04-16 12:48:59,490 - Unsupervised Training Loss: 5.501360
2025-04-16 12:49:29,886 - K-means used 0.02 s
2025-04-16 12:49:31,119 - ***** Epoch: 5 *****
2025-04-16 12:49:31,119 - Supervised Training Loss: 4.580700
2025-04-16 12:49:31,119 - Unsupervised Training Loss: 5.547110
2025-04-16 12:50:01,632 - K-means used 0.02 s
2025-04-16 12:50:02,974 - ***** Epoch: 6 *****
2025-04-16 12:50:02,975 - Supervised Training Loss: 5.027190
2025-04-16 12:50:02,975 - Unsupervised Training Loss: 5.331720
2025-04-16 12:50:33,055 - K-means used 0.02 s
2025-04-16 12:50:34,377 - ***** Epoch: 7 *****
2025-04-16 12:50:34,377 - Supervised Training Loss: 4.939950
2025-04-16 12:50:34,377 - Unsupervised Training Loss: 5.469560
2025-04-16 12:51:03,156 - K-means used 0.02 s
2025-04-16 12:51:04,464 - ***** Epoch: 8 *****
2025-04-16 12:51:04,465 - Supervised Training Loss: 4.783930
2025-04-16 12:51:04,465 - Unsupervised Training Loss: 5.524720
2025-04-16 12:51:34,590 - K-means used 0.02 s
2025-04-16 12:51:35,923 - ***** Epoch: 9 *****
2025-04-16 12:51:35,923 - Supervised Training Loss: 5.030640
2025-04-16 12:51:35,924 - Unsupervised Training Loss: 5.563450
2025-04-16 12:52:05,624 - K-means used 0.02 s
2025-04-16 12:52:06,966 - ***** Epoch: 10 *****
2025-04-16 12:52:06,966 - Supervised Training Loss: 4.940660
2025-04-16 12:52:06,966 - Unsupervised Training Loss: 5.411580
2025-04-16 12:52:36,048 - K-means used 0.02 s
2025-04-16 12:52:37,438 - ***** Epoch: 11 *****
2025-04-16 12:52:37,438 - Supervised Training Loss: 4.846180
2025-04-16 12:52:37,438 - Unsupervised Training Loss: 5.483460
2025-04-16 12:53:07,657 - K-means used 0.02 s
2025-04-16 12:53:09,241 - ***** Epoch: 12 *****
2025-04-16 12:53:09,241 - Supervised Training Loss: 4.994610
2025-04-16 12:53:09,241 - Unsupervised Training Loss: 5.555830
2025-04-16 12:53:39,066 - K-means used 0.02 s
2025-04-16 12:53:40,739 - ***** Epoch: 13 *****
2025-04-16 12:53:40,740 - Supervised Training Loss: 4.957900
2025-04-16 12:53:40,740 - Unsupervised Training Loss: 5.259970
2025-04-16 12:54:10,386 - K-means used 0.02 s
2025-04-16 12:54:12,091 - ***** Epoch: 14 *****
2025-04-16 12:54:12,092 - Supervised Training Loss: 4.901640
2025-04-16 12:54:12,092 - Unsupervised Training Loss: 5.416030
2025-04-16 12:54:42,566 - K-means used 0.02 s
2025-04-16 12:54:44,297 - ***** Epoch: 15 *****
2025-04-16 12:54:44,297 - Supervised Training Loss: 4.750780
2025-04-16 12:54:44,297 - Unsupervised Training Loss: 5.506330
2025-04-16 12:55:14,039 - K-means used 0.02 s
2025-04-16 12:55:15,816 - ***** Epoch: 16 *****
2025-04-16 12:55:15,816 - Supervised Training Loss: 4.991410
2025-04-16 12:55:15,816 - Unsupervised Training Loss: 4.933120
2025-04-16 12:55:45,134 - K-means used 0.02 s
2025-04-16 12:55:47,106 - ***** Epoch: 17 *****
2025-04-16 12:55:47,106 - Supervised Training Loss: 4.971790
2025-04-16 12:55:47,106 - Unsupervised Training Loss: 5.197690
2025-04-16 12:56:06,654 - Training is finished...
2025-04-16 12:56:06,654 - Testing begins...
2025-04-16 12:56:13,615 - ***** Test results *****
2025-04-16 12:56:13,615 -   ACC = 40.67
2025-04-16 12:56:13,615 -   ARI = 20.82
2025-04-16 12:56:13,615 -   NMI = 47.07
2025-04-16 12:56:13,616 -   fmi = 25.79
2025-04-16 12:56:13,616 - Testing is finished...
2025-04-16 12:56:13,616 - Multimodal intent recognition is finished...
2025-04-16 12:56:13,616 - Results are saved in results/results_umc.csv
2025-04-16 12:56:14,664 - Freeze all parameters but the last layer for efficiency
2025-04-16 12:56:15,786 - Freeze all parameters but the last layer for efficiency
2025-04-16 12:56:15,794 - Multimodal Intent Recognition begins...
2025-04-16 12:56:15,794 - Training begins...
2025-04-16 12:56:27,141 - Initializing centroids with K-means++...
2025-04-16 12:56:27,197 - K-means++ used 0.06 s
2025-04-16 12:56:56,677 - K-means used 0.02 s
2025-04-16 12:56:57,758 - ***** Epoch: 1 *****
2025-04-16 12:56:57,758 - Supervised Training Loss: 4.332210
2025-04-16 12:56:57,758 - Unsupervised Training Loss: 5.527590
2025-04-16 12:57:26,664 - K-means used 0.03 s
2025-04-16 12:57:27,751 - ***** Epoch: 2 *****
2025-04-16 12:57:27,752 - Supervised Training Loss: 3.889840
2025-04-16 12:57:27,752 - Unsupervised Training Loss: 5.559430
2025-04-16 12:57:55,938 - K-means used 0.02 s
2025-04-16 12:57:57,035 - ***** Epoch: 3 *****
2025-04-16 12:57:57,035 - Supervised Training Loss: 4.880580
2025-04-16 12:57:57,036 - Unsupervised Training Loss: 5.431550
2025-04-16 12:58:25,377 - K-means used 0.03 s
2025-04-16 12:58:26,534 - ***** Epoch: 4 *****
2025-04-16 12:58:26,534 - Supervised Training Loss: 4.765660
2025-04-16 12:58:26,534 - Unsupervised Training Loss: 5.500420
2025-04-16 12:58:54,449 - K-means used 0.02 s
2025-04-16 12:58:55,670 - ***** Epoch: 5 *****
2025-04-16 12:58:55,670 - Supervised Training Loss: 4.489250
2025-04-16 12:58:55,670 - Unsupervised Training Loss: 5.537310
2025-04-16 12:59:23,747 - K-means used 0.02 s
2025-04-16 12:59:24,937 - ***** Epoch: 6 *****
2025-04-16 12:59:24,937 - Supervised Training Loss: 4.862140
2025-04-16 12:59:24,937 - Unsupervised Training Loss: 5.336620
2025-04-16 12:59:54,169 - K-means used 0.02 s
2025-04-16 12:59:55,410 - ***** Epoch: 7 *****
2025-04-16 12:59:55,410 - Supervised Training Loss: 4.729370
2025-04-16 12:59:55,410 - Unsupervised Training Loss: 5.451050
2025-04-16 13:00:26,312 - K-means used 0.02 s
2025-04-16 13:00:27,594 - ***** Epoch: 8 *****
2025-04-16 13:00:27,594 - Supervised Training Loss: 4.541540
2025-04-16 13:00:27,594 - Unsupervised Training Loss: 5.507030
2025-04-16 13:00:56,493 - K-means used 0.02 s
2025-04-16 13:00:57,866 - ***** Epoch: 9 *****
2025-04-16 13:00:57,866 - Supervised Training Loss: 4.711570
2025-04-16 13:00:57,866 - Unsupervised Training Loss: 5.542560
2025-04-16 13:01:27,360 - K-means used 0.02 s
2025-04-16 13:01:28,772 - ***** Epoch: 10 *****
2025-04-16 13:01:28,772 - Supervised Training Loss: 4.616210
2025-04-16 13:01:28,772 - Unsupervised Training Loss: 5.379440
2025-04-16 13:01:57,353 - K-means used 0.02 s
2025-04-16 13:01:58,836 - ***** Epoch: 11 *****
2025-04-16 13:01:58,836 - Supervised Training Loss: 4.516320
2025-04-16 13:01:58,836 - Unsupervised Training Loss: 5.465320
2025-04-16 13:02:27,061 - K-means used 0.01 s
2025-04-16 13:02:28,596 - ***** Epoch: 12 *****
2025-04-16 13:02:28,596 - Supervised Training Loss: 4.638480
2025-04-16 13:02:28,596 - Unsupervised Training Loss: 5.533340
2025-04-16 13:02:59,270 - K-means used 0.02 s
2025-04-16 13:03:00,921 - ***** Epoch: 13 *****
2025-04-16 13:03:00,922 - Supervised Training Loss: 4.592780
2025-04-16 13:03:00,922 - Unsupervised Training Loss: 5.254030
2025-04-16 13:03:31,516 - K-means used 0.02 s
2025-04-16 13:03:33,246 - ***** Epoch: 14 *****
2025-04-16 13:03:33,246 - Supervised Training Loss: 4.541700
2025-04-16 13:03:33,246 - Unsupervised Training Loss: 5.390490
2025-04-16 13:04:05,232 - K-means used 0.01 s
2025-04-16 13:04:07,204 - ***** Epoch: 15 *****
2025-04-16 13:04:07,204 - Supervised Training Loss: 4.412050
2025-04-16 13:04:07,204 - Unsupervised Training Loss: 5.494390
2025-04-16 13:04:37,594 - K-means used 0.02 s
2025-04-16 13:04:39,437 - ***** Epoch: 16 *****
2025-04-16 13:04:39,437 - Supervised Training Loss: 4.632880
2025-04-16 13:04:39,438 - Unsupervised Training Loss: 4.952300
2025-04-16 13:05:10,473 - K-means used 0.02 s
2025-04-16 13:05:12,499 - ***** Epoch: 17 *****
2025-04-16 13:05:12,500 - Supervised Training Loss: 4.625040
2025-04-16 13:05:12,500 - Unsupervised Training Loss: 5.152980
2025-04-16 13:05:31,705 - Training is finished...
2025-04-16 13:05:31,706 - Testing begins...
2025-04-16 13:05:39,256 - ***** Test results *****
2025-04-16 13:05:39,256 -   ACC = 42.02
2025-04-16 13:05:39,256 -   ARI = 22.24
2025-04-16 13:05:39,256 -   NMI = 47.79
2025-04-16 13:05:39,256 -   fmi = 27.2
2025-04-16 13:05:39,256 - Testing is finished...
2025-04-16 13:05:39,256 - Multimodal intent recognition is finished...
2025-04-16 13:05:39,256 - Results are saved in results/results_umc.csv
2025-04-16 13:05:40,238 - Freeze all parameters but the last layer for efficiency
2025-04-16 13:05:41,232 - Freeze all parameters but the last layer for efficiency
2025-04-16 13:05:41,240 - Multimodal Intent Recognition begins...
2025-04-16 13:05:41,240 - Training begins...
2025-04-16 13:05:52,830 - Initializing centroids with K-means++...
2025-04-16 13:05:52,887 - K-means++ used 0.06 s
2025-04-16 13:06:21,697 - K-means used 0.02 s
2025-04-16 13:06:22,783 - ***** Epoch: 1 *****
2025-04-16 13:06:22,783 - Supervised Training Loss: 4.332210
2025-04-16 13:06:22,783 - Unsupervised Training Loss: 5.527480
2025-04-16 13:06:50,229 - K-means used 0.02 s
2025-04-16 13:06:51,351 - ***** Epoch: 2 *****
2025-04-16 13:06:51,351 - Supervised Training Loss: 3.882540
2025-04-16 13:06:51,351 - Unsupervised Training Loss: 5.558370
2025-04-16 13:07:18,834 - K-means used 0.03 s
2025-04-16 13:07:20,099 - ***** Epoch: 3 *****
2025-04-16 13:07:20,099 - Supervised Training Loss: 4.866940
2025-04-16 13:07:20,099 - Unsupervised Training Loss: 5.421940
2025-04-16 13:07:51,545 - K-means used 0.02 s
2025-04-16 13:07:52,761 - ***** Epoch: 4 *****
2025-04-16 13:07:52,761 - Supervised Training Loss: 4.692300
2025-04-16 13:07:52,761 - Unsupervised Training Loss: 5.497140
2025-04-16 13:08:22,798 - K-means used 0.02 s
2025-04-16 13:08:24,080 - ***** Epoch: 5 *****
2025-04-16 13:08:24,081 - Supervised Training Loss: 4.376110
2025-04-16 13:08:24,081 - Unsupervised Training Loss: 5.535150
2025-04-16 13:08:54,597 - K-means used 0.02 s
2025-04-16 13:08:55,929 - ***** Epoch: 6 *****
2025-04-16 13:08:55,930 - Supervised Training Loss: 4.725530
2025-04-16 13:08:55,930 - Unsupervised Training Loss: 5.319740
2025-04-16 13:09:27,107 - K-means used 0.02 s
2025-04-16 13:09:28,345 - ***** Epoch: 7 *****
2025-04-16 13:09:28,345 - Supervised Training Loss: 4.574600
2025-04-16 13:09:28,345 - Unsupervised Training Loss: 5.442720
2025-04-16 13:09:55,317 - K-means used 0.02 s
2025-04-16 13:09:56,645 - ***** Epoch: 8 *****
2025-04-16 13:09:56,646 - Supervised Training Loss: 4.382490
2025-04-16 13:09:56,646 - Unsupervised Training Loss: 5.498650
2025-04-16 13:10:26,468 - K-means used 0.02 s
2025-04-16 13:10:27,899 - ***** Epoch: 9 *****
2025-04-16 13:10:27,900 - Supervised Training Loss: 4.579670
2025-04-16 13:10:27,900 - Unsupervised Training Loss: 5.532940
2025-04-16 13:10:54,684 - K-means used 0.02 s
2025-04-16 13:10:56,298 - ***** Epoch: 10 *****
2025-04-16 13:10:56,298 - Supervised Training Loss: 4.477950
2025-04-16 13:10:56,298 - Unsupervised Training Loss: 5.377450
2025-04-16 13:11:24,895 - K-means used 0.02 s
2025-04-16 13:11:26,436 - ***** Epoch: 11 *****
2025-04-16 13:11:26,436 - Supervised Training Loss: 4.380910
2025-04-16 13:11:26,436 - Unsupervised Training Loss: 5.459800
2025-04-16 13:11:54,025 - K-means used 0.02 s
2025-04-16 13:11:55,576 - ***** Epoch: 12 *****
2025-04-16 13:11:55,576 - Supervised Training Loss: 4.517660
2025-04-16 13:11:55,576 - Unsupervised Training Loss: 5.528220
2025-04-16 13:12:22,602 - K-means used 0.02 s
2025-04-16 13:12:24,213 - ***** Epoch: 13 *****
2025-04-16 13:12:24,213 - Supervised Training Loss: 4.470800
2025-04-16 13:12:24,213 - Unsupervised Training Loss: 5.252490
2025-04-16 13:12:53,310 - K-means used 0.03 s
2025-04-16 13:12:54,993 - ***** Epoch: 14 *****
2025-04-16 13:12:54,993 - Supervised Training Loss: 4.434120
2025-04-16 13:12:54,993 - Unsupervised Training Loss: 5.376500
2025-04-16 13:13:22,671 - K-means used 0.02 s
2025-04-16 13:13:24,456 - ***** Epoch: 15 *****
2025-04-16 13:13:24,456 - Supervised Training Loss: 4.281050
2025-04-16 13:13:24,456 - Unsupervised Training Loss: 5.485120
2025-04-16 13:13:52,557 - K-means used 0.02 s
2025-04-16 13:13:54,619 - ***** Epoch: 16 *****
2025-04-16 13:13:54,620 - Supervised Training Loss: 4.505830
2025-04-16 13:13:54,620 - Unsupervised Training Loss: 4.928180
2025-04-16 13:14:26,269 - K-means used 0.02 s
2025-04-16 13:14:28,245 - ***** Epoch: 17 *****
2025-04-16 13:14:28,245 - Supervised Training Loss: 4.490180
2025-04-16 13:14:28,245 - Unsupervised Training Loss: 5.153250
2025-04-16 13:14:45,620 - Training is finished...
2025-04-16 13:14:45,621 - Testing begins...
2025-04-16 13:14:54,865 - ***** Test results *****
2025-04-16 13:14:54,866 -   ACC = 42.02
2025-04-16 13:14:54,866 -   ARI = 22.23
2025-04-16 13:14:54,866 -   NMI = 48.63
2025-04-16 13:14:54,866 -   fmi = 27.04
2025-04-16 13:14:54,866 - Testing is finished...
2025-04-16 13:14:54,866 - Multimodal intent recognition is finished...
2025-04-16 13:14:54,867 - Results are saved in results/results_umc.csv
2025-04-16 13:14:55,882 - Freeze all parameters but the last layer for efficiency
2025-04-16 13:14:56,810 - Freeze all parameters but the last layer for efficiency
2025-04-16 13:14:56,818 - Multimodal Intent Recognition begins...
2025-04-16 13:14:56,818 - Training begins...
2025-04-16 13:15:09,414 - Initializing centroids with K-means++...
2025-04-16 13:15:09,473 - K-means++ used 0.06 s
2025-04-16 13:15:40,046 - K-means used 0.02 s
2025-04-16 13:15:41,204 - ***** Epoch: 1 *****
2025-04-16 13:15:41,204 - Supervised Training Loss: 4.332210
2025-04-16 13:15:41,204 - Unsupervised Training Loss: 5.527220
2025-04-16 13:16:11,782 - K-means used 0.02 s
2025-04-16 13:16:12,961 - ***** Epoch: 2 *****
2025-04-16 13:16:12,962 - Supervised Training Loss: 3.548620
2025-04-16 13:16:12,962 - Unsupervised Training Loss: 5.555580
2025-04-16 13:16:40,100 - K-means used 0.02 s
2025-04-16 13:16:41,308 - ***** Epoch: 3 *****
2025-04-16 13:16:41,308 - Supervised Training Loss: 4.751230
2025-04-16 13:16:41,308 - Unsupervised Training Loss: 5.411360
2025-04-16 13:17:07,696 - K-means used 0.02 s
2025-04-16 13:17:08,920 - ***** Epoch: 4 *****
2025-04-16 13:17:08,921 - Supervised Training Loss: 4.531520
2025-04-16 13:17:08,921 - Unsupervised Training Loss: 5.484200
2025-04-16 13:17:34,668 - K-means used 0.02 s
2025-04-16 13:17:35,970 - ***** Epoch: 5 *****
2025-04-16 13:17:35,970 - Supervised Training Loss: 4.147430
2025-04-16 13:17:35,970 - Unsupervised Training Loss: 5.521500
2025-04-16 13:18:01,529 - K-means used 0.02 s
2025-04-16 13:18:02,881 - ***** Epoch: 6 *****
2025-04-16 13:18:02,881 - Supervised Training Loss: 4.519750
2025-04-16 13:18:02,881 - Unsupervised Training Loss: 5.327590
2025-04-16 13:18:28,345 - K-means used 0.02 s
2025-04-16 13:18:29,650 - ***** Epoch: 7 *****
2025-04-16 13:18:29,650 - Supervised Training Loss: 4.392780
2025-04-16 13:18:29,650 - Unsupervised Training Loss: 5.425410
2025-04-16 13:18:55,607 - K-means used 0.02 s
2025-04-16 13:18:57,003 - ***** Epoch: 8 *****
2025-04-16 13:18:57,004 - Supervised Training Loss: 4.219680
2025-04-16 13:18:57,004 - Unsupervised Training Loss: 5.481830
2025-04-16 13:19:24,526 - K-means used 0.02 s
2025-04-16 13:19:26,642 - ***** Epoch: 9 *****
2025-04-16 13:19:26,643 - Supervised Training Loss: 4.420250
2025-04-16 13:19:26,643 - Unsupervised Training Loss: 5.520500
2025-04-16 13:19:54,383 - K-means used 0.02 s
2025-04-16 13:19:56,230 - ***** Epoch: 10 *****
2025-04-16 13:19:56,230 - Supervised Training Loss: 4.335260
2025-04-16 13:19:56,230 - Unsupervised Training Loss: 5.355750
2025-04-16 13:20:21,804 - K-means used 0.02 s
2025-04-16 13:20:23,348 - ***** Epoch: 11 *****
2025-04-16 13:20:23,348 - Supervised Training Loss: 4.252730
2025-04-16 13:20:23,348 - Unsupervised Training Loss: 5.439430
2025-04-16 13:20:47,962 - K-means used 0.02 s
2025-04-16 13:20:49,561 - ***** Epoch: 12 *****
2025-04-16 13:20:49,561 - Supervised Training Loss: 4.380150
2025-04-16 13:20:49,561 - Unsupervised Training Loss: 5.510310
2025-04-16 13:21:14,253 - K-means used 0.02 s
2025-04-16 13:21:15,889 - ***** Epoch: 13 *****
2025-04-16 13:21:15,889 - Supervised Training Loss: 4.320750
2025-04-16 13:21:15,889 - Unsupervised Training Loss: 5.243350
2025-04-16 13:21:40,816 - K-means used 0.01 s
2025-04-16 13:21:42,460 - ***** Epoch: 14 *****
2025-04-16 13:21:42,460 - Supervised Training Loss: 4.282290
2025-04-16 13:21:42,460 - Unsupervised Training Loss: 5.353330
2025-04-16 13:22:06,730 - K-means used 0.02 s
2025-04-16 13:22:08,535 - ***** Epoch: 15 *****
2025-04-16 13:22:08,535 - Supervised Training Loss: 4.151350
2025-04-16 13:22:08,535 - Unsupervised Training Loss: 5.464010
2025-04-16 13:22:32,752 - K-means used 0.02 s
2025-04-16 13:22:34,648 - ***** Epoch: 16 *****
2025-04-16 13:22:34,648 - Supervised Training Loss: 4.344490
2025-04-16 13:22:34,648 - Unsupervised Training Loss: 4.840070
2025-04-16 13:23:04,098 - K-means used 0.02 s
2025-04-16 13:23:06,174 - ***** Epoch: 17 *****
2025-04-16 13:23:06,174 - Supervised Training Loss: 4.325470
2025-04-16 13:23:06,175 - Unsupervised Training Loss: 5.137020
2025-04-16 13:23:26,333 - Training is finished...
2025-04-16 13:23:26,333 - Testing begins...
2025-04-16 13:23:34,849 - ***** Test results *****
2025-04-16 13:23:34,849 -   ACC = 41.12
2025-04-16 13:23:34,850 -   ARI = 21.16
2025-04-16 13:23:34,850 -   NMI = 47.29
2025-04-16 13:23:34,850 -   fmi = 26.06
2025-04-16 13:23:34,850 - Testing is finished...
2025-04-16 13:23:34,850 - Multimodal intent recognition is finished...
2025-04-16 13:23:34,850 - Results are saved in results/results_umc.csv
