2025-04-12 18:48:25,495 - ============================== Params ==============================
2025-04-12 18:48:25,496 - logger_name: usnid_text_bert-base-uncased_MIntRec_0
2025-04-12 18:48:25,496 - dataset: MIntRec
2025-04-12 18:48:25,496 - multimodal_method: text
2025-04-12 18:48:25,496 - method: usnid
2025-04-12 18:48:25,496 - text_backbone: bert-base-uncased
2025-04-12 18:48:25,496 - seed: 0
2025-04-12 18:48:25,496 - num_workers: 16
2025-04-12 18:48:25,496 - log_id: usnid_text_bert-base-uncased_MIntRec_0_2025-04-12-18-48-25
2025-04-12 18:48:25,496 - gpu_id: 1
2025-04-12 18:48:25,496 - data_path: /root/autodl-tmp/home/Share/Dataset/LZH
2025-04-12 18:48:25,496 - train: True
2025-04-12 18:48:25,496 - tune: True
2025-04-12 18:48:25,496 - save_model: True
2025-04-12 18:48:25,496 - save_results: True
2025-04-12 18:48:25,496 - log_path: logs
2025-04-12 18:48:25,496 - cache_path: cache
2025-04-12 18:48:25,496 - video_data_path: video_data
2025-04-12 18:48:25,496 - audio_data_path: audio_data
2025-04-12 18:48:25,496 - video_feats_path: swin_feats.pkl
2025-04-12 18:48:25,496 - audio_feats_path: wavlm_feats.pkl
2025-04-12 18:48:25,496 - results_path: results
2025-04-12 18:48:25,497 - output_path: /root/autodl-tmp/home/lizhuohang/reaserch/EMNLP/UMC/outputs/MIntRec
2025-04-12 18:48:25,497 - model_path: models
2025-04-12 18:48:25,497 - config_file_name: usnid
2025-04-12 18:48:25,497 - results_file_name: results_usnid.csv
2025-04-12 18:48:25,497 - text_pretrained_model: uncased_L-12_H-768_A-12
2025-04-12 18:48:25,497 - text_seq_len: 30
2025-04-12 18:48:25,497 - video_seq_len: 230
2025-04-12 18:48:25,497 - audio_seq_len: 480
2025-04-12 18:48:25,497 - text_feat_dim: 768
2025-04-12 18:48:25,497 - video_feat_dim: 1024
2025-04-12 18:48:25,497 - audio_feat_dim: 768
2025-04-12 18:48:25,497 - num_labels: 20
2025-04-12 18:48:25,497 - num_train_examples: 1779
2025-04-12 18:48:25,497 - pretrained_bert_model: uncased_L-12_H-768_A-12/
2025-04-12 18:48:25,497 - num_pretrain_epochs: 100
2025-04-12 18:48:25,497 - num_train_epochs: 100
2025-04-12 18:48:25,497 - pretrain: True
2025-04-12 18:48:25,497 - freeze_pretrain_bert_parameters: True
2025-04-12 18:48:25,497 - freeze_train_bert_parameters: True
2025-04-12 18:48:25,497 - feat_dim: 768
2025-04-12 18:48:25,497 - hidden_size: 768
2025-04-12 18:48:25,497 - warmup_proportion: 0.1
2025-04-12 18:48:25,497 - lr_pre: 2e-05
2025-04-12 18:48:25,497 - lr: 5e-05
2025-04-12 18:48:25,497 - weight_decay: 0.01
2025-04-12 18:48:25,497 - hidden_dropout_prob: 0.1
2025-04-12 18:48:25,497 - pretrain_temperature: 0.07
2025-04-12 18:48:25,497 - train_temperature: 0.07
2025-04-12 18:48:25,498 - re_prob: 0.5
2025-04-12 18:48:25,498 - activation: tanh
2025-04-12 18:48:25,498 - tol: 0.0005
2025-04-12 18:48:25,498 - grad_clip: 1.0
2025-04-12 18:48:25,498 - train_batch_size: 128
2025-04-12 18:48:25,498 - pretrain_batch_size: 128
2025-04-12 18:48:25,498 - eval_batch_size: 64
2025-04-12 18:48:25,498 - test_batch_size: 64
2025-04-12 18:48:25,498 - pred_output_path: /root/autodl-tmp/home/lizhuohang/reaserch/EMNLP/UMC/outputs/MIntRec/usnid_text_MIntRec_bert-base-uncased_0
2025-04-12 18:48:25,498 - model_output_path: /root/autodl-tmp/home/lizhuohang/reaserch/EMNLP/UMC/outputs/MIntRec/usnid_text_MIntRec_bert-base-uncased_0/models
2025-04-12 18:48:25,498 - ============================== End Params ==============================
2025-04-12 18:48:26,591 - Freeze all parameters but the last layer for efficiency
