2025-04-12 17:55:45,437 - ============================== Params ==============================
2025-04-12 17:55:45,437 - logger_name: usnid_text_bert-base-uncased_MIntRec_0
2025-04-12 17:55:45,438 - dataset: MIntRec
2025-04-12 17:55:45,438 - multimodal_method: text
2025-04-12 17:55:45,438 - method: usnid
2025-04-12 17:55:45,438 - text_backbone: bert-base-uncased
2025-04-12 17:55:45,438 - seed: 0
2025-04-12 17:55:45,438 - num_workers: 16
2025-04-12 17:55:45,438 - log_id: usnid_text_bert-base-uncased_MIntRec_0_2025-04-12-17-55-45
2025-04-12 17:55:45,438 - gpu_id: 1
2025-04-12 17:55:45,438 - data_path: /root/autodl-tmp/home/Share/Dataset/LZH
2025-04-12 17:55:45,438 - train: True
2025-04-12 17:55:45,438 - tune: True
2025-04-12 17:55:45,438 - save_model: True
2025-04-12 17:55:45,438 - save_results: True
2025-04-12 17:55:45,438 - log_path: logs
2025-04-12 17:55:45,438 - cache_path: cache
2025-04-12 17:55:45,438 - video_data_path: video_data
2025-04-12 17:55:45,438 - audio_data_path: audio_data
2025-04-12 17:55:45,438 - video_feats_path: swin_feats.pkl
2025-04-12 17:55:45,438 - audio_feats_path: wavlm_feats.pkl
2025-04-12 17:55:45,438 - results_path: results
2025-04-12 17:55:45,438 - output_path: /root/autodl-tmp/home/lizhuohang/reaserch/EMNLP/UMC/outputs/MIntRec
2025-04-12 17:55:45,438 - model_path: models
2025-04-12 17:55:45,438 - config_file_name: usnid
2025-04-12 17:55:45,438 - results_file_name: results_usnid.csv
2025-04-12 17:55:45,438 - text_pretrained_model: uncased_L-12_H-768_A-12
2025-04-12 17:55:45,438 - text_seq_len: 30
2025-04-12 17:55:45,439 - video_seq_len: 230
2025-04-12 17:55:45,439 - audio_seq_len: 480
2025-04-12 17:55:45,439 - text_feat_dim: 768
2025-04-12 17:55:45,439 - video_feat_dim: 1024
2025-04-12 17:55:45,439 - audio_feat_dim: 768
2025-04-12 17:55:45,439 - num_labels: 20
2025-04-12 17:55:45,439 - num_train_examples: 1779
2025-04-12 17:55:45,439 - pretrained_bert_model: uncased_L-12_H-768_A-12/
2025-04-12 17:55:45,439 - num_pretrain_epochs: 100
2025-04-12 17:55:45,439 - num_train_epochs: 100
2025-04-12 17:55:45,439 - pretrain: True
2025-04-12 17:55:45,439 - freeze_pretrain_bert_parameters: True
2025-04-12 17:55:45,439 - freeze_train_bert_parameters: True
2025-04-12 17:55:45,439 - feat_dim: 768
2025-04-12 17:55:45,439 - hidden_size: 768
2025-04-12 17:55:45,439 - warmup_proportion: 0.1
2025-04-12 17:55:45,439 - lr_pre: 2e-05
2025-04-12 17:55:45,439 - lr: 5e-05
2025-04-12 17:55:45,440 - weight_decay: 0.01
2025-04-12 17:55:45,440 - hidden_dropout_prob: 0.1
2025-04-12 17:55:45,440 - pretrain_temperature: 0.07
2025-04-12 17:55:45,440 - train_temperature: 0.07
2025-04-12 17:55:45,440 - re_prob: 0.5
2025-04-12 17:55:45,440 - activation: tanh
2025-04-12 17:55:45,440 - tol: 0.0005
2025-04-12 17:55:45,440 - grad_clip: 1.0
2025-04-12 17:55:45,440 - train_batch_size: 128
2025-04-12 17:55:45,440 - pretrain_batch_size: 128
2025-04-12 17:55:45,440 - eval_batch_size: 64
2025-04-12 17:55:45,440 - test_batch_size: 64
2025-04-12 17:55:45,440 - pred_output_path: /root/autodl-tmp/home/lizhuohang/reaserch/EMNLP/UMC/outputs/MIntRec/usnid_text_MIntRec_bert-base-uncased_0
2025-04-12 17:55:45,440 - model_output_path: /root/autodl-tmp/home/lizhuohang/reaserch/EMNLP/UMC/outputs/MIntRec/usnid_text_MIntRec_bert-base-uncased_0/models
2025-04-12 17:55:45,440 - ============================== End Params ==============================
2025-04-12 17:55:46,620 - Freeze all parameters but the last layer for efficiency
